#
# There is insufficient memory for the Java Runtime Environment to continue.
# Native memory allocation (malloc) failed to allocate 1048576 bytes. Error detail: AllocateHeap
# Possible reasons:
#   The system is out of physical RAM or swap space
#   This process is running with CompressedOops enabled, and the Java Heap may be blocking the growth of the native heap
# Possible solutions:
#   Reduce memory load on the system
#   Increase physical memory or swap space
#   Check if swap backing store is full
#   Decrease Java heap size (-Xmx/-Xms)
#   Decrease number of Java threads
#   Decrease Java thread stack sizes (-Xss)
#   Set larger code cache with -XX:ReservedCodeCacheSize=
#   JVM is running with Unscaled Compressed Oops mode in which the Java heap is
#     placed in the first 4GB address space. The Java Heap base address is the
#     maximum limit for the native heap growth. Please use -XX:HeapBaseMinAddress
#     to set the Java Heap base and to place the Java Heap above 4GB virtual address.
# This output file may be truncated or incomplete.
#
#  Out of Memory Error (allocation.cpp:44), pid=29120, tid=47120
#
# JRE version: OpenJDK Runtime Environment Temurin-21.0.9+10 (21.0.9+10) (build 21.0.9+10-LTS)
# Java VM: OpenJDK 64-Bit Server VM Temurin-21.0.9+10 (21.0.9+10-LTS, mixed mode, sharing, tiered, compressed oops, compressed class ptrs, parallel gc, windows-amd64)
# No core dump will be written. Minidumps are not enabled by default on client versions of Windows
#

---------------  S U M M A R Y ------------

Command Line: --add-modules=ALL-SYSTEM --add-opens=java.base/java.util=ALL-UNNAMED --add-opens=java.base/java.lang=ALL-UNNAMED --add-opens=java.base/sun.nio.fs=ALL-UNNAMED -Declipse.application=org.eclipse.jdt.ls.core.id1 -Dosgi.bundles.defaultStartLevel=4 -Declipse.product=org.eclipse.jdt.ls.core.product -Djava.import.generatesMetadataFilesAtProjectRoot=false -DDetectVMInstallationsJob.disabled=true -Dfile.encoding=utf8 -XX:+UseParallelGC -XX:GCTimeRatio=4 -XX:AdaptiveSizePolicyWeight=90 -Dsun.zip.disableMemoryMapping=true -Xmx2G -Xms100m -Xlog:disable -javaagent:c:\Users\aagil\.vscode\extensions\redhat.java-1.50.0-win32-x64\lombok\lombok-1.18.39-4050.jar -XX:+HeapDumpOnOutOfMemoryError -XX:HeapDumpPath=c:\Users\aagil\AppData\Roaming\Code\User\workspaceStorage\2a71c2e3af28014fd6275a2123d2dc43\redhat.java -Daether.dependencyCollector.impl=bf c:\Users\aagil\.vscode\extensions\redhat.java-1.50.0-win32-x64\server\plugins\org.eclipse.equinox.launcher_1.7.100.v20251111-0406.jar -configuration c:\Users\aagil\AppData\Roaming\Code\User\globalStorage\redhat.java\1.50.0\config_win -data c:\Users\aagil\AppData\Roaming\Code\User\workspaceStorage\2a71c2e3af28014fd6275a2123d2dc43\redhat.java\jdt_ws --pipe=\\.\pipe\lsp-140a264c7120c64232a8bf967aabf380-sock

Host: 12th Gen Intel(R) Core(TM) i5-1235U, 12 cores, 7G,  Windows 11 , 64 bit Build 26100 (10.0.26100.7019)
Time: Thu Dec  4 18:37:55 2025 Eastern Standard Time elapsed time: 1171.975911 seconds (0d 0h 19m 31s)

---------------  T H R E A D  ---------------

Current thread (0x0000021e74269310):  JavaThread "Attach Listener" daemon [_thread_in_vm, id=47120, stack(0x0000004818800000,0x0000004818900000) (1024K)]

Stack: [0x0000004818800000,0x0000004818900000]
Native frames: (J=compiled Java code, j=interpreted, Vv=VM code, C=native code)
V  [jvm.dll+0x6d6e29]
V  [jvm.dll+0x8b4b76]
V  [jvm.dll+0x8b712e]
V  [jvm.dll+0x8b7813]
V  [jvm.dll+0x283d86]
V  [jvm.dll+0xc1277]
V  [jvm.dll+0x6d76d9]
V  [jvm.dll+0x133466]
V  [jvm.dll+0x3f7ea6]
V  [jvm.dll+0x85e9ad]
V  [jvm.dll+0x6d565d]
C  [ucrtbase.dll+0x37b0]
C  [KERNEL32.DLL+0x2e8d7]
C  [ntdll.dll+0x8c53c]


---------------  P R O C E S S  ---------------

Threads class SMR info:
_java_thread_list=0x0000021e7d6414c0, length=65, elements={
0x0000021e5b9ad5a0, 0x0000021e742644b0, 0x0000021e5b95d260, 0x0000021e74267760,
0x0000021e74269310, 0x0000021e7426c270, 0x0000021e74273a00, 0x0000021e7427e690,
0x0000021e742b2630, 0x0000021e74482df0, 0x0000021e74607da0, 0x0000021e74bf1660,
0x0000021e79016e40, 0x0000021e790441b0, 0x0000021e74a85f50, 0x0000021e792765a0,
0x0000021e7431d620, 0x0000021e742f8b40, 0x0000021e742f84b0, 0x0000021e742f7790,
0x0000021e7bca0770, 0x0000021e7bc9e6a0, 0x0000021e7bc9fa50, 0x0000021e7bc9d2f0,
0x0000021e7bca0e00, 0x0000021e7bc9d980, 0x0000021e7bca1490, 0x0000021e7bc9e010,
0x0000021e7bca4910, 0x0000021e7bca2840, 0x0000021e7bca2ed0, 0x0000021e7bca1b20,
0x0000021e7bca4280, 0x0000021e7bca21b0, 0x0000021e7bca3bf0, 0x0000021e7b220d00,
0x0000021e7b223af0, 0x0000021e7b223460, 0x0000021e7d0baf00, 0x0000021e7d0bbc20,
0x0000021e7d0bc940, 0x0000021e7d0bc2b0, 0x0000021e7d0bcfd0, 0x0000021e7d0bd660,
0x0000021e7d0bdcf0, 0x0000021e7d0ba870, 0x0000021e7d0be380, 0x0000021e7d0c1170,
0x0000021e7d0c1800, 0x0000021e7b220670, 0x0000021e7d0c1e90, 0x0000021e7d0bf730,
0x0000021e7d0c0450, 0x0000021e7bc9f3c0, 0x0000021e7b221a20, 0x0000021e7b2220b0,
0x0000021e7bca3560, 0x0000021e7b227600, 0x0000021e7b227c90, 0x0000021e7b226250,
0x0000021e7bca00e0, 0x0000021e7bc9ed30, 0x0000021e7af8dd70, 0x0000021e7af8a8f0,
0x0000021e7af8af80
}

Java Threads: ( => current thread )
  0x0000021e5b9ad5a0 JavaThread "main"                              [_thread_blocked, id=33976, stack(0x0000004818100000,0x0000004818200000) (1024K)]
  0x0000021e742644b0 JavaThread "Reference Handler"          daemon [_thread_blocked, id=33532, stack(0x0000004818500000,0x0000004818600000) (1024K)]
  0x0000021e5b95d260 JavaThread "Finalizer"                  daemon [_thread_blocked, id=27224, stack(0x0000004818600000,0x0000004818700000) (1024K)]
  0x0000021e74267760 JavaThread "Signal Dispatcher"          daemon [_thread_blocked, id=9624, stack(0x0000004818700000,0x0000004818800000) (1024K)]
=>0x0000021e74269310 JavaThread "Attach Listener"            daemon [_thread_in_vm, id=47120, stack(0x0000004818800000,0x0000004818900000) (1024K)]
  0x0000021e7426c270 JavaThread "Service Thread"             daemon [_thread_blocked, id=43720, stack(0x0000004818900000,0x0000004818a00000) (1024K)]
  0x0000021e74273a00 JavaThread "Monitor Deflation Thread"   daemon [_thread_blocked, id=38320, stack(0x0000004818a00000,0x0000004818b00000) (1024K)]
  0x0000021e7427e690 JavaThread "C2 CompilerThread0"         daemon [_thread_blocked, id=49068, stack(0x0000004818b00000,0x0000004818c00000) (1024K)]
  0x0000021e742b2630 JavaThread "C1 CompilerThread0"         daemon [_thread_blocked, id=26516, stack(0x0000004818c00000,0x0000004818d00000) (1024K)]
  0x0000021e74482df0 JavaThread "Common-Cleaner"             daemon [_thread_blocked, id=24864, stack(0x0000004818d00000,0x0000004818e00000) (1024K)]
  0x0000021e74607da0 JavaThread "Notification Thread"        daemon [_thread_blocked, id=37104, stack(0x0000004818e00000,0x0000004818f00000) (1024K)]
  0x0000021e74bf1660 JavaThread "Active Thread: Equinox Container: 766440c2-569d-4e3e-bcf4-827e19266214"        [_thread_blocked, id=25680, stack(0x0000004819500000,0x0000004819600000) (1024K)]
  0x0000021e79016e40 JavaThread "Refresh Thread: Equinox Container: 766440c2-569d-4e3e-bcf4-827e19266214" daemon [_thread_blocked, id=10412, stack(0x0000004819600000,0x0000004819700000) (1024K)]
  0x0000021e790441b0 JavaThread "Framework Event Dispatcher: Equinox Container: 766440c2-569d-4e3e-bcf4-827e19266214" daemon [_thread_blocked, id=38732, stack(0x0000004819800000,0x0000004819900000) (1024K)]
  0x0000021e74a85f50 JavaThread "Start Level: Equinox Container: 766440c2-569d-4e3e-bcf4-827e19266214" daemon [_thread_blocked, id=48844, stack(0x0000004819900000,0x0000004819a00000) (1024K)]
  0x0000021e792765a0 JavaThread "Bundle File Closer"         daemon [_thread_blocked, id=32664, stack(0x0000004819c00000,0x0000004819d00000) (1024K)]
  0x0000021e7431d620 JavaThread "SCR Component Actor"        daemon [_thread_blocked, id=9896, stack(0x0000004819d00000,0x0000004819e00000) (1024K)]
  0x0000021e742f8b40 JavaThread "Worker-JM"                         [_thread_blocked, id=7008, stack(0x0000004819e00000,0x0000004819f00000) (1024K)]
  0x0000021e742f84b0 JavaThread "JNA Cleaner"                daemon [_thread_blocked, id=42184, stack(0x0000004819f00000,0x000000481a000000) (1024K)]
  0x0000021e742f7790 JavaThread "Java indexing"              daemon [_thread_blocked, id=39468, stack(0x000000481a500000,0x000000481a600000) (1024K)]
  0x0000021e7bca0770 JavaThread "Thread-1"                   daemon [_thread_in_native, id=39728, stack(0x000000481ac00000,0x000000481ad00000) (1024K)]
  0x0000021e7bc9e6a0 JavaThread "Thread-2"                   daemon [_thread_in_native, id=48856, stack(0x000000481ad00000,0x000000481ae00000) (1024K)]
  0x0000021e7bc9fa50 JavaThread "Thread-3"                   daemon [_thread_in_native, id=34788, stack(0x000000481ae00000,0x000000481af00000) (1024K)]
  0x0000021e7bc9d2f0 JavaThread "Thread-4"                   daemon [_thread_in_native, id=46280, stack(0x000000481af00000,0x000000481b000000) (1024K)]
  0x0000021e7bca0e00 JavaThread "Thread-5"                   daemon [_thread_in_native, id=4916, stack(0x000000481b000000,0x000000481b100000) (1024K)]
  0x0000021e7bc9d980 JavaThread "Thread-6"                   daemon [_thread_in_native, id=22956, stack(0x000000481b100000,0x000000481b200000) (1024K)]
  0x0000021e7bca1490 JavaThread "Thread-7"                   daemon [_thread_in_native, id=11024, stack(0x000000481b200000,0x000000481b300000) (1024K)]
  0x0000021e7bc9e010 JavaThread "Thread-8"                   daemon [_thread_in_native, id=16996, stack(0x000000481b300000,0x000000481b400000) (1024K)]
  0x0000021e7bca4910 JavaThread "Thread-9"                   daemon [_thread_in_native, id=30768, stack(0x000000481b400000,0x000000481b500000) (1024K)]
  0x0000021e7bca2840 JavaThread "Thread-10"                  daemon [_thread_in_native, id=40188, stack(0x000000481b500000,0x000000481b600000) (1024K)]
  0x0000021e7bca2ed0 JavaThread "Thread-11"                  daemon [_thread_in_native, id=10448, stack(0x000000481b600000,0x000000481b700000) (1024K)]
  0x0000021e7bca1b20 JavaThread "Thread-12"                  daemon [_thread_in_native, id=10944, stack(0x000000481b700000,0x000000481b800000) (1024K)]
  0x0000021e7bca4280 JavaThread "Thread-13"                  daemon [_thread_in_native, id=25316, stack(0x000000481b800000,0x000000481b900000) (1024K)]
  0x0000021e7bca21b0 JavaThread "pool-2-thread-1"                   [_thread_blocked, id=48108, stack(0x000000481b900000,0x000000481ba00000) (1024K)]
  0x0000021e7bca3bf0 JavaThread "Timer-0"                           [_thread_blocked, id=2184, stack(0x000000481bb00000,0x000000481bc00000) (1024K)]
  0x0000021e7b220d00 JavaThread "Timer-1"                           [_thread_blocked, id=21620, stack(0x000000481bc00000,0x000000481bd00000) (1024K)]
  0x0000021e7b223af0 JavaThread "WorkspaceEventsHandler"            [_thread_blocked, id=27656, stack(0x000000481bd00000,0x000000481be00000) (1024K)]
  0x0000021e7b223460 JavaThread "pool-1-thread-1"                   [_thread_blocked, id=34348, stack(0x000000481be00000,0x000000481bf00000) (1024K)]
  0x0000021e7d0baf00 JavaThread "Timer-2"                           [_thread_blocked, id=34316, stack(0x000000481bf00000,0x000000481c000000) (1024K)]
  0x0000021e7d0bbc20 JavaThread "Timer-3"                           [_thread_blocked, id=36356, stack(0x000000481ca00000,0x000000481cb00000) (1024K)]
  0x0000021e7d0bc940 JavaThread "Timer-4"                           [_thread_blocked, id=16144, stack(0x000000481cb00000,0x000000481cc00000) (1024K)]
  0x0000021e7d0bc2b0 JavaThread "Timer-5"                           [_thread_blocked, id=9556, stack(0x000000481cc00000,0x000000481cd00000) (1024K)]
  0x0000021e7d0bcfd0 JavaThread "Timer-6"                           [_thread_blocked, id=27176, stack(0x000000481cd00000,0x000000481ce00000) (1024K)]
  0x0000021e7d0bd660 JavaThread "Timer-7"                           [_thread_blocked, id=42636, stack(0x000000481ce00000,0x000000481cf00000) (1024K)]
  0x0000021e7d0bdcf0 JavaThread "Timer-8"                           [_thread_blocked, id=9400, stack(0x0000004817e00000,0x0000004817f00000) (1024K)]
  0x0000021e7d0ba870 JavaThread "Timer-9"                           [_thread_blocked, id=37388, stack(0x0000004818000000,0x0000004818100000) (1024K)]
  0x0000021e7d0be380 JavaThread "Timer-10"                          [_thread_blocked, id=45472, stack(0x0000004817f00000,0x0000004818000000) (1024K)]
  0x0000021e7d0c1170 JavaThread "Timer-11"                          [_thread_blocked, id=4508, stack(0x000000481a300000,0x000000481a400000) (1024K)]
  0x0000021e7d0c1800 JavaThread "Timer-12"                          [_thread_blocked, id=13004, stack(0x000000481a400000,0x000000481a500000) (1024K)]
  0x0000021e7b220670 JavaThread "Timer-13"                          [_thread_blocked, id=34784, stack(0x000000481a900000,0x000000481aa00000) (1024K)]
  0x0000021e7d0c1e90 JavaThread "Timer-14"                          [_thread_blocked, id=29876, stack(0x000000481a000000,0x000000481a100000) (1024K)]
  0x0000021e7d0bf730 JavaThread "Timer-15"                          [_thread_blocked, id=7572, stack(0x000000481a600000,0x000000481a700000) (1024K)]
  0x0000021e7d0c0450 JavaThread "Timer-16"                          [_thread_blocked, id=31680, stack(0x000000481aa00000,0x000000481ab00000) (1024K)]
  0x0000021e7bc9f3c0 JavaThread "Timer-17"                          [_thread_blocked, id=44400, stack(0x000000481ab00000,0x000000481ac00000) (1024K)]
  0x0000021e7b221a20 JavaThread "Timer-18"                          [_thread_blocked, id=15396, stack(0x000000481ba00000,0x000000481bb00000) (1024K)]
  0x0000021e7b2220b0 JavaThread "Timer-19"                          [_thread_blocked, id=39284, stack(0x000000481c000000,0x000000481c100000) (1024K)]
  0x0000021e7bca3560 JavaThread "Timer-20"                          [_thread_blocked, id=48676, stack(0x000000481c100000,0x000000481c200000) (1024K)]
  0x0000021e7b227600 JavaThread "ForkJoinPool.commonPool-worker-7" daemon [_thread_blocked, id=46112, stack(0x000000481c400000,0x000000481c500000) (1024K)]
  0x0000021e7b227c90 JavaThread "ForkJoinPool.commonPool-worker-8" daemon [_thread_blocked, id=36132, stack(0x000000481c500000,0x000000481c600000) (1024K)]
  0x0000021e7b226250 JavaThread "Cleaner-0"                  daemon [_thread_blocked, id=31268, stack(0x000000481c600000,0x000000481c700000) (1024K)]
  0x0000021e7bca00e0 JavaThread "Worker-12"                         [_thread_blocked, id=10992, stack(0x000000481c700000,0x000000481c800000) (1024K)]
  0x0000021e7bc9ed30 JavaThread "ForkJoinPool.commonPool-worker-9" daemon [_thread_blocked, id=9868, stack(0x000000481c800000,0x000000481c900000) (1024K)]
  0x0000021e7af8dd70 JavaThread "ForkJoinPool.commonPool-worker-12" daemon [_thread_blocked, id=43764, stack(0x000000481d000000,0x000000481d100000) (1024K)]
  0x0000021e7af8a8f0 JavaThread "Worker-15"                         [_thread_blocked, id=4368, stack(0x000000481d200000,0x000000481d300000) (1024K)]
  0x0000021e7af8af80 JavaThread "ForkJoinPool.commonPool-worker-13" daemon [_thread_blocked, id=7984, stack(0x000000481a100000,0x000000481a200000) (1024K)]
Total: 65

Other Threads:
  0x0000021e5ba6e740 VMThread "VM Thread"                           [id=38048, stack(0x0000004818400000,0x0000004818500000) (1024K)]
  0x0000021e5b83ca00 WatcherThread "VM Periodic Task Thread"        [id=30040, stack(0x0000004818300000,0x0000004818400000) (1024K)]
  0x0000021e5b9ced40 WorkerThread "GC Thread#0"                     [id=30372, stack(0x0000004818200000,0x0000004818300000) (1024K)]
  0x0000021e748b11b0 WorkerThread "GC Thread#1"                     [id=42812, stack(0x0000004818f00000,0x0000004819000000) (1024K)]
  0x0000021e748b1550 WorkerThread "GC Thread#2"                     [id=48376, stack(0x0000004819000000,0x0000004819100000) (1024K)]
  0x0000021e74886300 WorkerThread "GC Thread#3"                     [id=11588, stack(0x0000004819100000,0x0000004819200000) (1024K)]
  0x0000021e749f6010 WorkerThread "GC Thread#4"                     [id=40036, stack(0x0000004819200000,0x0000004819300000) (1024K)]
  0x0000021e749f63b0 WorkerThread "GC Thread#5"                     [id=2616, stack(0x0000004819300000,0x0000004819400000) (1024K)]
  0x0000021e748ad440 WorkerThread "GC Thread#6"                     [id=44324, stack(0x0000004819400000,0x0000004819500000) (1024K)]
  0x0000021e74a9be10 WorkerThread "GC Thread#7"                     [id=33196, stack(0x0000004819700000,0x0000004819800000) (1024K)]
  0x0000021e7945b610 WorkerThread "GC Thread#8"                     [id=40732, stack(0x0000004819a00000,0x0000004819b00000) (1024K)]
  0x0000021e7945b9b0 WorkerThread "GC Thread#9"                     [id=10768, stack(0x0000004819b00000,0x0000004819c00000) (1024K)]
Total: 12

Threads with active compile tasks:
Total: 0

VM state: not at safepoint (normal execution)

VM Mutex/Monitor currently owned by a thread: None

Heap address: 0x0000000080000000, size: 2048 MB, Compressed Oops mode: 32-bit

CDS archive(s) mapped at: [0x0000021e00000000-0x0000021e00ba0000-0x0000021e00ba0000), size 12189696, SharedBaseAddress: 0x0000021e00000000, ArchiveRelocationMode: 1.
Compressed class space mapped at: 0x0000021e01000000-0x0000021e41000000, reserved size: 1073741824
Narrow klass base: 0x0000021e00000000, Narrow klass shift: 0, Narrow klass range: 0x100000000

GC Precious Log:
 CardTable entry size: 512
 CPUs: 12 total, 12 available
 Memory: 7885M
 Large Page Support: Disabled
 NUMA Support: Disabled
 Compressed Oops: Enabled (32-bit)
 Alignments: Space 512K, Generation 512K, Heap 2M
 Heap Min Capacity: 100M
 Heap Initial Capacity: 100M
 Heap Max Capacity: 2G
 Pre-touch: Disabled
 Parallel Workers: 10

Heap:
 PSYoungGen      total 7168K, used 5947K [0x00000000d5580000, 0x00000000d5e00000, 0x0000000100000000)
  eden space 6144K, 83% used [0x00000000d5580000,0x00000000d5a86fe0,0x00000000d5b80000)
  from space 1024K, 78% used [0x00000000d5c00000,0x00000000d5cc8000,0x00000000d5d00000)
  to   space 1024K, 0% used [0x00000000d5d00000,0x00000000d5d00000,0x00000000d5e00000)
 ParOldGen       total 304128K, used 82368K [0x0000000080000000, 0x0000000092900000, 0x00000000d5580000)
  object space 304128K, 27% used [0x0000000080000000,0x00000000850703f8,0x0000000092900000)
 Metaspace       used 96648K, committed 98432K, reserved 1179648K
  class space    used 11565K, committed 12416K, reserved 1048576K

Card table byte_map: [0x0000021e5b350000,0x0000021e5b760000] _byte_map_base: 0x0000021e5af50000

Marking Bits: (ParMarkBitMap*) 0x00007ffdce462460
 Begin Bits: [0x0000021e6de60000, 0x0000021e6fe60000)
 End Bits:   [0x0000021e6fe60000, 0x0000021e71e60000)

Polling page: 0x0000021e59840000

Metaspace:

Usage:
  Non-class:     83.09 MB used.
      Class:     11.29 MB used.
       Both:     94.38 MB used.

Virtual space:
  Non-class space:      128.00 MB reserved,      84.00 MB ( 66%) committed,  2 nodes.
      Class space:        1.00 GB reserved,      12.12 MB (  1%) committed,  1 nodes.
             Both:        1.12 GB reserved,      96.12 MB (  8%) committed. 

Chunk freelists:
   Non-Class:  11.16 MB
       Class:  3.90 MB
        Both:  15.05 MB

MaxMetaspaceSize: unlimited
CompressedClassSpaceSize: 1.00 GB
Initial GC threshold: 21.00 MB
Current GC threshold: 160.12 MB
CDS: on
 - commit_granule_bytes: 65536.
 - commit_granule_words: 8192.
 - virtual_space_node_default_size: 8388608.
 - enlarge_chunks_in_place: 1.
 - use_allocation_guard: 0.


Internal statistics:

num_allocs_failed_limit: 11.
num_arena_births: 1682.
num_arena_deaths: 24.
num_vsnodes_births: 3.
num_vsnodes_deaths: 0.
num_space_committed: 1538.
num_space_uncommitted: 0.
num_chunks_returned_to_freelist: 36.
num_chunks_taken_from_freelist: 6314.
num_chunk_merges: 12.
num_chunk_splits: 3744.
num_chunks_enlarged: 1965.
num_inconsistent_stats: 0.

CodeHeap 'non-profiled nmethods': size=120000Kb used=13284Kb max_used=13480Kb free=106715Kb
 bounds [0x0000021e66680000, 0x0000021e673b0000, 0x0000021e6dbb0000]
CodeHeap 'profiled nmethods': size=120000Kb used=31298Kb max_used=32897Kb free=88701Kb
 bounds [0x0000021e5ebb0000, 0x0000021e60be0000, 0x0000021e660e0000]
CodeHeap 'non-nmethods': size=5760Kb used=1521Kb max_used=1609Kb free=4238Kb
 bounds [0x0000021e660e0000, 0x0000021e66350000, 0x0000021e66680000]
CodeCache: size=245760Kb, used=46103Kb, max_used=47986Kb, free=199654Kb
 total_blobs=14313, nmethods=13461, adapters=754, full_count=0
Compilation: enabled, stopped_count=0, restarted_count=0

Compilation events (20 events):
Event: 982.835 Thread 0x0000021e742b2630 nmethod 14766 0x0000021e5ed64d10 code [0x0000021e5ed651e0, 0x0000021e5ed67580]
Event: 982.836 Thread 0x0000021e7cd051c0 nmethod 14770 0x0000021e666dd910 code [0x0000021e666ddaa0, 0x0000021e666ddb30]
Event: 982.837 Thread 0x0000021e742b2630 14768       3       org.apache.commons.lang3.text.translate.AggregateTranslator::translate (54 bytes)
Event: 982.839 Thread 0x0000021e742b2630 nmethod 14768 0x0000021e5ecf2290 code [0x0000021e5ecf2460, 0x0000021e5ecf2790]
Event: 982.839 Thread 0x0000021e742b2630 14769   !   3       org.apache.commons.lang3.text.translate.NumericEntityUnescaper::translate (314 bytes)
Event: 982.842 Thread 0x0000021e742b2630 nmethod 14769 0x0000021e5f2bbd10 code [0x0000021e5f2bc0a0, 0x0000021e5f2bd640]
Event: 982.842 Thread 0x0000021e742b2630 14771       3       java.io.PrintWriter::append (10 bytes)
Event: 982.843 Thread 0x0000021e742b2630 nmethod 14771 0x0000021e5ed97710 code [0x0000021e5ed97900, 0x0000021e5ed97e58]
Event: 982.843 Thread 0x0000021e742b2630 14767       3       java.util.regex.Matcher::appendTail (19 bytes)
Event: 982.844 Thread 0x0000021e742b2630 nmethod 14767 0x0000021e5ee15a90 code [0x0000021e5ee15c60, 0x0000021e5ee16070]
Event: 982.844 Thread 0x0000021e742b2630 14772       3       java.util.Stack::empty (13 bytes)
Event: 982.844 Thread 0x0000021e7427e690 nmethod 14763 0x0000021e668f8210 code [0x0000021e668f8460, 0x0000021e668f8df0]
Event: 982.845 Thread 0x0000021e742b2630 nmethod 14772 0x0000021e5ebba590 code [0x0000021e5ebba740, 0x0000021e5ebbaa18]
Event: 983.320 Thread 0x0000021e4e064f70 nmethod 14727 0x0000021e66815890 code [0x0000021e66815f40, 0x0000021e6681bcf8]
Event: 1012.531 Thread 0x0000021e742b2630 14773       3       java.util.concurrent.ScheduledThreadPoolExecutor::triggerTime (22 bytes)
Event: 1012.641 Thread 0x0000021e742b2630 nmethod 14773 0x0000021e5ee05910 code [0x0000021e5ee05ac0, 0x0000021e5ee05ca0]
Event: 1037.781 Thread 0x0000021e742b2630 14774       3       java.util.concurrent.CompletableFuture$UniExceptionally::<init> (14 bytes)
Event: 1037.795 Thread 0x0000021e742b2630 nmethod 14774 0x0000021e5edb9010 code [0x0000021e5edb91c0, 0x0000021e5edb9490]
Event: 1037.799 Thread 0x0000021e742b2630 14775   !   3       java.util.concurrent.CompletableFuture$UniAccept::tryFire (149 bytes)
Event: 1037.897 Thread 0x0000021e742b2630 nmethod 14775 0x0000021e5f69b190 code [0x0000021e5f69b5c0, 0x0000021e5f69d380]

GC Heap History (20 events):
Event: 977.200 GC heap before
{Heap before GC invocations=338 (full 3):
 PSYoungGen      total 7680K, used 7657K [0x00000000d5580000, 0x00000000d6400000, 0x0000000100000000)
  eden space 6144K, 100% used [0x00000000d5580000,0x00000000d5b80000,0x00000000d5b80000)
  from space 1536K, 98% used [0x00000000d5f80000,0x00000000d60fa4d0,0x00000000d6100000)
  to   space 4096K, 0% used [0x00000000d5b80000,0x00000000d5b80000,0x00000000d5f80000)
 ParOldGen       total 299520K, used 299356K [0x0000000080000000, 0x0000000092480000, 0x00000000d5580000)
  object space 299520K, 99% used [0x0000000080000000,0x00000000924573b0,0x0000000092480000)
 Metaspace       used 96582K, committed 98368K, reserved 1179648K
  class space    used 11565K, committed 12416K, reserved 1048576K
}
Event: 977.204 GC heap after
{Heap after GC invocations=338 (full 3):
 PSYoungGen      total 9216K, used 3008K [0x00000000d5580000, 0x00000000d6280000, 0x0000000100000000)
  eden space 6144K, 0% used [0x00000000d5580000,0x00000000d5580000,0x00000000d5b80000)
  from space 3072K, 97% used [0x00000000d5b80000,0x00000000d5e70000,0x00000000d5e80000)
  to   space 3584K, 0% used [0x00000000d5f00000,0x00000000d5f00000,0x00000000d6280000)
 ParOldGen       total 300544K, used 300524K [0x0000000080000000, 0x0000000092580000, 0x00000000d5580000)
  object space 300544K, 99% used [0x0000000080000000,0x000000009257b1f0,0x0000000092580000)
 Metaspace       used 96582K, committed 98368K, reserved 1179648K
  class space    used 11565K, committed 12416K, reserved 1048576K
}
Event: 977.221 GC heap before
{Heap before GC invocations=339 (full 3):
 PSYoungGen      total 9216K, used 9152K [0x00000000d5580000, 0x00000000d6280000, 0x0000000100000000)
  eden space 6144K, 100% used [0x00000000d5580000,0x00000000d5b80000,0x00000000d5b80000)
  from space 3072K, 97% used [0x00000000d5b80000,0x00000000d5e70000,0x00000000d5e80000)
  to   space 3584K, 0% used [0x00000000d5f00000,0x00000000d5f00000,0x00000000d6280000)
 ParOldGen       total 300544K, used 300524K [0x0000000080000000, 0x0000000092580000, 0x00000000d5580000)
  object space 300544K, 99% used [0x0000000080000000,0x000000009257b1f0,0x0000000092580000)
 Metaspace       used 96582K, committed 98368K, reserved 1179648K
  class space    used 11565K, committed 12416K, reserved 1048576K
}
Event: 977.224 GC heap after
{Heap after GC invocations=339 (full 3):
 PSYoungGen      total 7168K, used 864K [0x00000000d5580000, 0x00000000d6000000, 0x0000000100000000)
  eden space 6144K, 0% used [0x00000000d5580000,0x00000000d5580000,0x00000000d5b80000)
  from space 1024K, 84% used [0x00000000d5f00000,0x00000000d5fd8000,0x00000000d6000000)
  to   space 2048K, 0% used [0x00000000d5c00000,0x00000000d5c00000,0x00000000d5e00000)
 ParOldGen       total 303616K, used 303356K [0x0000000080000000, 0x0000000092880000, 0x00000000d5580000)
  object space 303616K, 99% used [0x0000000080000000,0x000000009283f1f0,0x0000000092880000)
 Metaspace       used 96582K, committed 98368K, reserved 1179648K
  class space    used 11565K, committed 12416K, reserved 1048576K
}
Event: 977.248 GC heap before
{Heap before GC invocations=340 (full 3):
 PSYoungGen      total 7168K, used 6611K [0x00000000d5580000, 0x00000000d6000000, 0x0000000100000000)
  eden space 6144K, 93% used [0x00000000d5580000,0x00000000d5b1cdc8,0x00000000d5b80000)
  from space 1024K, 84% used [0x00000000d5f00000,0x00000000d5fd8000,0x00000000d6000000)
  to   space 2048K, 0% used [0x00000000d5c00000,0x00000000d5c00000,0x00000000d5e00000)
 ParOldGen       total 303616K, used 303356K [0x0000000080000000, 0x0000000092880000, 0x00000000d5580000)
  object space 303616K, 99% used [0x0000000080000000,0x000000009283f1f0,0x0000000092880000)
 Metaspace       used 96582K, committed 98368K, reserved 1179648K
  class space    used 11565K, committed 12416K, reserved 1048576K
}
Event: 977.249 GC heap after
{Heap after GC invocations=340 (full 3):
 PSYoungGen      total 8192K, used 693K [0x00000000d5580000, 0x00000000d5f80000, 0x0000000100000000)
  eden space 6144K, 0% used [0x00000000d5580000,0x00000000d5580000,0x00000000d5b80000)
  from space 2048K, 33% used [0x00000000d5c00000,0x00000000d5cad618,0x00000000d5e00000)
  to   space 1024K, 0% used [0x00000000d5e80000,0x00000000d5e80000,0x00000000d5f80000)
 ParOldGen       total 304128K, used 303684K [0x0000000080000000, 0x0000000092900000, 0x00000000d5580000)
  object space 304128K, 99% used [0x0000000080000000,0x00000000928911f0,0x0000000092900000)
 Metaspace       used 96582K, committed 98368K, reserved 1179648K
  class space    used 11565K, committed 12416K, reserved 1048576K
}
Event: 977.249 GC heap before
{Heap before GC invocations=341 (full 4):
 PSYoungGen      total 8192K, used 693K [0x00000000d5580000, 0x00000000d5f80000, 0x0000000100000000)
  eden space 6144K, 0% used [0x00000000d5580000,0x00000000d5580000,0x00000000d5b80000)
  from space 2048K, 33% used [0x00000000d5c00000,0x00000000d5cad618,0x00000000d5e00000)
  to   space 1024K, 0% used [0x00000000d5e80000,0x00000000d5e80000,0x00000000d5f80000)
 ParOldGen       total 304128K, used 303684K [0x0000000080000000, 0x0000000092900000, 0x00000000d5580000)
  object space 304128K, 99% used [0x0000000080000000,0x00000000928911f0,0x0000000092900000)
 Metaspace       used 96582K, committed 98368K, reserved 1179648K
  class space    used 11565K, committed 12416K, reserved 1048576K
}
Event: 982.439 GC heap after
{Heap after GC invocations=341 (full 4):
 PSYoungGen      total 8192K, used 0K [0x00000000d5580000, 0x00000000d5f80000, 0x0000000100000000)
  eden space 6144K, 0% used [0x00000000d5580000,0x00000000d5580000,0x00000000d5b80000)
  from space 2048K, 0% used [0x00000000d5c00000,0x00000000d5c00000,0x00000000d5e00000)
  to   space 1024K, 0% used [0x00000000d5e80000,0x00000000d5e80000,0x00000000d5f80000)
 ParOldGen       total 304128K, used 78363K [0x0000000080000000, 0x0000000092900000, 0x00000000d5580000)
  object space 304128K, 25% used [0x0000000080000000,0x0000000084c86f78,0x0000000092900000)
 Metaspace       used 96582K, committed 98368K, reserved 1179648K
  class space    used 11565K, committed 12416K, reserved 1048576K
}
Event: 982.508 GC heap before
{Heap before GC invocations=342 (full 4):
 PSYoungGen      total 8192K, used 6144K [0x00000000d5580000, 0x00000000d5f80000, 0x0000000100000000)
  eden space 6144K, 100% used [0x00000000d5580000,0x00000000d5b80000,0x00000000d5b80000)
  from space 2048K, 0% used [0x00000000d5c00000,0x00000000d5c00000,0x00000000d5e00000)
  to   space 1024K, 0% used [0x00000000d5e80000,0x00000000d5e80000,0x00000000d5f80000)
 ParOldGen       total 304128K, used 78363K [0x0000000080000000, 0x0000000092900000, 0x00000000d5580000)
  object space 304128K, 25% used [0x0000000080000000,0x0000000084c86f78,0x0000000092900000)
 Metaspace       used 96602K, committed 98368K, reserved 1179648K
  class space    used 11565K, committed 12416K, reserved 1048576K
}
Event: 982.509 GC heap after
{Heap after GC invocations=342 (full 4):
 PSYoungGen      total 7168K, used 1024K [0x00000000d5580000, 0x00000000d5f80000, 0x0000000100000000)
  eden space 6144K, 0% used [0x00000000d5580000,0x00000000d5580000,0x00000000d5b80000)
  from space 1024K, 100% used [0x00000000d5e80000,0x00000000d5f80000,0x00000000d5f80000)
  to   space 1536K, 0% used [0x00000000d5c80000,0x00000000d5c80000,0x00000000d5e00000)
 ParOldGen       total 304128K, used 78523K [0x0000000080000000, 0x0000000092900000, 0x00000000d5580000)
  object space 304128K, 25% used [0x0000000080000000,0x0000000084caef78,0x0000000092900000)
 Metaspace       used 96602K, committed 98368K, reserved 1179648K
  class space    used 11565K, committed 12416K, reserved 1048576K
}
Event: 982.579 GC heap before
{Heap before GC invocations=343 (full 4):
 PSYoungGen      total 7168K, used 7168K [0x00000000d5580000, 0x00000000d5f80000, 0x0000000100000000)
  eden space 6144K, 100% used [0x00000000d5580000,0x00000000d5b80000,0x00000000d5b80000)
  from space 1024K, 100% used [0x00000000d5e80000,0x00000000d5f80000,0x00000000d5f80000)
  to   space 1536K, 0% used [0x00000000d5c80000,0x00000000d5c80000,0x00000000d5e00000)
 ParOldGen       total 304128K, used 78523K [0x0000000080000000, 0x0000000092900000, 0x00000000d5580000)
  object space 304128K, 25% used [0x0000000080000000,0x0000000084caef78,0x0000000092900000)
 Metaspace       used 96602K, committed 98368K, reserved 1179648K
  class space    used 11565K, committed 12416K, reserved 1048576K
}
Event: 982.582 GC heap after
{Heap after GC invocations=343 (full 4):
 PSYoungGen      total 7680K, used 1525K [0x00000000d5580000, 0x00000000d6180000, 0x0000000100000000)
  eden space 6144K, 0% used [0x00000000d5580000,0x00000000d5580000,0x00000000d5b80000)
  from space 1536K, 99% used [0x00000000d5c80000,0x00000000d5dfd6b8,0x00000000d5e00000)
  to   space 3072K, 0% used [0x00000000d5e80000,0x00000000d5e80000,0x00000000d6180000)
 ParOldGen       total 304128K, used 79659K [0x0000000080000000, 0x0000000092900000, 0x00000000d5580000)
  object space 304128K, 26% used [0x0000000080000000,0x0000000084dcaf78,0x0000000092900000)
 Metaspace       used 96602K, committed 98368K, reserved 1179648K
  class space    used 11565K, committed 12416K, reserved 1048576K
}
Event: 982.617 GC heap before
{Heap before GC invocations=344 (full 4):
 PSYoungGen      total 7680K, used 7669K [0x00000000d5580000, 0x00000000d6180000, 0x0000000100000000)
  eden space 6144K, 100% used [0x00000000d5580000,0x00000000d5b80000,0x00000000d5b80000)
  from space 1536K, 99% used [0x00000000d5c80000,0x00000000d5dfd6b8,0x00000000d5e00000)
  to   space 3072K, 0% used [0x00000000d5e80000,0x00000000d5e80000,0x00000000d6180000)
 ParOldGen       total 304128K, used 79659K [0x0000000080000000, 0x0000000092900000, 0x00000000d5580000)
  object space 304128K, 26% used [0x0000000080000000,0x0000000084dcaf78,0x0000000092900000)
 Metaspace       used 96602K, committed 98368K, reserved 1179648K
  class space    used 11565K, committed 12416K, reserved 1048576K
}
Event: 982.620 GC heap after
{Heap after GC invocations=344 (full 4):
 PSYoungGen      total 8192K, used 1600K [0x00000000d5580000, 0x00000000d6080000, 0x0000000100000000)
  eden space 6144K, 0% used [0x00000000d5580000,0x00000000d5580000,0x00000000d5b80000)
  from space 2048K, 78% used [0x00000000d5e80000,0x00000000d6010000,0x00000000d6080000)
  to   space 2048K, 0% used [0x00000000d5c80000,0x00000000d5c80000,0x00000000d5e80000)
 ParOldGen       total 304128K, used 80744K [0x0000000080000000, 0x0000000092900000, 0x00000000d5580000)
  object space 304128K, 26% used [0x0000000080000000,0x0000000084eda3f8,0x0000000092900000)
 Metaspace       used 96602K, committed 98368K, reserved 1179648K
  class space    used 11565K, committed 12416K, reserved 1048576K
}
Event: 982.650 GC heap before
{Heap before GC invocations=345 (full 4):
 PSYoungGen      total 8192K, used 7456K [0x00000000d5580000, 0x00000000d6080000, 0x0000000100000000)
  eden space 6144K, 95% used [0x00000000d5580000,0x00000000d5b38088,0x00000000d5b80000)
  from space 2048K, 78% used [0x00000000d5e80000,0x00000000d6010000,0x00000000d6080000)
  to   space 2048K, 0% used [0x00000000d5c80000,0x00000000d5c80000,0x00000000d5e80000)
 ParOldGen       total 304128K, used 80744K [0x0000000080000000, 0x0000000092900000, 0x00000000d5580000)
  object space 304128K, 26% used [0x0000000080000000,0x0000000084eda3f8,0x0000000092900000)
 Metaspace       used 96605K, committed 98368K, reserved 1179648K
  class space    used 11565K, committed 12416K, reserved 1048576K
}
Event: 982.654 GC heap after
{Heap after GC invocations=345 (full 4):
 PSYoungGen      total 7168K, used 925K [0x00000000d5580000, 0x00000000d5f00000, 0x0000000100000000)
  eden space 6144K, 0% used [0x00000000d5580000,0x00000000d5580000,0x00000000d5b80000)
  from space 1024K, 90% used [0x00000000d5c80000,0x00000000d5d67708,0x00000000d5d80000)
  to   space 1536K, 0% used [0x00000000d5d80000,0x00000000d5d80000,0x00000000d5f00000)
 ParOldGen       total 304128K, used 82216K [0x0000000080000000, 0x0000000092900000, 0x00000000d5580000)
  object space 304128K, 27% used [0x0000000080000000,0x000000008504a3f8,0x0000000092900000)
 Metaspace       used 96605K, committed 98368K, reserved 1179648K
  class space    used 11565K, committed 12416K, reserved 1048576K
}
Event: 982.703 GC heap before
{Heap before GC invocations=346 (full 4):
 PSYoungGen      total 7168K, used 7069K [0x00000000d5580000, 0x00000000d5f00000, 0x0000000100000000)
  eden space 6144K, 100% used [0x00000000d5580000,0x00000000d5b80000,0x00000000d5b80000)
  from space 1024K, 90% used [0x00000000d5c80000,0x00000000d5d67708,0x00000000d5d80000)
  to   space 1536K, 0% used [0x00000000d5d80000,0x00000000d5d80000,0x00000000d5f00000)
 ParOldGen       total 304128K, used 82216K [0x0000000080000000, 0x0000000092900000, 0x00000000d5580000)
  object space 304128K, 27% used [0x0000000080000000,0x000000008504a3f8,0x0000000092900000)
 Metaspace       used 96611K, committed 98368K, reserved 1179648K
  class space    used 11565K, committed 12416K, reserved 1048576K
}
Event: 982.705 GC heap after
{Heap after GC invocations=346 (full 4):
 PSYoungGen      total 6656K, used 468K [0x00000000d5580000, 0x00000000d5e00000, 0x0000000100000000)
  eden space 6144K, 0% used [0x00000000d5580000,0x00000000d5580000,0x00000000d5b80000)
  from space 512K, 91% used [0x00000000d5d80000,0x00000000d5df5198,0x00000000d5e00000)
  to   space 1024K, 0% used [0x00000000d5c00000,0x00000000d5c00000,0x00000000d5d00000)
 ParOldGen       total 304128K, used 82368K [0x0000000080000000, 0x0000000092900000, 0x00000000d5580000)
  object space 304128K, 27% used [0x0000000080000000,0x00000000850703f8,0x0000000092900000)
 Metaspace       used 96611K, committed 98368K, reserved 1179648K
  class space    used 11565K, committed 12416K, reserved 1048576K
}
Event: 982.736 GC heap before
{Heap before GC invocations=347 (full 4):
 PSYoungGen      total 6656K, used 6612K [0x00000000d5580000, 0x00000000d5e00000, 0x0000000100000000)
  eden space 6144K, 100% used [0x00000000d5580000,0x00000000d5b80000,0x00000000d5b80000)
  from space 512K, 91% used [0x00000000d5d80000,0x00000000d5df5198,0x00000000d5e00000)
  to   space 1024K, 0% used [0x00000000d5c00000,0x00000000d5c00000,0x00000000d5d00000)
 ParOldGen       total 304128K, used 82368K [0x0000000080000000, 0x0000000092900000, 0x00000000d5580000)
  object space 304128K, 27% used [0x0000000080000000,0x00000000850703f8,0x0000000092900000)
 Metaspace       used 96611K, committed 98368K, reserved 1179648K
  class space    used 11565K, committed 12416K, reserved 1048576K
}
Event: 982.737 GC heap after
{Heap after GC invocations=347 (full 4):
 PSYoungGen      total 7168K, used 800K [0x00000000d5580000, 0x00000000d5e00000, 0x0000000100000000)
  eden space 6144K, 0% used [0x00000000d5580000,0x00000000d5580000,0x00000000d5b80000)
  from space 1024K, 78% used [0x00000000d5c00000,0x00000000d5cc8000,0x00000000d5d00000)
  to   space 1024K, 0% used [0x00000000d5d00000,0x00000000d5d00000,0x00000000d5e00000)
 ParOldGen       total 304128K, used 82368K [0x0000000080000000, 0x0000000092900000, 0x00000000d5580000)
  object space 304128K, 27% used [0x0000000080000000,0x00000000850703f8,0x0000000092900000)
 Metaspace       used 96611K, committed 98368K, reserved 1179648K
  class space    used 11565K, committed 12416K, reserved 1048576K
}

Dll operation events (15 events):
Event: 0.016 Loaded shared library c:\Users\aagil\.vscode\extensions\redhat.java-1.50.0-win32-x64\jre\21.0.9-win32-x86_64\bin\java.dll
Event: 0.103 Loaded shared library c:\Users\aagil\.vscode\extensions\redhat.java-1.50.0-win32-x64\jre\21.0.9-win32-x86_64\bin\zip.dll
Event: 0.127 Loaded shared library C:\Users\aagil\.vscode\extensions\redhat.java-1.50.0-win32-x64\jre\21.0.9-win32-x86_64\bin\instrument.dll
Event: 0.134 Loaded shared library C:\Users\aagil\.vscode\extensions\redhat.java-1.50.0-win32-x64\jre\21.0.9-win32-x86_64\bin\net.dll
Event: 0.138 Loaded shared library C:\Users\aagil\.vscode\extensions\redhat.java-1.50.0-win32-x64\jre\21.0.9-win32-x86_64\bin\nio.dll
Event: 0.142 Loaded shared library C:\Users\aagil\.vscode\extensions\redhat.java-1.50.0-win32-x64\jre\21.0.9-win32-x86_64\bin\zip.dll
Event: 0.166 Loaded shared library C:\Users\aagil\.vscode\extensions\redhat.java-1.50.0-win32-x64\jre\21.0.9-win32-x86_64\bin\jimage.dll
Event: 0.266 Loaded shared library c:\Users\aagil\.vscode\extensions\redhat.java-1.50.0-win32-x64\jre\21.0.9-win32-x86_64\bin\verify.dll
Event: 2.731 Loaded shared library C:\Users\aagil\AppData\Roaming\Code\User\globalStorage\redhat.java\1.50.0\config_win\org.eclipse.equinox.launcher\org.eclipse.equinox.launcher.win32.win32.x86_64_1.2.1400.v20250801-0854\eclipse_11916.dll
Event: 10.119 Loaded shared library C:\Users\aagil\AppData\Local\Temp\jna-92573610\jna3970832915593873947.dll
Event: 19.208 Loaded shared library C:\Users\aagil\.gradle\native\1def1411415f61bf3af743bc5b6707747c0891f09f0c88961ee8f79bc544acac\windows-amd64\native-platform.dll
Event: 23.915 Loaded shared library C:\Users\aagil\.vscode\extensions\redhat.java-1.50.0-win32-x64\jre\21.0.9-win32-x86_64\bin\management.dll
Event: 23.934 Loaded shared library C:\Users\aagil\.vscode\extensions\redhat.java-1.50.0-win32-x64\jre\21.0.9-win32-x86_64\bin\management_ext.dll
Event: 54.583 Loaded shared library C:\Users\aagil\.vscode\extensions\redhat.java-1.50.0-win32-x64\jre\21.0.9-win32-x86_64\bin\extnet.dll
Event: 67.236 Loaded shared library C:\Users\aagil\.vscode\extensions\redhat.java-1.50.0-win32-x64\jre\21.0.9-win32-x86_64\bin\sunmscapi.dll

Deoptimization events (20 events):
Event: 976.080 Thread 0x0000021e742f7e20 DEOPT PACKING pc=0x0000021e606df1db sp=0x000000481a7fd810
Event: 976.080 Thread 0x0000021e742f7e20 DEOPT UNPACKING pc=0x0000021e66134242 sp=0x000000481a7fcc88 mode 0
Event: 976.086 Thread 0x0000021e742f7e20 DEOPT PACKING pc=0x0000021e606ea6fe sp=0x000000481a7fe1a0
Event: 976.086 Thread 0x0000021e742f7e20 DEOPT UNPACKING pc=0x0000021e66134242 sp=0x000000481a7fd738 mode 0
Event: 976.269 Thread 0x0000021e742f7e20 DEOPT PACKING pc=0x0000021e60b497e5 sp=0x000000481a7fe190
Event: 976.269 Thread 0x0000021e742f7e20 DEOPT UNPACKING pc=0x0000021e66134242 sp=0x000000481a7fd680 mode 0
Event: 976.384 Thread 0x0000021e742f7e20 DEOPT PACKING pc=0x0000021e60b497e5 sp=0x000000481a7fe190
Event: 976.384 Thread 0x0000021e742f7e20 DEOPT UNPACKING pc=0x0000021e66134242 sp=0x000000481a7fd680 mode 0
Event: 976.576 Thread 0x0000021e742f7e20 DEOPT PACKING pc=0x0000021e60b497e5 sp=0x000000481a7fe190
Event: 976.578 Thread 0x0000021e742f7e20 DEOPT UNPACKING pc=0x0000021e66134242 sp=0x000000481a7fd680 mode 0
Event: 976.936 Thread 0x0000021e742f7e20 DEOPT PACKING pc=0x0000021e60b497e5 sp=0x000000481a7fe190
Event: 976.936 Thread 0x0000021e742f7e20 DEOPT UNPACKING pc=0x0000021e66134242 sp=0x000000481a7fd680 mode 0
Event: 976.987 Thread 0x0000021e742f7e20 DEOPT PACKING pc=0x0000021e60b497e5 sp=0x000000481a7fe190
Event: 976.987 Thread 0x0000021e742f7e20 DEOPT UNPACKING pc=0x0000021e66134242 sp=0x000000481a7fd680 mode 0
Event: 976.987 Thread 0x0000021e742f7e20 DEOPT PACKING pc=0x0000021e60767ef8 sp=0x000000481a7fe470
Event: 976.987 Thread 0x0000021e742f7e20 DEOPT UNPACKING pc=0x0000021e66134242 sp=0x000000481a7fd958 mode 0
Event: 977.061 Thread 0x0000021e742f7e20 DEOPT PACKING pc=0x0000021e60b497e5 sp=0x000000481a7fe190
Event: 977.061 Thread 0x0000021e742f7e20 DEOPT UNPACKING pc=0x0000021e66134242 sp=0x000000481a7fd680 mode 0
Event: 977.088 Thread 0x0000021e742f7e20 DEOPT PACKING pc=0x0000021e60b497e5 sp=0x000000481a7fe190
Event: 977.088 Thread 0x0000021e742f7e20 DEOPT UNPACKING pc=0x0000021e66134242 sp=0x000000481a7fd680 mode 0

Classes loaded (20 events):
Event: 572.558 Loading class sun/security/ssl/SSLEngineOutputRecord
Event: 572.565 Loading class sun/security/ssl/SSLEngineOutputRecord done
Event: 572.569 Loading class sun/security/ssl/SSLEngineOutputRecord$HandshakeFragment
Event: 572.570 Loading class sun/security/ssl/SSLEngineOutputRecord$HandshakeFragment done
Event: 572.571 Loading class sun/security/ssl/SSLEngineOutputRecord$HandshakeMemo
Event: 572.571 Loading class sun/security/ssl/SSLEngineOutputRecord$RecordMemo
Event: 572.571 Loading class sun/security/ssl/SSLEngineOutputRecord$RecordMemo done
Event: 572.571 Loading class sun/security/ssl/SSLEngineOutputRecord$HandshakeMemo done
Event: 572.587 Loading class sun/security/ssl/PreSharedKeyExtension$SHPreSharedKeySpec
Event: 572.589 Loading class sun/security/ssl/PreSharedKeyExtension$SHPreSharedKeySpec done
Event: 572.734 Loading class sun/net/www/http/KeepAliveCleanerEntry
Event: 572.735 Loading class sun/net/www/http/KeepAliveCleanerEntry done
Event: 572.736 Loading class sun/net/www/http/KeepAliveStream$1
Event: 572.739 Loading class sun/net/www/http/KeepAliveStream$1 done
Event: 572.750 Loading class sun/net/www/http/KeepAliveCache$1
Event: 572.752 Loading class sun/net/www/http/KeepAliveCache$1 done
Event: 572.753 Loading class sun/net/www/http/KeepAliveCache$ClientVector
Event: 572.756 Loading class sun/net/www/http/KeepAliveCache$ClientVector done
Event: 572.986 Loading class sun/net/www/http/KeepAliveEntry
Event: 572.987 Loading class sun/net/www/http/KeepAliveEntry done

Classes unloaded (12 events):
Event: 12.163 Thread 0x0000021e5ba6e740 Unloading class 0x0000021e011a9400 'java/lang/invoke/LambdaForm$MH+0x0000021e011a9400'
Event: 12.164 Thread 0x0000021e5ba6e740 Unloading class 0x0000021e011a9000 'java/lang/invoke/LambdaForm$MH+0x0000021e011a9000'
Event: 12.164 Thread 0x0000021e5ba6e740 Unloading class 0x0000021e011a8c00 'java/lang/invoke/LambdaForm$MH+0x0000021e011a8c00'
Event: 12.164 Thread 0x0000021e5ba6e740 Unloading class 0x0000021e011a8800 'java/lang/invoke/LambdaForm$MH+0x0000021e011a8800'
Event: 12.164 Thread 0x0000021e5ba6e740 Unloading class 0x0000021e011a8400 'java/lang/invoke/LambdaForm$BMH+0x0000021e011a8400'
Event: 12.164 Thread 0x0000021e5ba6e740 Unloading class 0x0000021e011a8000 'java/lang/invoke/LambdaForm$DMH+0x0000021e011a8000'
Event: 12.164 Thread 0x0000021e5ba6e740 Unloading class 0x0000021e011a6c00 'java/lang/invoke/LambdaForm$DMH+0x0000021e011a6c00'
Event: 16.061 Thread 0x0000021e5ba6e740 Unloading class 0x0000021e012cf400 'java/lang/invoke/LambdaForm$MH+0x0000021e012cf400'
Event: 16.061 Thread 0x0000021e5ba6e740 Unloading class 0x0000021e012ce400 'java/lang/invoke/LambdaForm$MH+0x0000021e012ce400'
Event: 16.061 Thread 0x0000021e5ba6e740 Unloading class 0x0000021e012cdc00 'java/lang/invoke/LambdaForm$MH+0x0000021e012cdc00'
Event: 16.061 Thread 0x0000021e5ba6e740 Unloading class 0x0000021e012cd800 'java/lang/invoke/LambdaForm$DMH+0x0000021e012cd800'
Event: 16.061 Thread 0x0000021e5ba6e740 Unloading class 0x0000021e012ccc00 'java/lang/invoke/LambdaForm$MH+0x0000021e012ccc00'

Classes redefined (0 events):
No events

Internal exceptions (20 events):
Event: 982.800 Thread 0x0000021e742f7e20 Exception <a 'java/lang/ClassNotFoundException'{0x00000000d59c3c30}: sun/net/www/protocol/jdt/Handler> (0x00000000d59c3c30) 
thrown [s\src\hotspot\share\classfile\systemDictionary.cpp, line 312]
Event: 982.801 Thread 0x0000021e742f7e20 Exception <a 'java/lang/ClassNotFoundException'{0x00000000d59c6260}: sun/net/www/protocol/jdt/Handler> (0x00000000d59c6260) 
thrown [s\src\hotspot\share\classfile\systemDictionary.cpp, line 312]
Event: 982.803 Thread 0x0000021e742f7e20 Exception <a 'java/lang/ClassNotFoundException'{0x00000000d59c8c50}: sun/net/www/protocol/jdt/Handler> (0x00000000d59c8c50) 
thrown [s\src\hotspot\share\classfile\systemDictionary.cpp, line 312]
Event: 982.804 Thread 0x0000021e742f7e20 Exception <a 'java/lang/ClassNotFoundException'{0x00000000d59cb4d8}: sun/net/www/protocol/jdt/Handler> (0x00000000d59cb4d8) 
thrown [s\src\hotspot\share\classfile\systemDictionary.cpp, line 312]
Event: 982.804 Thread 0x0000021e742f7e20 Exception <a 'java/lang/ClassNotFoundException'{0x00000000d59cdaa8}: sun/net/www/protocol/jdt/Handler> (0x00000000d59cdaa8) 
thrown [s\src\hotspot\share\classfile\systemDictionary.cpp, line 312]
Event: 982.805 Thread 0x0000021e742f7e20 Exception <a 'java/lang/ClassNotFoundException'{0x00000000d59d00a0}: sun/net/www/protocol/jdt/Handler> (0x00000000d59d00a0) 
thrown [s\src\hotspot\share\classfile\systemDictionary.cpp, line 312]
Event: 982.806 Thread 0x0000021e742f7e20 Exception <a 'java/lang/ClassNotFoundException'{0x00000000d59d2cb0}: sun/net/www/protocol/jdt/Handler> (0x00000000d59d2cb0) 
thrown [s\src\hotspot\share\classfile\systemDictionary.cpp, line 312]
Event: 982.806 Thread 0x0000021e742f7e20 Exception <a 'java/lang/ClassNotFoundException'{0x00000000d59d52e0}: sun/net/www/protocol/jdt/Handler> (0x00000000d59d52e0) 
thrown [s\src\hotspot\share\classfile\systemDictionary.cpp, line 312]
Event: 982.807 Thread 0x0000021e742f7e20 Exception <a 'java/lang/ClassNotFoundException'{0x00000000d59d7938}: sun/net/www/protocol/jdt/Handler> (0x00000000d59d7938) 
thrown [s\src\hotspot\share\classfile\systemDictionary.cpp, line 312]
Event: 982.807 Thread 0x0000021e742f7e20 Exception <a 'java/lang/ClassNotFoundException'{0x00000000d59d9fa0}: sun/net/www/protocol/jdt/Handler> (0x00000000d59d9fa0) 
thrown [s\src\hotspot\share\classfile\systemDictionary.cpp, line 312]
Event: 982.808 Thread 0x0000021e742f7e20 Exception <a 'java/lang/ClassNotFoundException'{0x00000000d59dc5d0}: sun/net/www/protocol/jdt/Handler> (0x00000000d59dc5d0) 
thrown [s\src\hotspot\share\classfile\systemDictionary.cpp, line 312]
Event: 982.808 Thread 0x0000021e742f7e20 Exception <a 'java/lang/ClassNotFoundException'{0x00000000d59dee48}: sun/net/www/protocol/jdt/Handler> (0x00000000d59dee48) 
thrown [s\src\hotspot\share\classfile\systemDictionary.cpp, line 312]
Event: 982.813 Thread 0x0000021e742f7e20 Exception <a 'java/lang/ClassNotFoundException'{0x00000000d59e16e0}: sun/net/www/protocol/jdt/Handler> (0x00000000d59e16e0) 
thrown [s\src\hotspot\share\classfile\systemDictionary.cpp, line 312]
Event: 982.815 Thread 0x0000021e742f7e20 Exception <a 'java/lang/ClassNotFoundException'{0x00000000d59e3d38}: sun/net/www/protocol/jdt/Handler> (0x00000000d59e3d38) 
thrown [s\src\hotspot\share\classfile\systemDictionary.cpp, line 312]
Event: 982.816 Thread 0x0000021e742f7e20 Exception <a 'java/lang/ClassNotFoundException'{0x00000000d59e63a0}: sun/net/www/protocol/jdt/Handler> (0x00000000d59e63a0) 
thrown [s\src\hotspot\share\classfile\systemDictionary.cpp, line 312]
Event: 982.816 Thread 0x0000021e742f7e20 Exception <a 'java/lang/ClassNotFoundException'{0x00000000d59e89d0}: sun/net/www/protocol/jdt/Handler> (0x00000000d59e89d0) 
thrown [s\src\hotspot\share\classfile\systemDictionary.cpp, line 312]
Event: 982.816 Thread 0x0000021e742f7e20 Exception <a 'java/lang/ClassNotFoundException'{0x00000000d59eb048}: sun/net/www/protocol/jdt/Handler> (0x00000000d59eb048) 
thrown [s\src\hotspot\share\classfile\systemDictionary.cpp, line 312]
Event: 982.817 Thread 0x0000021e742f7e20 Exception <a 'java/lang/ClassNotFoundException'{0x00000000d59edab0}: sun/net/www/protocol/jdt/Handler> (0x00000000d59edab0) 
thrown [s\src\hotspot\share\classfile\systemDictionary.cpp, line 312]
Event: 982.817 Thread 0x0000021e742f7e20 Exception <a 'java/lang/ClassNotFoundException'{0x00000000d59f00e0}: sun/net/www/protocol/jdt/Handler> (0x00000000d59f00e0) 
thrown [s\src\hotspot\share\classfile\systemDictionary.cpp, line 312]
Event: 982.817 Thread 0x0000021e742f7e20 Exception <a 'java/lang/ClassNotFoundException'{0x00000000d59f27b8}: sun/net/www/protocol/jdt/Handler> (0x00000000d59f27b8) 
thrown [s\src\hotspot\share\classfile\systemDictionary.cpp, line 312]

ZGC Phase Switch (0 events):
No events

VM Operations (20 events):
Event: 982.579 Executing VM operation: ParallelGCFailedAllocation (Allocation Failure)
Event: 982.582 Executing VM operation: ParallelGCFailedAllocation (Allocation Failure) done
Event: 982.617 Executing VM operation: ParallelGCFailedAllocation (Allocation Failure)
Event: 982.620 Executing VM operation: ParallelGCFailedAllocation (Allocation Failure) done
Event: 982.650 Executing VM operation: ParallelGCFailedAllocation (Allocation Failure)
Event: 982.654 Executing VM operation: ParallelGCFailedAllocation (Allocation Failure) done
Event: 982.703 Executing VM operation: ParallelGCFailedAllocation (Allocation Failure)
Event: 982.705 Executing VM operation: ParallelGCFailedAllocation (Allocation Failure) done
Event: 982.736 Executing VM operation: ParallelGCFailedAllocation (Allocation Failure)
Event: 982.737 Executing VM operation: ParallelGCFailedAllocation (Allocation Failure) done
Event: 983.738 Executing VM operation: Cleanup
Event: 983.738 Executing VM operation: Cleanup done
Event: 1022.130 Executing VM operation: HandshakeAllThreads (HandshakeForDeflation)
Event: 1022.144 Executing VM operation: HandshakeAllThreads (HandshakeForDeflation) done
Event: 1022.144 Executing VM operation: RendezvousGCThreads
Event: 1022.145 Executing VM operation: RendezvousGCThreads done
Event: 1082.167 Executing VM operation: HandshakeAllThreads (HandshakeForDeflation)
Event: 1082.277 Executing VM operation: HandshakeAllThreads (HandshakeForDeflation) done
Event: 1082.278 Executing VM operation: RendezvousGCThreads
Event: 1082.283 Executing VM operation: RendezvousGCThreads done

Memory protections (0 events):
No events

Nmethod flushes (20 events):
Event: 982.052 Thread 0x0000021e5ba6e740 flushing  nmethod 0x0000021e5f7c2c90
Event: 982.052 Thread 0x0000021e5ba6e740 flushing  nmethod 0x0000021e5f7d2d90
Event: 982.053 Thread 0x0000021e5ba6e740 flushing  nmethod 0x0000021e5f7d4890
Event: 982.054 Thread 0x0000021e5ba6e740 flushing  nmethod 0x0000021e5f7e2710
Event: 982.054 Thread 0x0000021e5ba6e740 flushing  nmethod 0x0000021e5f7e3410
Event: 982.054 Thread 0x0000021e5ba6e740 flushing  nmethod 0x0000021e5f7f8190
Event: 982.054 Thread 0x0000021e5ba6e740 flushing  nmethod 0x0000021e5f810610
Event: 982.054 Thread 0x0000021e5ba6e740 flushing  nmethod 0x0000021e5f811990
Event: 982.054 Thread 0x0000021e5ba6e740 flushing  nmethod 0x0000021e5f816d10
Event: 982.055 Thread 0x0000021e5ba6e740 flushing  nmethod 0x0000021e5f817690
Event: 982.055 Thread 0x0000021e5ba6e740 flushing  nmethod 0x0000021e5f81bb90
Event: 982.055 Thread 0x0000021e5ba6e740 flushing  nmethod 0x0000021e5f81c010
Event: 982.055 Thread 0x0000021e5ba6e740 flushing  nmethod 0x0000021e5f831c10
Event: 982.055 Thread 0x0000021e5ba6e740 flushing osr nmethod 0x0000021e5f848a10
Event: 982.055 Thread 0x0000021e5ba6e740 flushing  nmethod 0x0000021e5f84f390
Event: 982.057 Thread 0x0000021e5ba6e740 flushing  nmethod 0x0000021e5f86a690
Event: 982.058 Thread 0x0000021e5ba6e740 flushing osr nmethod 0x0000021e5f895090
Event: 982.059 Thread 0x0000021e5ba6e740 flushing  nmethod 0x0000021e5f8a6910
Event: 982.060 Thread 0x0000021e5ba6e740 flushing  nmethod 0x0000021e5f8d0490
Event: 982.060 Thread 0x0000021e5ba6e740 flushing  nmethod 0x0000021e5f901d90

Events (20 events):
Event: 853.596 Thread 0x0000021e7bc9ed30 Thread added: 0x0000021e7af8af80
Event: 854.524 Thread 0x0000021e7b225bc0 Thread added: 0x0000021e7af8ea90
Event: 854.526 Thread 0x0000021e7af8ea90 Thread exited: 0x0000021e7af8ea90
Event: 858.304 Thread 0x0000021e7b225bc0 Thread added: 0x0000021e7af8ea90
Event: 858.305 Thread 0x0000021e7af8ea90 Thread exited: 0x0000021e7af8ea90
Event: 911.819 Thread 0x0000021e7af8e400 Thread exited: 0x0000021e7af8e400
Event: 919.646 Thread 0x0000021e7b225bc0 Thread exited: 0x0000021e7b225bc0
Event: 969.915 Thread 0x0000021e7b227600 Thread added: 0x0000021e7af8b610
Event: 969.920 Thread 0x0000021e7af8b610 Thread exited: 0x0000021e7af8b610
Event: 973.081 Thread 0x0000021e7af8bca0 Thread exited: 0x0000021e7af8bca0
Event: 973.274 Thread 0x0000021e742b2630 Thread added: 0x0000021e7cd051c0
Event: 974.236 Thread 0x0000021e7cd051c0 Thread exited: 0x0000021e7cd051c0
Event: 974.293 Thread 0x0000021e742b2630 Thread added: 0x0000021e7cd051c0
Event: 975.897 Thread 0x0000021e7cd051c0 Thread added: 0x0000021e4e064f70
Event: 976.395 Thread 0x0000021e7b227600 Thread added: 0x0000021e7af904d0
Event: 976.402 Thread 0x0000021e7af904d0 Thread exited: 0x0000021e7af904d0
Event: 988.324 Thread 0x0000021e4e064f70 Thread exited: 0x0000021e4e064f70
Event: 992.859 Thread 0x0000021e7cd051c0 Thread exited: 0x0000021e7cd051c0
Event: 1098.334 Thread 0x0000021e742f7e20 Thread exited: 0x0000021e742f7e20
Event: 1158.091 Thread 0x0000021e7af8d6e0 Thread exited: 0x0000021e7af8d6e0


Dynamic libraries:
0x00007ff6a81d0000 - 0x00007ff6a81de000 	c:\Users\aagil\.vscode\extensions\redhat.java-1.50.0-win32-x64\jre\21.0.9-win32-x86_64\bin\java.exe
0x00007ffe687c0000 - 0x00007ffe68a28000 	C:\WINDOWS\SYSTEM32\ntdll.dll
0x00007ffe66bb0000 - 0x00007ffe66c79000 	C:\WINDOWS\System32\KERNEL32.DLL
0x00007ffe66160000 - 0x00007ffe66558000 	C:\WINDOWS\System32\KERNELBASE.dll
0x00007ffe65bd0000 - 0x00007ffe65d1b000 	C:\WINDOWS\System32\ucrtbase.dll
0x00007ffe42ec0000 - 0x00007ffe42ede000 	c:\Users\aagil\.vscode\extensions\redhat.java-1.50.0-win32-x64\jre\21.0.9-win32-x86_64\bin\VCRUNTIME140.dll
0x00007ffe43050000 - 0x00007ffe43068000 	c:\Users\aagil\.vscode\extensions\redhat.java-1.50.0-win32-x64\jre\21.0.9-win32-x86_64\bin\jli.dll
0x00007ffe66eb0000 - 0x00007ffe67077000 	C:\WINDOWS\System32\USER32.dll
0x00007ffe65de0000 - 0x00007ffe65e07000 	C:\WINDOWS\System32\win32u.dll
0x00007ffe674f0000 - 0x00007ffe6751b000 	C:\WINDOWS\System32\GDI32.dll
0x00007ffe65f80000 - 0x00007ffe660ac000 	C:\WINDOWS\System32\gdi32full.dll
0x00007ffe660b0000 - 0x00007ffe66153000 	C:\WINDOWS\System32\msvcp_win.dll
0x00007ffe45c80000 - 0x00007ffe45f14000 	C:\WINDOWS\WinSxS\amd64_microsoft.windows.common-controls_6595b64144ccf1df_6.0.26100.7019_none_3e06ffa0e335b8a8\COMCTL32.dll
0x00007ffe66d80000 - 0x00007ffe66e29000 	C:\WINDOWS\System32\msvcrt.dll
0x00007ffe66870000 - 0x00007ffe668a1000 	C:\WINDOWS\System32\IMM32.DLL
0x00007ffe4ec10000 - 0x00007ffe4ec1c000 	c:\Users\aagil\.vscode\extensions\redhat.java-1.50.0-win32-x64\jre\21.0.9-win32-x86_64\bin\vcruntime140_1.dll
0x00007ffe42150000 - 0x00007ffe421dd000 	c:\Users\aagil\.vscode\extensions\redhat.java-1.50.0-win32-x64\jre\21.0.9-win32-x86_64\bin\msvcp140.dll
0x00007ffdcd7a0000 - 0x00007ffdce540000 	c:\Users\aagil\.vscode\extensions\redhat.java-1.50.0-win32-x64\jre\21.0.9-win32-x86_64\bin\server\jvm.dll
0x00007ffe67700000 - 0x00007ffe677b4000 	C:\WINDOWS\System32\ADVAPI32.dll
0x00007ffe67650000 - 0x00007ffe676f6000 	C:\WINDOWS\System32\sechost.dll
0x00007ffe669b0000 - 0x00007ffe66ac8000 	C:\WINDOWS\System32\RPCRT4.dll
0x00007ffe67dc0000 - 0x00007ffe67e34000 	C:\WINDOWS\System32\WS2_32.dll
0x00007ffe65770000 - 0x00007ffe657ce000 	C:\WINDOWS\SYSTEM32\POWRPROF.dll
0x00007ffe551a0000 - 0x00007ffe551ab000 	C:\WINDOWS\SYSTEM32\VERSION.dll
0x00007ffe5c730000 - 0x00007ffe5c765000 	C:\WINDOWS\SYSTEM32\WINMM.dll
0x00007ffe65750000 - 0x00007ffe65764000 	C:\WINDOWS\SYSTEM32\UMPDC.dll
0x00007ffe646d0000 - 0x00007ffe646eb000 	C:\WINDOWS\SYSTEM32\kernel.appcore.dll
0x00007ffe4ec00000 - 0x00007ffe4ec0a000 	c:\Users\aagil\.vscode\extensions\redhat.java-1.50.0-win32-x64\jre\21.0.9-win32-x86_64\bin\jimage.dll
0x00007ffe62f40000 - 0x00007ffe63182000 	C:\WINDOWS\SYSTEM32\DBGHELP.DLL
0x00007ffe67080000 - 0x00007ffe6740b000 	C:\WINDOWS\System32\combase.dll
0x00007ffe67410000 - 0x00007ffe674e7000 	C:\WINDOWS\System32\OLEAUT32.dll
0x00007ffe33b10000 - 0x00007ffe33b4c000 	C:\WINDOWS\SYSTEM32\dbgcore.DLL
0x00007ffe65b20000 - 0x00007ffe65bc5000 	C:\WINDOWS\System32\bcryptPrimitives.dll
0x00007ffe47c70000 - 0x00007ffe47c7f000 	c:\Users\aagil\.vscode\extensions\redhat.java-1.50.0-win32-x64\jre\21.0.9-win32-x86_64\bin\instrument.dll
0x00007ffe42f30000 - 0x00007ffe42f50000 	c:\Users\aagil\.vscode\extensions\redhat.java-1.50.0-win32-x64\jre\21.0.9-win32-x86_64\bin\java.dll
0x00007ffe67e40000 - 0x00007ffe6858f000 	C:\WINDOWS\System32\SHELL32.dll
0x00007ffe65e10000 - 0x00007ffe65f7b000 	C:\WINDOWS\System32\wintypes.dll
0x00007ffe63500000 - 0x00007ffe63d5d000 	C:\WINDOWS\SYSTEM32\windows.storage.dll
0x00007ffe66c80000 - 0x00007ffe66d72000 	C:\WINDOWS\System32\SHCORE.dll
0x00007ffe66ad0000 - 0x00007ffe66b37000 	C:\WINDOWS\System32\shlwapi.dll
0x00007ffe65830000 - 0x00007ffe65859000 	C:\WINDOWS\SYSTEM32\profapi.dll
0x00007ffe425b0000 - 0x00007ffe425c8000 	c:\Users\aagil\.vscode\extensions\redhat.java-1.50.0-win32-x64\jre\21.0.9-win32-x86_64\bin\zip.dll
0x00007ffe43100000 - 0x00007ffe43110000 	C:\Users\aagil\.vscode\extensions\redhat.java-1.50.0-win32-x64\jre\21.0.9-win32-x86_64\bin\net.dll
0x00007ffe57170000 - 0x00007ffe57298000 	C:\WINDOWS\SYSTEM32\WINHTTP.dll
0x00007ffe64c40000 - 0x00007ffe64cab000 	C:\WINDOWS\system32\mswsock.dll
0x00007ffe424c0000 - 0x00007ffe424d6000 	C:\Users\aagil\.vscode\extensions\redhat.java-1.50.0-win32-x64\jre\21.0.9-win32-x86_64\bin\nio.dll
0x00007ffe42f20000 - 0x00007ffe42f30000 	c:\Users\aagil\.vscode\extensions\redhat.java-1.50.0-win32-x64\jre\21.0.9-win32-x86_64\bin\verify.dll
0x00007ffe42d60000 - 0x00007ffe42da4000 	C:\Users\aagil\AppData\Roaming\Code\User\globalStorage\redhat.java\1.50.0\config_win\org.eclipse.equinox.launcher\org.eclipse.equinox.launcher.win32.win32.x86_64_1.2.1400.v20250801-0854\eclipse_11916.dll
0x00007ffe66620000 - 0x00007ffe667b7000 	C:\WINDOWS\System32\ole32.dll
0x00007ffe64f10000 - 0x00007ffe64f2b000 	C:\WINDOWS\SYSTEM32\CRYPTSP.dll
0x00007ffe64630000 - 0x00007ffe6466a000 	C:\WINDOWS\system32\rsaenh.dll
0x00007ffe64cf0000 - 0x00007ffe64d1b000 	C:\WINDOWS\SYSTEM32\USERENV.dll
0x00007ffe65800000 - 0x00007ffe6582a000 	C:\WINDOWS\SYSTEM32\bcrypt.dll
0x00007ffe64f00000 - 0x00007ffe64f0c000 	C:\WINDOWS\SYSTEM32\CRYPTBASE.dll
0x00007ffe641f0000 - 0x00007ffe64224000 	C:\WINDOWS\SYSTEM32\IPHLPAPI.DLL
0x00007ffe667c0000 - 0x00007ffe667ca000 	C:\WINDOWS\System32\NSI.dll
0x00007ffe42700000 - 0x00007ffe42749000 	C:\Users\aagil\AppData\Local\Temp\jna-92573610\jna3970832915593873947.dll
0x00007ffe66860000 - 0x00007ffe66868000 	C:\WINDOWS\System32\PSAPI.DLL
0x00007ffe5e8a0000 - 0x00007ffe5e8be000 	C:\WINDOWS\SYSTEM32\dhcpcsvc6.DLL
0x00007ffe5e7f0000 - 0x00007ffe5e813000 	C:\WINDOWS\SYSTEM32\dhcpcsvc.DLL
0x00007ffe42870000 - 0x00007ffe42897000 	C:\Users\aagil\.gradle\native\1def1411415f61bf3af743bc5b6707747c0891f09f0c88961ee8f79bc544acac\windows-amd64\native-platform.dll
0x00007ffe42eb0000 - 0x00007ffe42eba000 	C:\Users\aagil\.vscode\extensions\redhat.java-1.50.0-win32-x64\jre\21.0.9-win32-x86_64\bin\management.dll
0x00007ffe42b00000 - 0x00007ffe42b0c000 	C:\Users\aagil\.vscode\extensions\redhat.java-1.50.0-win32-x64\jre\21.0.9-win32-x86_64\bin\management_ext.dll
0x00007ffe42680000 - 0x00007ffe42689000 	C:\Users\aagil\.vscode\extensions\redhat.java-1.50.0-win32-x64\jre\21.0.9-win32-x86_64\bin\extnet.dll
0x00007ffe42840000 - 0x00007ffe4284e000 	C:\Users\aagil\.vscode\extensions\redhat.java-1.50.0-win32-x64\jre\21.0.9-win32-x86_64\bin\sunmscapi.dll
0x00007ffe659a0000 - 0x00007ffe65b17000 	C:\WINDOWS\System32\CRYPT32.dll
0x00007ffe65120000 - 0x00007ffe65150000 	C:\WINDOWS\SYSTEM32\ncrypt.dll
0x00007ffe650d0000 - 0x00007ffe6510f000 	C:\WINDOWS\SYSTEM32\NTASN1.dll
0x00007ffe64230000 - 0x00007ffe6435c000 	C:\WINDOWS\SYSTEM32\DNSAPI.dll
0x00007ffe5bb30000 - 0x00007ffe5bb3b000 	C:\Windows\System32\rasadhlp.dll
0x00007ffe5f070000 - 0x00007ffe5f0f6000 	C:\WINDOWS\System32\fwpuclnt.dll
0x00007ffe38380000 - 0x00007ffe38388000 	C:\WINDOWS\system32\wshunix.dll

JVMTI agents:
c:\Users\aagil\.vscode\extensions\redhat.java-1.50.0-win32-x64\lombok\lombok-1.18.39-4050.jar path:c:\Users\aagil\.vscode\extensions\redhat.java-1.50.0-win32-x64\jre\21.0.9-win32-x86_64\bin\instrument.dll, loaded, initialized, instrumentlib options:none

dbghelp: loaded successfully - version: 4.0.5 - missing functions: none
symbol engine: initialized successfully - sym options: 0x614 - pdb path: .;c:\Users\aagil\.vscode\extensions\redhat.java-1.50.0-win32-x64\jre\21.0.9-win32-x86_64\bin;C:\WINDOWS\SYSTEM32;C:\WINDOWS\WinSxS\amd64_microsoft.windows.common-controls_6595b64144ccf1df_6.0.26100.7019_none_3e06ffa0e335b8a8;c:\Users\aagil\.vscode\extensions\redhat.java-1.50.0-win32-x64\jre\21.0.9-win32-x86_64\bin\server;C:\Users\aagil\AppData\Roaming\Code\User\globalStorage\redhat.java\1.50.0\config_win\org.eclipse.equinox.launcher\org.eclipse.equinox.launcher.win32.win32.x86_64_1.2.1400.v20250801-0854;C:\Users\aagil\AppData\Local\Temp\jna-92573610;C:\Users\aagil\.gradle\native\1def1411415f61bf3af743bc5b6707747c0891f09f0c88961ee8f79bc544acac\windows-amd64

VM Arguments:
jvm_args: --add-modules=ALL-SYSTEM --add-opens=java.base/java.util=ALL-UNNAMED --add-opens=java.base/java.lang=ALL-UNNAMED --add-opens=java.base/sun.nio.fs=ALL-UNNAMED -Declipse.application=org.eclipse.jdt.ls.core.id1 -Dosgi.bundles.defaultStartLevel=4 -Declipse.product=org.eclipse.jdt.ls.core.product -Djava.import.generatesMetadataFilesAtProjectRoot=false -DDetectVMInstallationsJob.disabled=true -Dfile.encoding=utf8 -XX:+UseParallelGC -XX:GCTimeRatio=4 -XX:AdaptiveSizePolicyWeight=90 -Dsun.zip.disableMemoryMapping=true -Xmx2G -Xms100m -Xlog:disable -javaagent:c:\Users\aagil\.vscode\extensions\redhat.java-1.50.0-win32-x64\lombok\lombok-1.18.39-4050.jar -XX:+HeapDumpOnOutOfMemoryError -XX:HeapDumpPath=c:\Users\aagil\AppData\Roaming\Code\User\workspaceStorage\2a71c2e3af28014fd6275a2123d2dc43\redhat.java -Daether.dependencyCollector.impl=bf 
java_command: c:\Users\aagil\.vscode\extensions\redhat.java-1.50.0-win32-x64\server\plugins\org.eclipse.equinox.launcher_1.7.100.v20251111-0406.jar -configuration c:\Users\aagil\AppData\Roaming\Code\User\globalStorage\redhat.java\1.50.0\config_win -data c:\Users\aagil\AppData\Roaming\Code\User\workspaceStorage\2a71c2e3af28014fd6275a2123d2dc43\redhat.java\jdt_ws --pipe=\\.\pipe\lsp-140a264c7120c64232a8bf967aabf380-sock
java_class_path (initial): c:\Users\aagil\.vscode\extensions\redhat.java-1.50.0-win32-x64\server\plugins\org.eclipse.equinox.launcher_1.7.100.v20251111-0406.jar
Launcher Type: SUN_STANDARD

[Global flags]
    uintx AdaptiveSizePolicyWeight                 = 90                                        {product} {command line}
     intx CICompilerCount                          = 4                                         {product} {ergonomic}
    uintx GCTimeRatio                              = 4                                         {product} {command line}
     bool HeapDumpOnOutOfMemoryError               = true                                   {manageable} {command line}
    ccstr HeapDumpPath                             = c:\Users\aagil\AppData\Roaming\Code\User\workspaceStorage\2a71c2e3af28014fd6275a2123d2dc43\redhat.java         {manageable} {command line}
   size_t InitialHeapSize                          = 104857600                                 {product} {command line}
   size_t MaxHeapSize                              = 2147483648                                {product} {command line}
   size_t MaxNewSize                               = 715653120                                 {product} {ergonomic}
   size_t MinHeapDeltaBytes                        = 524288                                    {product} {ergonomic}
   size_t MinHeapSize                              = 104857600                                 {product} {command line}
   size_t NewSize                                  = 34603008                                  {product} {ergonomic}
    uintx NonNMethodCodeHeapSize                   = 5839372                                {pd product} {ergonomic}
    uintx NonProfiledCodeHeapSize                  = 122909434                              {pd product} {ergonomic}
   size_t OldSize                                  = 70254592                                  {product} {ergonomic}
    uintx ProfiledCodeHeapSize                     = 122909434                              {pd product} {ergonomic}
    uintx ReservedCodeCacheSize                    = 251658240                              {pd product} {ergonomic}
     bool SegmentedCodeCache                       = true                                      {product} {ergonomic}
   size_t SoftMaxHeapSize                          = 2147483648                             {manageable} {ergonomic}
     bool UseCompressedOops                        = true                           {product lp64_product} {ergonomic}
     bool UseLargePagesIndividualAllocation        = false                                  {pd product} {ergonomic}
     bool UseParallelGC                            = true                                      {product} {command line}

Logging:
Log output configuration:
 #0: stdout all=off uptime,level,tags foldmultilines=false
 #1: stderr all=off uptime,level,tags foldmultilines=false

Release file:
JAVA_VERSION="21.0.9" 
MODULES="java.base java.compiler java.datatransfer java.xml java.prefs java.desktop java.instrument java.logging java.management java.security.sasl java.naming java.rmi java.management.rmi java.net.http java.scripting java.security.jgss java.transaction.xa java.sql java.sql.rowset java.xml.crypto java.se java.smartcardio jdk.accessibility jdk.internal.jvmstat jdk.attach jdk.charsets jdk.internal.opt jdk.zipfs jdk.compiler jdk.crypto.ec jdk.crypto.cryptoki jdk.crypto.mscapi jdk.dynalink jdk.internal.ed jdk.editpad jdk.hotspot.agent jdk.httpserver jdk.internal.le jdk.internal.vm.ci jdk.internal.vm.compiler jdk.internal.vm.compiler.management jdk.jartool jdk.javadoc jdk.jcmd jdk.management jdk.management.agent jdk.jconsole jdk.jdeps jdk.jdwp.agent jdk.jdi jdk.jfr jdk.jshell jdk.jsobject jdk.jstatd jdk.localedata jdk.management.jfr jdk.naming.dns jdk.naming.rmi jdk.net jdk.nio.mapmode jdk.random jdk.sctp jdk.security.auth jdk.security.jgss jdk.unsupported jdk.unsupported.desktop jdk.xml.dom" 

Environment Variables:
JAVA_HOME=C:\Program Files\Java\jdk-25
PATH=C:\Program Files\Common Files\Oracle\Java\javapath;C:\Program Files\Java\jdk-21\bin;C:\Users\aagil\Downloads\gradle-8.5-bin\gradle-8.5\bin;C:\Program Files\nodejs;C:\Program Files\dotnet\;C:\Program Files\Git\cmd;C:\Program Files\Git\bin;C:\Program Files\Common Files\Oracle\Java\javapath;C:\Program Files\Java\jdk-21\bin;C:\Users\aagil\Downloads\gradle-8.5-bin\gradle-8.5\bin;C:\Program Files\nodejs;C:\Program Files\dotnet\;C:\Program Files\Git\cmd;C:\Program Files\Git\bin;;C:\Program Files\Java\jdk-21\bin;C:\Users\aagil\AppData\Local\Programs\Microsoft VS Code\bin
USERNAME=aagil
OS=Windows_NT
PROCESSOR_IDENTIFIER=Intel64 Family 6 Model 154 Stepping 4, GenuineIntel
TMP=C:\Users\aagil\AppData\Local\Temp
TEMP=C:\Users\aagil\AppData\Local\Temp




Periodic native trim disabled

---------------  S Y S T E M  ---------------

OS:
 Windows 11 , 64 bit Build 26100 (10.0.26100.7019)
OS uptime: 13 days 21:53 hours
Hyper-V role detected

CPU: total 12 (initial active 12) (6 cores per cpu, 2 threads per core) family 6 model 154 stepping 4 microcode 0x429, cx8, cmov, fxsr, ht, mmx, 3dnowpref, sse, sse2, sse3, ssse3, sse4.1, sse4.2, popcnt, lzcnt, tsc, tscinvbit, avx, avx2, aes, erms, clmul, bmi1, bmi2, adx, sha, fma, vzeroupper, clflush, clflushopt, clwb, hv, serialize, rdtscp, rdpid, fsrm, f16c, cet_ibt, cet_ss
Processor Information for processor 0
  Max Mhz: 1300, Current Mhz: 1300, Mhz Limit: 1300
Processor Information for processor 1
  Max Mhz: 1300, Current Mhz: 1300, Mhz Limit: 1300
Processor Information for processor 2
  Max Mhz: 1300, Current Mhz: 1300, Mhz Limit: 1300
Processor Information for processor 3
  Max Mhz: 1300, Current Mhz: 1300, Mhz Limit: 1300
Processor Information for processor 4
  Max Mhz: 1300, Current Mhz: 900, Mhz Limit: 897
Processor Information for processor 5
  Max Mhz: 1300, Current Mhz: 900, Mhz Limit: 897
Processor Information for processor 6
  Max Mhz: 1300, Current Mhz: 900, Mhz Limit: 897
Processor Information for processor 7
  Max Mhz: 1300, Current Mhz: 900, Mhz Limit: 897
Processor Information for processor 8
  Max Mhz: 1300, Current Mhz: 900, Mhz Limit: 897
Processor Information for processor 9
  Max Mhz: 1300, Current Mhz: 900, Mhz Limit: 897
Processor Information for processor 10
  Max Mhz: 1300, Current Mhz: 900, Mhz Limit: 897
Processor Information for processor 11
  Max Mhz: 1300, Current Mhz: 900, Mhz Limit: 897

Memory: 4k page, system-wide physical 7885M (766M free)
TotalPageFile size 32461M (AvailPageFile size 267M)
current process WorkingSet (physical memory assigned to process): 10M, peak: 340M
current process commit charge ("private bytes"): 683M, peak: 691M

vm_info: OpenJDK 64-Bit Server VM (21.0.9+10-LTS) for windows-amd64 JRE (21.0.9+10-LTS), built on 2025-10-21T00:00:00Z by "admin" with unknown MS VC++:1942

END.
