#
# There is insufficient memory for the Java Runtime Environment to continue.
# Native memory allocation (malloc) failed to allocate 1436176 bytes for Chunk::new
# Possible reasons:
#   The system is out of physical RAM or swap space
#   The process is running with CompressedOops enabled, and the Java Heap may be blocking the growth of the native heap
# Possible solutions:
#   Reduce memory load on the system
#   Increase physical memory or swap space
#   Check if swap backing store is full
#   Decrease Java heap size (-Xmx/-Xms)
#   Decrease number of Java threads
#   Decrease Java thread stack sizes (-Xss)
#   Set larger code cache with -XX:ReservedCodeCacheSize=
#   JVM is running with Unscaled Compressed Oops mode in which the Java heap is
#     placed in the first 4GB address space. The Java Heap base address is the
#     maximum limit for the native heap growth. Please use -XX:HeapBaseMinAddress
#     to set the Java Heap base and to place the Java Heap above 4GB virtual address.
# This output file may be truncated or incomplete.
#
#  Out of Memory Error (arena.cpp:168), pid=25108, tid=40872
#
# JRE version: Java(TM) SE Runtime Environment (21.0.9+7) (build 21.0.9+7-LTS-338)
# Java VM: Java HotSpot(TM) 64-Bit Server VM (21.0.9+7-LTS-338, mixed mode, tiered, compressed oops, compressed class ptrs, g1 gc, windows-amd64)
# No core dump will be written. Minidumps are not enabled by default on client versions of Windows
#

---------------  S U M M A R Y ------------

Command Line: --add-opens=java.base/java.lang=ALL-UNNAMED --add-opens=java.base/java.lang.invoke=ALL-UNNAMED --add-opens=java.base/java.util=ALL-UNNAMED --add-opens=java.prefs/java.util.prefs=ALL-UNNAMED --add-exports=jdk.compiler/com.sun.tools.javac.api=ALL-UNNAMED --add-exports=jdk.compiler/com.sun.tools.javac.util=ALL-UNNAMED --add-opens=java.base/java.util=ALL-UNNAMED --add-opens=java.prefs/java.util.prefs=ALL-UNNAMED --add-opens=java.base/java.nio.charset=ALL-UNNAMED --add-opens=java.base/java.net=ALL-UNNAMED --add-opens=java.base/java.util.concurrent=ALL-UNNAMED --add-opens=java.base/java.util.concurrent.atomic=ALL-UNNAMED --add-opens=java.xml/javax.xml.namespace=ALL-UNNAMED -XX:MaxMetaspaceSize=384m -XX:+HeapDumpOnOutOfMemoryError -Xms256m -Xmx512m -Dfile.encoding=UTF-8 -Duser.country=US -Duser.language=en -Duser.variant -javaagent:C:\Users\aagil\.gradle\wrapper\dists\gradle-9.0.0-bin\d6wjpkvcgsg3oed0qlfss3wgl\gradle-9.0.0\lib\agents\gradle-instrumentation-agent-9.0.0.jar org.gradle.launcher.daemon.bootstrap.GradleDaemon 9.0.0

Host: 12th Gen Intel(R) Core(TM) i5-1235U, 12 cores, 7G,  Windows 11 , 64 bit Build 26100 (10.0.26100.7019)
Time: Thu Dec  4 18:39:56 2025 Eastern Standard Time elapsed time: 35.302092 seconds (0d 0h 0m 35s)

---------------  T H R E A D  ---------------

Current thread (0x00000265840bcca0):  JavaThread "C2 CompilerThread0" daemon [_thread_in_native, id=40872, stack(0x000000b506a00000,0x000000b506b00000) (1024K)]


Current CompileTask:
C2:  35303 8253       4       org.gradle.internal.logging.text.AbstractLineChoppingStyledTextOutput::doAppend (43 bytes)

Stack: [0x000000b506a00000,0x000000b506b00000]
Native frames: (J=compiled Java code, j=interpreted, Vv=VM code, C=native code)
V  [jvm.dll+0x6cbf89]
V  [jvm.dll+0x858421]
V  [jvm.dll+0x85a94e]
V  [jvm.dll+0x85b023]
V  [jvm.dll+0x27ebc6]
V  [jvm.dll+0xc4f4d]
V  [jvm.dll+0xc5483]
V  [jvm.dll+0x3b69fc]
V  [jvm.dll+0x382925]
V  [jvm.dll+0x381d9a]
V  [jvm.dll+0x247640]
V  [jvm.dll+0x246c1f]
V  [jvm.dll+0x1c7a3e]
V  [jvm.dll+0x256329]
V  [jvm.dll+0x2548ba]
V  [jvm.dll+0x3efdee]
V  [jvm.dll+0x80265b]
V  [jvm.dll+0x6ca66d]
C  [ucrtbase.dll+0x37b0]
C  [KERNEL32.DLL+0x2e8d7]
C  [ntdll.dll+0x8c53c]


---------------  P R O C E S S  ---------------

Threads class SMR info:
_java_thread_list=0x0000026587f550e0, length=49, elements={
0x00000265e03fb5c0, 0x00000265fb4bd770, 0x00000265840b32e0, 0x00000265840c0510,
0x00000265840b4b90, 0x00000265840b7030, 0x00000265840b88e0, 0x00000265840bcca0,
0x00000265840dfea0, 0x00000265843092f0, 0x00000265843c5ba0, 0x0000026585d2e270,
0x0000026584f099b0, 0x00000265854e8460, 0x000002658541de10, 0x00000265851af990,
0x00000265845d4d30, 0x00000265845d7b20, 0x00000265845d53c0, 0x0000026587660e60,
0x00000265876614f0, 0x00000265876607d0, 0x0000026587662210, 0x000002658765f420,
0x0000026587664970, 0x0000026588569fc0, 0x0000026588568580, 0x00000265885692a0,
0x00000265885671d0, 0x0000026588569930, 0x0000026587663c50, 0x00000265845d7490,
0x00000265845d5a50, 0x00000265875a9ed0, 0x00000265875a8490, 0x00000265875a8b20,
0x00000265875accc0, 0x000002658765e700, 0x000002658765fab0, 0x000002658765e070,
0x0000026587660140, 0x000002658765ed90, 0x0000026587662f30, 0x00000265875ac630,
0x00000265875a9840, 0x00000265875ad350, 0x00000265875ab280, 0x00000265875ad9e0,
0x00000265875ab910
}

Java Threads: ( => current thread )
  0x00000265e03fb5c0 JavaThread "main"                              [_thread_blocked, id=38292, stack(0x000000b505c00000,0x000000b505d00000) (1024K)]
  0x00000265fb4bd770 JavaThread "Reference Handler"          daemon [_thread_blocked, id=34740, stack(0x000000b506400000,0x000000b506500000) (1024K)]
  0x00000265840b32e0 JavaThread "Finalizer"                  daemon [_thread_blocked, id=42576, stack(0x000000b506500000,0x000000b506600000) (1024K)]
  0x00000265840c0510 JavaThread "Signal Dispatcher"          daemon [_thread_blocked, id=16548, stack(0x000000b506600000,0x000000b506700000) (1024K)]
  0x00000265840b4b90 JavaThread "Attach Listener"            daemon [_thread_blocked, id=27996, stack(0x000000b506700000,0x000000b506800000) (1024K)]
  0x00000265840b7030 JavaThread "Service Thread"             daemon [_thread_blocked, id=35684, stack(0x000000b506800000,0x000000b506900000) (1024K)]
  0x00000265840b88e0 JavaThread "Monitor Deflation Thread"   daemon [_thread_blocked, id=40112, stack(0x000000b506900000,0x000000b506a00000) (1024K)]
=>0x00000265840bcca0 JavaThread "C2 CompilerThread0"         daemon [_thread_in_native, id=40872, stack(0x000000b506a00000,0x000000b506b00000) (1024K)]
  0x00000265840dfea0 JavaThread "C1 CompilerThread0"         daemon [_thread_blocked, id=13384, stack(0x000000b506b00000,0x000000b506c00000) (1024K)]
  0x00000265843092f0 JavaThread "Common-Cleaner"             daemon [_thread_blocked, id=15984, stack(0x000000b506c00000,0x000000b506d00000) (1024K)]
  0x00000265843c5ba0 JavaThread "Notification Thread"        daemon [_thread_blocked, id=41508, stack(0x000000b506d00000,0x000000b506e00000) (1024K)]
  0x0000026585d2e270 JavaThread "Daemon health stats"               [_thread_blocked, id=35276, stack(0x000000b506e00000,0x000000b506f00000) (1024K)]
  0x0000026584f099b0 JavaThread "Incoming local TCP Connector on port 53389"        [_thread_in_native, id=44092, stack(0x000000b507400000,0x000000b507500000) (1024K)]
  0x00000265854e8460 JavaThread "Daemon periodic checks"            [_thread_blocked, id=38488, stack(0x000000b507500000,0x000000b507600000) (1024K)]
  0x000002658541de10 JavaThread "Daemon"                            [_thread_blocked, id=44040, stack(0x000000b507600000,0x000000b507700000) (1024K)]
  0x00000265851af990 JavaThread "Daemon worker"                     [_thread_in_vm, id=44640, stack(0x000000b507900000,0x000000b507a00000) (1024K)]
  0x00000265845d4d30 JavaThread "Cache worker for journal cache (C:\Users\aagil\.gradle\caches\journal-1)"        [_thread_blocked, id=5968, stack(0x000000b508300000,0x000000b508400000) (1024K)]
  0x00000265845d7b20 JavaThread "File lock request listener"        [_thread_in_native, id=28248, stack(0x000000b508400000,0x000000b508500000) (1024K)]
  0x00000265845d53c0 JavaThread "Cache worker for file hash cache (C:\Users\aagil\.gradle\caches\9.0.0\fileHashes)"        [_thread_blocked, id=48316, stack(0x000000b508500000,0x000000b508600000) (1024K)]
  0x0000026587660e60 JavaThread "File watcher server"        daemon [_thread_in_native, id=39916, stack(0x000000b508800000,0x000000b508900000) (1024K)]
  0x00000265876614f0 JavaThread "File watcher consumer"      daemon [_thread_blocked, id=34320, stack(0x000000b508900000,0x000000b508a00000) (1024K)]
  0x00000265876607d0 JavaThread "Cache worker for file content cache (C:\Users\aagil\.gradle\caches\9.0.0\fileContent)"        [_thread_blocked, id=8496, stack(0x000000b508b00000,0x000000b508c00000) (1024K)]
  0x0000026587662210 JavaThread "jar transforms"                    [_thread_blocked, id=46724, stack(0x000000b508e00000,0x000000b508f00000) (1024K)]
  0x000002658765f420 JavaThread "jar transforms Thread 2"           [_thread_blocked, id=4740, stack(0x000000b508f00000,0x000000b509000000) (1024K)]
  0x0000026587664970 JavaThread "jar transforms Thread 3"           [_thread_blocked, id=23648, stack(0x000000b509000000,0x000000b509100000) (1024K)]
  0x0000026588569fc0 JavaThread "jar transforms Thread 4"           [_thread_blocked, id=12064, stack(0x000000b509400000,0x000000b509500000) (1024K)]
  0x0000026588568580 JavaThread "jar transforms Thread 5"           [_thread_blocked, id=44816, stack(0x000000b509500000,0x000000b509600000) (1024K)]
  0x00000265885692a0 JavaThread "Memory manager"                    [_thread_blocked, id=4236, stack(0x000000b509600000,0x000000b509700000) (1024K)]
  0x00000265885671d0 JavaThread "jar transforms Thread 6"           [_thread_blocked, id=2228, stack(0x000000b509700000,0x000000b509800000) (1024K)]
  0x0000026588569930 JavaThread "VFS cleanup"                       [_thread_blocked, id=48752, stack(0x000000b507a00000,0x000000b507b00000) (1024K)]
  0x0000026587663c50 JavaThread "jar transforms Thread 7"           [_thread_blocked, id=42376, stack(0x000000b508c00000,0x000000b508d00000) (1024K)]
  0x00000265845d7490 JavaThread "jar transforms Thread 8"           [_thread_blocked, id=23456, stack(0x000000b508d00000,0x000000b508e00000) (1024K)]
  0x00000265845d5a50 JavaThread "jar transforms Thread 9"           [_thread_blocked, id=45668, stack(0x000000b509100000,0x000000b509200000) (1024K)]
  0x00000265875a9ed0 JavaThread "jar transforms Thread 10"          [_thread_blocked, id=47428, stack(0x000000b509900000,0x000000b509a00000) (1024K)]
  0x00000265875a8490 JavaThread "jar transforms Thread 11"          [_thread_blocked, id=27816, stack(0x000000b509a00000,0x000000b509b00000) (1024K)]
  0x00000265875a8b20 JavaThread "jar transforms Thread 12"          [_thread_blocked, id=14476, stack(0x000000b509b00000,0x000000b509c00000) (1024K)]
  0x00000265875accc0 JavaThread "included builds"                   [_thread_blocked, id=47552, stack(0x000000b50a100000,0x000000b50a200000) (1024K)]
  0x000002658765e700 JavaThread "Handler for socket connection from /127.0.0.1:53389 to /127.0.0.1:59670"        [_thread_in_native, id=39500, stack(0x000000b507700000,0x000000b507800000) (1024K)]
  0x000002658765fab0 JavaThread "Cancel handler"                    [_thread_blocked, id=12972, stack(0x000000b507800000,0x000000b507900000) (1024K)]
  0x000002658765e070 JavaThread "Asynchronous log dispatcher for DefaultDaemonConnection: socket connection from /127.0.0.1:53389 to /127.0.0.1:59670"        [_thread_blocked, id=47284, stack(0x000000b507b00000,0x000000b507c00000) (1024K)]
  0x0000026587660140 JavaThread "Stdin handler"                     [_thread_blocked, id=43864, stack(0x000000b507c00000,0x000000b507d00000) (1024K)]
  0x000002658765ed90 JavaThread "Daemon client event forwarder"        [_thread_in_native, id=47584, stack(0x000000b508600000,0x000000b508700000) (1024K)]
  0x0000026587662f30 JavaThread "Cache worker for file hash cache (C:\dev\movieApp\.gradle\9.0.0\fileHashes)"        [_thread_blocked, id=3156, stack(0x000000b508700000,0x000000b508800000) (1024K)]
  0x00000265875ac630 JavaThread "Cache worker for Build Output Cleanup Cache (C:\dev\movieApp\.gradle\buildOutputCleanup)"        [_thread_blocked, id=452, stack(0x000000b508a00000,0x000000b508b00000) (1024K)]
  0x00000265875a9840 JavaThread "Cache worker for checksums cache (C:\dev\movieApp\.gradle\9.0.0\checksums)"        [_thread_blocked, id=38712, stack(0x000000b509200000,0x000000b509300000) (1024K)]
  0x00000265875ad350 JavaThread "Cache worker for cache directory md-supplier (C:\Users\aagil\.gradle\caches\9.0.0\md-supplier)"        [_thread_blocked, id=39168, stack(0x000000b509300000,0x000000b509400000) (1024K)]
  0x00000265875ab280 JavaThread "Cache worker for cache directory md-rule (C:\Users\aagil\.gradle\caches\9.0.0\md-rule)"        [_thread_blocked, id=29528, stack(0x000000b509800000,0x000000b509900000) (1024K)]
  0x00000265875ad9e0 JavaThread "Unconstrained build operations"        [_thread_blocked, id=48164, stack(0x000000b509c00000,0x000000b509d00000) (1024K)]
  0x00000265875ab910 JavaThread "Unconstrained build operations Thread 2"        [_thread_blocked, id=17036, stack(0x000000b509d00000,0x000000b509e00000) (1024K)]
Total: 49

Other Threads:
  0x0000026584057430 VMThread "VM Thread"                           [id=47884, stack(0x000000b506300000,0x000000b506400000) (1024K)]
  0x00000265fb48d300 WatcherThread "VM Periodic Task Thread"        [id=47036, stack(0x000000b506200000,0x000000b506300000) (1024K)]
  0x00000265e0427330 WorkerThread "GC Thread#0"                     [id=45664, stack(0x000000b505d00000,0x000000b505e00000) (1024K)]
  0x00000265848498a0 WorkerThread "GC Thread#1"                     [id=14360, stack(0x000000b506f00000,0x000000b507000000) (1024K)]
  0x0000026584849c50 WorkerThread "GC Thread#2"                     [id=30936, stack(0x000000b507000000,0x000000b507100000) (1024K)]
  0x000002658484a000 WorkerThread "GC Thread#3"                     [id=13672, stack(0x000000b507100000,0x000000b507200000) (1024K)]
  0x0000026584960730 WorkerThread "GC Thread#4"                     [id=33236, stack(0x000000b507200000,0x000000b507300000) (1024K)]
  0x000002658495ffd0 WorkerThread "GC Thread#5"                     [id=35216, stack(0x000000b507300000,0x000000b507400000) (1024K)]
  0x0000026584961240 WorkerThread "GC Thread#6"                     [id=30104, stack(0x000000b507d00000,0x000000b507e00000) (1024K)]
  0x000002658550dbd0 WorkerThread "GC Thread#7"                     [id=45896, stack(0x000000b507e00000,0x000000b507f00000) (1024K)]
  0x000002658550fd00 WorkerThread "GC Thread#8"                     [id=37148, stack(0x000000b507f00000,0x000000b508000000) (1024K)]
  0x00000265855100b0 WorkerThread "GC Thread#9"                     [id=24660, stack(0x000000b508000000,0x000000b508100000) (1024K)]
  0x00000265e042d240 ConcurrentGCThread "G1 Main Marker"            [id=36448, stack(0x000000b505e00000,0x000000b505f00000) (1024K)]
  0x00000265e0430300 WorkerThread "G1 Conc#0"                       [id=47004, stack(0x000000b505f00000,0x000000b506000000) (1024K)]
  0x0000026585510460 WorkerThread "G1 Conc#1"                       [id=40772, stack(0x000000b508100000,0x000000b508200000) (1024K)]
  0x000002658550e330 WorkerThread "G1 Conc#2"                       [id=43356, stack(0x000000b508200000,0x000000b508300000) (1024K)]
  0x00000265fb35c630 ConcurrentGCThread "G1 Refine#0"               [id=20188, stack(0x000000b506000000,0x000000b506100000) (1024K)]
  0x00000265fb35ce60 ConcurrentGCThread "G1 Service"                [id=39680, stack(0x000000b506100000,0x000000b506200000) (1024K)]
Total: 18

Threads with active compile tasks:
C2 CompilerThread0    35432 8253       4       org.gradle.internal.logging.text.AbstractLineChoppingStyledTextOutput::doAppend (43 bytes)
Total: 1

VM state: not at safepoint (normal execution)

VM Mutex/Monitor currently owned by a thread: None

Heap address: 0x00000000e0000000, size: 512 MB, Compressed Oops mode: 32-bit

CDS archive(s) not mapped
Compressed class space mapped at: 0x0000000100000000-0x0000000114000000, reserved size: 335544320
Narrow klass base: 0x0000000000000000, Narrow klass shift: 3, Narrow klass range: 0x114000000

GC Precious Log:
 CardTable entry size: 512
 Card Set container configuration: InlinePtr #cards 5 size 8 Array Of Cards #cards 12 size 40 Howl #buckets 4 coarsen threshold 1843 Howl Bitmap #cards 512 size 80 coarsen threshold 460 Card regions per heap region 1 cards per card region 2048
 CPUs: 12 total, 12 available
 Memory: 7885M
 Large Page Support: Disabled
 NUMA Support: Disabled
 Compressed Oops: Enabled (32-bit)
 Heap Region Size: 1M
 Heap Min Capacity: 256M
 Heap Initial Capacity: 256M
 Heap Max Capacity: 512M
 Pre-touch: Disabled
 Parallel Workers: 10
 Concurrent Workers: 3
 Concurrent Refinement Workers: 10
 Periodic GC: Disabled

Heap:
 garbage-first heap   total 262144K, used 109419K [0x00000000e0000000, 0x0000000100000000)
  region size 1024K, 75 young (76800K), 17 survivors (17408K)
 Metaspace       used 72564K, committed 75008K, reserved 393216K
  class space    used 10109K, committed 11328K, reserved 327680K

Heap Regions: E=young(eden), S=young(survivor), O=old, HS=humongous(starts), HC=humongous(continues), CS=collection set, F=free, TAMS=top-at-mark-start, PB=parsable bottom
|   0|0x00000000e0000000, 0x00000000e0100000, 0x00000000e0100000|100%|HS|  |TAMS 0x00000000e0000000| PB 0x00000000e0000000| Complete 
|   1|0x00000000e0100000, 0x00000000e0200000, 0x00000000e0200000|100%|HC|  |TAMS 0x00000000e0100000| PB 0x00000000e0100000| Complete 
|   2|0x00000000e0200000, 0x00000000e0300000, 0x00000000e0300000|100%|HC|  |TAMS 0x00000000e0200000| PB 0x00000000e0200000| Complete 
|   3|0x00000000e0300000, 0x00000000e0400000, 0x00000000e0400000|100%| O|  |TAMS 0x00000000e0300000| PB 0x00000000e0300000| Untracked 
|   4|0x00000000e0400000, 0x00000000e0500000, 0x00000000e0500000|100%| O|  |TAMS 0x00000000e0400000| PB 0x00000000e0400000| Untracked 
|   5|0x00000000e0500000, 0x00000000e0600000, 0x00000000e0600000|100%| O|  |TAMS 0x00000000e0500000| PB 0x00000000e0500000| Untracked 
|   6|0x00000000e0600000, 0x00000000e0700000, 0x00000000e0700000|100%|HS|  |TAMS 0x00000000e0600000| PB 0x00000000e0600000| Complete 
|   7|0x00000000e0700000, 0x00000000e0800000, 0x00000000e0800000|100%| O|  |TAMS 0x00000000e0700000| PB 0x00000000e0700000| Untracked 
|   8|0x00000000e0800000, 0x00000000e0900000, 0x00000000e0900000|100%| O|  |TAMS 0x00000000e0800000| PB 0x00000000e0800000| Untracked 
|   9|0x00000000e0900000, 0x00000000e0a00000, 0x00000000e0a00000|100%| O|  |TAMS 0x00000000e0900000| PB 0x00000000e0900000| Untracked 
|  10|0x00000000e0a00000, 0x00000000e0b00000, 0x00000000e0b00000|100%| O|  |TAMS 0x00000000e0a00000| PB 0x00000000e0a00000| Untracked 
|  11|0x00000000e0b00000, 0x00000000e0c00000, 0x00000000e0c00000|100%| O|  |TAMS 0x00000000e0b00000| PB 0x00000000e0b00000| Untracked 
|  12|0x00000000e0c00000, 0x00000000e0d00000, 0x00000000e0d00000|100%| O|  |TAMS 0x00000000e0c00000| PB 0x00000000e0c00000| Untracked 
|  13|0x00000000e0d00000, 0x00000000e0e00000, 0x00000000e0e00000|100%| O|  |TAMS 0x00000000e0d00000| PB 0x00000000e0d00000| Untracked 
|  14|0x00000000e0e00000, 0x00000000e0f00000, 0x00000000e0f00000|100%| O|  |TAMS 0x00000000e0e00000| PB 0x00000000e0e00000| Untracked 
|  15|0x00000000e0f00000, 0x00000000e1000000, 0x00000000e1000000|100%| O|  |TAMS 0x00000000e0f00000| PB 0x00000000e0f00000| Untracked 
|  16|0x00000000e1000000, 0x00000000e1100000, 0x00000000e1100000|100%| O|  |TAMS 0x00000000e1000000| PB 0x00000000e1000000| Untracked 
|  17|0x00000000e1100000, 0x00000000e1200000, 0x00000000e1200000|100%| O|  |TAMS 0x00000000e1100000| PB 0x00000000e1100000| Untracked 
|  18|0x00000000e1200000, 0x00000000e1300000, 0x00000000e1300000|100%| O|  |TAMS 0x00000000e1200000| PB 0x00000000e1200000| Untracked 
|  19|0x00000000e1300000, 0x00000000e1400000, 0x00000000e1400000|100%| O|  |TAMS 0x00000000e1300000| PB 0x00000000e1300000| Untracked 
|  20|0x00000000e1400000, 0x00000000e1500000, 0x00000000e1500000|100%| O|  |TAMS 0x00000000e1400000| PB 0x00000000e1400000| Untracked 
|  21|0x00000000e1500000, 0x00000000e1600000, 0x00000000e1600000|100%| O|  |TAMS 0x00000000e1500000| PB 0x00000000e1500000| Untracked 
|  22|0x00000000e1600000, 0x00000000e1700000, 0x00000000e1700000|100%| O|  |TAMS 0x00000000e1600000| PB 0x00000000e1600000| Untracked 
|  23|0x00000000e1700000, 0x00000000e1800000, 0x00000000e1800000|100%| O|  |TAMS 0x00000000e1700000| PB 0x00000000e1700000| Untracked 
|  24|0x00000000e1800000, 0x00000000e1900000, 0x00000000e1900000|100%| O|  |TAMS 0x00000000e1800000| PB 0x00000000e1800000| Untracked 
|  25|0x00000000e1900000, 0x00000000e1a00000, 0x00000000e1a00000|100%| O|  |TAMS 0x00000000e1900000| PB 0x00000000e1900000| Untracked 
|  26|0x00000000e1a00000, 0x00000000e1b00000, 0x00000000e1b00000|100%| O|  |TAMS 0x00000000e1a00000| PB 0x00000000e1a00000| Untracked 
|  27|0x00000000e1b00000, 0x00000000e1c00000, 0x00000000e1c00000|100%| O|  |TAMS 0x00000000e1b00000| PB 0x00000000e1b00000| Untracked 
|  28|0x00000000e1c00000, 0x00000000e1d00000, 0x00000000e1d00000|100%| O|  |TAMS 0x00000000e1c00000| PB 0x00000000e1c00000| Untracked 
|  29|0x00000000e1d00000, 0x00000000e1e00000, 0x00000000e1e00000|100%| O|  |TAMS 0x00000000e1d00000| PB 0x00000000e1d00000| Untracked 
|  30|0x00000000e1e00000, 0x00000000e1f00000, 0x00000000e1f00000|100%| O|  |TAMS 0x00000000e1e00000| PB 0x00000000e1e00000| Untracked 
|  31|0x00000000e1f00000, 0x00000000e2000000, 0x00000000e2000000|100%| O|  |TAMS 0x00000000e1f00000| PB 0x00000000e1f00000| Untracked 
|  32|0x00000000e2000000, 0x00000000e20dac00, 0x00000000e2100000| 85%| O|  |TAMS 0x00000000e2000000| PB 0x00000000e2000000| Untracked 
|  33|0x00000000e2100000, 0x00000000e2100000, 0x00000000e2200000|  0%| F|  |TAMS 0x00000000e2100000| PB 0x00000000e2100000| Untracked 
|  34|0x00000000e2200000, 0x00000000e2200000, 0x00000000e2300000|  0%| F|  |TAMS 0x00000000e2200000| PB 0x00000000e2200000| Untracked 
|  35|0x00000000e2300000, 0x00000000e2300000, 0x00000000e2400000|  0%| F|  |TAMS 0x00000000e2300000| PB 0x00000000e2300000| Untracked 
|  36|0x00000000e2400000, 0x00000000e2400000, 0x00000000e2500000|  0%| F|  |TAMS 0x00000000e2400000| PB 0x00000000e2400000| Untracked 
|  37|0x00000000e2500000, 0x00000000e2500000, 0x00000000e2600000|  0%| F|  |TAMS 0x00000000e2500000| PB 0x00000000e2500000| Untracked 
|  38|0x00000000e2600000, 0x00000000e2600000, 0x00000000e2700000|  0%| F|  |TAMS 0x00000000e2600000| PB 0x00000000e2600000| Untracked 
|  39|0x00000000e2700000, 0x00000000e2700000, 0x00000000e2800000|  0%| F|  |TAMS 0x00000000e2700000| PB 0x00000000e2700000| Untracked 
|  40|0x00000000e2800000, 0x00000000e2800000, 0x00000000e2900000|  0%| F|  |TAMS 0x00000000e2800000| PB 0x00000000e2800000| Untracked 
|  41|0x00000000e2900000, 0x00000000e2900000, 0x00000000e2a00000|  0%| F|  |TAMS 0x00000000e2900000| PB 0x00000000e2900000| Untracked 
|  42|0x00000000e2a00000, 0x00000000e2a00000, 0x00000000e2b00000|  0%| F|  |TAMS 0x00000000e2a00000| PB 0x00000000e2a00000| Untracked 
|  43|0x00000000e2b00000, 0x00000000e2b00000, 0x00000000e2c00000|  0%| F|  |TAMS 0x00000000e2b00000| PB 0x00000000e2b00000| Untracked 
|  44|0x00000000e2c00000, 0x00000000e2c00000, 0x00000000e2d00000|  0%| F|  |TAMS 0x00000000e2c00000| PB 0x00000000e2c00000| Untracked 
|  45|0x00000000e2d00000, 0x00000000e2d00000, 0x00000000e2e00000|  0%| F|  |TAMS 0x00000000e2d00000| PB 0x00000000e2d00000| Untracked 
|  46|0x00000000e2e00000, 0x00000000e2e00000, 0x00000000e2f00000|  0%| F|  |TAMS 0x00000000e2e00000| PB 0x00000000e2e00000| Untracked 
|  47|0x00000000e2f00000, 0x00000000e2f00000, 0x00000000e3000000|  0%| F|  |TAMS 0x00000000e2f00000| PB 0x00000000e2f00000| Untracked 
|  48|0x00000000e3000000, 0x00000000e3000000, 0x00000000e3100000|  0%| F|  |TAMS 0x00000000e3000000| PB 0x00000000e3000000| Untracked 
|  49|0x00000000e3100000, 0x00000000e3100000, 0x00000000e3200000|  0%| F|  |TAMS 0x00000000e3100000| PB 0x00000000e3100000| Untracked 
|  50|0x00000000e3200000, 0x00000000e3200000, 0x00000000e3300000|  0%| F|  |TAMS 0x00000000e3200000| PB 0x00000000e3200000| Untracked 
|  51|0x00000000e3300000, 0x00000000e3300000, 0x00000000e3400000|  0%| F|  |TAMS 0x00000000e3300000| PB 0x00000000e3300000| Untracked 
|  52|0x00000000e3400000, 0x00000000e3400000, 0x00000000e3500000|  0%| F|  |TAMS 0x00000000e3400000| PB 0x00000000e3400000| Untracked 
|  53|0x00000000e3500000, 0x00000000e3500000, 0x00000000e3600000|  0%| F|  |TAMS 0x00000000e3500000| PB 0x00000000e3500000| Untracked 
|  54|0x00000000e3600000, 0x00000000e3600000, 0x00000000e3700000|  0%| F|  |TAMS 0x00000000e3600000| PB 0x00000000e3600000| Untracked 
|  55|0x00000000e3700000, 0x00000000e3700000, 0x00000000e3800000|  0%| F|  |TAMS 0x00000000e3700000| PB 0x00000000e3700000| Untracked 
|  56|0x00000000e3800000, 0x00000000e3800000, 0x00000000e3900000|  0%| F|  |TAMS 0x00000000e3800000| PB 0x00000000e3800000| Untracked 
|  57|0x00000000e3900000, 0x00000000e3900000, 0x00000000e3a00000|  0%| F|  |TAMS 0x00000000e3900000| PB 0x00000000e3900000| Untracked 
|  58|0x00000000e3a00000, 0x00000000e3a00000, 0x00000000e3b00000|  0%| F|  |TAMS 0x00000000e3a00000| PB 0x00000000e3a00000| Untracked 
|  59|0x00000000e3b00000, 0x00000000e3b00000, 0x00000000e3c00000|  0%| F|  |TAMS 0x00000000e3b00000| PB 0x00000000e3b00000| Untracked 
|  60|0x00000000e3c00000, 0x00000000e3c00000, 0x00000000e3d00000|  0%| F|  |TAMS 0x00000000e3c00000| PB 0x00000000e3c00000| Untracked 
|  61|0x00000000e3d00000, 0x00000000e3d00000, 0x00000000e3e00000|  0%| F|  |TAMS 0x00000000e3d00000| PB 0x00000000e3d00000| Untracked 
|  62|0x00000000e3e00000, 0x00000000e3e00000, 0x00000000e3f00000|  0%| F|  |TAMS 0x00000000e3e00000| PB 0x00000000e3e00000| Untracked 
|  63|0x00000000e3f00000, 0x00000000e3f00000, 0x00000000e4000000|  0%| F|  |TAMS 0x00000000e3f00000| PB 0x00000000e3f00000| Untracked 
|  64|0x00000000e4000000, 0x00000000e4000000, 0x00000000e4100000|  0%| F|  |TAMS 0x00000000e4000000| PB 0x00000000e4000000| Untracked 
|  65|0x00000000e4100000, 0x00000000e4100000, 0x00000000e4200000|  0%| F|  |TAMS 0x00000000e4100000| PB 0x00000000e4100000| Untracked 
|  66|0x00000000e4200000, 0x00000000e4200000, 0x00000000e4300000|  0%| F|  |TAMS 0x00000000e4200000| PB 0x00000000e4200000| Untracked 
|  67|0x00000000e4300000, 0x00000000e4300000, 0x00000000e4400000|  0%| F|  |TAMS 0x00000000e4300000| PB 0x00000000e4300000| Untracked 
|  68|0x00000000e4400000, 0x00000000e4400000, 0x00000000e4500000|  0%| F|  |TAMS 0x00000000e4400000| PB 0x00000000e4400000| Untracked 
|  69|0x00000000e4500000, 0x00000000e4500000, 0x00000000e4600000|  0%| F|  |TAMS 0x00000000e4500000| PB 0x00000000e4500000| Untracked 
|  70|0x00000000e4600000, 0x00000000e4600000, 0x00000000e4700000|  0%| F|  |TAMS 0x00000000e4600000| PB 0x00000000e4600000| Untracked 
|  71|0x00000000e4700000, 0x00000000e4700000, 0x00000000e4800000|  0%| F|  |TAMS 0x00000000e4700000| PB 0x00000000e4700000| Untracked 
|  72|0x00000000e4800000, 0x00000000e4800000, 0x00000000e4900000|  0%| F|  |TAMS 0x00000000e4800000| PB 0x00000000e4800000| Untracked 
|  73|0x00000000e4900000, 0x00000000e4900000, 0x00000000e4a00000|  0%| F|  |TAMS 0x00000000e4900000| PB 0x00000000e4900000| Untracked 
|  74|0x00000000e4a00000, 0x00000000e4a00000, 0x00000000e4b00000|  0%| F|  |TAMS 0x00000000e4a00000| PB 0x00000000e4a00000| Untracked 
|  75|0x00000000e4b00000, 0x00000000e4b00000, 0x00000000e4c00000|  0%| F|  |TAMS 0x00000000e4b00000| PB 0x00000000e4b00000| Untracked 
|  76|0x00000000e4c00000, 0x00000000e4c00000, 0x00000000e4d00000|  0%| F|  |TAMS 0x00000000e4c00000| PB 0x00000000e4c00000| Untracked 
|  77|0x00000000e4d00000, 0x00000000e4d00000, 0x00000000e4e00000|  0%| F|  |TAMS 0x00000000e4d00000| PB 0x00000000e4d00000| Untracked 
|  78|0x00000000e4e00000, 0x00000000e4e00000, 0x00000000e4f00000|  0%| F|  |TAMS 0x00000000e4e00000| PB 0x00000000e4e00000| Untracked 
|  79|0x00000000e4f00000, 0x00000000e4f00000, 0x00000000e5000000|  0%| F|  |TAMS 0x00000000e4f00000| PB 0x00000000e4f00000| Untracked 
|  80|0x00000000e5000000, 0x00000000e5000000, 0x00000000e5100000|  0%| F|  |TAMS 0x00000000e5000000| PB 0x00000000e5000000| Untracked 
|  81|0x00000000e5100000, 0x00000000e5100000, 0x00000000e5200000|  0%| F|  |TAMS 0x00000000e5100000| PB 0x00000000e5100000| Untracked 
|  82|0x00000000e5200000, 0x00000000e5200000, 0x00000000e5300000|  0%| F|  |TAMS 0x00000000e5200000| PB 0x00000000e5200000| Untracked 
|  83|0x00000000e5300000, 0x00000000e5300000, 0x00000000e5400000|  0%| F|  |TAMS 0x00000000e5300000| PB 0x00000000e5300000| Untracked 
|  84|0x00000000e5400000, 0x00000000e5400000, 0x00000000e5500000|  0%| F|  |TAMS 0x00000000e5400000| PB 0x00000000e5400000| Untracked 
|  85|0x00000000e5500000, 0x00000000e5500000, 0x00000000e5600000|  0%| F|  |TAMS 0x00000000e5500000| PB 0x00000000e5500000| Untracked 
|  86|0x00000000e5600000, 0x00000000e5700000, 0x00000000e5700000|100%| S|CS|TAMS 0x00000000e5600000| PB 0x00000000e5600000| Complete 
|  87|0x00000000e5700000, 0x00000000e5800000, 0x00000000e5800000|100%| S|CS|TAMS 0x00000000e5700000| PB 0x00000000e5700000| Complete 
|  88|0x00000000e5800000, 0x00000000e5900000, 0x00000000e5900000|100%| S|CS|TAMS 0x00000000e5800000| PB 0x00000000e5800000| Complete 
|  89|0x00000000e5900000, 0x00000000e5a00000, 0x00000000e5a00000|100%| S|CS|TAMS 0x00000000e5900000| PB 0x00000000e5900000| Complete 
|  90|0x00000000e5a00000, 0x00000000e5b00000, 0x00000000e5b00000|100%| S|CS|TAMS 0x00000000e5a00000| PB 0x00000000e5a00000| Complete 
|  91|0x00000000e5b00000, 0x00000000e5c00000, 0x00000000e5c00000|100%| S|CS|TAMS 0x00000000e5b00000| PB 0x00000000e5b00000| Complete 
|  92|0x00000000e5c00000, 0x00000000e5d00000, 0x00000000e5d00000|100%| S|CS|TAMS 0x00000000e5c00000| PB 0x00000000e5c00000| Complete 
|  93|0x00000000e5d00000, 0x00000000e5e00000, 0x00000000e5e00000|100%| S|CS|TAMS 0x00000000e5d00000| PB 0x00000000e5d00000| Complete 
|  94|0x00000000e5e00000, 0x00000000e5f00000, 0x00000000e5f00000|100%| S|CS|TAMS 0x00000000e5e00000| PB 0x00000000e5e00000| Complete 
|  95|0x00000000e5f00000, 0x00000000e6000000, 0x00000000e6000000|100%| S|CS|TAMS 0x00000000e5f00000| PB 0x00000000e5f00000| Complete 
|  96|0x00000000e6000000, 0x00000000e6100000, 0x00000000e6100000|100%| S|CS|TAMS 0x00000000e6000000| PB 0x00000000e6000000| Complete 
|  97|0x00000000e6100000, 0x00000000e6200000, 0x00000000e6200000|100%| S|CS|TAMS 0x00000000e6100000| PB 0x00000000e6100000| Complete 
|  98|0x00000000e6200000, 0x00000000e6300000, 0x00000000e6300000|100%| S|CS|TAMS 0x00000000e6200000| PB 0x00000000e6200000| Complete 
|  99|0x00000000e6300000, 0x00000000e6400000, 0x00000000e6400000|100%| S|CS|TAMS 0x00000000e6300000| PB 0x00000000e6300000| Complete 
| 100|0x00000000e6400000, 0x00000000e6500000, 0x00000000e6500000|100%| S|CS|TAMS 0x00000000e6400000| PB 0x00000000e6400000| Complete 
| 101|0x00000000e6500000, 0x00000000e6600000, 0x00000000e6600000|100%| S|CS|TAMS 0x00000000e6500000| PB 0x00000000e6500000| Complete 
| 102|0x00000000e6600000, 0x00000000e6700000, 0x00000000e6700000|100%| S|CS|TAMS 0x00000000e6600000| PB 0x00000000e6600000| Complete 
| 103|0x00000000e6700000, 0x00000000e6700000, 0x00000000e6800000|  0%| F|  |TAMS 0x00000000e6700000| PB 0x00000000e6700000| Untracked 
| 104|0x00000000e6800000, 0x00000000e6800000, 0x00000000e6900000|  0%| F|  |TAMS 0x00000000e6800000| PB 0x00000000e6800000| Untracked 
| 105|0x00000000e6900000, 0x00000000e6900000, 0x00000000e6a00000|  0%| F|  |TAMS 0x00000000e6900000| PB 0x00000000e6900000| Untracked 
| 106|0x00000000e6a00000, 0x00000000e6a00000, 0x00000000e6b00000|  0%| F|  |TAMS 0x00000000e6a00000| PB 0x00000000e6a00000| Untracked 
| 107|0x00000000e6b00000, 0x00000000e6b00000, 0x00000000e6c00000|  0%| F|  |TAMS 0x00000000e6b00000| PB 0x00000000e6b00000| Untracked 
| 108|0x00000000e6c00000, 0x00000000e6c00000, 0x00000000e6d00000|  0%| F|  |TAMS 0x00000000e6c00000| PB 0x00000000e6c00000| Untracked 
| 109|0x00000000e6d00000, 0x00000000e6d00000, 0x00000000e6e00000|  0%| F|  |TAMS 0x00000000e6d00000| PB 0x00000000e6d00000| Untracked 
| 110|0x00000000e6e00000, 0x00000000e6e00000, 0x00000000e6f00000|  0%| F|  |TAMS 0x00000000e6e00000| PB 0x00000000e6e00000| Untracked 
| 111|0x00000000e6f00000, 0x00000000e6f00000, 0x00000000e7000000|  0%| F|  |TAMS 0x00000000e6f00000| PB 0x00000000e6f00000| Untracked 
| 112|0x00000000e7000000, 0x00000000e7000000, 0x00000000e7100000|  0%| F|  |TAMS 0x00000000e7000000| PB 0x00000000e7000000| Untracked 
| 113|0x00000000e7100000, 0x00000000e7100000, 0x00000000e7200000|  0%| F|  |TAMS 0x00000000e7100000| PB 0x00000000e7100000| Untracked 
| 114|0x00000000e7200000, 0x00000000e7200000, 0x00000000e7300000|  0%| F|  |TAMS 0x00000000e7200000| PB 0x00000000e7200000| Untracked 
| 115|0x00000000e7300000, 0x00000000e7300000, 0x00000000e7400000|  0%| F|  |TAMS 0x00000000e7300000| PB 0x00000000e7300000| Untracked 
| 116|0x00000000e7400000, 0x00000000e7400000, 0x00000000e7500000|  0%| F|  |TAMS 0x00000000e7400000| PB 0x00000000e7400000| Untracked 
| 117|0x00000000e7500000, 0x00000000e7500000, 0x00000000e7600000|  0%| F|  |TAMS 0x00000000e7500000| PB 0x00000000e7500000| Untracked 
| 118|0x00000000e7600000, 0x00000000e7600000, 0x00000000e7700000|  0%| F|  |TAMS 0x00000000e7600000| PB 0x00000000e7600000| Untracked 
| 119|0x00000000e7700000, 0x00000000e7700000, 0x00000000e7800000|  0%| F|  |TAMS 0x00000000e7700000| PB 0x00000000e7700000| Untracked 
| 120|0x00000000e7800000, 0x00000000e7800000, 0x00000000e7900000|  0%| F|  |TAMS 0x00000000e7800000| PB 0x00000000e7800000| Untracked 
| 121|0x00000000e7900000, 0x00000000e7900000, 0x00000000e7a00000|  0%| F|  |TAMS 0x00000000e7900000| PB 0x00000000e7900000| Untracked 
| 122|0x00000000e7a00000, 0x00000000e7a00000, 0x00000000e7b00000|  0%| F|  |TAMS 0x00000000e7a00000| PB 0x00000000e7a00000| Untracked 
| 123|0x00000000e7b00000, 0x00000000e7b00000, 0x00000000e7c00000|  0%| F|  |TAMS 0x00000000e7b00000| PB 0x00000000e7b00000| Untracked 
| 124|0x00000000e7c00000, 0x00000000e7c00000, 0x00000000e7d00000|  0%| F|  |TAMS 0x00000000e7c00000| PB 0x00000000e7c00000| Untracked 
| 125|0x00000000e7d00000, 0x00000000e7d00000, 0x00000000e7e00000|  0%| F|  |TAMS 0x00000000e7d00000| PB 0x00000000e7d00000| Untracked 
| 126|0x00000000e7e00000, 0x00000000e7e00000, 0x00000000e7f00000|  0%| F|  |TAMS 0x00000000e7e00000| PB 0x00000000e7e00000| Untracked 
| 127|0x00000000e7f00000, 0x00000000e7f00000, 0x00000000e8000000|  0%| F|  |TAMS 0x00000000e7f00000| PB 0x00000000e7f00000| Untracked 
| 128|0x00000000e8000000, 0x00000000e8000000, 0x00000000e8100000|  0%| F|  |TAMS 0x00000000e8000000| PB 0x00000000e8000000| Untracked 
| 129|0x00000000e8100000, 0x00000000e8100000, 0x00000000e8200000|  0%| F|  |TAMS 0x00000000e8100000| PB 0x00000000e8100000| Untracked 
| 130|0x00000000e8200000, 0x00000000e8200000, 0x00000000e8300000|  0%| F|  |TAMS 0x00000000e8200000| PB 0x00000000e8200000| Untracked 
| 131|0x00000000e8300000, 0x00000000e8300000, 0x00000000e8400000|  0%| F|  |TAMS 0x00000000e8300000| PB 0x00000000e8300000| Untracked 
| 132|0x00000000e8400000, 0x00000000e8400000, 0x00000000e8500000|  0%| F|  |TAMS 0x00000000e8400000| PB 0x00000000e8400000| Untracked 
| 133|0x00000000e8500000, 0x00000000e8500000, 0x00000000e8600000|  0%| F|  |TAMS 0x00000000e8500000| PB 0x00000000e8500000| Untracked 
| 134|0x00000000e8600000, 0x00000000e8600000, 0x00000000e8700000|  0%| F|  |TAMS 0x00000000e8600000| PB 0x00000000e8600000| Untracked 
| 135|0x00000000e8700000, 0x00000000e8700000, 0x00000000e8800000|  0%| F|  |TAMS 0x00000000e8700000| PB 0x00000000e8700000| Untracked 
| 136|0x00000000e8800000, 0x00000000e8800000, 0x00000000e8900000|  0%| F|  |TAMS 0x00000000e8800000| PB 0x00000000e8800000| Untracked 
| 137|0x00000000e8900000, 0x00000000e8900000, 0x00000000e8a00000|  0%| F|  |TAMS 0x00000000e8900000| PB 0x00000000e8900000| Untracked 
| 138|0x00000000e8a00000, 0x00000000e8a00000, 0x00000000e8b00000|  0%| F|  |TAMS 0x00000000e8a00000| PB 0x00000000e8a00000| Untracked 
| 139|0x00000000e8b00000, 0x00000000e8b00000, 0x00000000e8c00000|  0%| F|  |TAMS 0x00000000e8b00000| PB 0x00000000e8b00000| Untracked 
| 140|0x00000000e8c00000, 0x00000000e8c00000, 0x00000000e8d00000|  0%| F|  |TAMS 0x00000000e8c00000| PB 0x00000000e8c00000| Untracked 
| 141|0x00000000e8d00000, 0x00000000e8d00000, 0x00000000e8e00000|  0%| F|  |TAMS 0x00000000e8d00000| PB 0x00000000e8d00000| Untracked 
| 142|0x00000000e8e00000, 0x00000000e8e00000, 0x00000000e8f00000|  0%| F|  |TAMS 0x00000000e8e00000| PB 0x00000000e8e00000| Untracked 
| 143|0x00000000e8f00000, 0x00000000e8f00000, 0x00000000e9000000|  0%| F|  |TAMS 0x00000000e8f00000| PB 0x00000000e8f00000| Untracked 
| 144|0x00000000e9000000, 0x00000000e9000000, 0x00000000e9100000|  0%| F|  |TAMS 0x00000000e9000000| PB 0x00000000e9000000| Untracked 
| 145|0x00000000e9100000, 0x00000000e9100000, 0x00000000e9200000|  0%| F|  |TAMS 0x00000000e9100000| PB 0x00000000e9100000| Untracked 
| 146|0x00000000e9200000, 0x00000000e9200000, 0x00000000e9300000|  0%| F|  |TAMS 0x00000000e9200000| PB 0x00000000e9200000| Untracked 
| 147|0x00000000e9300000, 0x00000000e9300000, 0x00000000e9400000|  0%| F|  |TAMS 0x00000000e9300000| PB 0x00000000e9300000| Untracked 
| 148|0x00000000e9400000, 0x00000000e9400000, 0x00000000e9500000|  0%| F|  |TAMS 0x00000000e9400000| PB 0x00000000e9400000| Untracked 
| 149|0x00000000e9500000, 0x00000000e9500000, 0x00000000e9600000|  0%| F|  |TAMS 0x00000000e9500000| PB 0x00000000e9500000| Untracked 
| 150|0x00000000e9600000, 0x00000000e9600000, 0x00000000e9700000|  0%| F|  |TAMS 0x00000000e9600000| PB 0x00000000e9600000| Untracked 
| 151|0x00000000e9700000, 0x00000000e9700000, 0x00000000e9800000|  0%| F|  |TAMS 0x00000000e9700000| PB 0x00000000e9700000| Untracked 
| 152|0x00000000e9800000, 0x00000000e9800000, 0x00000000e9900000|  0%| F|  |TAMS 0x00000000e9800000| PB 0x00000000e9800000| Untracked 
| 153|0x00000000e9900000, 0x00000000e9900000, 0x00000000e9a00000|  0%| F|  |TAMS 0x00000000e9900000| PB 0x00000000e9900000| Untracked 
| 154|0x00000000e9a00000, 0x00000000e9a00000, 0x00000000e9b00000|  0%| F|  |TAMS 0x00000000e9a00000| PB 0x00000000e9a00000| Untracked 
| 155|0x00000000e9b00000, 0x00000000e9b00000, 0x00000000e9c00000|  0%| F|  |TAMS 0x00000000e9b00000| PB 0x00000000e9b00000| Untracked 
| 156|0x00000000e9c00000, 0x00000000e9c00000, 0x00000000e9d00000|  0%| F|  |TAMS 0x00000000e9c00000| PB 0x00000000e9c00000| Untracked 
| 157|0x00000000e9d00000, 0x00000000e9d00000, 0x00000000e9e00000|  0%| F|  |TAMS 0x00000000e9d00000| PB 0x00000000e9d00000| Untracked 
| 158|0x00000000e9e00000, 0x00000000e9e00000, 0x00000000e9f00000|  0%| F|  |TAMS 0x00000000e9e00000| PB 0x00000000e9e00000| Untracked 
| 159|0x00000000e9f00000, 0x00000000e9f00000, 0x00000000ea000000|  0%| F|  |TAMS 0x00000000e9f00000| PB 0x00000000e9f00000| Untracked 
| 160|0x00000000ea000000, 0x00000000ea000000, 0x00000000ea100000|  0%| F|  |TAMS 0x00000000ea000000| PB 0x00000000ea000000| Untracked 
| 161|0x00000000ea100000, 0x00000000ea100000, 0x00000000ea200000|  0%| F|  |TAMS 0x00000000ea100000| PB 0x00000000ea100000| Untracked 
| 162|0x00000000ea200000, 0x00000000ea200000, 0x00000000ea300000|  0%| F|  |TAMS 0x00000000ea200000| PB 0x00000000ea200000| Untracked 
| 163|0x00000000ea300000, 0x00000000ea300000, 0x00000000ea400000|  0%| F|  |TAMS 0x00000000ea300000| PB 0x00000000ea300000| Untracked 
| 164|0x00000000ea400000, 0x00000000ea400000, 0x00000000ea500000|  0%| F|  |TAMS 0x00000000ea400000| PB 0x00000000ea400000| Untracked 
| 165|0x00000000ea500000, 0x00000000ea500000, 0x00000000ea600000|  0%| F|  |TAMS 0x00000000ea500000| PB 0x00000000ea500000| Untracked 
| 166|0x00000000ea600000, 0x00000000ea600000, 0x00000000ea700000|  0%| F|  |TAMS 0x00000000ea600000| PB 0x00000000ea600000| Untracked 
| 167|0x00000000ea700000, 0x00000000ea700000, 0x00000000ea800000|  0%| F|  |TAMS 0x00000000ea700000| PB 0x00000000ea700000| Untracked 
| 168|0x00000000ea800000, 0x00000000ea800000, 0x00000000ea900000|  0%| F|  |TAMS 0x00000000ea800000| PB 0x00000000ea800000| Untracked 
| 169|0x00000000ea900000, 0x00000000ea900000, 0x00000000eaa00000|  0%| F|  |TAMS 0x00000000ea900000| PB 0x00000000ea900000| Untracked 
| 170|0x00000000eaa00000, 0x00000000eaa00000, 0x00000000eab00000|  0%| F|  |TAMS 0x00000000eaa00000| PB 0x00000000eaa00000| Untracked 
| 171|0x00000000eab00000, 0x00000000eab00000, 0x00000000eac00000|  0%| F|  |TAMS 0x00000000eab00000| PB 0x00000000eab00000| Untracked 
| 172|0x00000000eac00000, 0x00000000eac00000, 0x00000000ead00000|  0%| F|  |TAMS 0x00000000eac00000| PB 0x00000000eac00000| Untracked 
| 173|0x00000000ead00000, 0x00000000ead00000, 0x00000000eae00000|  0%| F|  |TAMS 0x00000000ead00000| PB 0x00000000ead00000| Untracked 
| 174|0x00000000eae00000, 0x00000000eae00000, 0x00000000eaf00000|  0%| F|  |TAMS 0x00000000eae00000| PB 0x00000000eae00000| Untracked 
| 175|0x00000000eaf00000, 0x00000000eaf00000, 0x00000000eb000000|  0%| F|  |TAMS 0x00000000eaf00000| PB 0x00000000eaf00000| Untracked 
| 176|0x00000000eb000000, 0x00000000eb000000, 0x00000000eb100000|  0%| F|  |TAMS 0x00000000eb000000| PB 0x00000000eb000000| Untracked 
| 177|0x00000000eb100000, 0x00000000eb100000, 0x00000000eb200000|  0%| F|  |TAMS 0x00000000eb100000| PB 0x00000000eb100000| Untracked 
| 178|0x00000000eb200000, 0x00000000eb200000, 0x00000000eb300000|  0%| F|  |TAMS 0x00000000eb200000| PB 0x00000000eb200000| Untracked 
| 179|0x00000000eb300000, 0x00000000eb300000, 0x00000000eb400000|  0%| F|  |TAMS 0x00000000eb300000| PB 0x00000000eb300000| Untracked 
| 180|0x00000000eb400000, 0x00000000eb400000, 0x00000000eb500000|  0%| F|  |TAMS 0x00000000eb400000| PB 0x00000000eb400000| Untracked 
| 181|0x00000000eb500000, 0x00000000eb500000, 0x00000000eb600000|  0%| F|  |TAMS 0x00000000eb500000| PB 0x00000000eb500000| Untracked 
| 182|0x00000000eb600000, 0x00000000eb600000, 0x00000000eb700000|  0%| F|  |TAMS 0x00000000eb600000| PB 0x00000000eb600000| Untracked 
| 183|0x00000000eb700000, 0x00000000eb700000, 0x00000000eb800000|  0%| F|  |TAMS 0x00000000eb700000| PB 0x00000000eb700000| Untracked 
| 184|0x00000000eb800000, 0x00000000eb800000, 0x00000000eb900000|  0%| F|  |TAMS 0x00000000eb800000| PB 0x00000000eb800000| Untracked 
| 185|0x00000000eb900000, 0x00000000eb900000, 0x00000000eba00000|  0%| F|  |TAMS 0x00000000eb900000| PB 0x00000000eb900000| Untracked 
| 186|0x00000000eba00000, 0x00000000eba00000, 0x00000000ebb00000|  0%| F|  |TAMS 0x00000000eba00000| PB 0x00000000eba00000| Untracked 
| 187|0x00000000ebb00000, 0x00000000ebb00000, 0x00000000ebc00000|  0%| F|  |TAMS 0x00000000ebb00000| PB 0x00000000ebb00000| Untracked 
| 188|0x00000000ebc00000, 0x00000000ebc00000, 0x00000000ebd00000|  0%| F|  |TAMS 0x00000000ebc00000| PB 0x00000000ebc00000| Untracked 
| 189|0x00000000ebd00000, 0x00000000ebd00000, 0x00000000ebe00000|  0%| F|  |TAMS 0x00000000ebd00000| PB 0x00000000ebd00000| Untracked 
| 190|0x00000000ebe00000, 0x00000000ebe00000, 0x00000000ebf00000|  0%| F|  |TAMS 0x00000000ebe00000| PB 0x00000000ebe00000| Untracked 
| 191|0x00000000ebf00000, 0x00000000ebf00000, 0x00000000ec000000|  0%| F|  |TAMS 0x00000000ebf00000| PB 0x00000000ebf00000| Untracked 
| 192|0x00000000ec000000, 0x00000000ec000000, 0x00000000ec100000|  0%| F|  |TAMS 0x00000000ec000000| PB 0x00000000ec000000| Untracked 
| 193|0x00000000ec100000, 0x00000000ec100000, 0x00000000ec200000|  0%| F|  |TAMS 0x00000000ec100000| PB 0x00000000ec100000| Untracked 
| 194|0x00000000ec200000, 0x00000000ec200000, 0x00000000ec300000|  0%| F|  |TAMS 0x00000000ec200000| PB 0x00000000ec200000| Untracked 
| 195|0x00000000ec300000, 0x00000000ec300000, 0x00000000ec400000|  0%| F|  |TAMS 0x00000000ec300000| PB 0x00000000ec300000| Untracked 
| 196|0x00000000ec400000, 0x00000000ec400000, 0x00000000ec500000|  0%| F|  |TAMS 0x00000000ec400000| PB 0x00000000ec400000| Untracked 
| 197|0x00000000ec500000, 0x00000000ec500000, 0x00000000ec600000|  0%| F|  |TAMS 0x00000000ec500000| PB 0x00000000ec500000| Untracked 
| 198|0x00000000ec600000, 0x00000000ec6d4310, 0x00000000ec700000| 82%| E|  |TAMS 0x00000000ec600000| PB 0x00000000ec600000| Complete 
| 199|0x00000000ec700000, 0x00000000ec800000, 0x00000000ec800000|100%| E|CS|TAMS 0x00000000ec700000| PB 0x00000000ec700000| Complete 
| 200|0x00000000ec800000, 0x00000000ec900000, 0x00000000ec900000|100%| E|CS|TAMS 0x00000000ec800000| PB 0x00000000ec800000| Complete 
| 201|0x00000000ec900000, 0x00000000eca00000, 0x00000000eca00000|100%| E|CS|TAMS 0x00000000ec900000| PB 0x00000000ec900000| Complete 
| 202|0x00000000eca00000, 0x00000000ecb00000, 0x00000000ecb00000|100%| E|CS|TAMS 0x00000000eca00000| PB 0x00000000eca00000| Complete 
| 203|0x00000000ecb00000, 0x00000000ecc00000, 0x00000000ecc00000|100%| E|CS|TAMS 0x00000000ecb00000| PB 0x00000000ecb00000| Complete 
| 204|0x00000000ecc00000, 0x00000000ecd00000, 0x00000000ecd00000|100%| E|CS|TAMS 0x00000000ecc00000| PB 0x00000000ecc00000| Complete 
| 205|0x00000000ecd00000, 0x00000000ece00000, 0x00000000ece00000|100%| E|CS|TAMS 0x00000000ecd00000| PB 0x00000000ecd00000| Complete 
| 206|0x00000000ece00000, 0x00000000ecf00000, 0x00000000ecf00000|100%| E|CS|TAMS 0x00000000ece00000| PB 0x00000000ece00000| Complete 
| 207|0x00000000ecf00000, 0x00000000ed000000, 0x00000000ed000000|100%| E|CS|TAMS 0x00000000ecf00000| PB 0x00000000ecf00000| Complete 
| 208|0x00000000ed000000, 0x00000000ed100000, 0x00000000ed100000|100%| E|CS|TAMS 0x00000000ed000000| PB 0x00000000ed000000| Complete 
| 209|0x00000000ed100000, 0x00000000ed200000, 0x00000000ed200000|100%| E|CS|TAMS 0x00000000ed100000| PB 0x00000000ed100000| Complete 
| 210|0x00000000ed200000, 0x00000000ed300000, 0x00000000ed300000|100%| E|CS|TAMS 0x00000000ed200000| PB 0x00000000ed200000| Complete 
| 211|0x00000000ed300000, 0x00000000ed400000, 0x00000000ed400000|100%| E|CS|TAMS 0x00000000ed300000| PB 0x00000000ed300000| Complete 
| 212|0x00000000ed400000, 0x00000000ed500000, 0x00000000ed500000|100%| E|CS|TAMS 0x00000000ed400000| PB 0x00000000ed400000| Complete 
| 213|0x00000000ed500000, 0x00000000ed600000, 0x00000000ed600000|100%| E|CS|TAMS 0x00000000ed500000| PB 0x00000000ed500000| Complete 
| 214|0x00000000ed600000, 0x00000000ed700000, 0x00000000ed700000|100%| E|CS|TAMS 0x00000000ed600000| PB 0x00000000ed600000| Complete 
| 215|0x00000000ed700000, 0x00000000ed800000, 0x00000000ed800000|100%| E|CS|TAMS 0x00000000ed700000| PB 0x00000000ed700000| Complete 
| 216|0x00000000ed800000, 0x00000000ed900000, 0x00000000ed900000|100%| E|CS|TAMS 0x00000000ed800000| PB 0x00000000ed800000| Complete 
| 217|0x00000000ed900000, 0x00000000eda00000, 0x00000000eda00000|100%| E|CS|TAMS 0x00000000ed900000| PB 0x00000000ed900000| Complete 
| 218|0x00000000eda00000, 0x00000000edb00000, 0x00000000edb00000|100%| E|CS|TAMS 0x00000000eda00000| PB 0x00000000eda00000| Complete 
| 219|0x00000000edb00000, 0x00000000edc00000, 0x00000000edc00000|100%| E|CS|TAMS 0x00000000edb00000| PB 0x00000000edb00000| Complete 
| 220|0x00000000edc00000, 0x00000000edd00000, 0x00000000edd00000|100%| E|CS|TAMS 0x00000000edc00000| PB 0x00000000edc00000| Complete 
| 221|0x00000000edd00000, 0x00000000ede00000, 0x00000000ede00000|100%| E|CS|TAMS 0x00000000edd00000| PB 0x00000000edd00000| Complete 
| 222|0x00000000ede00000, 0x00000000edf00000, 0x00000000edf00000|100%| E|CS|TAMS 0x00000000ede00000| PB 0x00000000ede00000| Complete 
| 223|0x00000000edf00000, 0x00000000ee000000, 0x00000000ee000000|100%| E|CS|TAMS 0x00000000edf00000| PB 0x00000000edf00000| Complete 
| 224|0x00000000ee000000, 0x00000000ee100000, 0x00000000ee100000|100%| E|CS|TAMS 0x00000000ee000000| PB 0x00000000ee000000| Complete 
| 225|0x00000000ee100000, 0x00000000ee200000, 0x00000000ee200000|100%| E|CS|TAMS 0x00000000ee100000| PB 0x00000000ee100000| Complete 
| 226|0x00000000ee200000, 0x00000000ee300000, 0x00000000ee300000|100%| E|CS|TAMS 0x00000000ee200000| PB 0x00000000ee200000| Complete 
| 227|0x00000000ee300000, 0x00000000ee400000, 0x00000000ee400000|100%| E|CS|TAMS 0x00000000ee300000| PB 0x00000000ee300000| Complete 
| 228|0x00000000ee400000, 0x00000000ee500000, 0x00000000ee500000|100%| E|CS|TAMS 0x00000000ee400000| PB 0x00000000ee400000| Complete 
| 229|0x00000000ee500000, 0x00000000ee600000, 0x00000000ee600000|100%| E|CS|TAMS 0x00000000ee500000| PB 0x00000000ee500000| Complete 
| 230|0x00000000ee600000, 0x00000000ee700000, 0x00000000ee700000|100%| E|CS|TAMS 0x00000000ee600000| PB 0x00000000ee600000| Complete 
| 231|0x00000000ee700000, 0x00000000ee800000, 0x00000000ee800000|100%| E|CS|TAMS 0x00000000ee700000| PB 0x00000000ee700000| Complete 
| 232|0x00000000ee800000, 0x00000000ee900000, 0x00000000ee900000|100%| E|CS|TAMS 0x00000000ee800000| PB 0x00000000ee800000| Complete 
| 233|0x00000000ee900000, 0x00000000eea00000, 0x00000000eea00000|100%| E|CS|TAMS 0x00000000ee900000| PB 0x00000000ee900000| Complete 
| 234|0x00000000eea00000, 0x00000000eeb00000, 0x00000000eeb00000|100%| E|CS|TAMS 0x00000000eea00000| PB 0x00000000eea00000| Complete 
| 235|0x00000000eeb00000, 0x00000000eec00000, 0x00000000eec00000|100%| E|CS|TAMS 0x00000000eeb00000| PB 0x00000000eeb00000| Complete 
| 236|0x00000000eec00000, 0x00000000eed00000, 0x00000000eed00000|100%| E|CS|TAMS 0x00000000eec00000| PB 0x00000000eec00000| Complete 
| 237|0x00000000eed00000, 0x00000000eee00000, 0x00000000eee00000|100%| E|CS|TAMS 0x00000000eed00000| PB 0x00000000eed00000| Complete 
| 238|0x00000000eee00000, 0x00000000eef00000, 0x00000000eef00000|100%| E|CS|TAMS 0x00000000eee00000| PB 0x00000000eee00000| Complete 
| 239|0x00000000eef00000, 0x00000000ef000000, 0x00000000ef000000|100%| E|CS|TAMS 0x00000000eef00000| PB 0x00000000eef00000| Complete 
| 240|0x00000000ef000000, 0x00000000ef100000, 0x00000000ef100000|100%| E|CS|TAMS 0x00000000ef000000| PB 0x00000000ef000000| Complete 
| 241|0x00000000ef100000, 0x00000000ef200000, 0x00000000ef200000|100%| E|CS|TAMS 0x00000000ef100000| PB 0x00000000ef100000| Complete 
| 242|0x00000000ef200000, 0x00000000ef300000, 0x00000000ef300000|100%| E|CS|TAMS 0x00000000ef200000| PB 0x00000000ef200000| Complete 
| 243|0x00000000ef300000, 0x00000000ef400000, 0x00000000ef400000|100%| E|CS|TAMS 0x00000000ef300000| PB 0x00000000ef300000| Complete 
| 244|0x00000000ef400000, 0x00000000ef500000, 0x00000000ef500000|100%| E|CS|TAMS 0x00000000ef400000| PB 0x00000000ef400000| Complete 
| 245|0x00000000ef500000, 0x00000000ef600000, 0x00000000ef600000|100%| E|CS|TAMS 0x00000000ef500000| PB 0x00000000ef500000| Complete 
| 246|0x00000000ef600000, 0x00000000ef700000, 0x00000000ef700000|100%| E|CS|TAMS 0x00000000ef600000| PB 0x00000000ef600000| Complete 
| 247|0x00000000ef700000, 0x00000000ef800000, 0x00000000ef800000|100%| E|CS|TAMS 0x00000000ef700000| PB 0x00000000ef700000| Complete 
| 248|0x00000000ef800000, 0x00000000ef900000, 0x00000000ef900000|100%| E|CS|TAMS 0x00000000ef800000| PB 0x00000000ef800000| Complete 
| 249|0x00000000ef900000, 0x00000000efa00000, 0x00000000efa00000|100%| E|CS|TAMS 0x00000000ef900000| PB 0x00000000ef900000| Complete 
| 250|0x00000000efa00000, 0x00000000efb00000, 0x00000000efb00000|100%| E|CS|TAMS 0x00000000efa00000| PB 0x00000000efa00000| Complete 
| 251|0x00000000efb00000, 0x00000000efc00000, 0x00000000efc00000|100%| E|CS|TAMS 0x00000000efb00000| PB 0x00000000efb00000| Complete 
| 252|0x00000000efc00000, 0x00000000efd00000, 0x00000000efd00000|100%| E|CS|TAMS 0x00000000efc00000| PB 0x00000000efc00000| Complete 
| 253|0x00000000efd00000, 0x00000000efe00000, 0x00000000efe00000|100%| E|CS|TAMS 0x00000000efd00000| PB 0x00000000efd00000| Complete 
| 254|0x00000000efe00000, 0x00000000eff00000, 0x00000000eff00000|100%| E|CS|TAMS 0x00000000efe00000| PB 0x00000000efe00000| Complete 
| 255|0x00000000eff00000, 0x00000000f0000000, 0x00000000f0000000|100%| E|CS|TAMS 0x00000000eff00000| PB 0x00000000eff00000| Complete 

Card table byte_map: [0x00000265f7f00000,0x00000265f8000000] _byte_map_base: 0x00000265f7800000

Marking Bits: (CMBitMap*) 0x00000265e0427950
 Bits: [0x00000265f8000000, 0x00000265f8800000)

Polling page: 0x00000265de310000

Metaspace:

Usage:
  Non-class:     61.01 MB used.
      Class:      9.87 MB used.
       Both:     70.88 MB used.

Virtual space:
  Non-class space:       64.00 MB reserved,      62.19 MB ( 97%) committed,  1 nodes.
      Class space:      320.00 MB reserved,      11.06 MB (  3%) committed,  1 nodes.
             Both:      384.00 MB reserved,      73.25 MB ( 19%) committed. 

Chunk freelists:
   Non-Class:  1.34 MB
       Class:  4.91 MB
        Both:  6.25 MB

MaxMetaspaceSize: 384.00 MB
CompressedClassSpaceSize: 320.00 MB
Initial GC threshold: 21.00 MB
Current GC threshold: 98.06 MB
CDS: off
 - commit_granule_bytes: 65536.
 - commit_granule_words: 8192.
 - virtual_space_node_default_size: 8388608.
 - enlarge_chunks_in_place: 1.
 - use_allocation_guard: 0.


Internal statistics:

num_allocs_failed_limit: 9.
num_arena_births: 4358.
num_arena_deaths: 0.
num_vsnodes_births: 2.
num_vsnodes_deaths: 0.
num_space_committed: 1172.
num_space_uncommitted: 0.
num_chunks_returned_to_freelist: 9.
num_chunks_taken_from_freelist: 7788.
num_chunk_merges: 9.
num_chunk_splits: 4862.
num_chunks_enlarged: 2735.
num_inconsistent_stats: 0.

CodeHeap 'non-profiled nmethods': size=120000Kb used=4509Kb max_used=4509Kb free=115490Kb
 bounds [0x00000265f0370000, 0x00000265f07e0000, 0x00000265f78a0000]
CodeHeap 'profiled nmethods': size=120000Kb used=15463Kb max_used=15463Kb free=104536Kb
 bounds [0x00000265e88a0000, 0x00000265e97c0000, 0x00000265efdd0000]
CodeHeap 'non-nmethods': size=5760Kb used=2031Kb max_used=2077Kb free=3728Kb
 bounds [0x00000265efdd0000, 0x00000265f0040000, 0x00000265f0370000]
 total_blobs=8649 nmethods=7873 adapters=680
 compilation: enabled
              stopped_count=0, restarted_count=0
 full_count=0

Compilation events (20 events):
Event: 34.281 Thread 0x00000265840dfea0 8291       3       org.gradle.api.internal.attributes.DefaultAttributesSchema::attribute (19 bytes)
Event: 34.282 Thread 0x00000265840dfea0 nmethod 8291 0x00000265e9772510 code [0x00000265e97726e0, 0x00000265e9772930]
Event: 34.282 Thread 0x00000265840dfea0 8292       3       org.gradle.api.internal.attributes.DefaultDisambiguationRuleChain_Decorated::$gradleInitWork (19 bytes)
Event: 34.282 Thread 0x00000265840dfea0 nmethod 8292 0x00000265e9772a10 code [0x00000265e9772c00, 0x00000265e9773178]
Event: 34.282 Thread 0x00000265840dfea0 8293       3       org.gradle.plugin.use.internal.DefaultPluginId::isQualified (10 bytes)
Event: 34.282 Thread 0x00000265840dfea0 nmethod 8293 0x00000265e9773390 code [0x00000265e9773560, 0x00000265e97737c8]
Event: 34.282 Thread 0x00000265840dfea0 8294       3       java.net.URI$Parser::scan (23 bytes)
Event: 34.283 Thread 0x00000265840dfea0 nmethod 8294 0x00000265e9773910 code [0x00000265e9773b20, 0x00000265e9774150]
Event: 34.283 Thread 0x00000265840dfea0 8295       1       org.gradle.api.internal.attributes.DefaultCompatibilityRuleChain::getRules (5 bytes)
Event: 34.283 Thread 0x00000265840dfea0 nmethod 8295 0x00000265f07d1610 code [0x00000265f07d17a0, 0x00000265f07d1868]
Event: 34.283 Thread 0x00000265840dfea0 8296       1       org.gradle.api.internal.attributes.DefaultDisambiguationRuleChain::getRules (5 bytes)
Event: 34.283 Thread 0x00000265840dfea0 nmethod 8296 0x00000265f07d1910 code [0x00000265f07d1aa0, 0x00000265f07d1b68]
Event: 34.293 Thread 0x00000265840dfea0 8297       3       com.google.common.cache.LocalCache$Strength$1::defaultEquivalence (4 bytes)
Event: 34.293 Thread 0x00000265840dfea0 nmethod 8297 0x00000265e9774410 code [0x00000265e97745c0, 0x00000265e9774730]
Event: 34.447 Thread 0x00000265840dfea0 8298       3       java.lang.invoke.DirectMethodHandle$Holder::invokeStatic (21 bytes)
Event: 34.448 Thread 0x00000265840dfea0 nmethod 8298 0x00000265e9774810 code [0x00000265e97749e0, 0x00000265e9774e48]
Event: 34.448 Thread 0x00000265840dfea0 8299       3       java.lang.StringConcatHelper::prepend (22 bytes)
Event: 34.448 Thread 0x00000265840dfea0 nmethod 8299 0x00000265e9774f90 code [0x00000265e9775140, 0x00000265e97752d0]
Event: 34.632 Thread 0x00000265840dfea0 8300       1       java.lang.management.MemoryUsage::getUsed (5 bytes)
Event: 34.632 Thread 0x00000265840dfea0 nmethod 8300 0x00000265f07d2210 code [0x00000265f07d23a0, 0x00000265f07d2468]

GC Heap History (16 events):
Event: 6.668 GC heap before
{Heap before GC invocations=0 (full 0):
 garbage-first heap   total 262144K, used 22528K [0x00000000e0000000, 0x0000000100000000)
  region size 1024K, 23 young (23552K), 0 survivors (0K)
 Metaspace       used 8125K, committed 8256K, reserved 393216K
  class space    used 669K, committed 704K, reserved 327680K
}
Event: 7.680 GC heap after
{Heap after GC invocations=1 (full 0):
 garbage-first heap   total 262144K, used 1877K [0x00000000e0000000, 0x0000000100000000)
  region size 1024K, 2 young (2048K), 2 survivors (2048K)
 Metaspace       used 8125K, committed 8256K, reserved 393216K
  class space    used 669K, committed 704K, reserved 327680K
}
Event: 10.126 GC heap before
{Heap before GC invocations=1 (full 0):
 garbage-first heap   total 262144K, used 39765K [0x00000000e0000000, 0x0000000100000000)
  region size 1024K, 37 young (37888K), 2 survivors (2048K)
 Metaspace       used 12428K, committed 12608K, reserved 393216K
  class space    used 1235K, committed 1280K, reserved 327680K
}
Event: 10.132 GC heap after
{Heap after GC invocations=2 (full 0):
 garbage-first heap   total 262144K, used 10334K [0x00000000e0000000, 0x0000000100000000)
  region size 1024K, 5 young (5120K), 5 survivors (5120K)
 Metaspace       used 12428K, committed 12608K, reserved 393216K
  class space    used 1235K, committed 1280K, reserved 327680K
}
Event: 12.834 GC heap before
{Heap before GC invocations=2 (full 0):
 garbage-first heap   total 262144K, used 60510K [0x00000000e0000000, 0x0000000100000000)
  region size 1024K, 53 young (54272K), 5 survivors (5120K)
 Metaspace       used 13471K, committed 13696K, reserved 393216K
  class space    used 1404K, committed 1536K, reserved 327680K
}
Event: 12.842 GC heap after
{Heap after GC invocations=3 (full 0):
 garbage-first heap   total 262144K, used 16635K [0x00000000e0000000, 0x0000000100000000)
  region size 1024K, 6 young (6144K), 6 survivors (6144K)
 Metaspace       used 13471K, committed 13696K, reserved 393216K
  class space    used 1404K, committed 1536K, reserved 327680K
}
Event: 15.174 GC heap before
{Heap before GC invocations=3 (full 0):
 garbage-first heap   total 262144K, used 44283K [0x00000000e0000000, 0x0000000100000000)
  region size 1024K, 34 young (34816K), 6 survivors (6144K)
 Metaspace       used 21185K, committed 21504K, reserved 393216K
  class space    used 2331K, committed 2496K, reserved 327680K
}
Event: 15.181 GC heap after
{Heap after GC invocations=4 (full 0):
 garbage-first heap   total 262144K, used 19479K [0x00000000e0000000, 0x0000000100000000)
  region size 1024K, 8 young (8192K), 8 survivors (8192K)
 Metaspace       used 21185K, committed 21504K, reserved 393216K
  class space    used 2331K, committed 2496K, reserved 327680K
}
Event: 17.720 GC heap before
{Heap before GC invocations=5 (full 0):
 garbage-first heap   total 262144K, used 114711K [0x00000000e0000000, 0x0000000100000000)
  region size 1024K, 101 young (103424K), 8 survivors (8192K)
 Metaspace       used 35062K, committed 35968K, reserved 393216K
  class space    used 4394K, committed 4864K, reserved 327680K
}
Event: 17.731 GC heap after
{Heap after GC invocations=6 (full 0):
 garbage-first heap   total 262144K, used 24837K [0x00000000e0000000, 0x0000000100000000)
  region size 1024K, 14 young (14336K), 14 survivors (14336K)
 Metaspace       used 35062K, committed 35968K, reserved 393216K
  class space    used 4394K, committed 4864K, reserved 327680K
}
Event: 21.553 GC heap before
{Heap before GC invocations=7 (full 0):
 garbage-first heap   total 262144K, used 166149K [0x00000000e0000000, 0x0000000100000000)
  region size 1024K, 153 young (156672K), 14 survivors (14336K)
 Metaspace       used 53475K, committed 55232K, reserved 393216K
  class space    used 7115K, committed 8000K, reserved 327680K
}
Event: 21.567 GC heap after
{Heap after GC invocations=8 (full 0):
 garbage-first heap   total 262144K, used 33978K [0x00000000e0000000, 0x0000000100000000)
  region size 1024K, 18 young (18432K), 18 survivors (18432K)
 Metaspace       used 53475K, committed 55232K, reserved 393216K
  class space    used 7115K, committed 8000K, reserved 327680K
}
Event: 22.824 GC heap before
{Heap before GC invocations=8 (full 0):
 garbage-first heap   total 262144K, used 78010K [0x00000000e0000000, 0x0000000100000000)
  region size 1024K, 62 young (63488K), 18 survivors (18432K)
 Metaspace       used 58275K, committed 60096K, reserved 393216K
  class space    used 7887K, committed 8768K, reserved 327680K
}
Event: 22.836 GC heap after
{Heap after GC invocations=9 (full 0):
 garbage-first heap   total 262144K, used 37589K [0x00000000e0000000, 0x0000000100000000)
  region size 1024K, 13 young (13312K), 13 survivors (13312K)
 Metaspace       used 58275K, committed 60096K, reserved 393216K
  class space    used 7887K, committed 8768K, reserved 327680K
}
Event: 29.102 GC heap before
{Heap before GC invocations=10 (full 0):
 garbage-first heap   total 262144K, used 179925K [0x00000000e0000000, 0x0000000100000000)
  region size 1024K, 153 young (156672K), 13 survivors (13312K)
 Metaspace       used 69629K, committed 71936K, reserved 393216K
  class space    used 9701K, committed 10880K, reserved 327680K
}
Event: 29.153 GC heap after
{Heap after GC invocations=11 (full 0):
 garbage-first heap   total 262144K, used 51051K [0x00000000e0000000, 0x0000000100000000)
  region size 1024K, 17 young (17408K), 17 survivors (17408K)
 Metaspace       used 69629K, committed 71936K, reserved 393216K
  class space    used 9701K, committed 10880K, reserved 327680K
}

Dll operation events (15 events):
Event: 0.040 Loaded shared library C:\Program Files\Java\jdk-21\bin\java.dll
Event: 2.766 Loaded shared library C:\Program Files\Java\jdk-21\bin\jsvml.dll
Event: 3.344 Loaded shared library C:\Program Files\Java\jdk-21\bin\zip.dll
Event: 3.398 Loaded shared library C:\Program Files\Java\jdk-21\bin\instrument.dll
Event: 3.501 Loaded shared library C:\Program Files\Java\jdk-21\bin\net.dll
Event: 3.517 Loaded shared library C:\Program Files\Java\jdk-21\bin\nio.dll
Event: 3.582 Loaded shared library C:\Program Files\Java\jdk-21\bin\zip.dll
Event: 6.560 Loaded shared library C:\Program Files\Java\jdk-21\bin\jimage.dll
Event: 8.502 Loaded shared library C:\Program Files\Java\jdk-21\bin\verify.dll
Event: 8.608 Loaded shared library C:\Users\aagil\.gradle\native\1def1411415f61bf3af743bc5b6707747c0891f09f0c88961ee8f79bc544acac\windows-amd64\native-platform.dll
Event: 8.676 Loaded shared library C:\Users\aagil\.gradle\native\0.2.8\x86_64-windows-gnu\gradle-fileevents.dll
Event: 13.249 Loaded shared library C:\Program Files\Java\jdk-21\bin\management.dll
Event: 13.263 Loaded shared library C:\Program Files\Java\jdk-21\bin\management_ext.dll
Event: 14.033 Loaded shared library C:\Program Files\Java\jdk-21\bin\extnet.dll
Event: 14.735 Loaded shared library C:\Program Files\Java\jdk-21\bin\sunmscapi.dll

Deoptimization events (20 events):
Event: 34.084 Thread 0x00000265851af990 DEOPT PACKING pc=0x00000265e9377be1 sp=0x000000b5079fda10
Event: 34.084 Thread 0x00000265851af990 DEOPT UNPACKING pc=0x00000265efe24e42 sp=0x000000b5079fcee0 mode 0
Event: 34.179 Thread 0x00000265851af990 DEOPT PACKING pc=0x00000265e8a9b38e sp=0x000000b5079faec0
Event: 34.179 Thread 0x00000265851af990 DEOPT UNPACKING pc=0x00000265efe24e42 sp=0x000000b5079fa3a8 mode 0
Event: 34.181 Thread 0x00000265851af990 Uncommon trap: trap_request=0xffffffd6 fr.pc=0x00000265f07ccb30 relative=0x0000000000000350
Event: 34.181 Thread 0x00000265851af990 Uncommon trap: reason=array_check action=maybe_recompile pc=0x00000265f07ccb30 method=com.google.common.collect.ImmutableMap$Builder.put(Ljava/lang/Object;Ljava/lang/Object;)Lcom/google/common/collect/ImmutableMap$Builder; @ 32 c2
Event: 34.181 Thread 0x00000265851af990 DEOPT PACKING pc=0x00000265f07ccb30 sp=0x000000b5079f9f70
Event: 34.181 Thread 0x00000265851af990 DEOPT UNPACKING pc=0x00000265efe246a2 sp=0x000000b5079f9f38 mode 2
Event: 34.181 Thread 0x00000265851af990 Uncommon trap: trap_request=0xffffffd6 fr.pc=0x00000265f07ccb30 relative=0x0000000000000350
Event: 34.181 Thread 0x00000265851af990 Uncommon trap: reason=array_check action=maybe_recompile pc=0x00000265f07ccb30 method=com.google.common.collect.ImmutableMap$Builder.put(Ljava/lang/Object;Ljava/lang/Object;)Lcom/google/common/collect/ImmutableMap$Builder; @ 32 c2
Event: 34.181 Thread 0x00000265851af990 DEOPT PACKING pc=0x00000265f07ccb30 sp=0x000000b5079f9f70
Event: 34.181 Thread 0x00000265851af990 DEOPT UNPACKING pc=0x00000265efe246a2 sp=0x000000b5079f9f38 mode 2
Event: 34.181 Thread 0x00000265851af990 Uncommon trap: trap_request=0xffffffd6 fr.pc=0x00000265f07ccb30 relative=0x0000000000000350
Event: 34.181 Thread 0x00000265851af990 Uncommon trap: reason=array_check action=maybe_recompile pc=0x00000265f07ccb30 method=com.google.common.collect.ImmutableMap$Builder.put(Ljava/lang/Object;Ljava/lang/Object;)Lcom/google/common/collect/ImmutableMap$Builder; @ 32 c2
Event: 34.181 Thread 0x00000265851af990 DEOPT PACKING pc=0x00000265f07ccb30 sp=0x000000b5079f9d40
Event: 34.181 Thread 0x00000265851af990 DEOPT UNPACKING pc=0x00000265efe246a2 sp=0x000000b5079f9d08 mode 2
Event: 34.181 Thread 0x00000265851af990 Uncommon trap: trap_request=0xffffffd6 fr.pc=0x00000265f07ccb30 relative=0x0000000000000350
Event: 34.181 Thread 0x00000265851af990 Uncommon trap: reason=array_check action=maybe_recompile pc=0x00000265f07ccb30 method=com.google.common.collect.ImmutableMap$Builder.put(Ljava/lang/Object;Ljava/lang/Object;)Lcom/google/common/collect/ImmutableMap$Builder; @ 32 c2
Event: 34.181 Thread 0x00000265851af990 DEOPT PACKING pc=0x00000265f07ccb30 sp=0x000000b5079f9d40
Event: 34.181 Thread 0x00000265851af990 DEOPT UNPACKING pc=0x00000265efe246a2 sp=0x000000b5079f9d08 mode 2

Classes loaded (20 events):
Event: 28.809 Loading class java/util/TreeMap$ValueSpliterator
Event: 28.810 Loading class java/util/TreeMap$ValueSpliterator done
Event: 29.568 Loading class java/util/regex/Pattern$Pos
Event: 29.569 Loading class java/util/regex/Pattern$Pos done
Event: 29.573 Loading class java/text/CharacterIterator
Event: 29.576 Loading class java/text/CharacterIterator done
Event: 29.809 Loading class sun/util/locale/provider/DateFormatProviderImpl
Event: 29.810 Loading class sun/util/locale/provider/DateFormatProviderImpl done
Event: 29.811 Loading class java/text/MessageFormat
Event: 29.812 Loading class java/text/MessageFormat done
Event: 29.812 Loading class java/text/MessageFormat$Field
Event: 29.813 Loading class java/text/MessageFormat$Field done
Event: 29.821 Loading class java/io/FileReader
Event: 29.822 Loading class java/io/FileReader done
Event: 30.042 Loading class java/net/UrlDeserializedState
Event: 30.043 Loading class java/net/UrlDeserializedState done
Event: 30.044 Loading class java/net/Proxy
Event: 30.044 Loading class java/net/Proxy done
Event: 32.636 Loading class java/lang/foreign/MemorySegment
Event: 32.653 Loading class java/lang/foreign/MemorySegment done

Classes unloaded (0 events):
No events

Classes redefined (0 events):
No events

Internal exceptions (20 events):
Event: 29.043 Thread 0x00000265851af990 Exception <a 'java/lang/NoSuchMethodError'{0x00000000e699eb90}: 'void java.lang.invoke.DirectMethodHandle$Holder.invokeStatic(java.lang.Object, int, java.lang.Object)'> (0x00000000e699eb90) 
thrown [s\open\src\hotspot\share\interpreter\linkResolver.cpp, line 773]
Event: 29.527 Thread 0x00000265851af990 Exception <a 'java/lang/IncompatibleClassChangeError'{0x00000000eee4df10}: Found class java.lang.Object, but interface was expected> (0x00000000eee4df10) 
thrown [s\open\src\hotspot\share\interpreter\linkResolver.cpp, line 840]
Event: 30.040 Thread 0x000002658765fab0 Exception <a 'java/lang/NoSuchMethodError'{0x00000000ee1a0ca0}: static [Ljava/lang/Object;.<clinit>()V> (0x00000000ee1a0ca0) 
thrown [s\open\src\hotspot\share\prims\jni.cpp, line 1111]
Event: 30.041 Thread 0x00000265851af990 Exception <a 'sun/nio/fs/WindowsException'{0x00000000eda699c0}> (0x00000000eda699c0) 
thrown [s\open\src\hotspot\share\prims\jni.cpp, line 520]
Event: 30.041 Thread 0x000002658765fab0 Exception <a 'java/lang/NoSuchMethodError'{0x00000000eda881e0}: static Lorg/gradle/internal/classloader/ClassLoaderSpec;.<clinit>()V> (0x00000000eda881e0) 
thrown [s\open\src\hotspot\share\prims\jni.cpp, line 1111]
Event: 30.042 Thread 0x000002658765fab0 Exception <a 'java/lang/NoSuchMethodError'{0x00000000eda94508}: static Lorg/gradle/internal/classloader/VisitableURLClassLoader$Spec;.<clinit>()V> (0x00000000eda94508) 
thrown [s\open\src\hotspot\share\prims\jni.cpp, line 1111]
Event: 30.050 Thread 0x000002658765fab0 Exception <a 'java/lang/NoSuchMethodError'{0x00000000ed90e9e8}: static [Ljava/net/URL;.<clinit>()V> (0x00000000ed90e9e8) 
thrown [s\open\src\hotspot\share\prims\jni.cpp, line 1111]
Event: 30.052 Thread 0x000002658765fab0 Exception <a 'java/lang/NoSuchMethodError'{0x00000000ed915f10}: static [B.<clinit>()V> (0x00000000ed915f10) 
thrown [s\open\src\hotspot\share\prims\jni.cpp, line 1111]
Event: 32.817 Thread 0x00000265851af990 Exception <a 'sun/nio/fs/WindowsException'{0x00000000ed4196a8}> (0x00000000ed4196a8) 
thrown [s\open\src\hotspot\share\prims\jni.cpp, line 520]
Event: 32.819 Thread 0x00000265851af990 Exception <a 'sun/nio/fs/WindowsException'{0x00000000ed41ae38}> (0x00000000ed41ae38) 
thrown [s\open\src\hotspot\share\prims\jni.cpp, line 520]
Event: 32.821 Thread 0x00000265851af990 Exception <a 'sun/nio/fs/WindowsException'{0x00000000ed41c5b8}> (0x00000000ed41c5b8) 
thrown [s\open\src\hotspot\share\prims\jni.cpp, line 520]
Event: 32.823 Thread 0x00000265851af990 Exception <a 'sun/nio/fs/WindowsException'{0x00000000ed41dd18}> (0x00000000ed41dd18) 
thrown [s\open\src\hotspot\share\prims\jni.cpp, line 520]
Event: 32.956 Thread 0x00000265851af990 Exception <a 'sun/nio/fs/WindowsException'{0x00000000ed386470}> (0x00000000ed386470) 
thrown [s\open\src\hotspot\share\prims\jni.cpp, line 520]
Event: 32.956 Thread 0x00000265851af990 Exception <a 'sun/nio/fs/WindowsException'{0x00000000ed387b50}> (0x00000000ed387b50) 
thrown [s\open\src\hotspot\share\prims\jni.cpp, line 520]
Event: 32.957 Thread 0x00000265851af990 Exception <a 'sun/nio/fs/WindowsException'{0x00000000ed389ea8}> (0x00000000ed389ea8) 
thrown [s\open\src\hotspot\share\prims\jni.cpp, line 520]
Event: 33.440 Thread 0x00000265851af990 Exception <a 'sun/nio/fs/WindowsException'{0x00000000ecc0fe08}> (0x00000000ecc0fe08) 
thrown [s\open\src\hotspot\share\prims\jni.cpp, line 520]
Event: 34.269 Thread 0x00000265851af990 Exception <a 'sun/nio/fs/WindowsException'{0x00000000ec92be28}> (0x00000000ec92be28) 
thrown [s\open\src\hotspot\share\prims\jni.cpp, line 520]
Event: 34.270 Thread 0x00000265851af990 Exception <a 'sun/nio/fs/WindowsException'{0x00000000ec92d5b8}> (0x00000000ec92d5b8) 
thrown [s\open\src\hotspot\share\prims\jni.cpp, line 520]
Event: 34.271 Thread 0x00000265851af990 Exception <a 'sun/nio/fs/WindowsException'{0x00000000ec92ed38}> (0x00000000ec92ed38) 
thrown [s\open\src\hotspot\share\prims\jni.cpp, line 520]
Event: 34.274 Thread 0x00000265851af990 Exception <a 'sun/nio/fs/WindowsException'{0x00000000ec930498}> (0x00000000ec930498) 
thrown [s\open\src\hotspot\share\prims\jni.cpp, line 520]

ZGC Phase Switch (0 events):
No events

VM Operations (20 events):
Event: 26.891 Executing VM operation: ICBufferFull
Event: 26.891 Executing VM operation: ICBufferFull done
Event: 27.316 Executing VM operation: ICBufferFull
Event: 27.316 Executing VM operation: ICBufferFull done
Event: 28.330 Executing VM operation: Cleanup
Event: 28.346 Executing VM operation: Cleanup done
Event: 28.780 Executing VM operation: HandshakeAllThreads (Deoptimize)
Event: 28.780 Executing VM operation: HandshakeAllThreads (Deoptimize) done
Event: 29.089 Executing VM operation: G1CollectForAllocation (G1 Evacuation Pause)
Event: 29.153 Executing VM operation: G1CollectForAllocation (G1 Evacuation Pause) done
Event: 29.751 Executing VM operation: ICBufferFull
Event: 29.751 Executing VM operation: ICBufferFull done
Event: 30.761 Executing VM operation: Cleanup
Event: 30.762 Executing VM operation: Cleanup done
Event: 32.777 Executing VM operation: Cleanup
Event: 32.778 Executing VM operation: Cleanup done
Event: 33.459 Executing VM operation: ICBufferFull
Event: 33.460 Executing VM operation: ICBufferFull done
Event: 34.462 Executing VM operation: Cleanup
Event: 34.462 Executing VM operation: Cleanup done

Events (20 events):
Event: 33.491 Thread 0x00000265875ac630 Thread exited: 0x00000265875ac630
Event: 33.491 Thread 0x00000265875af420 Thread exited: 0x00000265875af420
Event: 33.491 Thread 0x0000026587660140 Thread exited: 0x0000026587660140
Event: 33.491 Thread 0x00000265875afab0 Thread exited: 0x00000265875afab0
Event: 33.491 Thread 0x000002658765e700 Thread exited: 0x000002658765e700
Event: 33.498 Thread 0x00000265875ad350 Thread exited: 0x00000265875ad350
Event: 33.502 Thread 0x00000265875ad9e0 Thread exited: 0x00000265875ad9e0
Event: 33.513 Thread 0x00000265875a9840 Thread exited: 0x00000265875a9840
Event: 33.547 Thread 0x00000265875aa560 Thread exited: 0x00000265875aa560
Event: 33.563 Thread 0x00000265875ab910 Thread exited: 0x00000265875ab910
Event: 33.999 Thread 0x000002658765e700 Thread added: 0x000002658765e700
Event: 34.024 Thread 0x000002658765fab0 Thread added: 0x000002658765fab0
Event: 34.082 Thread 0x000002658765e070 Thread added: 0x000002658765e070
Event: 34.084 Thread 0x0000026587660140 Thread added: 0x0000026587660140
Event: 34.087 Thread 0x000002658765ed90 Thread added: 0x000002658765ed90
Event: 34.124 Thread 0x0000026587662f30 Thread added: 0x0000026587662f30
Event: 34.150 Thread 0x00000265875ac630 Thread added: 0x00000265875ac630
Event: 34.191 Thread 0x00000265875a9840 Thread added: 0x00000265875a9840
Event: 34.209 Thread 0x00000265875ad350 Thread added: 0x00000265875ad350
Event: 34.221 Thread 0x00000265875ab280 Thread added: 0x00000265875ab280


Dynamic libraries:
0x00007ff755630000 - 0x00007ff755640000 	C:\Program Files\Java\jdk-21\bin\java.exe
0x00007ffe687c0000 - 0x00007ffe68a28000 	C:\WINDOWS\SYSTEM32\ntdll.dll
0x00007ffe66bb0000 - 0x00007ffe66c79000 	C:\WINDOWS\System32\KERNEL32.DLL
0x00007ffe66160000 - 0x00007ffe66558000 	C:\WINDOWS\System32\KERNELBASE.dll
0x00007ffe65bd0000 - 0x00007ffe65d1b000 	C:\WINDOWS\System32\ucrtbase.dll
0x00007ffe45700000 - 0x00007ffe45719000 	C:\Program Files\Java\jdk-21\bin\jli.dll
0x00007ffe456e0000 - 0x00007ffe456fb000 	C:\Program Files\Java\jdk-21\bin\VCRUNTIME140.dll
0x00007ffe67700000 - 0x00007ffe677b4000 	C:\WINDOWS\System32\ADVAPI32.dll
0x00007ffe66d80000 - 0x00007ffe66e29000 	C:\WINDOWS\System32\msvcrt.dll
0x00007ffe67650000 - 0x00007ffe676f6000 	C:\WINDOWS\System32\sechost.dll
0x00007ffe669b0000 - 0x00007ffe66ac8000 	C:\WINDOWS\System32\RPCRT4.dll
0x00007ffe66eb0000 - 0x00007ffe67077000 	C:\WINDOWS\System32\USER32.dll
0x00007ffe65de0000 - 0x00007ffe65e07000 	C:\WINDOWS\System32\win32u.dll
0x00007ffe45c80000 - 0x00007ffe45f14000 	C:\WINDOWS\WinSxS\amd64_microsoft.windows.common-controls_6595b64144ccf1df_6.0.26100.7019_none_3e06ffa0e335b8a8\COMCTL32.dll
0x00007ffe674f0000 - 0x00007ffe6751b000 	C:\WINDOWS\System32\GDI32.dll
0x00007ffe65f80000 - 0x00007ffe660ac000 	C:\WINDOWS\System32\gdi32full.dll
0x00007ffe660b0000 - 0x00007ffe66153000 	C:\WINDOWS\System32\msvcp_win.dll
0x00007ffe551a0000 - 0x00007ffe551ab000 	C:\WINDOWS\SYSTEM32\VERSION.dll
0x00007ffe66870000 - 0x00007ffe668a1000 	C:\WINDOWS\System32\IMM32.DLL
0x00007ffe47c70000 - 0x00007ffe47c7c000 	C:\Program Files\Java\jdk-21\bin\vcruntime140_1.dll
0x00007ffe26b20000 - 0x00007ffe26bae000 	C:\Program Files\Java\jdk-21\bin\msvcp140.dll
0x00007ffd9a650000 - 0x00007ffd9b36d000 	C:\Program Files\Java\jdk-21\bin\server\jvm.dll
0x00007ffe67dc0000 - 0x00007ffe67e34000 	C:\WINDOWS\System32\WS2_32.dll
0x00007ffe65770000 - 0x00007ffe657ce000 	C:\WINDOWS\SYSTEM32\POWRPROF.dll
0x00007ffe5c730000 - 0x00007ffe5c765000 	C:\WINDOWS\SYSTEM32\WINMM.dll
0x00007ffe65750000 - 0x00007ffe65764000 	C:\WINDOWS\SYSTEM32\UMPDC.dll
0x00007ffe646d0000 - 0x00007ffe646eb000 	C:\WINDOWS\SYSTEM32\kernel.appcore.dll
0x00007ffe47bd0000 - 0x00007ffe47bda000 	C:\Program Files\Java\jdk-21\bin\jimage.dll
0x00007ffe62f40000 - 0x00007ffe63182000 	C:\WINDOWS\SYSTEM32\DBGHELP.DLL
0x00007ffe67080000 - 0x00007ffe6740b000 	C:\WINDOWS\System32\combase.dll
0x00007ffe67410000 - 0x00007ffe674e7000 	C:\WINDOWS\System32\OLEAUT32.dll
0x00007ffe33b10000 - 0x00007ffe33b4c000 	C:\WINDOWS\SYSTEM32\dbgcore.DLL
0x00007ffe65b20000 - 0x00007ffe65bc5000 	C:\WINDOWS\System32\bcryptPrimitives.dll
0x00007ffe43290000 - 0x00007ffe4329f000 	C:\Program Files\Java\jdk-21\bin\instrument.dll
0x00007ffe42d90000 - 0x00007ffe42daf000 	C:\Program Files\Java\jdk-21\bin\java.dll
0x00007ffe67e40000 - 0x00007ffe6858f000 	C:\WINDOWS\System32\SHELL32.dll
0x00007ffe65e10000 - 0x00007ffe65f7b000 	C:\WINDOWS\System32\wintypes.dll
0x00007ffe63500000 - 0x00007ffe63d5d000 	C:\WINDOWS\SYSTEM32\windows.storage.dll
0x00007ffe66c80000 - 0x00007ffe66d72000 	C:\WINDOWS\System32\SHCORE.dll
0x00007ffe66ad0000 - 0x00007ffe66b37000 	C:\WINDOWS\System32\shlwapi.dll
0x00007ffe65830000 - 0x00007ffe65859000 	C:\WINDOWS\SYSTEM32\profapi.dll
0x00007ffe26a00000 - 0x00007ffe26ad7000 	C:\Program Files\Java\jdk-21\bin\jsvml.dll
0x00007ffe42d70000 - 0x00007ffe42d88000 	C:\Program Files\Java\jdk-21\bin\zip.dll
0x00007ffe431c0000 - 0x00007ffe431d0000 	C:\Program Files\Java\jdk-21\bin\net.dll
0x00007ffe57170000 - 0x00007ffe57298000 	C:\WINDOWS\SYSTEM32\WINHTTP.dll
0x00007ffe64c40000 - 0x00007ffe64cab000 	C:\WINDOWS\system32\mswsock.dll
0x00007ffe42a00000 - 0x00007ffe42a16000 	C:\Program Files\Java\jdk-21\bin\nio.dll
0x00007ffe43170000 - 0x00007ffe43180000 	C:\Program Files\Java\jdk-21\bin\verify.dll
0x00007ffe42870000 - 0x00007ffe42897000 	C:\Users\aagil\.gradle\native\1def1411415f61bf3af743bc5b6707747c0891f09f0c88961ee8f79bc544acac\windows-amd64\native-platform.dll
0x00007ffe42040000 - 0x00007ffe420b7000 	C:\Users\aagil\.gradle\native\0.2.8\x86_64-windows-gnu\gradle-fileevents.dll
0x00007ffe42fc0000 - 0x00007ffe42fca000 	C:\Program Files\Java\jdk-21\bin\management.dll
0x00007ffe42d60000 - 0x00007ffe42d6b000 	C:\Program Files\Java\jdk-21\bin\management_ext.dll
0x00007ffe66860000 - 0x00007ffe66868000 	C:\WINDOWS\System32\PSAPI.DLL
0x00007ffe641f0000 - 0x00007ffe64224000 	C:\WINDOWS\SYSTEM32\IPHLPAPI.DLL
0x00007ffe667c0000 - 0x00007ffe667ca000 	C:\WINDOWS\System32\NSI.dll
0x00007ffe42950000 - 0x00007ffe42959000 	C:\Program Files\Java\jdk-21\bin\extnet.dll
0x00007ffe64f10000 - 0x00007ffe64f2b000 	C:\WINDOWS\SYSTEM32\CRYPTSP.dll
0x00007ffe64630000 - 0x00007ffe6466a000 	C:\WINDOWS\system32\rsaenh.dll
0x00007ffe64cf0000 - 0x00007ffe64d1b000 	C:\WINDOWS\SYSTEM32\USERENV.dll
0x00007ffe65800000 - 0x00007ffe6582a000 	C:\WINDOWS\SYSTEM32\bcrypt.dll
0x00007ffe64f00000 - 0x00007ffe64f0c000 	C:\WINDOWS\SYSTEM32\CRYPTBASE.dll
0x00007ffe42940000 - 0x00007ffe4294e000 	C:\Program Files\Java\jdk-21\bin\sunmscapi.dll
0x00007ffe659a0000 - 0x00007ffe65b17000 	C:\WINDOWS\System32\CRYPT32.dll
0x00007ffe65120000 - 0x00007ffe65150000 	C:\WINDOWS\SYSTEM32\ncrypt.dll
0x00007ffe650d0000 - 0x00007ffe6510f000 	C:\WINDOWS\SYSTEM32\NTASN1.dll
0x00007ffe38380000 - 0x00007ffe38388000 	C:\WINDOWS\system32\wshunix.dll

dbghelp: loaded successfully - version: 4.0.5 - missing functions: none
symbol engine: initialized successfully - sym options: 0x614 - pdb path: .;C:\Program Files\Java\jdk-21\bin;C:\WINDOWS\SYSTEM32;C:\WINDOWS\WinSxS\amd64_microsoft.windows.common-controls_6595b64144ccf1df_6.0.26100.7019_none_3e06ffa0e335b8a8;C:\Program Files\Java\jdk-21\bin\server;C:\Users\aagil\.gradle\native\1def1411415f61bf3af743bc5b6707747c0891f09f0c88961ee8f79bc544acac\windows-amd64;C:\Users\aagil\.gradle\native\0.2.8\x86_64-windows-gnu

VM Arguments:
jvm_args: --add-opens=java.base/java.lang=ALL-UNNAMED --add-opens=java.base/java.lang.invoke=ALL-UNNAMED --add-opens=java.base/java.util=ALL-UNNAMED --add-opens=java.prefs/java.util.prefs=ALL-UNNAMED --add-exports=jdk.compiler/com.sun.tools.javac.api=ALL-UNNAMED --add-exports=jdk.compiler/com.sun.tools.javac.util=ALL-UNNAMED --add-opens=java.base/java.util=ALL-UNNAMED --add-opens=java.prefs/java.util.prefs=ALL-UNNAMED --add-opens=java.base/java.nio.charset=ALL-UNNAMED --add-opens=java.base/java.net=ALL-UNNAMED --add-opens=java.base/java.util.concurrent=ALL-UNNAMED --add-opens=java.base/java.util.concurrent.atomic=ALL-UNNAMED --add-opens=java.xml/javax.xml.namespace=ALL-UNNAMED -XX:MaxMetaspaceSize=384m -XX:+HeapDumpOnOutOfMemoryError -Xms256m -Xmx512m -Dfile.encoding=UTF-8 -Duser.country=US -Duser.language=en -Duser.variant -javaagent:C:\Users\aagil\.gradle\wrapper\dists\gradle-9.0.0-bin\d6wjpkvcgsg3oed0qlfss3wgl\gradle-9.0.0\lib\agents\gradle-instrumentation-agent-9.0.0.jar 
java_command: org.gradle.launcher.daemon.bootstrap.GradleDaemon 9.0.0
java_class_path (initial): C:\Users\aagil\.gradle\wrapper\dists\gradle-9.0.0-bin\d6wjpkvcgsg3oed0qlfss3wgl\gradle-9.0.0\lib\gradle-daemon-main-9.0.0.jar
Launcher Type: SUN_STANDARD

[Global flags]
     intx CICompilerCount                          = 4                                         {product} {ergonomic}
   size_t CompressedClassSpaceSize                 = 335544320                                 {product} {ergonomic}
     uint ConcGCThreads                            = 3                                         {product} {ergonomic}
     uint G1ConcRefinementThreads                  = 10                                        {product} {ergonomic}
   size_t G1HeapRegionSize                         = 1048576                                   {product} {ergonomic}
    uintx GCDrainStackTargetSize                   = 64                                        {product} {ergonomic}
     bool HeapDumpOnOutOfMemoryError               = true                                   {manageable} {command line}
   size_t InitialHeapSize                          = 268435456                                 {product} {command line}
   size_t MarkStackSize                            = 4194304                                   {product} {ergonomic}
   size_t MaxHeapSize                              = 536870912                                 {product} {command line}
   size_t MaxMetaspaceSize                         = 402653184                                 {product} {command line}
   size_t MaxNewSize                               = 321912832                                 {product} {ergonomic}
   size_t MinHeapDeltaBytes                        = 1048576                                   {product} {ergonomic}
   size_t MinHeapSize                              = 268435456                                 {product} {command line}
    uintx NonNMethodCodeHeapSize                   = 5839372                                {pd product} {ergonomic}
    uintx NonProfiledCodeHeapSize                  = 122909434                              {pd product} {ergonomic}
    uintx ProfiledCodeHeapSize                     = 122909434                              {pd product} {ergonomic}
    uintx ReservedCodeCacheSize                    = 251658240                              {pd product} {ergonomic}
     bool SegmentedCodeCache                       = true                                      {product} {ergonomic}
   size_t SoftMaxHeapSize                          = 536870912                              {manageable} {ergonomic}
     bool UseCompressedOops                        = true                           {product lp64_product} {ergonomic}
     bool UseG1GC                                  = true                                      {product} {ergonomic}
     bool UseLargePagesIndividualAllocation        = false                                  {pd product} {ergonomic}

Logging:
Log output configuration:
 #0: stdout all=warning uptime,level,tags foldmultilines=false
 #1: stderr all=off uptime,level,tags foldmultilines=false

Environment Variables:
JAVA_HOME=C:\Program Files\Java\jdk-25
PATH=C:\Program Files\Common Files\Oracle\Java\javapath;C:\Program Files\Java\jdk-21\bin;C:\Users\aagil\Downloads\gradle-8.5-bin\gradle-8.5\bin;C:\Program Files\nodejs;C:\Program Files\dotnet\;C:\Program Files\Git\cmd;C:\Program Files\Git\bin;C:\Program Files\Common Files\Oracle\Java\javapath;C:\Program Files\Java\jdk-21\bin;C:\Users\aagil\Downloads\gradle-8.5-bin\gradle-8.5\bin;C:\Program Files\nodejs;C:\Program Files\dotnet\;C:\Program Files\Git\cmd;C:\Program Files\Git\bin;;C:\Program Files\Java\jdk-21\bin;C:\Users\aagil\AppData\Local\Programs\Microsoft VS Code\bin
USERNAME=aagil
OS=Windows_NT
PROCESSOR_IDENTIFIER=Intel64 Family 6 Model 154 Stepping 4, GenuineIntel
TMP=C:\Users\aagil\AppData\Local\Temp
TEMP=C:\Users\aagil\AppData\Local\Temp




Periodic native trim disabled

---------------  S Y S T E M  ---------------

OS:
 Windows 11 , 64 bit Build 26100 (10.0.26100.7019)
OS uptime: 13 days 21:55 hours
Hyper-V role detected

CPU: total 12 (initial active 12) (6 cores per cpu, 2 threads per core) family 6 model 154 stepping 4 microcode 0x429, cx8, cmov, fxsr, ht, mmx, 3dnowpref, sse, sse2, sse3, ssse3, sse4.1, sse4.2, popcnt, lzcnt, tsc, tscinvbit, avx, avx2, aes, erms, clmul, bmi1, bmi2, adx, sha, fma, vzeroupper, clflush, clflushopt, clwb, hv, serialize, rdtscp, rdpid, fsrm, f16c, cet_ibt, cet_ss
Processor Information for processor 0
  Max Mhz: 1300, Current Mhz: 1300, Mhz Limit: 1300
Processor Information for processor 1
  Max Mhz: 1300, Current Mhz: 1300, Mhz Limit: 1300
Processor Information for processor 2
  Max Mhz: 1300, Current Mhz: 1300, Mhz Limit: 1300
Processor Information for processor 3
  Max Mhz: 1300, Current Mhz: 1300, Mhz Limit: 1300
Processor Information for processor 4
  Max Mhz: 1300, Current Mhz: 900, Mhz Limit: 897
Processor Information for processor 5
  Max Mhz: 1300, Current Mhz: 900, Mhz Limit: 897
Processor Information for processor 6
  Max Mhz: 1300, Current Mhz: 900, Mhz Limit: 897
Processor Information for processor 7
  Max Mhz: 1300, Current Mhz: 900, Mhz Limit: 897
Processor Information for processor 8
  Max Mhz: 1300, Current Mhz: 900, Mhz Limit: 897
Processor Information for processor 9
  Max Mhz: 1300, Current Mhz: 900, Mhz Limit: 897
Processor Information for processor 10
  Max Mhz: 1300, Current Mhz: 900, Mhz Limit: 897
Processor Information for processor 11
  Max Mhz: 1300, Current Mhz: 900, Mhz Limit: 897

Memory: 4k page, system-wide physical 7885M (29M free)
TotalPageFile size 32461M (AvailPageFile size 5M)
current process WorkingSet (physical memory assigned to process): 194M, peak: 345M
current process commit charge ("private bytes"): 492M, peak: 500M

vm_info: Java HotSpot(TM) 64-Bit Server VM (21.0.9+7-LTS-338) for windows-amd64 JRE (21.0.9+7-LTS-338), built on 2025-09-26T06:33:49Z by "mach5run" with MS VC++ 17.6 (VS2022)

END.
