#
# There is insufficient memory for the Java Runtime Environment to continue.
# Native memory allocation (malloc) failed to allocate 938576 bytes for Chunk::new
# Possible reasons:
#   The system is out of physical RAM or swap space
#   The process is running with CompressedOops enabled, and the Java Heap may be blocking the growth of the native heap
# Possible solutions:
#   Reduce memory load on the system
#   Increase physical memory or swap space
#   Check if swap backing store is full
#   Decrease Java heap size (-Xmx/-Xms)
#   Decrease number of Java threads
#   Decrease Java thread stack sizes (-Xss)
#   Set larger code cache with -XX:ReservedCodeCacheSize=
#   JVM is running with Unscaled Compressed Oops mode in which the Java heap is
#     placed in the first 4GB address space. The Java Heap base address is the
#     maximum limit for the native heap growth. Please use -XX:HeapBaseMinAddress
#     to set the Java Heap base and to place the Java Heap above 4GB virtual address.
# This output file may be truncated or incomplete.
#
#  Out of Memory Error (arena.cpp:168), pid=10412, tid=10448
#
# JRE version: Java(TM) SE Runtime Environment (21.0.9+7) (build 21.0.9+7-LTS-338)
# Java VM: Java HotSpot(TM) 64-Bit Server VM (21.0.9+7-LTS-338, mixed mode, sharing, tiered, compressed oops, compressed class ptrs, g1 gc, windows-amd64)
# No core dump will be written. Minidumps are not enabled by default on client versions of Windows
#

---------------  S U M M A R Y ------------

Command Line: --add-opens=java.base/java.lang=ALL-UNNAMED --add-opens=java.base/java.lang.invoke=ALL-UNNAMED --add-opens=java.base/java.util=ALL-UNNAMED --add-opens=java.prefs/java.util.prefs=ALL-UNNAMED --add-exports=jdk.compiler/com.sun.tools.javac.api=ALL-UNNAMED --add-exports=jdk.compiler/com.sun.tools.javac.util=ALL-UNNAMED --add-opens=java.base/java.util=ALL-UNNAMED --add-opens=java.prefs/java.util.prefs=ALL-UNNAMED --add-opens=java.base/java.nio.charset=ALL-UNNAMED --add-opens=java.base/java.net=ALL-UNNAMED --add-opens=java.base/java.util.concurrent=ALL-UNNAMED --add-opens=java.base/java.util.concurrent.atomic=ALL-UNNAMED --add-opens=java.xml/javax.xml.namespace=ALL-UNNAMED -XX:MaxMetaspaceSize=384m -XX:+HeapDumpOnOutOfMemoryError -Xms256m -Xmx512m -Dfile.encoding=UTF-8 -Duser.country=US -Duser.language=en -Duser.variant -javaagent:C:\Users\aagil\.gradle\wrapper\dists\gradle-9.0.0-bin\d6wjpkvcgsg3oed0qlfss3wgl\gradle-9.0.0\lib\agents\gradle-instrumentation-agent-9.0.0.jar org.gradle.launcher.daemon.bootstrap.GradleDaemon 9.0.0

Host: 12th Gen Intel(R) Core(TM) i5-1235U, 12 cores, 7G,  Windows 11 , 64 bit Build 26100 (10.0.26100.7019)
Time: Thu Dec  4 18:39:17 2025 Eastern Standard Time elapsed time: 15.680131 seconds (0d 0h 0m 15s)

---------------  T H R E A D  ---------------

Current thread (0x000001a5d0888650):  JavaThread "C2 CompilerThread0" daemon [_thread_in_native, id=10448, stack(0x000000335ce00000,0x000000335cf00000) (1024K)]


Current CompileTask:
C2:  15683 6550 %     4       org.gradle.internal.instantiation.generator.AbstractClassGenerator::inspectType @ 249 (602 bytes)

Stack: [0x000000335ce00000,0x000000335cf00000]
Native frames: (J=compiled Java code, j=interpreted, Vv=VM code, C=native code)
V  [jvm.dll+0x6cbf89]
V  [jvm.dll+0x858421]
V  [jvm.dll+0x85a94e]
V  [jvm.dll+0x85b023]
V  [jvm.dll+0x27ebc6]
V  [jvm.dll+0xc4f4d]
V  [jvm.dll+0xc5483]
V  [jvm.dll+0x2f1f8d]
V  [jvm.dll+0x5f6cea]
V  [jvm.dll+0x2506d2]
V  [jvm.dll+0x24903f]
V  [jvm.dll+0x246b14]
V  [jvm.dll+0x1c7a3e]
V  [jvm.dll+0x256329]
V  [jvm.dll+0x2548ba]
V  [jvm.dll+0x3efdee]
V  [jvm.dll+0x80265b]
V  [jvm.dll+0x6ca66d]
C  [ucrtbase.dll+0x37b0]
C  [KERNEL32.DLL+0x2e8d7]
C  [ntdll.dll+0x8c53c]


---------------  P R O C E S S  ---------------

Threads class SMR info:
_java_thread_list=0x000001a5ebcbb190, length=64, elements={
0x000001a5b3606d80, 0x000001a5d08533c0, 0x000001a5d0853f20, 0x000001a5d0858c00,
0x000001a5d0859790, 0x000001a5d085a580, 0x000001a5d0865360, 0x000001a5d0888650,
0x000001a5d088a100, 0x000001a5d0ad0e70, 0x000001a5d0b20e50, 0x000001a5eb9a1fa0,
0x000001a5ea98a4b0, 0x000001a5eb98c6a0, 0x000001a5eb8df2b0, 0x000001a5eb8fab40,
0x000001a5eb9bce10, 0x000001a5eb9be070, 0x000001a5eb9fd440, 0x000001a5eb9fb370,
0x000001a5eb9fdad0, 0x000001a5eb9fba00, 0x000001a5eb9fa650, 0x000001a5eb9fc090,
0x000001a5ee94d460, 0x000001a5ee94e810, 0x000001a5ee94ba20, 0x000001a5ee94c0b0,
0x000001a5ee94b390, 0x000001a5ee94eea0, 0x000001a5ee94f530, 0x000001a5ee94e180,
0x000001a5ee94c740, 0x000001a5ee950250, 0x000001a5ee94cdd0, 0x000001a5ee9508e0,
0x000001a5ee94fbc0, 0x000001a5ee950f70, 0x000001a5ee94daf0, 0x000001a5ee951600,
0x000001a5ee952320, 0x000001a5ee951c90, 0x000001a5ed26aa80, 0x000001a5ed26cb50,
0x000001a5ed2696d0, 0x000001a5ed26c4c0, 0x000001a5ed26d1e0, 0x000001a5ed269d60,
0x000001a5ed26a3f0, 0x000001a5ed26df00, 0x000001a5ed26e590, 0x000001a5ed26ec20,
0x000001a5ed26b7a0, 0x000001a5ed270660, 0x000001a5ed26f940, 0x000001a5ed26f2b0,
0x000001a5ed26ffd0, 0x000001a5d0c6e9e0, 0x000001a5d0c70420, 0x000001a5d0c6d630,
0x000001a5d0c6cfa0, 0x000001a5d0c6f070, 0x000001a5d0c70ab0, 0x000001a5d0c6fd90
}

Java Threads: ( => current thread )
  0x000001a5b3606d80 JavaThread "main"                              [_thread_blocked, id=42184, stack(0x000000335c000000,0x000000335c100000) (1024K)]
  0x000001a5d08533c0 JavaThread "Reference Handler"          daemon [_thread_blocked, id=46280, stack(0x000000335c800000,0x000000335c900000) (1024K)]
  0x000001a5d0853f20 JavaThread "Finalizer"                  daemon [_thread_blocked, id=4916, stack(0x000000335c900000,0x000000335ca00000) (1024K)]
  0x000001a5d0858c00 JavaThread "Signal Dispatcher"          daemon [_thread_blocked, id=22956, stack(0x000000335ca00000,0x000000335cb00000) (1024K)]
  0x000001a5d0859790 JavaThread "Attach Listener"            daemon [_thread_blocked, id=11024, stack(0x000000335cb00000,0x000000335cc00000) (1024K)]
  0x000001a5d085a580 JavaThread "Service Thread"             daemon [_thread_blocked, id=16996, stack(0x000000335cc00000,0x000000335cd00000) (1024K)]
  0x000001a5d0865360 JavaThread "Monitor Deflation Thread"   daemon [_thread_blocked, id=30768, stack(0x000000335cd00000,0x000000335ce00000) (1024K)]
=>0x000001a5d0888650 JavaThread "C2 CompilerThread0"         daemon [_thread_in_native, id=10448, stack(0x000000335ce00000,0x000000335cf00000) (1024K)]
  0x000001a5d088a100 JavaThread "C1 CompilerThread0"         daemon [_thread_blocked, id=10944, stack(0x000000335cf00000,0x000000335d000000) (1024K)]
  0x000001a5d0ad0e70 JavaThread "Common-Cleaner"             daemon [_thread_blocked, id=25316, stack(0x000000335d000000,0x000000335d100000) (1024K)]
  0x000001a5d0b20e50 JavaThread "Notification Thread"        daemon [_thread_blocked, id=48108, stack(0x000000335d100000,0x000000335d200000) (1024K)]
  0x000001a5eb9a1fa0 JavaThread "Daemon health stats"               [_thread_blocked, id=48676, stack(0x000000335d800000,0x000000335d900000) (1024K)]
  0x000001a5ea98a4b0 JavaThread "Incoming local TCP Connector on port 54233"        [_thread_in_native, id=37388, stack(0x000000335d900000,0x000000335da00000) (1024K)]
  0x000001a5eb98c6a0 JavaThread "Daemon periodic checks"            [_thread_blocked, id=4508, stack(0x000000335da00000,0x000000335db00000) (1024K)]
  0x000001a5eb8df2b0 JavaThread "Daemon"                            [_thread_blocked, id=31268, stack(0x000000335db00000,0x000000335dc00000) (1024K)]
  0x000001a5eb8fab40 JavaThread "Handler for socket connection from /127.0.0.1:54233 to /127.0.0.1:54234"        [_thread_in_native, id=39284, stack(0x000000335dc00000,0x000000335dd00000) (1024K)]
  0x000001a5eb9bce10 JavaThread "Cancel handler"                    [_thread_blocked, id=47120, stack(0x000000335dd00000,0x000000335de00000) (1024K)]
  0x000001a5eb9be070 JavaThread "Daemon worker"                     [_thread_blocked, id=45644, stack(0x000000335de00000,0x000000335df00000) (1024K)]
  0x000001a5eb9fd440 JavaThread "Asynchronous log dispatcher for DefaultDaemonConnection: socket connection from /127.0.0.1:54233 to /127.0.0.1:54234"        [_thread_blocked, id=44460, stack(0x000000335df00000,0x000000335e000000) (1024K)]
  0x000001a5eb9fb370 JavaThread "Stdin handler"                     [_thread_blocked, id=48704, stack(0x000000335e000000,0x000000335e100000) (1024K)]
  0x000001a5eb9fdad0 JavaThread "Daemon client event forwarder"        [_thread_blocked, id=45160, stack(0x000000335e100000,0x000000335e200000) (1024K)]
  0x000001a5eb9fba00 JavaThread "Cache worker for journal cache (C:\Users\aagil\.gradle\caches\journal-1)"        [_thread_blocked, id=17432, stack(0x000000335e200000,0x000000335e300000) (1024K)]
  0x000001a5eb9fa650 JavaThread "File lock request listener"        [_thread_in_native, id=6704, stack(0x000000335e300000,0x000000335e400000) (1024K)]
  0x000001a5eb9fc090 JavaThread "Cache worker for file hash cache (C:\Users\aagil\.gradle\caches\9.0.0\fileHashes)"        [_thread_blocked, id=23112, stack(0x000000335e400000,0x000000335e500000) (1024K)]
  0x000001a5ee94d460 JavaThread "Cache worker for file hash cache (C:\dev\movieApp\.gradle\9.0.0\fileHashes)"        [_thread_blocked, id=23604, stack(0x000000335eb00000,0x000000335ec00000) (1024K)]
  0x000001a5ee94e810 JavaThread "Cache worker for Build Output Cleanup Cache (C:\dev\movieApp\.gradle\buildOutputCleanup)"        [_thread_blocked, id=15828, stack(0x000000335ec00000,0x000000335ed00000) (1024K)]
  0x000001a5ee94ba20 JavaThread "File watcher server"        daemon [_thread_in_native, id=9840, stack(0x000000335ed00000,0x000000335ee00000) (1024K)]
  0x000001a5ee94c0b0 JavaThread "File watcher consumer"      daemon [_thread_blocked, id=19532, stack(0x000000335ee00000,0x000000335ef00000) (1024K)]
  0x000001a5ee94b390 JavaThread "jar transforms"                    [_thread_blocked, id=27188, stack(0x000000335ef00000,0x000000335f000000) (1024K)]
  0x000001a5ee94eea0 JavaThread "jar transforms Thread 2"           [_thread_blocked, id=37816, stack(0x000000335f000000,0x000000335f100000) (1024K)]
  0x000001a5ee94f530 JavaThread "jar transforms Thread 3"           [_thread_blocked, id=1464, stack(0x000000335f100000,0x000000335f200000) (1024K)]
  0x000001a5ee94e180 JavaThread "Cache worker for checksums cache (C:\dev\movieApp\.gradle\9.0.0\checksums)"        [_thread_blocked, id=42624, stack(0x000000335e500000,0x000000335e600000) (1024K)]
  0x000001a5ee94c740 JavaThread "Cache worker for file content cache (C:\Users\aagil\.gradle\caches\9.0.0\fileContent)"        [_thread_blocked, id=4488, stack(0x000000335f200000,0x000000335f300000) (1024K)]
  0x000001a5ee950250 JavaThread "Cache worker for cache directory md-supplier (C:\Users\aagil\.gradle\caches\9.0.0\md-supplier)"        [_thread_blocked, id=35444, stack(0x000000335f400000,0x000000335f500000) (1024K)]
  0x000001a5ee94cdd0 JavaThread "Cache worker for cache directory md-rule (C:\Users\aagil\.gradle\caches\9.0.0\md-rule)"        [_thread_blocked, id=34652, stack(0x000000335f500000,0x000000335f600000) (1024K)]
  0x000001a5ee9508e0 JavaThread "jar transforms Thread 4"           [_thread_blocked, id=18124, stack(0x000000335f600000,0x000000335f700000) (1024K)]
  0x000001a5ee94fbc0 JavaThread "jar transforms Thread 5"           [_thread_blocked, id=16912, stack(0x000000335f700000,0x000000335f800000) (1024K)]
  0x000001a5ee950f70 JavaThread "jar transforms Thread 6"           [_thread_blocked, id=44568, stack(0x000000335f800000,0x000000335f900000) (1024K)]
  0x000001a5ee94daf0 JavaThread "jar transforms Thread 7"           [_thread_blocked, id=21048, stack(0x000000335f900000,0x000000335fa00000) (1024K)]
  0x000001a5ee951600 JavaThread "jar transforms Thread 8"           [_thread_blocked, id=25988, stack(0x000000335fa00000,0x000000335fb00000) (1024K)]
  0x000001a5ee952320 JavaThread "jar transforms Thread 9"           [_thread_blocked, id=47880, stack(0x000000335fb00000,0x000000335fc00000) (1024K)]
  0x000001a5ee951c90 JavaThread "jar transforms Thread 10"          [_thread_blocked, id=5976, stack(0x000000335fc00000,0x000000335fd00000) (1024K)]
  0x000001a5ed26aa80 JavaThread "Unconstrained build operations"        [_thread_blocked, id=2408, stack(0x000000335f300000,0x000000335f400000) (1024K)]
  0x000001a5ed26cb50 JavaThread "Unconstrained build operations Thread 2"        [_thread_blocked, id=10604, stack(0x000000335fd00000,0x000000335fe00000) (1024K)]
  0x000001a5ed2696d0 JavaThread "Unconstrained build operations Thread 3"        [_thread_blocked, id=17412, stack(0x000000335fe00000,0x000000335ff00000) (1024K)]
  0x000001a5ed26c4c0 JavaThread "jar transforms Thread 11"          [_thread_blocked, id=44876, stack(0x000000335ff00000,0x0000003360000000) (1024K)]
  0x000001a5ed26d1e0 JavaThread "jar transforms Thread 12"          [_thread_blocked, id=41044, stack(0x0000003360000000,0x0000003360100000) (1024K)]
  0x000001a5ed269d60 JavaThread "Memory manager"                    [_thread_blocked, id=15936, stack(0x0000003360100000,0x0000003360200000) (1024K)]
  0x000001a5ed26a3f0 JavaThread "Unconstrained build operations Thread 4"        [_thread_blocked, id=28344, stack(0x0000003360200000,0x0000003360300000) (1024K)]
  0x000001a5ed26df00 JavaThread "Unconstrained build operations Thread 5"        [_thread_blocked, id=22696, stack(0x0000003360300000,0x0000003360400000) (1024K)]
  0x000001a5ed26e590 JavaThread "Unconstrained build operations Thread 6"        [_thread_blocked, id=48064, stack(0x0000003360400000,0x0000003360500000) (1024K)]
  0x000001a5ed26ec20 JavaThread "included builds"                   [_thread_blocked, id=17944, stack(0x0000003360500000,0x0000003360600000) (1024K)]
  0x000001a5ed26b7a0 JavaThread "Execution worker"                  [_thread_blocked, id=13856, stack(0x0000003360600000,0x0000003360700000) (1024K)]
  0x000001a5ed270660 JavaThread "Execution worker Thread 2"         [_thread_blocked, id=22812, stack(0x0000003360700000,0x0000003360800000) (1024K)]
  0x000001a5ed26f940 JavaThread "Execution worker Thread 3"         [_thread_in_native, id=44556, stack(0x0000003360800000,0x0000003360900000) (1024K)]
  0x000001a5ed26f2b0 JavaThread "Execution worker Thread 4"         [_thread_blocked, id=48288, stack(0x0000003360900000,0x0000003360a00000) (1024K)]
  0x000001a5ed26ffd0 JavaThread "Execution worker Thread 5"         [_thread_blocked, id=32396, stack(0x0000003360a00000,0x0000003360b00000) (1024K)]
  0x000001a5d0c6e9e0 JavaThread "Execution worker Thread 6"         [_thread_blocked, id=35568, stack(0x0000003360b00000,0x0000003360c00000) (1024K)]
  0x000001a5d0c70420 JavaThread "Execution worker Thread 7"         [_thread_blocked, id=32748, stack(0x0000003360c00000,0x0000003360d00000) (1024K)]
  0x000001a5d0c6d630 JavaThread "Execution worker Thread 8"         [_thread_blocked, id=33912, stack(0x0000003360d00000,0x0000003360e00000) (1024K)]
  0x000001a5d0c6cfa0 JavaThread "Execution worker Thread 9"         [_thread_blocked, id=13284, stack(0x0000003360e00000,0x0000003360f00000) (1024K)]
  0x000001a5d0c6f070 JavaThread "Execution worker Thread 10"        [_thread_blocked, id=41060, stack(0x0000003360f00000,0x0000003361000000) (1024K)]
  0x000001a5d0c70ab0 JavaThread "Execution worker Thread 11"        [_thread_blocked, id=8968, stack(0x0000003361000000,0x0000003361100000) (1024K)]
  0x000001a5d0c6fd90 JavaThread "Cache worker for execution history cache (C:\dev\movieApp\.gradle\9.0.0\executionHistory)"        [_thread_blocked, id=47272, stack(0x0000003361100000,0x0000003361200000) (1024K)]
Total: 64

Other Threads:
  0x000001a5d083a220 VMThread "VM Thread"                           [id=34788, stack(0x000000335c700000,0x000000335c800000) (1024K)]
  0x000001a5d09319e0 WatcherThread "VM Periodic Task Thread"        [id=48856, stack(0x000000335c600000,0x000000335c700000) (1024K)]
  0x000001a5b3b25d70 WorkerThread "GC Thread#0"                     [id=48636, stack(0x000000335c100000,0x000000335c200000) (1024K)]
  0x000001a5ea01eb10 WorkerThread "GC Thread#1"                     [id=15648, stack(0x000000335d300000,0x000000335d400000) (1024K)]
  0x000001a5ea01eec0 WorkerThread "GC Thread#2"                     [id=34784, stack(0x000000335d400000,0x000000335d500000) (1024K)]
  0x000001a5ea01f270 WorkerThread "GC Thread#3"                     [id=9868, stack(0x000000335d500000,0x000000335d600000) (1024K)]
  0x000001a5ea01f620 WorkerThread "GC Thread#4"                     [id=36356, stack(0x000000335d600000,0x000000335d700000) (1024K)]
  0x000001a5ea1ae5a0 WorkerThread "GC Thread#5"                     [id=24864, stack(0x000000335d700000,0x000000335d800000) (1024K)]
  0x000001a5eb7945c0 WorkerThread "GC Thread#6"                     [id=27176, stack(0x000000335d200000,0x000000335d300000) (1024K)]
  0x000001a5ebd69150 WorkerThread "GC Thread#7"                     [id=16544, stack(0x000000335e600000,0x000000335e700000) (1024K)]
  0x000001a5ebd698b0 WorkerThread "GC Thread#8"                     [id=15956, stack(0x000000335e700000,0x000000335e800000) (1024K)]
  0x000001a5ebd69500 WorkerThread "GC Thread#9"                     [id=48032, stack(0x000000335e800000,0x000000335e900000) (1024K)]
  0x000001a5b3b2bc80 ConcurrentGCThread "G1 Main Marker"            [id=45472, stack(0x000000335c200000,0x000000335c300000) (1024K)]
  0x000001a5b3b2d6b0 WorkerThread "G1 Conc#0"                       [id=33976, stack(0x000000335c300000,0x000000335c400000) (1024K)]
  0x000001a5ebd68da0 WorkerThread "G1 Conc#1"                       [id=39904, stack(0x000000335e900000,0x000000335ea00000) (1024K)]
  0x000001a5ebd69c60 WorkerThread "G1 Conc#2"                       [id=32584, stack(0x000000335ea00000,0x000000335eb00000) (1024K)]
  0x000001a5b3bbeb50 ConcurrentGCThread "G1 Refine#0"               [id=40188, stack(0x000000335c400000,0x000000335c500000) (1024K)]
  0x000001a5d0777790 ConcurrentGCThread "G1 Service"                [id=39728, stack(0x000000335c500000,0x000000335c600000) (1024K)]
Total: 18

Threads with active compile tasks:
C2 CompilerThread0    15949 6550 %     4       org.gradle.internal.instantiation.generator.AbstractClassGenerator::inspectType @ 249 (602 bytes)
Total: 1

VM state: not at safepoint (normal execution)

VM Mutex/Monitor currently owned by a thread: None

Heap address: 0x00000000e0000000, size: 512 MB, Compressed Oops mode: 32-bit

CDS archive(s) mapped at: [0x000001a5d1000000-0x000001a5d1c90000-0x000001a5d1c90000), size 13172736, SharedBaseAddress: 0x000001a5d1000000, ArchiveRelocationMode: 1.
Compressed class space mapped at: 0x000001a5d2000000-0x000001a5e6000000, reserved size: 335544320
Narrow klass base: 0x000001a5d1000000, Narrow klass shift: 0, Narrow klass range: 0x100000000

GC Precious Log:
 CardTable entry size: 512
 Card Set container configuration: InlinePtr #cards 5 size 8 Array Of Cards #cards 12 size 40 Howl #buckets 4 coarsen threshold 1843 Howl Bitmap #cards 512 size 80 coarsen threshold 460 Card regions per heap region 1 cards per card region 2048
 CPUs: 12 total, 12 available
 Memory: 7885M
 Large Page Support: Disabled
 NUMA Support: Disabled
 Compressed Oops: Enabled (32-bit)
 Heap Region Size: 1M
 Heap Min Capacity: 256M
 Heap Initial Capacity: 256M
 Heap Max Capacity: 512M
 Pre-touch: Disabled
 Parallel Workers: 10
 Concurrent Workers: 3
 Concurrent Refinement Workers: 10
 Periodic GC: Disabled

Heap:
 garbage-first heap   total 262144K, used 107022K [0x00000000e0000000, 0x0000000100000000)
  region size 1024K, 84 young (86016K), 19 survivors (19456K)
 Metaspace       used 57855K, committed 60032K, reserved 393216K
  class space    used 8573K, committed 9664K, reserved 327680K

Heap Regions: E=young(eden), S=young(survivor), O=old, HS=humongous(starts), HC=humongous(continues), CS=collection set, F=free, TAMS=top-at-mark-start, PB=parsable bottom
|   0|0x00000000e0000000, 0x00000000e0100000, 0x00000000e0100000|100%|HS|  |TAMS 0x00000000e0000000| PB 0x00000000e0000000| Complete 
|   1|0x00000000e0100000, 0x00000000e0200000, 0x00000000e0200000|100%|HC|  |TAMS 0x00000000e0100000| PB 0x00000000e0100000| Complete 
|   2|0x00000000e0200000, 0x00000000e0300000, 0x00000000e0300000|100%|HC|  |TAMS 0x00000000e0200000| PB 0x00000000e0200000| Complete 
|   3|0x00000000e0300000, 0x00000000e0300000, 0x00000000e0400000|  0%| F|  |TAMS 0x00000000e0300000| PB 0x00000000e0300000| Untracked 
|   4|0x00000000e0400000, 0x00000000e0500000, 0x00000000e0500000|100%| O|  |TAMS 0x00000000e0400000| PB 0x00000000e0400000| Untracked 
|   5|0x00000000e0500000, 0x00000000e0600000, 0x00000000e0600000|100%| O|  |TAMS 0x00000000e0500000| PB 0x00000000e0500000| Untracked 
|   6|0x00000000e0600000, 0x00000000e0700000, 0x00000000e0700000|100%|HS|  |TAMS 0x00000000e0600000| PB 0x00000000e0600000| Complete 
|   7|0x00000000e0700000, 0x00000000e0800000, 0x00000000e0800000|100%| O|  |TAMS 0x00000000e0700000| PB 0x00000000e0700000| Untracked 
|   8|0x00000000e0800000, 0x00000000e0900000, 0x00000000e0900000|100%| O|  |TAMS 0x00000000e0800000| PB 0x00000000e0800000| Untracked 
|   9|0x00000000e0900000, 0x00000000e0a00000, 0x00000000e0a00000|100%| O|  |TAMS 0x00000000e0900000| PB 0x00000000e0900000| Untracked 
|  10|0x00000000e0a00000, 0x00000000e0b00000, 0x00000000e0b00000|100%| O|  |TAMS 0x00000000e0a00000| PB 0x00000000e0a00000| Untracked 
|  11|0x00000000e0b00000, 0x00000000e0c00000, 0x00000000e0c00000|100%| O|  |TAMS 0x00000000e0b00000| PB 0x00000000e0b00000| Untracked 
|  12|0x00000000e0c00000, 0x00000000e0d00000, 0x00000000e0d00000|100%| O|  |TAMS 0x00000000e0c00000| PB 0x00000000e0c00000| Untracked 
|  13|0x00000000e0d00000, 0x00000000e0e00000, 0x00000000e0e00000|100%| O|  |TAMS 0x00000000e0d00000| PB 0x00000000e0d00000| Untracked 
|  14|0x00000000e0e00000, 0x00000000e0f00000, 0x00000000e0f00000|100%| O|  |TAMS 0x00000000e0e00000| PB 0x00000000e0e00000| Untracked 
|  15|0x00000000e0f00000, 0x00000000e1000000, 0x00000000e1000000|100%| O|  |TAMS 0x00000000e0f00000| PB 0x00000000e0f00000| Untracked 
|  16|0x00000000e1000000, 0x00000000e1100000, 0x00000000e1100000|100%| O|  |TAMS 0x00000000e1000000| PB 0x00000000e1000000| Untracked 
|  17|0x00000000e1100000, 0x00000000e1200000, 0x00000000e1200000|100%| O|  |TAMS 0x00000000e1100000| PB 0x00000000e1100000| Untracked 
|  18|0x00000000e1200000, 0x00000000e1300000, 0x00000000e1300000|100%| O|  |TAMS 0x00000000e1200000| PB 0x00000000e1200000| Untracked 
|  19|0x00000000e1300000, 0x00000000e1400000, 0x00000000e1400000|100%| O|  |TAMS 0x00000000e1300000| PB 0x00000000e1300000| Untracked 
|  20|0x00000000e1400000, 0x00000000e1500000, 0x00000000e1500000|100%| O|  |TAMS 0x00000000e1400000| PB 0x00000000e1400000| Untracked 
|  21|0x00000000e1500000, 0x00000000e1600000, 0x00000000e1600000|100%| O|  |TAMS 0x00000000e1500000| PB 0x00000000e1500000| Untracked 
|  22|0x00000000e1600000, 0x00000000e16a53c0, 0x00000000e1700000| 64%| O|  |TAMS 0x00000000e1600000| PB 0x00000000e1600000| Untracked 
|  23|0x00000000e1700000, 0x00000000e1700000, 0x00000000e1800000|  0%| F|  |TAMS 0x00000000e1700000| PB 0x00000000e1700000| Untracked 
|  24|0x00000000e1800000, 0x00000000e1800000, 0x00000000e1900000|  0%| F|  |TAMS 0x00000000e1800000| PB 0x00000000e1800000| Untracked 
|  25|0x00000000e1900000, 0x00000000e1900000, 0x00000000e1a00000|  0%| F|  |TAMS 0x00000000e1900000| PB 0x00000000e1900000| Untracked 
|  26|0x00000000e1a00000, 0x00000000e1a00000, 0x00000000e1b00000|  0%| F|  |TAMS 0x00000000e1a00000| PB 0x00000000e1a00000| Untracked 
|  27|0x00000000e1b00000, 0x00000000e1b00000, 0x00000000e1c00000|  0%| F|  |TAMS 0x00000000e1b00000| PB 0x00000000e1b00000| Untracked 
|  28|0x00000000e1c00000, 0x00000000e1c00000, 0x00000000e1d00000|  0%| F|  |TAMS 0x00000000e1c00000| PB 0x00000000e1c00000| Untracked 
|  29|0x00000000e1d00000, 0x00000000e1d00000, 0x00000000e1e00000|  0%| F|  |TAMS 0x00000000e1d00000| PB 0x00000000e1d00000| Untracked 
|  30|0x00000000e1e00000, 0x00000000e1e00000, 0x00000000e1f00000|  0%| F|  |TAMS 0x00000000e1e00000| PB 0x00000000e1e00000| Untracked 
|  31|0x00000000e1f00000, 0x00000000e1f00000, 0x00000000e2000000|  0%| F|  |TAMS 0x00000000e1f00000| PB 0x00000000e1f00000| Untracked 
|  32|0x00000000e2000000, 0x00000000e2000000, 0x00000000e2100000|  0%| F|  |TAMS 0x00000000e2000000| PB 0x00000000e2000000| Untracked 
|  33|0x00000000e2100000, 0x00000000e2100000, 0x00000000e2200000|  0%| F|  |TAMS 0x00000000e2100000| PB 0x00000000e2100000| Untracked 
|  34|0x00000000e2200000, 0x00000000e2200000, 0x00000000e2300000|  0%| F|  |TAMS 0x00000000e2200000| PB 0x00000000e2200000| Untracked 
|  35|0x00000000e2300000, 0x00000000e2300000, 0x00000000e2400000|  0%| F|  |TAMS 0x00000000e2300000| PB 0x00000000e2300000| Untracked 
|  36|0x00000000e2400000, 0x00000000e2400000, 0x00000000e2500000|  0%| F|  |TAMS 0x00000000e2400000| PB 0x00000000e2400000| Untracked 
|  37|0x00000000e2500000, 0x00000000e2500000, 0x00000000e2600000|  0%| F|  |TAMS 0x00000000e2500000| PB 0x00000000e2500000| Untracked 
|  38|0x00000000e2600000, 0x00000000e2600000, 0x00000000e2700000|  0%| F|  |TAMS 0x00000000e2600000| PB 0x00000000e2600000| Untracked 
|  39|0x00000000e2700000, 0x00000000e2700000, 0x00000000e2800000|  0%| F|  |TAMS 0x00000000e2700000| PB 0x00000000e2700000| Untracked 
|  40|0x00000000e2800000, 0x00000000e2800000, 0x00000000e2900000|  0%| F|  |TAMS 0x00000000e2800000| PB 0x00000000e2800000| Untracked 
|  41|0x00000000e2900000, 0x00000000e2900000, 0x00000000e2a00000|  0%| F|  |TAMS 0x00000000e2900000| PB 0x00000000e2900000| Untracked 
|  42|0x00000000e2a00000, 0x00000000e2a00000, 0x00000000e2b00000|  0%| F|  |TAMS 0x00000000e2a00000| PB 0x00000000e2a00000| Untracked 
|  43|0x00000000e2b00000, 0x00000000e2b00000, 0x00000000e2c00000|  0%| F|  |TAMS 0x00000000e2b00000| PB 0x00000000e2b00000| Untracked 
|  44|0x00000000e2c00000, 0x00000000e2c00000, 0x00000000e2d00000|  0%| F|  |TAMS 0x00000000e2c00000| PB 0x00000000e2c00000| Untracked 
|  45|0x00000000e2d00000, 0x00000000e2d00000, 0x00000000e2e00000|  0%| F|  |TAMS 0x00000000e2d00000| PB 0x00000000e2d00000| Untracked 
|  46|0x00000000e2e00000, 0x00000000e2e00000, 0x00000000e2f00000|  0%| F|  |TAMS 0x00000000e2e00000| PB 0x00000000e2e00000| Untracked 
|  47|0x00000000e2f00000, 0x00000000e2f00000, 0x00000000e3000000|  0%| F|  |TAMS 0x00000000e2f00000| PB 0x00000000e2f00000| Untracked 
|  48|0x00000000e3000000, 0x00000000e3000000, 0x00000000e3100000|  0%| F|  |TAMS 0x00000000e3000000| PB 0x00000000e3000000| Untracked 
|  49|0x00000000e3100000, 0x00000000e3100000, 0x00000000e3200000|  0%| F|  |TAMS 0x00000000e3100000| PB 0x00000000e3100000| Untracked 
|  50|0x00000000e3200000, 0x00000000e3200000, 0x00000000e3300000|  0%| F|  |TAMS 0x00000000e3200000| PB 0x00000000e3200000| Untracked 
|  51|0x00000000e3300000, 0x00000000e3300000, 0x00000000e3400000|  0%| F|  |TAMS 0x00000000e3300000| PB 0x00000000e3300000| Untracked 
|  52|0x00000000e3400000, 0x00000000e3400000, 0x00000000e3500000|  0%| F|  |TAMS 0x00000000e3400000| PB 0x00000000e3400000| Untracked 
|  53|0x00000000e3500000, 0x00000000e3500000, 0x00000000e3600000|  0%| F|  |TAMS 0x00000000e3500000| PB 0x00000000e3500000| Untracked 
|  54|0x00000000e3600000, 0x00000000e3600000, 0x00000000e3700000|  0%| F|  |TAMS 0x00000000e3600000| PB 0x00000000e3600000| Untracked 
|  55|0x00000000e3700000, 0x00000000e3700000, 0x00000000e3800000|  0%| F|  |TAMS 0x00000000e3700000| PB 0x00000000e3700000| Untracked 
|  56|0x00000000e3800000, 0x00000000e3800000, 0x00000000e3900000|  0%| F|  |TAMS 0x00000000e3800000| PB 0x00000000e3800000| Untracked 
|  57|0x00000000e3900000, 0x00000000e3900000, 0x00000000e3a00000|  0%| F|  |TAMS 0x00000000e3900000| PB 0x00000000e3900000| Untracked 
|  58|0x00000000e3a00000, 0x00000000e3a00000, 0x00000000e3b00000|  0%| F|  |TAMS 0x00000000e3a00000| PB 0x00000000e3a00000| Untracked 
|  59|0x00000000e3b00000, 0x00000000e3b00000, 0x00000000e3c00000|  0%| F|  |TAMS 0x00000000e3b00000| PB 0x00000000e3b00000| Untracked 
|  60|0x00000000e3c00000, 0x00000000e3c00000, 0x00000000e3d00000|  0%| F|  |TAMS 0x00000000e3c00000| PB 0x00000000e3c00000| Untracked 
|  61|0x00000000e3d00000, 0x00000000e3d00000, 0x00000000e3e00000|  0%| F|  |TAMS 0x00000000e3d00000| PB 0x00000000e3d00000| Untracked 
|  62|0x00000000e3e00000, 0x00000000e3e00000, 0x00000000e3f00000|  0%| F|  |TAMS 0x00000000e3e00000| PB 0x00000000e3e00000| Untracked 
|  63|0x00000000e3f00000, 0x00000000e3f00000, 0x00000000e4000000|  0%| F|  |TAMS 0x00000000e3f00000| PB 0x00000000e3f00000| Untracked 
|  64|0x00000000e4000000, 0x00000000e4000000, 0x00000000e4100000|  0%| F|  |TAMS 0x00000000e4000000| PB 0x00000000e4000000| Untracked 
|  65|0x00000000e4100000, 0x00000000e4100000, 0x00000000e4200000|  0%| F|  |TAMS 0x00000000e4100000| PB 0x00000000e4100000| Untracked 
|  66|0x00000000e4200000, 0x00000000e4200000, 0x00000000e4300000|  0%| F|  |TAMS 0x00000000e4200000| PB 0x00000000e4200000| Untracked 
|  67|0x00000000e4300000, 0x00000000e4300000, 0x00000000e4400000|  0%| F|  |TAMS 0x00000000e4300000| PB 0x00000000e4300000| Untracked 
|  68|0x00000000e4400000, 0x00000000e4400000, 0x00000000e4500000|  0%| F|  |TAMS 0x00000000e4400000| PB 0x00000000e4400000| Untracked 
|  69|0x00000000e4500000, 0x00000000e4500000, 0x00000000e4600000|  0%| F|  |TAMS 0x00000000e4500000| PB 0x00000000e4500000| Untracked 
|  70|0x00000000e4600000, 0x00000000e4600000, 0x00000000e4700000|  0%| F|  |TAMS 0x00000000e4600000| PB 0x00000000e4600000| Untracked 
|  71|0x00000000e4700000, 0x00000000e4700000, 0x00000000e4800000|  0%| F|  |TAMS 0x00000000e4700000| PB 0x00000000e4700000| Untracked 
|  72|0x00000000e4800000, 0x00000000e4800000, 0x00000000e4900000|  0%| F|  |TAMS 0x00000000e4800000| PB 0x00000000e4800000| Untracked 
|  73|0x00000000e4900000, 0x00000000e4900000, 0x00000000e4a00000|  0%| F|  |TAMS 0x00000000e4900000| PB 0x00000000e4900000| Untracked 
|  74|0x00000000e4a00000, 0x00000000e4a00000, 0x00000000e4b00000|  0%| F|  |TAMS 0x00000000e4a00000| PB 0x00000000e4a00000| Untracked 
|  75|0x00000000e4b00000, 0x00000000e4b00000, 0x00000000e4c00000|  0%| F|  |TAMS 0x00000000e4b00000| PB 0x00000000e4b00000| Untracked 
|  76|0x00000000e4c00000, 0x00000000e4c00000, 0x00000000e4d00000|  0%| F|  |TAMS 0x00000000e4c00000| PB 0x00000000e4c00000| Untracked 
|  77|0x00000000e4d00000, 0x00000000e4d00000, 0x00000000e4e00000|  0%| F|  |TAMS 0x00000000e4d00000| PB 0x00000000e4d00000| Untracked 
|  78|0x00000000e4e00000, 0x00000000e4e00000, 0x00000000e4f00000|  0%| F|  |TAMS 0x00000000e4e00000| PB 0x00000000e4e00000| Untracked 
|  79|0x00000000e4f00000, 0x00000000e4f00000, 0x00000000e5000000|  0%| F|  |TAMS 0x00000000e4f00000| PB 0x00000000e4f00000| Untracked 
|  80|0x00000000e5000000, 0x00000000e5000000, 0x00000000e5100000|  0%| F|  |TAMS 0x00000000e5000000| PB 0x00000000e5000000| Untracked 
|  81|0x00000000e5100000, 0x00000000e5100000, 0x00000000e5200000|  0%| F|  |TAMS 0x00000000e5100000| PB 0x00000000e5100000| Untracked 
|  82|0x00000000e5200000, 0x00000000e5200000, 0x00000000e5300000|  0%| F|  |TAMS 0x00000000e5200000| PB 0x00000000e5200000| Untracked 
|  83|0x00000000e5300000, 0x00000000e5300000, 0x00000000e5400000|  0%| F|  |TAMS 0x00000000e5300000| PB 0x00000000e5300000| Untracked 
|  84|0x00000000e5400000, 0x00000000e54de600, 0x00000000e5500000| 86%| S|CS|TAMS 0x00000000e5400000| PB 0x00000000e5400000| Complete 
|  85|0x00000000e5500000, 0x00000000e5600000, 0x00000000e5600000|100%| S|CS|TAMS 0x00000000e5500000| PB 0x00000000e5500000| Complete 
|  86|0x00000000e5600000, 0x00000000e5700000, 0x00000000e5700000|100%| S|CS|TAMS 0x00000000e5600000| PB 0x00000000e5600000| Complete 
|  87|0x00000000e5700000, 0x00000000e5800000, 0x00000000e5800000|100%| S|CS|TAMS 0x00000000e5700000| PB 0x00000000e5700000| Complete 
|  88|0x00000000e5800000, 0x00000000e5900000, 0x00000000e5900000|100%| S|CS|TAMS 0x00000000e5800000| PB 0x00000000e5800000| Complete 
|  89|0x00000000e5900000, 0x00000000e5a00000, 0x00000000e5a00000|100%| S|CS|TAMS 0x00000000e5900000| PB 0x00000000e5900000| Complete 
|  90|0x00000000e5a00000, 0x00000000e5b00000, 0x00000000e5b00000|100%| S|CS|TAMS 0x00000000e5a00000| PB 0x00000000e5a00000| Complete 
|  91|0x00000000e5b00000, 0x00000000e5c00000, 0x00000000e5c00000|100%| S|CS|TAMS 0x00000000e5b00000| PB 0x00000000e5b00000| Complete 
|  92|0x00000000e5c00000, 0x00000000e5d00000, 0x00000000e5d00000|100%| S|CS|TAMS 0x00000000e5c00000| PB 0x00000000e5c00000| Complete 
|  93|0x00000000e5d00000, 0x00000000e5e00000, 0x00000000e5e00000|100%| S|CS|TAMS 0x00000000e5d00000| PB 0x00000000e5d00000| Complete 
|  94|0x00000000e5e00000, 0x00000000e5f00000, 0x00000000e5f00000|100%| S|CS|TAMS 0x00000000e5e00000| PB 0x00000000e5e00000| Complete 
|  95|0x00000000e5f00000, 0x00000000e6000000, 0x00000000e6000000|100%| S|CS|TAMS 0x00000000e5f00000| PB 0x00000000e5f00000| Complete 
|  96|0x00000000e6000000, 0x00000000e6100000, 0x00000000e6100000|100%| S|CS|TAMS 0x00000000e6000000| PB 0x00000000e6000000| Complete 
|  97|0x00000000e6100000, 0x00000000e6200000, 0x00000000e6200000|100%| S|CS|TAMS 0x00000000e6100000| PB 0x00000000e6100000| Complete 
|  98|0x00000000e6200000, 0x00000000e6300000, 0x00000000e6300000|100%| S|CS|TAMS 0x00000000e6200000| PB 0x00000000e6200000| Complete 
|  99|0x00000000e6300000, 0x00000000e6400000, 0x00000000e6400000|100%| S|CS|TAMS 0x00000000e6300000| PB 0x00000000e6300000| Complete 
| 100|0x00000000e6400000, 0x00000000e6500000, 0x00000000e6500000|100%| S|CS|TAMS 0x00000000e6400000| PB 0x00000000e6400000| Complete 
| 101|0x00000000e6500000, 0x00000000e6600000, 0x00000000e6600000|100%| S|CS|TAMS 0x00000000e6500000| PB 0x00000000e6500000| Complete 
| 102|0x00000000e6600000, 0x00000000e6700000, 0x00000000e6700000|100%| S|CS|TAMS 0x00000000e6600000| PB 0x00000000e6600000| Complete 
| 103|0x00000000e6700000, 0x00000000e6700000, 0x00000000e6800000|  0%| F|  |TAMS 0x00000000e6700000| PB 0x00000000e6700000| Untracked 
| 104|0x00000000e6800000, 0x00000000e6800000, 0x00000000e6900000|  0%| F|  |TAMS 0x00000000e6800000| PB 0x00000000e6800000| Untracked 
| 105|0x00000000e6900000, 0x00000000e6900000, 0x00000000e6a00000|  0%| F|  |TAMS 0x00000000e6900000| PB 0x00000000e6900000| Untracked 
| 106|0x00000000e6a00000, 0x00000000e6a00000, 0x00000000e6b00000|  0%| F|  |TAMS 0x00000000e6a00000| PB 0x00000000e6a00000| Untracked 
| 107|0x00000000e6b00000, 0x00000000e6b00000, 0x00000000e6c00000|  0%| F|  |TAMS 0x00000000e6b00000| PB 0x00000000e6b00000| Untracked 
| 108|0x00000000e6c00000, 0x00000000e6c00000, 0x00000000e6d00000|  0%| F|  |TAMS 0x00000000e6c00000| PB 0x00000000e6c00000| Untracked 
| 109|0x00000000e6d00000, 0x00000000e6d00000, 0x00000000e6e00000|  0%| F|  |TAMS 0x00000000e6d00000| PB 0x00000000e6d00000| Untracked 
| 110|0x00000000e6e00000, 0x00000000e6e00000, 0x00000000e6f00000|  0%| F|  |TAMS 0x00000000e6e00000| PB 0x00000000e6e00000| Untracked 
| 111|0x00000000e6f00000, 0x00000000e6f00000, 0x00000000e7000000|  0%| F|  |TAMS 0x00000000e6f00000| PB 0x00000000e6f00000| Untracked 
| 112|0x00000000e7000000, 0x00000000e7000000, 0x00000000e7100000|  0%| F|  |TAMS 0x00000000e7000000| PB 0x00000000e7000000| Untracked 
| 113|0x00000000e7100000, 0x00000000e7100000, 0x00000000e7200000|  0%| F|  |TAMS 0x00000000e7100000| PB 0x00000000e7100000| Untracked 
| 114|0x00000000e7200000, 0x00000000e7200000, 0x00000000e7300000|  0%| F|  |TAMS 0x00000000e7200000| PB 0x00000000e7200000| Untracked 
| 115|0x00000000e7300000, 0x00000000e7300000, 0x00000000e7400000|  0%| F|  |TAMS 0x00000000e7300000| PB 0x00000000e7300000| Untracked 
| 116|0x00000000e7400000, 0x00000000e7400000, 0x00000000e7500000|  0%| F|  |TAMS 0x00000000e7400000| PB 0x00000000e7400000| Untracked 
| 117|0x00000000e7500000, 0x00000000e7500000, 0x00000000e7600000|  0%| F|  |TAMS 0x00000000e7500000| PB 0x00000000e7500000| Untracked 
| 118|0x00000000e7600000, 0x00000000e7600000, 0x00000000e7700000|  0%| F|  |TAMS 0x00000000e7600000| PB 0x00000000e7600000| Untracked 
| 119|0x00000000e7700000, 0x00000000e7700000, 0x00000000e7800000|  0%| F|  |TAMS 0x00000000e7700000| PB 0x00000000e7700000| Untracked 
| 120|0x00000000e7800000, 0x00000000e7800000, 0x00000000e7900000|  0%| F|  |TAMS 0x00000000e7800000| PB 0x00000000e7800000| Untracked 
| 121|0x00000000e7900000, 0x00000000e7900000, 0x00000000e7a00000|  0%| F|  |TAMS 0x00000000e7900000| PB 0x00000000e7900000| Untracked 
| 122|0x00000000e7a00000, 0x00000000e7a00000, 0x00000000e7b00000|  0%| F|  |TAMS 0x00000000e7a00000| PB 0x00000000e7a00000| Untracked 
| 123|0x00000000e7b00000, 0x00000000e7b00000, 0x00000000e7c00000|  0%| F|  |TAMS 0x00000000e7b00000| PB 0x00000000e7b00000| Untracked 
| 124|0x00000000e7c00000, 0x00000000e7c00000, 0x00000000e7d00000|  0%| F|  |TAMS 0x00000000e7c00000| PB 0x00000000e7c00000| Untracked 
| 125|0x00000000e7d00000, 0x00000000e7d00000, 0x00000000e7e00000|  0%| F|  |TAMS 0x00000000e7d00000| PB 0x00000000e7d00000| Untracked 
| 126|0x00000000e7e00000, 0x00000000e7e00000, 0x00000000e7f00000|  0%| F|  |TAMS 0x00000000e7e00000| PB 0x00000000e7e00000| Untracked 
| 127|0x00000000e7f00000, 0x00000000e7f00000, 0x00000000e8000000|  0%| F|  |TAMS 0x00000000e7f00000| PB 0x00000000e7f00000| Untracked 
| 128|0x00000000e8000000, 0x00000000e8000000, 0x00000000e8100000|  0%| F|  |TAMS 0x00000000e8000000| PB 0x00000000e8000000| Untracked 
| 129|0x00000000e8100000, 0x00000000e8100000, 0x00000000e8200000|  0%| F|  |TAMS 0x00000000e8100000| PB 0x00000000e8100000| Untracked 
| 130|0x00000000e8200000, 0x00000000e8200000, 0x00000000e8300000|  0%| F|  |TAMS 0x00000000e8200000| PB 0x00000000e8200000| Untracked 
| 131|0x00000000e8300000, 0x00000000e8300000, 0x00000000e8400000|  0%| F|  |TAMS 0x00000000e8300000| PB 0x00000000e8300000| Untracked 
| 132|0x00000000e8400000, 0x00000000e8400000, 0x00000000e8500000|  0%| F|  |TAMS 0x00000000e8400000| PB 0x00000000e8400000| Untracked 
| 133|0x00000000e8500000, 0x00000000e8500000, 0x00000000e8600000|  0%| F|  |TAMS 0x00000000e8500000| PB 0x00000000e8500000| Untracked 
| 134|0x00000000e8600000, 0x00000000e8600000, 0x00000000e8700000|  0%| F|  |TAMS 0x00000000e8600000| PB 0x00000000e8600000| Untracked 
| 135|0x00000000e8700000, 0x00000000e8700000, 0x00000000e8800000|  0%| F|  |TAMS 0x00000000e8700000| PB 0x00000000e8700000| Untracked 
| 136|0x00000000e8800000, 0x00000000e8800000, 0x00000000e8900000|  0%| F|  |TAMS 0x00000000e8800000| PB 0x00000000e8800000| Untracked 
| 137|0x00000000e8900000, 0x00000000e8900000, 0x00000000e8a00000|  0%| F|  |TAMS 0x00000000e8900000| PB 0x00000000e8900000| Untracked 
| 138|0x00000000e8a00000, 0x00000000e8a00000, 0x00000000e8b00000|  0%| F|  |TAMS 0x00000000e8a00000| PB 0x00000000e8a00000| Untracked 
| 139|0x00000000e8b00000, 0x00000000e8b00000, 0x00000000e8c00000|  0%| F|  |TAMS 0x00000000e8b00000| PB 0x00000000e8b00000| Untracked 
| 140|0x00000000e8c00000, 0x00000000e8c00000, 0x00000000e8d00000|  0%| F|  |TAMS 0x00000000e8c00000| PB 0x00000000e8c00000| Untracked 
| 141|0x00000000e8d00000, 0x00000000e8d00000, 0x00000000e8e00000|  0%| F|  |TAMS 0x00000000e8d00000| PB 0x00000000e8d00000| Untracked 
| 142|0x00000000e8e00000, 0x00000000e8e00000, 0x00000000e8f00000|  0%| F|  |TAMS 0x00000000e8e00000| PB 0x00000000e8e00000| Untracked 
| 143|0x00000000e8f00000, 0x00000000e8f00000, 0x00000000e9000000|  0%| F|  |TAMS 0x00000000e8f00000| PB 0x00000000e8f00000| Untracked 
| 144|0x00000000e9000000, 0x00000000e9000000, 0x00000000e9100000|  0%| F|  |TAMS 0x00000000e9000000| PB 0x00000000e9000000| Untracked 
| 145|0x00000000e9100000, 0x00000000e9100000, 0x00000000e9200000|  0%| F|  |TAMS 0x00000000e9100000| PB 0x00000000e9100000| Untracked 
| 146|0x00000000e9200000, 0x00000000e9200000, 0x00000000e9300000|  0%| F|  |TAMS 0x00000000e9200000| PB 0x00000000e9200000| Untracked 
| 147|0x00000000e9300000, 0x00000000e9300000, 0x00000000e9400000|  0%| F|  |TAMS 0x00000000e9300000| PB 0x00000000e9300000| Untracked 
| 148|0x00000000e9400000, 0x00000000e9400000, 0x00000000e9500000|  0%| F|  |TAMS 0x00000000e9400000| PB 0x00000000e9400000| Untracked 
| 149|0x00000000e9500000, 0x00000000e9500000, 0x00000000e9600000|  0%| F|  |TAMS 0x00000000e9500000| PB 0x00000000e9500000| Untracked 
| 150|0x00000000e9600000, 0x00000000e9600000, 0x00000000e9700000|  0%| F|  |TAMS 0x00000000e9600000| PB 0x00000000e9600000| Untracked 
| 151|0x00000000e9700000, 0x00000000e9700000, 0x00000000e9800000|  0%| F|  |TAMS 0x00000000e9700000| PB 0x00000000e9700000| Untracked 
| 152|0x00000000e9800000, 0x00000000e9800000, 0x00000000e9900000|  0%| F|  |TAMS 0x00000000e9800000| PB 0x00000000e9800000| Untracked 
| 153|0x00000000e9900000, 0x00000000e9900000, 0x00000000e9a00000|  0%| F|  |TAMS 0x00000000e9900000| PB 0x00000000e9900000| Untracked 
| 154|0x00000000e9a00000, 0x00000000e9a00000, 0x00000000e9b00000|  0%| F|  |TAMS 0x00000000e9a00000| PB 0x00000000e9a00000| Untracked 
| 155|0x00000000e9b00000, 0x00000000e9b00000, 0x00000000e9c00000|  0%| F|  |TAMS 0x00000000e9b00000| PB 0x00000000e9b00000| Untracked 
| 156|0x00000000e9c00000, 0x00000000e9c00000, 0x00000000e9d00000|  0%| F|  |TAMS 0x00000000e9c00000| PB 0x00000000e9c00000| Untracked 
| 157|0x00000000e9d00000, 0x00000000e9d00000, 0x00000000e9e00000|  0%| F|  |TAMS 0x00000000e9d00000| PB 0x00000000e9d00000| Untracked 
| 158|0x00000000e9e00000, 0x00000000e9e00000, 0x00000000e9f00000|  0%| F|  |TAMS 0x00000000e9e00000| PB 0x00000000e9e00000| Untracked 
| 159|0x00000000e9f00000, 0x00000000e9f00000, 0x00000000ea000000|  0%| F|  |TAMS 0x00000000e9f00000| PB 0x00000000e9f00000| Untracked 
| 160|0x00000000ea000000, 0x00000000ea000000, 0x00000000ea100000|  0%| F|  |TAMS 0x00000000ea000000| PB 0x00000000ea000000| Untracked 
| 161|0x00000000ea100000, 0x00000000ea100000, 0x00000000ea200000|  0%| F|  |TAMS 0x00000000ea100000| PB 0x00000000ea100000| Untracked 
| 162|0x00000000ea200000, 0x00000000ea200000, 0x00000000ea300000|  0%| F|  |TAMS 0x00000000ea200000| PB 0x00000000ea200000| Untracked 
| 163|0x00000000ea300000, 0x00000000ea300000, 0x00000000ea400000|  0%| F|  |TAMS 0x00000000ea300000| PB 0x00000000ea300000| Untracked 
| 164|0x00000000ea400000, 0x00000000ea400000, 0x00000000ea500000|  0%| F|  |TAMS 0x00000000ea400000| PB 0x00000000ea400000| Untracked 
| 165|0x00000000ea500000, 0x00000000ea500000, 0x00000000ea600000|  0%| F|  |TAMS 0x00000000ea500000| PB 0x00000000ea500000| Untracked 
| 166|0x00000000ea600000, 0x00000000ea600000, 0x00000000ea700000|  0%| F|  |TAMS 0x00000000ea600000| PB 0x00000000ea600000| Untracked 
| 167|0x00000000ea700000, 0x00000000ea700000, 0x00000000ea800000|  0%| F|  |TAMS 0x00000000ea700000| PB 0x00000000ea700000| Untracked 
| 168|0x00000000ea800000, 0x00000000ea800000, 0x00000000ea900000|  0%| F|  |TAMS 0x00000000ea800000| PB 0x00000000ea800000| Untracked 
| 169|0x00000000ea900000, 0x00000000ea900000, 0x00000000eaa00000|  0%| F|  |TAMS 0x00000000ea900000| PB 0x00000000ea900000| Untracked 
| 170|0x00000000eaa00000, 0x00000000eaa00000, 0x00000000eab00000|  0%| F|  |TAMS 0x00000000eaa00000| PB 0x00000000eaa00000| Untracked 
| 171|0x00000000eab00000, 0x00000000eab00000, 0x00000000eac00000|  0%| F|  |TAMS 0x00000000eab00000| PB 0x00000000eab00000| Untracked 
| 172|0x00000000eac00000, 0x00000000eac00000, 0x00000000ead00000|  0%| F|  |TAMS 0x00000000eac00000| PB 0x00000000eac00000| Untracked 
| 173|0x00000000ead00000, 0x00000000ead00000, 0x00000000eae00000|  0%| F|  |TAMS 0x00000000ead00000| PB 0x00000000ead00000| Untracked 
| 174|0x00000000eae00000, 0x00000000eae00000, 0x00000000eaf00000|  0%| F|  |TAMS 0x00000000eae00000| PB 0x00000000eae00000| Untracked 
| 175|0x00000000eaf00000, 0x00000000eaf00000, 0x00000000eb000000|  0%| F|  |TAMS 0x00000000eaf00000| PB 0x00000000eaf00000| Untracked 
| 176|0x00000000eb000000, 0x00000000eb000000, 0x00000000eb100000|  0%| F|  |TAMS 0x00000000eb000000| PB 0x00000000eb000000| Untracked 
| 177|0x00000000eb100000, 0x00000000eb100000, 0x00000000eb200000|  0%| F|  |TAMS 0x00000000eb100000| PB 0x00000000eb100000| Untracked 
| 178|0x00000000eb200000, 0x00000000eb200000, 0x00000000eb300000|  0%| F|  |TAMS 0x00000000eb200000| PB 0x00000000eb200000| Untracked 
| 179|0x00000000eb300000, 0x00000000eb300000, 0x00000000eb400000|  0%| F|  |TAMS 0x00000000eb300000| PB 0x00000000eb300000| Untracked 
| 180|0x00000000eb400000, 0x00000000eb400000, 0x00000000eb500000|  0%| F|  |TAMS 0x00000000eb400000| PB 0x00000000eb400000| Untracked 
| 181|0x00000000eb500000, 0x00000000eb500000, 0x00000000eb600000|  0%| F|  |TAMS 0x00000000eb500000| PB 0x00000000eb500000| Untracked 
| 182|0x00000000eb600000, 0x00000000eb600000, 0x00000000eb700000|  0%| F|  |TAMS 0x00000000eb600000| PB 0x00000000eb600000| Untracked 
| 183|0x00000000eb700000, 0x00000000eb700000, 0x00000000eb800000|  0%| F|  |TAMS 0x00000000eb700000| PB 0x00000000eb700000| Untracked 
| 184|0x00000000eb800000, 0x00000000eb800000, 0x00000000eb900000|  0%| F|  |TAMS 0x00000000eb800000| PB 0x00000000eb800000| Untracked 
| 185|0x00000000eb900000, 0x00000000eb900000, 0x00000000eba00000|  0%| F|  |TAMS 0x00000000eb900000| PB 0x00000000eb900000| Untracked 
| 186|0x00000000eba00000, 0x00000000eba00000, 0x00000000ebb00000|  0%| F|  |TAMS 0x00000000eba00000| PB 0x00000000eba00000| Untracked 
| 187|0x00000000ebb00000, 0x00000000ebb00000, 0x00000000ebc00000|  0%| F|  |TAMS 0x00000000ebb00000| PB 0x00000000ebb00000| Untracked 
| 188|0x00000000ebc00000, 0x00000000ebc00000, 0x00000000ebd00000|  0%| F|  |TAMS 0x00000000ebc00000| PB 0x00000000ebc00000| Untracked 
| 189|0x00000000ebd00000, 0x00000000ebd00000, 0x00000000ebe00000|  0%| F|  |TAMS 0x00000000ebd00000| PB 0x00000000ebd00000| Untracked 
| 190|0x00000000ebe00000, 0x00000000ebe00000, 0x00000000ebf00000|  0%| F|  |TAMS 0x00000000ebe00000| PB 0x00000000ebe00000| Untracked 
| 191|0x00000000ebf00000, 0x00000000ebfc25b0, 0x00000000ec000000| 75%| E|  |TAMS 0x00000000ebf00000| PB 0x00000000ebf00000| Complete 
| 192|0x00000000ec000000, 0x00000000ec100000, 0x00000000ec100000|100%| E|CS|TAMS 0x00000000ec000000| PB 0x00000000ec000000| Complete 
| 193|0x00000000ec100000, 0x00000000ec200000, 0x00000000ec200000|100%| E|CS|TAMS 0x00000000ec100000| PB 0x00000000ec100000| Complete 
| 194|0x00000000ec200000, 0x00000000ec300000, 0x00000000ec300000|100%| E|CS|TAMS 0x00000000ec200000| PB 0x00000000ec200000| Complete 
| 195|0x00000000ec300000, 0x00000000ec400000, 0x00000000ec400000|100%| E|CS|TAMS 0x00000000ec300000| PB 0x00000000ec300000| Complete 
| 196|0x00000000ec400000, 0x00000000ec500000, 0x00000000ec500000|100%| E|CS|TAMS 0x00000000ec400000| PB 0x00000000ec400000| Complete 
| 197|0x00000000ec500000, 0x00000000ec600000, 0x00000000ec600000|100%| E|CS|TAMS 0x00000000ec500000| PB 0x00000000ec500000| Complete 
| 198|0x00000000ec600000, 0x00000000ec700000, 0x00000000ec700000|100%| E|CS|TAMS 0x00000000ec600000| PB 0x00000000ec600000| Complete 
| 199|0x00000000ec700000, 0x00000000ec800000, 0x00000000ec800000|100%| E|CS|TAMS 0x00000000ec700000| PB 0x00000000ec700000| Complete 
| 200|0x00000000ec800000, 0x00000000ec900000, 0x00000000ec900000|100%| E|CS|TAMS 0x00000000ec800000| PB 0x00000000ec800000| Complete 
| 201|0x00000000ec900000, 0x00000000eca00000, 0x00000000eca00000|100%| E|CS|TAMS 0x00000000ec900000| PB 0x00000000ec900000| Complete 
| 202|0x00000000eca00000, 0x00000000ecb00000, 0x00000000ecb00000|100%| E|CS|TAMS 0x00000000eca00000| PB 0x00000000eca00000| Complete 
| 203|0x00000000ecb00000, 0x00000000ecc00000, 0x00000000ecc00000|100%| E|CS|TAMS 0x00000000ecb00000| PB 0x00000000ecb00000| Complete 
| 204|0x00000000ecc00000, 0x00000000ecd00000, 0x00000000ecd00000|100%| E|CS|TAMS 0x00000000ecc00000| PB 0x00000000ecc00000| Complete 
| 205|0x00000000ecd00000, 0x00000000ece00000, 0x00000000ece00000|100%| E|CS|TAMS 0x00000000ecd00000| PB 0x00000000ecd00000| Complete 
| 206|0x00000000ece00000, 0x00000000ecf00000, 0x00000000ecf00000|100%| E|CS|TAMS 0x00000000ece00000| PB 0x00000000ece00000| Complete 
| 207|0x00000000ecf00000, 0x00000000ed000000, 0x00000000ed000000|100%| E|CS|TAMS 0x00000000ecf00000| PB 0x00000000ecf00000| Complete 
| 208|0x00000000ed000000, 0x00000000ed100000, 0x00000000ed100000|100%| E|CS|TAMS 0x00000000ed000000| PB 0x00000000ed000000| Complete 
| 209|0x00000000ed100000, 0x00000000ed200000, 0x00000000ed200000|100%| E|CS|TAMS 0x00000000ed100000| PB 0x00000000ed100000| Complete 
| 210|0x00000000ed200000, 0x00000000ed300000, 0x00000000ed300000|100%| E|CS|TAMS 0x00000000ed200000| PB 0x00000000ed200000| Complete 
| 211|0x00000000ed300000, 0x00000000ed400000, 0x00000000ed400000|100%| E|CS|TAMS 0x00000000ed300000| PB 0x00000000ed300000| Complete 
| 212|0x00000000ed400000, 0x00000000ed500000, 0x00000000ed500000|100%| E|CS|TAMS 0x00000000ed400000| PB 0x00000000ed400000| Complete 
| 213|0x00000000ed500000, 0x00000000ed600000, 0x00000000ed600000|100%| E|CS|TAMS 0x00000000ed500000| PB 0x00000000ed500000| Complete 
| 214|0x00000000ed600000, 0x00000000ed700000, 0x00000000ed700000|100%| E|CS|TAMS 0x00000000ed600000| PB 0x00000000ed600000| Complete 
| 215|0x00000000ed700000, 0x00000000ed800000, 0x00000000ed800000|100%| E|CS|TAMS 0x00000000ed700000| PB 0x00000000ed700000| Complete 
| 216|0x00000000ed800000, 0x00000000ed900000, 0x00000000ed900000|100%| E|CS|TAMS 0x00000000ed800000| PB 0x00000000ed800000| Complete 
| 217|0x00000000ed900000, 0x00000000eda00000, 0x00000000eda00000|100%| E|CS|TAMS 0x00000000ed900000| PB 0x00000000ed900000| Complete 
| 218|0x00000000eda00000, 0x00000000edb00000, 0x00000000edb00000|100%| E|CS|TAMS 0x00000000eda00000| PB 0x00000000eda00000| Complete 
| 219|0x00000000edb00000, 0x00000000edc00000, 0x00000000edc00000|100%| E|CS|TAMS 0x00000000edb00000| PB 0x00000000edb00000| Complete 
| 220|0x00000000edc00000, 0x00000000edd00000, 0x00000000edd00000|100%| E|CS|TAMS 0x00000000edc00000| PB 0x00000000edc00000| Complete 
| 221|0x00000000edd00000, 0x00000000ede00000, 0x00000000ede00000|100%| E|CS|TAMS 0x00000000edd00000| PB 0x00000000edd00000| Complete 
| 222|0x00000000ede00000, 0x00000000edf00000, 0x00000000edf00000|100%| E|CS|TAMS 0x00000000ede00000| PB 0x00000000ede00000| Complete 
| 223|0x00000000edf00000, 0x00000000ee000000, 0x00000000ee000000|100%| E|CS|TAMS 0x00000000edf00000| PB 0x00000000edf00000| Complete 
| 224|0x00000000ee000000, 0x00000000ee100000, 0x00000000ee100000|100%| E|CS|TAMS 0x00000000ee000000| PB 0x00000000ee000000| Complete 
| 225|0x00000000ee100000, 0x00000000ee200000, 0x00000000ee200000|100%| E|CS|TAMS 0x00000000ee100000| PB 0x00000000ee100000| Complete 
| 226|0x00000000ee200000, 0x00000000ee300000, 0x00000000ee300000|100%| E|CS|TAMS 0x00000000ee200000| PB 0x00000000ee200000| Complete 
| 227|0x00000000ee300000, 0x00000000ee400000, 0x00000000ee400000|100%| E|CS|TAMS 0x00000000ee300000| PB 0x00000000ee300000| Complete 
| 228|0x00000000ee400000, 0x00000000ee500000, 0x00000000ee500000|100%| E|CS|TAMS 0x00000000ee400000| PB 0x00000000ee400000| Complete 
| 229|0x00000000ee500000, 0x00000000ee600000, 0x00000000ee600000|100%| E|CS|TAMS 0x00000000ee500000| PB 0x00000000ee500000| Complete 
| 230|0x00000000ee600000, 0x00000000ee700000, 0x00000000ee700000|100%| E|CS|TAMS 0x00000000ee600000| PB 0x00000000ee600000| Complete 
| 231|0x00000000ee700000, 0x00000000ee800000, 0x00000000ee800000|100%| E|CS|TAMS 0x00000000ee700000| PB 0x00000000ee700000| Complete 
| 232|0x00000000ee800000, 0x00000000ee900000, 0x00000000ee900000|100%| E|CS|TAMS 0x00000000ee800000| PB 0x00000000ee800000| Complete 
| 233|0x00000000ee900000, 0x00000000eea00000, 0x00000000eea00000|100%| E|CS|TAMS 0x00000000ee900000| PB 0x00000000ee900000| Complete 
| 234|0x00000000eea00000, 0x00000000eeb00000, 0x00000000eeb00000|100%| E|CS|TAMS 0x00000000eea00000| PB 0x00000000eea00000| Complete 
| 235|0x00000000eeb00000, 0x00000000eec00000, 0x00000000eec00000|100%| E|CS|TAMS 0x00000000eeb00000| PB 0x00000000eeb00000| Complete 
| 236|0x00000000eec00000, 0x00000000eed00000, 0x00000000eed00000|100%| E|CS|TAMS 0x00000000eec00000| PB 0x00000000eec00000| Complete 
| 237|0x00000000eed00000, 0x00000000eee00000, 0x00000000eee00000|100%| E|CS|TAMS 0x00000000eed00000| PB 0x00000000eed00000| Complete 
| 238|0x00000000eee00000, 0x00000000eef00000, 0x00000000eef00000|100%| E|CS|TAMS 0x00000000eee00000| PB 0x00000000eee00000| Complete 
| 239|0x00000000eef00000, 0x00000000ef000000, 0x00000000ef000000|100%| E|CS|TAMS 0x00000000eef00000| PB 0x00000000eef00000| Complete 
| 240|0x00000000ef000000, 0x00000000ef100000, 0x00000000ef100000|100%| E|CS|TAMS 0x00000000ef000000| PB 0x00000000ef000000| Complete 
| 241|0x00000000ef100000, 0x00000000ef200000, 0x00000000ef200000|100%| E|CS|TAMS 0x00000000ef100000| PB 0x00000000ef100000| Complete 
| 242|0x00000000ef200000, 0x00000000ef300000, 0x00000000ef300000|100%| E|CS|TAMS 0x00000000ef200000| PB 0x00000000ef200000| Complete 
| 243|0x00000000ef300000, 0x00000000ef400000, 0x00000000ef400000|100%| E|CS|TAMS 0x00000000ef300000| PB 0x00000000ef300000| Complete 
| 244|0x00000000ef400000, 0x00000000ef500000, 0x00000000ef500000|100%| E|CS|TAMS 0x00000000ef400000| PB 0x00000000ef400000| Complete 
| 245|0x00000000ef500000, 0x00000000ef600000, 0x00000000ef600000|100%| E|CS|TAMS 0x00000000ef500000| PB 0x00000000ef500000| Complete 
| 246|0x00000000ef600000, 0x00000000ef700000, 0x00000000ef700000|100%| E|CS|TAMS 0x00000000ef600000| PB 0x00000000ef600000| Complete 
| 247|0x00000000ef700000, 0x00000000ef800000, 0x00000000ef800000|100%| E|CS|TAMS 0x00000000ef700000| PB 0x00000000ef700000| Complete 
| 248|0x00000000ef800000, 0x00000000ef900000, 0x00000000ef900000|100%| E|CS|TAMS 0x00000000ef800000| PB 0x00000000ef800000| Complete 
| 249|0x00000000ef900000, 0x00000000efa00000, 0x00000000efa00000|100%| E|CS|TAMS 0x00000000ef900000| PB 0x00000000ef900000| Complete 
| 250|0x00000000efa00000, 0x00000000efb00000, 0x00000000efb00000|100%| E|CS|TAMS 0x00000000efa00000| PB 0x00000000efa00000| Complete 
| 251|0x00000000efb00000, 0x00000000efc00000, 0x00000000efc00000|100%| E|CS|TAMS 0x00000000efb00000| PB 0x00000000efb00000| Complete 
| 252|0x00000000efc00000, 0x00000000efd00000, 0x00000000efd00000|100%| E|CS|TAMS 0x00000000efc00000| PB 0x00000000efc00000| Complete 
| 253|0x00000000efd00000, 0x00000000efe00000, 0x00000000efe00000|100%| E|CS|TAMS 0x00000000efd00000| PB 0x00000000efd00000| Complete 
| 254|0x00000000efe00000, 0x00000000eff00000, 0x00000000eff00000|100%| E|CS|TAMS 0x00000000efe00000| PB 0x00000000efe00000| Complete 
| 255|0x00000000eff00000, 0x00000000f0000000, 0x00000000f0000000|100%| E|CS|TAMS 0x00000000eff00000| PB 0x00000000eff00000| Complete 

Card table byte_map: [0x000001a5cd310000,0x000001a5cd410000] _byte_map_base: 0x000001a5ccc10000

Marking Bits: (CMBitMap*) 0x000001a5b3b26390
 Bits: [0x000001a5cd410000, 0x000001a5cdc10000)

Polling page: 0x000001a5b35b0000

Metaspace:

Usage:
  Non-class:     48.13 MB used.
      Class:      8.37 MB used.
       Both:     56.50 MB used.

Virtual space:
  Non-class space:       64.00 MB reserved,      49.19 MB ( 77%) committed,  1 nodes.
      Class space:      320.00 MB reserved,       9.44 MB (  3%) committed,  1 nodes.
             Both:      384.00 MB reserved,      58.62 MB ( 15%) committed. 

Chunk freelists:
   Non-Class:  14.56 MB
       Class:  6.41 MB
        Both:  20.97 MB

MaxMetaspaceSize: 384.00 MB
CompressedClassSpaceSize: 320.00 MB
Initial GC threshold: 21.00 MB
Current GC threshold: 59.69 MB
CDS: on
 - commit_granule_bytes: 65536.
 - commit_granule_words: 8192.
 - virtual_space_node_default_size: 8388608.
 - enlarge_chunks_in_place: 1.
 - use_allocation_guard: 0.


Internal statistics:

num_allocs_failed_limit: 12.
num_arena_births: 3934.
num_arena_deaths: 0.
num_vsnodes_births: 2.
num_vsnodes_deaths: 0.
num_space_committed: 938.
num_space_uncommitted: 0.
num_chunks_returned_to_freelist: 12.
num_chunks_taken_from_freelist: 6930.
num_chunk_merges: 12.
num_chunk_splits: 4428.
num_chunks_enlarged: 2576.
num_inconsistent_stats: 0.

CodeHeap 'non-profiled nmethods': size=120000Kb used=3879Kb max_used=3879Kb free=116120Kb
 bounds [0x000001a5c5050000, 0x000001a5c5420000, 0x000001a5cc580000]
CodeHeap 'profiled nmethods': size=120000Kb used=12196Kb max_used=12196Kb free=107804Kb
 bounds [0x000001a5bd580000, 0x000001a5be170000, 0x000001a5c4ab0000]
CodeHeap 'non-nmethods': size=5760Kb used=2028Kb max_used=2056Kb free=3731Kb
 bounds [0x000001a5c4ab0000, 0x000001a5c4d20000, 0x000001a5c5050000]
 total_blobs=6891 nmethods=6120 adapters=674
 compilation: enabled
              stopped_count=0, restarted_count=0
 full_count=0

Compilation events (20 events):
Event: 13.502 Thread 0x000001a5d088a100 nmethod 6585 0x000001a5c5419610 code [0x000001a5c54197a0, 0x000001a5c5419868]
Event: 13.502 Thread 0x000001a5d088a100 6587       3       org.gradle.internal.operations.logging.LoggingBuildOperationProgressBroadcaster::onOutput (105 bytes)
Event: 13.502 Thread 0x000001a5d088a100 nmethod 6587 0x000001a5be159010 code [0x000001a5be159240, 0x000001a5be159cc8]
Event: 13.503 Thread 0x000001a5d088a100 6580       3       org.gradle.internal.reflect.annotations.impl.DefaultTypeAnnotationMetadataStore::getOrCreatePropertyBuilder (24 bytes)
Event: 13.503 Thread 0x000001a5d088a100 nmethod 6580 0x000001a5be159e10 code [0x000001a5be15a040, 0x000001a5be15a910]
Event: 13.503 Thread 0x000001a5d088a100 6581       3       org.gradle.internal.reflect.annotations.impl.DefaultTypeAnnotationMetadataStore$$Lambda/0x000001a5d27174d0::<init> (26 bytes)
Event: 13.504 Thread 0x000001a5d088a100 nmethod 6581 0x000001a5be15ac10 code [0x000001a5be15adc0, 0x000001a5be15b098]
Event: 13.504 Thread 0x000001a5d088a100 6577       3       com.google.common.collect.MultimapBuilder$MultimapBuilderWithKeys::arrayListValues (6 bytes)
Event: 13.504 Thread 0x000001a5d088a100 nmethod 6577 0x000001a5be15b190 code [0x000001a5be15b380, 0x000001a5be15b850]
Event: 13.504 Thread 0x000001a5d088a100 6578       3       com.google.common.collect.MultimapBuilder$MultimapBuilderWithKeys::arrayListValues (17 bytes)
Event: 13.504 Thread 0x000001a5d088a100 nmethod 6578 0x000001a5be15ba10 code [0x000001a5be15bbe0, 0x000001a5be15bfd8]
Event: 13.504 Thread 0x000001a5d088a100 6579       3       com.google.common.collect.MultimapBuilder$MultimapBuilderWithKeys$1::<init> (15 bytes)
Event: 13.505 Thread 0x000001a5d088a100 nmethod 6579 0x000001a5be15c190 code [0x000001a5be15c340, 0x000001a5be15c620]
Event: 13.505 Thread 0x000001a5d088a100 6586       1       org.gradle.internal.properties.annotations.NoOpPropertyAnnotationHandler::isPropertyRelevant (2 bytes)
Event: 13.505 Thread 0x000001a5d088a100 nmethod 6586 0x000001a5c5419910 code [0x000001a5c5419aa0, 0x000001a5c5419b68]
Event: 13.507 Thread 0x000001a5d088a100 6588       3       org.gradle.internal.build.event.types.DefaultSuccessResult::<init> (9 bytes)
Event: 13.507 Thread 0x000001a5d088a100 nmethod 6588 0x000001a5be15c790 code [0x000001a5be15c940, 0x000001a5be15ca88]
Event: 13.508 Thread 0x000001a5d088a100 6589       3       org.gradle.internal.build.event.types.DefaultOperationDescriptor::<init> (26 bytes)
Event: 13.508 Thread 0x000001a5d088a100 nmethod 6589 0x000001a5be15cb90 code [0x000001a5be15cd40, 0x000001a5be15d018]
Event: 14.235 Thread 0x000001a5d088a100 6591       3       javax.management.ObjectName::construct (1135 bytes)

GC Heap History (16 events):
Event: 0.541 GC heap before
{Heap before GC invocations=0 (full 0):
 garbage-first heap   total 262144K, used 22528K [0x00000000e0000000, 0x0000000100000000)
  region size 1024K, 23 young (23552K), 0 survivors (0K)
 Metaspace       used 1023K, committed 1152K, reserved 393216K
  class space    used 77K, committed 128K, reserved 327680K
}
Event: 0.545 GC heap after
{Heap after GC invocations=1 (full 0):
 garbage-first heap   total 262144K, used 1831K [0x00000000e0000000, 0x0000000100000000)
  region size 1024K, 2 young (2048K), 2 survivors (2048K)
 Metaspace       used 1023K, committed 1152K, reserved 393216K
  class space    used 77K, committed 128K, reserved 327680K
}
Event: 1.412 GC heap before
{Heap before GC invocations=1 (full 0):
 garbage-first heap   total 262144K, used 40743K [0x00000000e0000000, 0x0000000100000000)
  region size 1024K, 38 young (38912K), 2 survivors (2048K)
 Metaspace       used 4534K, committed 4736K, reserved 393216K
  class space    used 563K, committed 640K, reserved 327680K
}
Event: 1.417 GC heap after
{Heap after GC invocations=2 (full 0):
 garbage-first heap   total 262144K, used 10446K [0x00000000e0000000, 0x0000000100000000)
  region size 1024K, 5 young (5120K), 5 survivors (5120K)
 Metaspace       used 4534K, committed 4736K, reserved 393216K
  class space    used 563K, committed 640K, reserved 327680K
}
Event: 2.084 GC heap before
{Heap before GC invocations=2 (full 0):
 garbage-first heap   total 262144K, used 61646K [0x00000000e0000000, 0x0000000100000000)
  region size 1024K, 54 young (55296K), 5 survivors (5120K)
 Metaspace       used 5858K, committed 6144K, reserved 393216K
  class space    used 766K, committed 896K, reserved 327680K
}
Event: 2.091 GC heap after
{Heap after GC invocations=3 (full 0):
 garbage-first heap   total 262144K, used 16966K [0x00000000e0000000, 0x0000000100000000)
  region size 1024K, 6 young (6144K), 6 survivors (6144K)
 Metaspace       used 5858K, committed 6144K, reserved 393216K
  class space    used 766K, committed 896K, reserved 327680K
}
Event: 4.423 GC heap before
{Heap before GC invocations=3 (full 0):
 garbage-first heap   total 262144K, used 98886K [0x00000000e0000000, 0x0000000100000000)
  region size 1024K, 86 young (88064K), 6 survivors (6144K)
 Metaspace       used 20910K, committed 21504K, reserved 393216K
  class space    used 2826K, committed 3136K, reserved 327680K
}
Event: 4.433 GC heap after
{Heap after GC invocations=4 (full 0):
 garbage-first heap   total 262144K, used 22778K [0x00000000e0000000, 0x0000000100000000)
  region size 1024K, 11 young (11264K), 11 survivors (11264K)
 Metaspace       used 20910K, committed 21504K, reserved 393216K
  class space    used 2826K, committed 3136K, reserved 327680K
}
Event: 7.219 GC heap before
{Heap before GC invocations=5 (full 0):
 garbage-first heap   total 262144K, used 134394K [0x00000000e0000000, 0x0000000100000000)
  region size 1024K, 122 young (124928K), 11 survivors (11264K)
 Metaspace       used 34535K, committed 35968K, reserved 393216K
  class space    used 4954K, committed 5632K, reserved 327680K
}
Event: 7.230 GC heap after
{Heap after GC invocations=6 (full 0):
 garbage-first heap   total 262144K, used 30466K [0x00000000e0000000, 0x0000000100000000)
  region size 1024K, 14 young (14336K), 14 survivors (14336K)
 Metaspace       used 34535K, committed 35968K, reserved 393216K
  class space    used 4954K, committed 5632K, reserved 327680K
}
Event: 7.314 GC heap before
{Heap before GC invocations=6 (full 0):
 garbage-first heap   total 262144K, used 32514K [0x00000000e0000000, 0x0000000100000000)
  region size 1024K, 17 young (17408K), 14 survivors (14336K)
 Metaspace       used 34855K, committed 36288K, reserved 393216K
  class space    used 5021K, committed 5760K, reserved 327680K
}
Event: 7.322 GC heap after
{Heap after GC invocations=7 (full 0):
 garbage-first heap   total 262144K, used 30790K [0x00000000e0000000, 0x0000000100000000)
  region size 1024K, 9 young (9216K), 9 survivors (9216K)
 Metaspace       used 34855K, committed 36288K, reserved 393216K
  class space    used 5021K, committed 5760K, reserved 327680K
}
Event: 7.434 GC heap before
{Heap before GC invocations=7 (full 0):
 garbage-first heap   total 262144K, used 32838K [0x00000000e0000000, 0x0000000100000000)
  region size 1024K, 12 young (12288K), 9 survivors (9216K)
 Metaspace       used 35217K, committed 36608K, reserved 393216K
  class space    used 5075K, committed 5760K, reserved 327680K
}
Event: 7.439 GC heap after
{Heap after GC invocations=8 (full 0):
 garbage-first heap   total 262144K, used 30518K [0x00000000e0000000, 0x0000000100000000)
  region size 1024K, 9 young (9216K), 9 survivors (9216K)
 Metaspace       used 35217K, committed 36608K, reserved 393216K
  class space    used 5075K, committed 5760K, reserved 327680K
}
Event: 11.633 GC heap before
{Heap before GC invocations=9 (full 0):
 garbage-first heap   total 262144K, used 176950K [0x00000000e0000000, 0x0000000100000000)
  region size 1024K, 153 young (156672K), 9 survivors (9216K)
 Metaspace       used 51774K, committed 53888K, reserved 393216K
  class space    used 7536K, committed 8576K, reserved 327680K
}
Event: 11.648 GC heap after
{Heap after GC invocations=10 (full 0):
 garbage-first heap   total 262144K, used 41486K [0x00000000e0000000, 0x0000000100000000)
  region size 1024K, 19 young (19456K), 19 survivors (19456K)
 Metaspace       used 51774K, committed 53888K, reserved 393216K
  class space    used 7536K, committed 8576K, reserved 327680K
}

Dll operation events (15 events):
Event: 0.017 Loaded shared library C:\Program Files\Java\jdk-21\bin\java.dll
Event: 0.060 Loaded shared library C:\Program Files\Java\jdk-21\bin\jsvml.dll
Event: 0.118 Loaded shared library C:\Program Files\Java\jdk-21\bin\zip.dll
Event: 0.125 Loaded shared library C:\Program Files\Java\jdk-21\bin\instrument.dll
Event: 0.135 Loaded shared library C:\Program Files\Java\jdk-21\bin\net.dll
Event: 0.141 Loaded shared library C:\Program Files\Java\jdk-21\bin\nio.dll
Event: 0.145 Loaded shared library C:\Program Files\Java\jdk-21\bin\zip.dll
Event: 0.479 Loaded shared library C:\Program Files\Java\jdk-21\bin\jimage.dll
Event: 0.787 Loaded shared library C:\Program Files\Java\jdk-21\bin\verify.dll
Event: 0.837 Loaded shared library C:\Users\aagil\.gradle\native\1def1411415f61bf3af743bc5b6707747c0891f09f0c88961ee8f79bc544acac\windows-amd64\native-platform.dll
Event: 0.854 Loaded shared library C:\Users\aagil\.gradle\native\0.2.8\x86_64-windows-gnu\gradle-fileevents.dll
Event: 2.156 Loaded shared library C:\Program Files\Java\jdk-21\bin\management.dll
Event: 2.164 Loaded shared library C:\Program Files\Java\jdk-21\bin\management_ext.dll
Event: 2.362 Loaded shared library C:\Program Files\Java\jdk-21\bin\extnet.dll
Event: 2.692 Loaded shared library C:\Program Files\Java\jdk-21\bin\sunmscapi.dll

Deoptimization events (20 events):
Event: 12.331 Thread 0x000001a5eb9be070 DEOPT PACKING pc=0x000001a5bdc29e0e sp=0x000000335def6530
Event: 12.331 Thread 0x000001a5eb9be070 DEOPT UNPACKING pc=0x000001a5c4b04e42 sp=0x000000335def5a18 mode 0
Event: 12.555 Thread 0x000001a5eb9be070 Uncommon trap: trap_request=0xffffff45 fr.pc=0x000001a5c53ab0e0 relative=0x0000000000003e60
Event: 12.555 Thread 0x000001a5eb9be070 Uncommon trap: reason=unstable_if action=reinterpret pc=0x000001a5c53ab0e0 method=org.objectweb.asm.Type.getTypeInternal(Ljava/lang/String;II)Lorg/objectweb/asm/Type; @ 5 c2
Event: 12.555 Thread 0x000001a5eb9be070 DEOPT PACKING pc=0x000001a5c53ab0e0 sp=0x000000335def7790
Event: 12.555 Thread 0x000001a5eb9be070 DEOPT UNPACKING pc=0x000001a5c4b046a2 sp=0x000000335def75d0 mode 2
Event: 12.675 Thread 0x000001a5eb9be070 DEOPT PACKING pc=0x000001a5bd9bb241 sp=0x000000335def5c60
Event: 12.675 Thread 0x000001a5eb9be070 DEOPT UNPACKING pc=0x000001a5c4b04e42 sp=0x000000335def5160 mode 0
Event: 12.859 Thread 0x000001a5eb9be070 Uncommon trap: trap_request=0xffffff45 fr.pc=0x000001a5c533cd04 relative=0x0000000000000904
Event: 12.859 Thread 0x000001a5eb9be070 Uncommon trap: reason=unstable_if action=reinterpret pc=0x000001a5c533cd04 method=org.objectweb.asm.Frame.execute(IILorg/objectweb/asm/Symbol;Lorg/objectweb/asm/SymbolTable;)V @ 1 c2
Event: 12.859 Thread 0x000001a5eb9be070 DEOPT PACKING pc=0x000001a5c533cd04 sp=0x000000335def8a20
Event: 12.859 Thread 0x000001a5eb9be070 DEOPT UNPACKING pc=0x000001a5c4b046a2 sp=0x000000335def89a8 mode 2
Event: 13.006 Thread 0x000001a5eb9be070 Uncommon trap: trap_request=0xffffffc6 fr.pc=0x000001a5c52ec2e8 relative=0x0000000000001448
Event: 13.006 Thread 0x000001a5eb9be070 Uncommon trap: reason=bimorphic_or_optimized_type_check action=maybe_recompile pc=0x000001a5c52ec2e8 method=java.util.HashMap.computeIfAbsent(Ljava/lang/Object;Ljava/util/function/Function;)Ljava/lang/Object; @ 142 c2
Event: 13.006 Thread 0x000001a5eb9be070 DEOPT PACKING pc=0x000001a5c52ec2e8 sp=0x000000335def7180
Event: 13.006 Thread 0x000001a5eb9be070 DEOPT UNPACKING pc=0x000001a5c4b046a2 sp=0x000000335def7158 mode 2
Event: 13.032 Thread 0x000001a5eb9be070 Uncommon trap: trap_request=0xffffffc6 fr.pc=0x000001a5c52ec2e8 relative=0x0000000000001448
Event: 13.032 Thread 0x000001a5eb9be070 Uncommon trap: reason=bimorphic_or_optimized_type_check action=maybe_recompile pc=0x000001a5c52ec2e8 method=java.util.HashMap.computeIfAbsent(Ljava/lang/Object;Ljava/util/function/Function;)Ljava/lang/Object; @ 142 c2
Event: 13.032 Thread 0x000001a5eb9be070 DEOPT PACKING pc=0x000001a5c52ec2e8 sp=0x000000335def8f70
Event: 13.032 Thread 0x000001a5eb9be070 DEOPT UNPACKING pc=0x000001a5c4b046a2 sp=0x000000335def8f48 mode 2

Classes loaded (20 events):
Event: 12.033 Loading class javax/xml/parsers/DocumentBuilderFactory
Event: 12.034 Loading class javax/xml/parsers/DocumentBuilderFactory done
Event: 12.034 Loading class javax/xml/parsers/FactoryFinder
Event: 12.034 Loading class javax/xml/parsers/FactoryFinder done
Event: 12.035 Loading class javax/xml/parsers/FactoryFinder$1
Event: 12.035 Loading class javax/xml/parsers/FactoryFinder$1 done
Event: 12.037 Loading class com/sun/org/apache/xerces/internal/jaxp/DocumentBuilderFactoryImpl
Event: 12.037 Loading class com/sun/org/apache/xerces/internal/jaxp/DocumentBuilderFactoryImpl done
Event: 12.304 Loading class java/beans/PropertyChangeListener
Event: 12.305 Loading class java/beans/PropertyChangeListener done
Event: 12.614 Loading class java/util/concurrent/LinkedBlockingDeque$Itr
Event: 12.614 Loading class java/util/concurrent/LinkedBlockingDeque$AbstractItr
Event: 12.615 Loading class java/util/concurrent/LinkedBlockingDeque$AbstractItr done
Event: 12.615 Loading class java/util/concurrent/LinkedBlockingDeque$Itr done
Event: 12.961 Loading class java/util/stream/ReduceOps$5
Event: 12.961 Loading class java/util/stream/ReduceOps$5 done
Event: 12.961 Loading class java/util/stream/ReduceOps$CountingSink$OfRef
Event: 12.962 Loading class java/util/stream/ReduceOps$CountingSink
Event: 12.962 Loading class java/util/stream/ReduceOps$CountingSink done
Event: 12.962 Loading class java/util/stream/ReduceOps$CountingSink$OfRef done

Classes unloaded (0 events):
No events

Classes redefined (0 events):
No events

Internal exceptions (20 events):
Event: 12.653 Thread 0x000001a5eb9be070 Exception <a 'java/lang/ClassNotFoundException'{0x00000000ed83f098}: org/gradle/api/internal/artifacts/dsl/dependencies/DefaultDependencyHandlerCustomizer> (0x00000000ed83f098) 
thrown [s\open\src\hotspot\share\classfile\systemDictionary.cpp, line 312]
Event: 12.655 Thread 0x000001a5eb9be070 Exception <a 'java/lang/ClassNotFoundException'{0x00000000ed88b5c8}: org/gradle/api/internal/artifacts/dsl/dependencies/DefaultDependencyHandler_DecoratedCustomizer> (0x00000000ed88b5c8) 
thrown [s\open\src\hotspot\share\classfile\systemDictionary.cpp, line 312]
Event: 12.664 Thread 0x000001a5eb9be070 Exception <a 'java/lang/ClassNotFoundException'{0x00000000ed8f7850}: org/gradle/api/plugins/internal/DefaultJavaApplication_DecoratedBeanInfo> (0x00000000ed8f7850) 
thrown [s\open\src\hotspot\share\classfile\systemDictionary.cpp, line 312]
Event: 12.666 Thread 0x000001a5eb9be070 Exception <a 'java/lang/ClassNotFoundException'{0x00000000ed711108}: org/gradle/api/plugins/internal/DefaultJavaApplicationBeanInfo> (0x00000000ed711108) 
thrown [s\open\src\hotspot\share\classfile\systemDictionary.cpp, line 312]
Event: 12.668 Thread 0x000001a5eb9be070 Exception <a 'java/lang/ClassNotFoundException'{0x00000000ed72a0a8}: org/gradle/api/plugins/internal/DefaultJavaApplicationCustomizer> (0x00000000ed72a0a8) 
thrown [s\open\src\hotspot\share\classfile\systemDictionary.cpp, line 312]
Event: 12.670 Thread 0x000001a5eb9be070 Exception <a 'java/lang/ClassNotFoundException'{0x00000000ed74e9d0}: org/gradle/api/plugins/internal/DefaultJavaApplication_DecoratedCustomizer> (0x00000000ed74e9d0) 
thrown [s\open\src\hotspot\share\classfile\systemDictionary.cpp, line 312]
Event: 12.685 Thread 0x000001a5eb9fdad0 Exception <a 'java/lang/NoSuchMethodError'{0x00000000ed605e50}: static Lorg/gradle/internal/build/event/types/DefaultScriptPluginIdentifier;.<clinit>()V> (0x00000000ed605e50) 
thrown [s\open\src\hotspot\share\prims\jni.cpp, line 1111]
Event: 12.987 Thread 0x000001a5eb9be070 Exception <a 'java/lang/NoSuchMethodError'{0x00000000ecca6fc8}: 'int java.lang.invoke.DirectMethodHandle$Holder.invokeSpecialIFC(java.lang.Object, java.lang.Object, java.lang.Object, java.lang.Object, java.lang.Object)'> (0x00000000ecca6fc8) 
thrown [s\open\src\hotspot\share\interpreter\linkResolver.cpp, line 773]
Event: 13.064 Thread 0x000001a5eb9be070 Exception <a 'java/lang/ClassNotFoundException'{0x00000000ecabf700}: org/gradle/api/tasks/util/internal/DefaultPatternSetFactory$InternalPatternSetBeanInfo> (0x00000000ecabf700) 
thrown [s\open\src\hotspot\share\classfile\systemDictionary.cpp, line 312]
Event: 13.064 Thread 0x000001a5eb9be070 Exception <a 'java/lang/ClassNotFoundException'{0x00000000ecac8618}: org/gradle/api/tasks/util/PatternSetBeanInfo> (0x00000000ecac8618) 
thrown [s\open\src\hotspot\share\classfile\systemDictionary.cpp, line 312]
Event: 13.065 Thread 0x000001a5eb9be070 Exception <a 'java/lang/ClassNotFoundException'{0x00000000ecad1510}: org/gradle/api/tasks/util/PatternSetCustomizer> (0x00000000ecad1510) 
thrown [s\open\src\hotspot\share\classfile\systemDictionary.cpp, line 312]
Event: 13.068 Thread 0x000001a5eb9be070 Exception <a 'java/lang/ClassNotFoundException'{0x00000000ec906350}: org/gradle/api/tasks/util/internal/DefaultPatternSetFactory$InternalPatternSetCustomizer> (0x00000000ec906350) 
thrown [s\open\src\hotspot\share\classfile\systemDictionary.cpp, line 312]
Event: 13.076 Thread 0x000001a5eb9be070 Exception <a 'java/lang/IncompatibleClassChangeError'{0x00000000ec9272a8}: Found class java.lang.Object, but interface was expected> (0x00000000ec9272a8) 
thrown [s\open\src\hotspot\share\interpreter\linkResolver.cpp, line 840]
Event: 13.077 Thread 0x000001a5eb9be070 Exception <a 'java/lang/IncompatibleClassChangeError'{0x00000000ec92b208}: Found class java.lang.Object, but interface was expected> (0x00000000ec92b208) 
thrown [s\open\src\hotspot\share\interpreter\linkResolver.cpp, line 840]
Event: 13.143 Thread 0x000001a5eb9be070 Exception <a 'java/lang/IncompatibleClassChangeError'{0x00000000ec9dd608}: Found class java.lang.Object, but interface was expected> (0x00000000ec9dd608) 
thrown [s\open\src\hotspot\share\interpreter\linkResolver.cpp, line 840]
Event: 13.270 Thread 0x000001a5eb9fdad0 Exception <a 'java/lang/NoSuchMethodError'{0x00000000ec88b9e0}: static Lorg/gradle/tooling/internal/provider/PhasedBuildActionResult;.<clinit>()V> (0x00000000ec88b9e0) 
thrown [s\open\src\hotspot\share\prims\jni.cpp, line 1111]
Event: 13.272 Thread 0x000001a5eb9fdad0 Exception <a 'java/lang/NoSuchMethodError'{0x00000000ec893d90}: static Lorg/gradle/tooling/internal/provider/serialization/SerializedPayload;.<clinit>()V> (0x00000000ec893d90) 
thrown [s\open\src\hotspot\share\prims\jni.cpp, line 1111]
Event: 13.427 Thread 0x000001a5eb9be070 Exception <a 'java/lang/NoSuchMethodError'{0x00000000ec578618}: 'int java.lang.invoke.DirectMethodHandle$Holder.invokeSpecial(java.lang.Object, java.lang.Object, int, java.lang.Object)'> (0x00000000ec578618) 
thrown [s\open\src\hotspot\share\interpreter\linkResolver.cpp, line 773]
Event: 13.529 Thread 0x000001a5ed26ec20 Exception <a 'java/lang/NoSuchMethodError'{0x00000000ec3c2eb0}: 'java.lang.Object java.lang.invoke.DirectMethodHandle$Holder.newInvokeSpecial(java.lang.Object, java.lang.Object, int, java.lang.Object, java.lang.Object)'> (0x00000000ec3c2eb0) 
thrown [s\open\src\hotspot\share\interpreter\linkResolver.cpp, line 773]
Event: 13.529 Thread 0x000001a5ed26ec20 Exception <a 'java/lang/NoSuchMethodError'{0x00000000ec3c6858}: 'java.lang.Object java.lang.invoke.Invokers$Holder.linkToTargetMethod(java.lang.Object, int, java.lang.Object, java.lang.Object, java.lang.Object)'> (0x00000000ec3c6858) 
thrown [s\open\src\hotspot\share\interpreter\linkResolver.cpp, line 773]

ZGC Phase Switch (0 events):
No events

VM Operations (20 events):
Event: 10.519 Executing VM operation: ICBufferFull
Event: 10.519 Executing VM operation: ICBufferFull done
Event: 10.889 Executing VM operation: HandshakeAllThreads (Deoptimize)
Event: 10.889 Executing VM operation: HandshakeAllThreads (Deoptimize) done
Event: 10.955 Executing VM operation: ICBufferFull
Event: 10.956 Executing VM operation: ICBufferFull done
Event: 11.633 Executing VM operation: G1CollectForAllocation (G1 Evacuation Pause)
Event: 11.648 Executing VM operation: G1CollectForAllocation (G1 Evacuation Pause) done
Event: 11.697 Executing VM operation: HandshakeAllThreads (Deoptimize)
Event: 11.698 Executing VM operation: HandshakeAllThreads (Deoptimize) done
Event: 12.075 Executing VM operation: ICBufferFull
Event: 12.075 Executing VM operation: ICBufferFull done
Event: 12.580 Executing VM operation: ICBufferFull
Event: 12.580 Executing VM operation: ICBufferFull done
Event: 12.634 Executing VM operation: HandshakeAllThreads (Deoptimize)
Event: 12.634 Executing VM operation: HandshakeAllThreads (Deoptimize) done
Event: 12.965 Executing VM operation: ICBufferFull
Event: 12.966 Executing VM operation: ICBufferFull done
Event: 13.971 Executing VM operation: Cleanup
Event: 13.972 Executing VM operation: Cleanup done

Events (20 events):
Event: 7.456 Thread 0x000001a5d083a220 flushing nmethod 0x000001a5bd9ed390
Event: 7.456 Thread 0x000001a5d083a220 flushing nmethod 0x000001a5bd9ed810
Event: 7.456 Thread 0x000001a5d083a220 flushing nmethod 0x000001a5bd9efb10
Event: 7.456 Thread 0x000001a5d083a220 flushing nmethod 0x000001a5bda66010
Event: 8.176 Thread 0x000001a5ee950f70 Thread added: 0x000001a5ee950f70
Event: 8.208 Thread 0x000001a5ee94daf0 Thread added: 0x000001a5ee94daf0
Event: 8.273 Thread 0x000001a5ee951600 Thread added: 0x000001a5ee951600
Event: 8.360 Thread 0x000001a5ee952320 Thread added: 0x000001a5ee952320
Event: 8.457 Thread 0x000001a5ee951c90 Thread added: 0x000001a5ee951c90
Event: 9.166 Thread 0x000001a5ea0ac7f0 Thread exited: 0x000001a5ea0ac7f0
Event: 9.963 Thread 0x000001a5ed26aa80 Thread added: 0x000001a5ed26aa80
Event: 10.075 Thread 0x000001a5ed26cb50 Thread added: 0x000001a5ed26cb50
Event: 10.160 Thread 0x000001a5ed2696d0 Thread added: 0x000001a5ed2696d0
Event: 10.358 Thread 0x000001a5ed26c4c0 Thread added: 0x000001a5ed26c4c0
Event: 11.819 Thread 0x000001a5ed26d1e0 Thread added: 0x000001a5ed26d1e0
Event: 12.121 Thread 0x000001a5ed269d60 Thread added: 0x000001a5ed269d60
Event: 13.054 Thread 0x000001a5ed26a3f0 Thread added: 0x000001a5ed26a3f0
Event: 13.054 Thread 0x000001a5ed26df00 Thread added: 0x000001a5ed26df00
Event: 13.054 Thread 0x000001a5ed26e590 Thread added: 0x000001a5ed26e590
Event: 13.510 Thread 0x000001a5ed26ec20 Thread added: 0x000001a5ed26ec20


Dynamic libraries:
0x00007ff755630000 - 0x00007ff755640000 	C:\Program Files\Java\jdk-21\bin\java.exe
0x00007ffe687c0000 - 0x00007ffe68a28000 	C:\WINDOWS\SYSTEM32\ntdll.dll
0x00007ffe66bb0000 - 0x00007ffe66c79000 	C:\WINDOWS\System32\KERNEL32.DLL
0x00007ffe66160000 - 0x00007ffe66558000 	C:\WINDOWS\System32\KERNELBASE.dll
0x00007ffe65bd0000 - 0x00007ffe65d1b000 	C:\WINDOWS\System32\ucrtbase.dll
0x00007ffe45700000 - 0x00007ffe45719000 	C:\Program Files\Java\jdk-21\bin\jli.dll
0x00007ffe67700000 - 0x00007ffe677b4000 	C:\WINDOWS\System32\ADVAPI32.dll
0x00007ffe66d80000 - 0x00007ffe66e29000 	C:\WINDOWS\System32\msvcrt.dll
0x00007ffe456e0000 - 0x00007ffe456fb000 	C:\Program Files\Java\jdk-21\bin\VCRUNTIME140.dll
0x00007ffe67650000 - 0x00007ffe676f6000 	C:\WINDOWS\System32\sechost.dll
0x00007ffe669b0000 - 0x00007ffe66ac8000 	C:\WINDOWS\System32\RPCRT4.dll
0x00007ffe66eb0000 - 0x00007ffe67077000 	C:\WINDOWS\System32\USER32.dll
0x00007ffe65de0000 - 0x00007ffe65e07000 	C:\WINDOWS\System32\win32u.dll
0x00007ffe674f0000 - 0x00007ffe6751b000 	C:\WINDOWS\System32\GDI32.dll
0x00007ffe45c80000 - 0x00007ffe45f14000 	C:\WINDOWS\WinSxS\amd64_microsoft.windows.common-controls_6595b64144ccf1df_6.0.26100.7019_none_3e06ffa0e335b8a8\COMCTL32.dll
0x00007ffe65f80000 - 0x00007ffe660ac000 	C:\WINDOWS\System32\gdi32full.dll
0x00007ffe660b0000 - 0x00007ffe66153000 	C:\WINDOWS\System32\msvcp_win.dll
0x00007ffe551a0000 - 0x00007ffe551ab000 	C:\WINDOWS\SYSTEM32\VERSION.dll
0x00007ffe66870000 - 0x00007ffe668a1000 	C:\WINDOWS\System32\IMM32.DLL
0x00007ffe47c70000 - 0x00007ffe47c7c000 	C:\Program Files\Java\jdk-21\bin\vcruntime140_1.dll
0x00007ffe26b20000 - 0x00007ffe26bae000 	C:\Program Files\Java\jdk-21\bin\msvcp140.dll
0x00007ffd9a650000 - 0x00007ffd9b36d000 	C:\Program Files\Java\jdk-21\bin\server\jvm.dll
0x00007ffe67dc0000 - 0x00007ffe67e34000 	C:\WINDOWS\System32\WS2_32.dll
0x00007ffe65770000 - 0x00007ffe657ce000 	C:\WINDOWS\SYSTEM32\POWRPROF.dll
0x00007ffe5c730000 - 0x00007ffe5c765000 	C:\WINDOWS\SYSTEM32\WINMM.dll
0x00007ffe65750000 - 0x00007ffe65764000 	C:\WINDOWS\SYSTEM32\UMPDC.dll
0x00007ffe646d0000 - 0x00007ffe646eb000 	C:\WINDOWS\SYSTEM32\kernel.appcore.dll
0x00007ffe47bd0000 - 0x00007ffe47bda000 	C:\Program Files\Java\jdk-21\bin\jimage.dll
0x00007ffe62f40000 - 0x00007ffe63182000 	C:\WINDOWS\SYSTEM32\DBGHELP.DLL
0x00007ffe67080000 - 0x00007ffe6740b000 	C:\WINDOWS\System32\combase.dll
0x00007ffe67410000 - 0x00007ffe674e7000 	C:\WINDOWS\System32\OLEAUT32.dll
0x00007ffe33b10000 - 0x00007ffe33b4c000 	C:\WINDOWS\SYSTEM32\dbgcore.DLL
0x00007ffe65b20000 - 0x00007ffe65bc5000 	C:\WINDOWS\System32\bcryptPrimitives.dll
0x00007ffe43290000 - 0x00007ffe4329f000 	C:\Program Files\Java\jdk-21\bin\instrument.dll
0x00007ffe42d90000 - 0x00007ffe42daf000 	C:\Program Files\Java\jdk-21\bin\java.dll
0x00007ffe67e40000 - 0x00007ffe6858f000 	C:\WINDOWS\System32\SHELL32.dll
0x00007ffe65e10000 - 0x00007ffe65f7b000 	C:\WINDOWS\System32\wintypes.dll
0x00007ffe63500000 - 0x00007ffe63d5d000 	C:\WINDOWS\SYSTEM32\windows.storage.dll
0x00007ffe66c80000 - 0x00007ffe66d72000 	C:\WINDOWS\System32\SHCORE.dll
0x00007ffe66ad0000 - 0x00007ffe66b37000 	C:\WINDOWS\System32\shlwapi.dll
0x00007ffe65830000 - 0x00007ffe65859000 	C:\WINDOWS\SYSTEM32\profapi.dll
0x00007ffe26a00000 - 0x00007ffe26ad7000 	C:\Program Files\Java\jdk-21\bin\jsvml.dll
0x00007ffe42d70000 - 0x00007ffe42d88000 	C:\Program Files\Java\jdk-21\bin\zip.dll
0x00007ffe431c0000 - 0x00007ffe431d0000 	C:\Program Files\Java\jdk-21\bin\net.dll
0x00007ffe57170000 - 0x00007ffe57298000 	C:\WINDOWS\SYSTEM32\WINHTTP.dll
0x00007ffe64c40000 - 0x00007ffe64cab000 	C:\WINDOWS\system32\mswsock.dll
0x00007ffe42a00000 - 0x00007ffe42a16000 	C:\Program Files\Java\jdk-21\bin\nio.dll
0x00007ffe43170000 - 0x00007ffe43180000 	C:\Program Files\Java\jdk-21\bin\verify.dll
0x00007ffe42870000 - 0x00007ffe42897000 	C:\Users\aagil\.gradle\native\1def1411415f61bf3af743bc5b6707747c0891f09f0c88961ee8f79bc544acac\windows-amd64\native-platform.dll
0x00007ffe42040000 - 0x00007ffe420b7000 	C:\Users\aagil\.gradle\native\0.2.8\x86_64-windows-gnu\gradle-fileevents.dll
0x00007ffe42fc0000 - 0x00007ffe42fca000 	C:\Program Files\Java\jdk-21\bin\management.dll
0x00007ffe42d60000 - 0x00007ffe42d6b000 	C:\Program Files\Java\jdk-21\bin\management_ext.dll
0x00007ffe66860000 - 0x00007ffe66868000 	C:\WINDOWS\System32\PSAPI.DLL
0x00007ffe641f0000 - 0x00007ffe64224000 	C:\WINDOWS\SYSTEM32\IPHLPAPI.DLL
0x00007ffe667c0000 - 0x00007ffe667ca000 	C:\WINDOWS\System32\NSI.dll
0x00007ffe42950000 - 0x00007ffe42959000 	C:\Program Files\Java\jdk-21\bin\extnet.dll
0x00007ffe64f10000 - 0x00007ffe64f2b000 	C:\WINDOWS\SYSTEM32\CRYPTSP.dll
0x00007ffe64630000 - 0x00007ffe6466a000 	C:\WINDOWS\system32\rsaenh.dll
0x00007ffe64cf0000 - 0x00007ffe64d1b000 	C:\WINDOWS\SYSTEM32\USERENV.dll
0x00007ffe65800000 - 0x00007ffe6582a000 	C:\WINDOWS\SYSTEM32\bcrypt.dll
0x00007ffe64f00000 - 0x00007ffe64f0c000 	C:\WINDOWS\SYSTEM32\CRYPTBASE.dll
0x00007ffe42940000 - 0x00007ffe4294e000 	C:\Program Files\Java\jdk-21\bin\sunmscapi.dll
0x00007ffe659a0000 - 0x00007ffe65b17000 	C:\WINDOWS\System32\CRYPT32.dll
0x00007ffe65120000 - 0x00007ffe65150000 	C:\WINDOWS\SYSTEM32\ncrypt.dll
0x00007ffe650d0000 - 0x00007ffe6510f000 	C:\WINDOWS\SYSTEM32\NTASN1.dll
0x00007ffe38380000 - 0x00007ffe38388000 	C:\WINDOWS\system32\wshunix.dll

dbghelp: loaded successfully - version: 4.0.5 - missing functions: none
symbol engine: initialized successfully - sym options: 0x614 - pdb path: .;C:\Program Files\Java\jdk-21\bin;C:\WINDOWS\SYSTEM32;C:\WINDOWS\WinSxS\amd64_microsoft.windows.common-controls_6595b64144ccf1df_6.0.26100.7019_none_3e06ffa0e335b8a8;C:\Program Files\Java\jdk-21\bin\server;C:\Users\aagil\.gradle\native\1def1411415f61bf3af743bc5b6707747c0891f09f0c88961ee8f79bc544acac\windows-amd64;C:\Users\aagil\.gradle\native\0.2.8\x86_64-windows-gnu

VM Arguments:
jvm_args: --add-opens=java.base/java.lang=ALL-UNNAMED --add-opens=java.base/java.lang.invoke=ALL-UNNAMED --add-opens=java.base/java.util=ALL-UNNAMED --add-opens=java.prefs/java.util.prefs=ALL-UNNAMED --add-exports=jdk.compiler/com.sun.tools.javac.api=ALL-UNNAMED --add-exports=jdk.compiler/com.sun.tools.javac.util=ALL-UNNAMED --add-opens=java.base/java.util=ALL-UNNAMED --add-opens=java.prefs/java.util.prefs=ALL-UNNAMED --add-opens=java.base/java.nio.charset=ALL-UNNAMED --add-opens=java.base/java.net=ALL-UNNAMED --add-opens=java.base/java.util.concurrent=ALL-UNNAMED --add-opens=java.base/java.util.concurrent.atomic=ALL-UNNAMED --add-opens=java.xml/javax.xml.namespace=ALL-UNNAMED -XX:MaxMetaspaceSize=384m -XX:+HeapDumpOnOutOfMemoryError -Xms256m -Xmx512m -Dfile.encoding=UTF-8 -Duser.country=US -Duser.language=en -Duser.variant -javaagent:C:\Users\aagil\.gradle\wrapper\dists\gradle-9.0.0-bin\d6wjpkvcgsg3oed0qlfss3wgl\gradle-9.0.0\lib\agents\gradle-instrumentation-agent-9.0.0.jar 
java_command: org.gradle.launcher.daemon.bootstrap.GradleDaemon 9.0.0
java_class_path (initial): C:\Users\aagil\.gradle\wrapper\dists\gradle-9.0.0-bin\d6wjpkvcgsg3oed0qlfss3wgl\gradle-9.0.0\lib\gradle-daemon-main-9.0.0.jar
Launcher Type: SUN_STANDARD

[Global flags]
     intx CICompilerCount                          = 4                                         {product} {ergonomic}
   size_t CompressedClassSpaceSize                 = 335544320                                 {product} {ergonomic}
     uint ConcGCThreads                            = 3                                         {product} {ergonomic}
     uint G1ConcRefinementThreads                  = 10                                        {product} {ergonomic}
   size_t G1HeapRegionSize                         = 1048576                                   {product} {ergonomic}
    uintx GCDrainStackTargetSize                   = 64                                        {product} {ergonomic}
     bool HeapDumpOnOutOfMemoryError               = true                                   {manageable} {command line}
   size_t InitialHeapSize                          = 268435456                                 {product} {command line}
   size_t MarkStackSize                            = 4194304                                   {product} {ergonomic}
   size_t MaxHeapSize                              = 536870912                                 {product} {command line}
   size_t MaxMetaspaceSize                         = 402653184                                 {product} {command line}
   size_t MaxNewSize                               = 321912832                                 {product} {ergonomic}
   size_t MinHeapDeltaBytes                        = 1048576                                   {product} {ergonomic}
   size_t MinHeapSize                              = 268435456                                 {product} {command line}
    uintx NonNMethodCodeHeapSize                   = 5839372                                {pd product} {ergonomic}
    uintx NonProfiledCodeHeapSize                  = 122909434                              {pd product} {ergonomic}
    uintx ProfiledCodeHeapSize                     = 122909434                              {pd product} {ergonomic}
    uintx ReservedCodeCacheSize                    = 251658240                              {pd product} {ergonomic}
     bool SegmentedCodeCache                       = true                                      {product} {ergonomic}
   size_t SoftMaxHeapSize                          = 536870912                              {manageable} {ergonomic}
     bool UseCompressedOops                        = true                           {product lp64_product} {ergonomic}
     bool UseG1GC                                  = true                                      {product} {ergonomic}
     bool UseLargePagesIndividualAllocation        = false                                  {pd product} {ergonomic}

Logging:
Log output configuration:
 #0: stdout all=warning uptime,level,tags foldmultilines=false
 #1: stderr all=off uptime,level,tags foldmultilines=false

Environment Variables:
JAVA_HOME=C:\Program Files\Java\jdk-25
PATH=C:\Program Files\Common Files\Oracle\Java\javapath;C:\Program Files\Java\jdk-21\bin;C:\Users\aagil\Downloads\gradle-8.5-bin\gradle-8.5\bin;C:\Program Files\nodejs;C:\Program Files\dotnet\;C:\Program Files\Git\cmd;C:\Program Files\Git\bin;C:\Program Files\Common Files\Oracle\Java\javapath;C:\Program Files\Java\jdk-21\bin;C:\Users\aagil\Downloads\gradle-8.5-bin\gradle-8.5\bin;C:\Program Files\nodejs;C:\Program Files\dotnet\;C:\Program Files\Git\cmd;C:\Program Files\Git\bin;;C:\Program Files\Java\jdk-21\bin;C:\Users\aagil\AppData\Local\Programs\Microsoft VS Code\bin
USERNAME=aagil
OS=Windows_NT
PROCESSOR_IDENTIFIER=Intel64 Family 6 Model 154 Stepping 4, GenuineIntel
TMP=C:\Users\aagil\AppData\Local\Temp
TEMP=C:\Users\aagil\AppData\Local\Temp




Periodic native trim disabled

---------------  S Y S T E M  ---------------

OS:
 Windows 11 , 64 bit Build 26100 (10.0.26100.7019)
OS uptime: 13 days 21:54 hours
Hyper-V role detected

CPU: total 12 (initial active 12) (6 cores per cpu, 2 threads per core) family 6 model 154 stepping 4 microcode 0x429, cx8, cmov, fxsr, ht, mmx, 3dnowpref, sse, sse2, sse3, ssse3, sse4.1, sse4.2, popcnt, lzcnt, tsc, tscinvbit, avx, avx2, aes, erms, clmul, bmi1, bmi2, adx, sha, fma, vzeroupper, clflush, clflushopt, clwb, hv, serialize, rdtscp, rdpid, fsrm, f16c, cet_ibt, cet_ss
Processor Information for processor 0
  Max Mhz: 1300, Current Mhz: 1300, Mhz Limit: 1300
Processor Information for processor 1
  Max Mhz: 1300, Current Mhz: 1300, Mhz Limit: 1300
Processor Information for processor 2
  Max Mhz: 1300, Current Mhz: 1300, Mhz Limit: 1300
Processor Information for processor 3
  Max Mhz: 1300, Current Mhz: 1300, Mhz Limit: 1300
Processor Information for processor 4
  Max Mhz: 1300, Current Mhz: 900, Mhz Limit: 897
Processor Information for processor 5
  Max Mhz: 1300, Current Mhz: 900, Mhz Limit: 897
Processor Information for processor 6
  Max Mhz: 1300, Current Mhz: 900, Mhz Limit: 897
Processor Information for processor 7
  Max Mhz: 1300, Current Mhz: 900, Mhz Limit: 897
Processor Information for processor 8
  Max Mhz: 1300, Current Mhz: 900, Mhz Limit: 897
Processor Information for processor 9
  Max Mhz: 1300, Current Mhz: 900, Mhz Limit: 897
Processor Information for processor 10
  Max Mhz: 1300, Current Mhz: 900, Mhz Limit: 897
Processor Information for processor 11
  Max Mhz: 1300, Current Mhz: 900, Mhz Limit: 897

Memory: 4k page, system-wide physical 7885M (205M free)
TotalPageFile size 32461M (AvailPageFile size 16M)
current process WorkingSet (physical memory assigned to process): 315M, peak: 344M
current process commit charge ("private bytes"): 483M, peak: 491M

vm_info: Java HotSpot(TM) 64-Bit Server VM (21.0.9+7-LTS-338) for windows-amd64 JRE (21.0.9+7-LTS-338), built on 2025-09-26T06:33:49Z by "mach5run" with MS VC++ 17.6 (VS2022)

END.
