#
# There is insufficient memory for the Java Runtime Environment to continue.
# Native memory allocation (malloc) failed to allocate 987056 bytes. Error detail: Chunk::new
# Possible reasons:
#   The system is out of physical RAM or swap space
#   This process is running with CompressedOops enabled, and the Java Heap may be blocking the growth of the native heap
# Possible solutions:
#   Reduce memory load on the system
#   Increase physical memory or swap space
#   Check if swap backing store is full
#   Decrease Java heap size (-Xmx/-Xms)
#   Decrease number of Java threads
#   Decrease Java thread stack sizes (-Xss)
#   Set larger code cache with -XX:ReservedCodeCacheSize=
#   JVM is running with Unscaled Compressed Oops mode in which the Java heap is
#     placed in the first 4GB address space. The Java Heap base address is the
#     maximum limit for the native heap growth. Please use -XX:HeapBaseMinAddress
#     to set the Java Heap base and to place the Java Heap above 4GB virtual address.
# This output file may be truncated or incomplete.
#
#  Out of Memory Error (arena.cpp:168), pid=30900, tid=48660
#
# JRE version: OpenJDK Runtime Environment Temurin-21.0.9+10 (21.0.9+10) (build 21.0.9+10-LTS)
# Java VM: OpenJDK 64-Bit Server VM Temurin-21.0.9+10 (21.0.9+10-LTS, mixed mode, sharing, tiered, compressed oops, compressed class ptrs, parallel gc, windows-amd64)
# No core dump will be written. Minidumps are not enabled by default on client versions of Windows
#

---------------  S U M M A R Y ------------

Command Line: --add-modules=ALL-SYSTEM --add-opens=java.base/java.util=ALL-UNNAMED --add-opens=java.base/java.lang=ALL-UNNAMED --add-opens=java.base/sun.nio.fs=ALL-UNNAMED -Declipse.application=org.eclipse.jdt.ls.core.id1 -Dosgi.bundles.defaultStartLevel=4 -Declipse.product=org.eclipse.jdt.ls.core.product -Djava.import.generatesMetadataFilesAtProjectRoot=false -DDetectVMInstallationsJob.disabled=true -Dfile.encoding=utf8 -XX:+UseParallelGC -XX:GCTimeRatio=4 -XX:AdaptiveSizePolicyWeight=90 -Dsun.zip.disableMemoryMapping=true -Xmx2G -Xms100m -Xlog:disable -javaagent:c:\Users\aagil\.vscode\extensions\redhat.java-1.50.0-win32-x64\lombok\lombok-1.18.39-4050.jar -XX:+HeapDumpOnOutOfMemoryError -XX:HeapDumpPath=c:\Users\aagil\AppData\Roaming\Code\User\workspaceStorage\2a71c2e3af28014fd6275a2123d2dc43\redhat.java -Daether.dependencyCollector.impl=bf c:\Users\aagil\.vscode\extensions\redhat.java-1.50.0-win32-x64\server\plugins\org.eclipse.equinox.launcher_1.7.100.v20251111-0406.jar -configuration c:\Users\aagil\AppData\Roaming\Code\User\globalStorage\redhat.java\1.50.0\config_win -data c:\Users\aagil\AppData\Roaming\Code\User\workspaceStorage\2a71c2e3af28014fd6275a2123d2dc43\redhat.java\jdt_ws --pipe=\\.\pipe\lsp-9b3f5e1f2d800eb13a443d942e981070-sock

Host: 12th Gen Intel(R) Core(TM) i5-1235U, 12 cores, 7G,  Windows 11 , 64 bit Build 26100 (10.0.26100.7019)
Time: Thu Dec  4 18:38:45 2025 Eastern Standard Time elapsed time: 47.229353 seconds (0d 0h 0m 47s)

---------------  T H R E A D  ---------------

Current thread (0x0000022a42ced1a0):  JavaThread "C2 CompilerThread1" daemon [_thread_in_native, id=48660, stack(0x000000e887400000,0x000000e887500000) (1024K)]


Current CompileTask:
C2:47229 9670       4       java.lang.invoke.MethodType::insertParameterTypes (121 bytes)

Stack: [0x000000e887400000,0x000000e887500000]
Native frames: (J=compiled Java code, j=interpreted, Vv=VM code, C=native code)
V  [jvm.dll+0x6d6e29]
V  [jvm.dll+0x8b4b76]
V  [jvm.dll+0x8b712e]
V  [jvm.dll+0x8b7813]
V  [jvm.dll+0x283d86]
V  [jvm.dll+0xc66ed]
V  [jvm.dll+0xc6c31]
V  [jvm.dll+0x3be501]
V  [jvm.dll+0x1e3b52]
V  [jvm.dll+0x24c0f3]
V  [jvm.dll+0x24b580]
V  [jvm.dll+0x1cb13e]
V  [jvm.dll+0x25b29d]
V  [jvm.dll+0x25982a]
V  [jvm.dll+0x3f7ea6]
V  [jvm.dll+0x85e9ad]
V  [jvm.dll+0x6d565d]
C  [ucrtbase.dll+0x37b0]
C  [KERNEL32.DLL+0x2e8d7]
C  [ntdll.dll+0x8c53c]


---------------  P R O C E S S  ---------------

Threads class SMR info:
_java_thread_list=0x0000022a41b0fab0, length=77, elements={
0x0000022a61d722e0, 0x0000022a61d1d990, 0x0000022a7a616c10, 0x0000022a7a61ab70,
0x0000022a7a61b7c0, 0x0000022a7a6238a0, 0x0000022a7a62de70, 0x0000022a7a653c00,
0x0000022a7a656d80, 0x0000022a7a6305d0, 0x0000022a7a62f8b0, 0x0000022a7a62d7e0,
0x0000022a7a630c60, 0x0000022a7a62e500, 0x0000022a7a62ff40, 0x0000022a7a62f220,
0x0000022a41174c10, 0x0000022a41174580, 0x0000022a41171790, 0x0000022a41175930,
0x0000022a41173ef0, 0x0000022a411752a0, 0x0000022a411724b0, 0x0000022a41175fc0,
0x0000022a41172b40, 0x0000022a41176650, 0x0000022a411731d0, 0x0000022a41176ce0,
0x0000022a41173860, 0x0000022a41178720, 0x0000022a41178db0, 0x0000022a41177370,
0x0000022a41177a00, 0x0000022a41178090, 0x0000022a45915110, 0x0000022a45913040,
0x0000022a459164c0, 0x0000022a459143f0, 0x0000022a45915e30, 0x0000022a459157a0,
0x0000022a45916b50, 0x0000022a459136d0, 0x0000022a459171e0, 0x0000022a45913d60,
0x0000022a45917870, 0x0000022a45918590, 0x0000022a45919940, 0x0000022a45919fd0,
0x0000022a4591a660, 0x0000022a4362c790, 0x0000022a4362a030, 0x0000022a4362d4b0,
0x0000022a4362ba70, 0x0000022a4362c100, 0x0000022a4362ce20, 0x0000022a4362a6c0,
0x0000022a46364700, 0x0000022a463667d0, 0x0000022a46366e60, 0x0000022a46364d90,
0x0000022a463674f0, 0x0000022a46366140, 0x0000022a46365420, 0x0000022a4636b690,
0x0000022a463695c0, 0x0000022a463688a0, 0x0000022a46368210, 0x0000022a4636b000,
0x0000022a46368f30, 0x0000022a4636a2e0, 0x0000022a4636bd20, 0x0000022a45914a80,
0x0000022a4115a470, 0x0000022a4115ab00, 0x0000022a4115b190, 0x0000022a42ced1a0,
0x0000022a4115beb0
}

Java Threads: ( => current thread )
  0x0000022a61d722e0 JavaThread "main"                              [_thread_blocked, id=2492, stack(0x000000e881a00000,0x000000e881b00000) (1024K)]
  0x0000022a61d1d990 JavaThread "Reference Handler"          daemon [_thread_blocked, id=44084, stack(0x000000e881e00000,0x000000e881f00000) (1024K)]
  0x0000022a7a616c10 JavaThread "Finalizer"                  daemon [_thread_blocked, id=45716, stack(0x000000e881f00000,0x000000e882000000) (1024K)]
  0x0000022a7a61ab70 JavaThread "Signal Dispatcher"          daemon [_thread_blocked, id=45732, stack(0x000000e882000000,0x000000e882100000) (1024K)]
  0x0000022a7a61b7c0 JavaThread "Attach Listener"            daemon [_thread_blocked, id=7596, stack(0x000000e882100000,0x000000e882200000) (1024K)]
  0x0000022a7a6238a0 JavaThread "Service Thread"             daemon [_thread_blocked, id=42112, stack(0x000000e882200000,0x000000e882300000) (1024K)]
  0x0000022a7a62de70 JavaThread "Monitor Deflation Thread"   daemon [_thread_blocked, id=29012, stack(0x000000e882300000,0x000000e882400000) (1024K)]
  0x0000022a7a653c00 JavaThread "C2 CompilerThread0"         daemon [_thread_in_native, id=45300, stack(0x000000e882400000,0x000000e882500000) (1024K)]
  0x0000022a7a656d80 JavaThread "C1 CompilerThread0"         daemon [_thread_in_native, id=45988, stack(0x000000e882500000,0x000000e882600000) (1024K)]
  0x0000022a7a6305d0 JavaThread "Common-Cleaner"             daemon [_thread_blocked, id=27000, stack(0x000000e882700000,0x000000e882800000) (1024K)]
  0x0000022a7a62f8b0 JavaThread "Notification Thread"        daemon [_thread_blocked, id=13528, stack(0x000000e882800000,0x000000e882900000) (1024K)]
  0x0000022a7a62d7e0 JavaThread "Active Thread: Equinox Container: eefe59f9-8023-4f29-9eab-a26b9a30d6e3"        [_thread_blocked, id=39776, stack(0x000000e882600000,0x000000e882700000) (1024K)]
  0x0000022a7a630c60 JavaThread "Refresh Thread: Equinox Container: eefe59f9-8023-4f29-9eab-a26b9a30d6e3" daemon [_thread_blocked, id=46604, stack(0x000000e883000000,0x000000e883100000) (1024K)]
  0x0000022a7a62e500 JavaThread "Framework Event Dispatcher: Equinox Container: eefe59f9-8023-4f29-9eab-a26b9a30d6e3" daemon [_thread_blocked, id=46420, stack(0x000000e883200000,0x000000e883300000) (1024K)]
  0x0000022a7a62ff40 JavaThread "Start Level: Equinox Container: eefe59f9-8023-4f29-9eab-a26b9a30d6e3" daemon [_thread_blocked, id=28824, stack(0x000000e883300000,0x000000e883400000) (1024K)]
  0x0000022a7a62f220 JavaThread "Bundle File Closer"         daemon [_thread_blocked, id=46588, stack(0x000000e883600000,0x000000e883700000) (1024K)]
  0x0000022a41174c10 JavaThread "SCR Component Actor"        daemon [_thread_blocked, id=41504, stack(0x000000e882f00000,0x000000e883000000) (1024K)]
  0x0000022a41174580 JavaThread "Worker-JM"                         [_thread_blocked, id=36332, stack(0x000000e883700000,0x000000e883800000) (1024K)]
  0x0000022a41171790 JavaThread "JNA Cleaner"                daemon [_thread_blocked, id=37444, stack(0x000000e883800000,0x000000e883900000) (1024K)]
  0x0000022a41175930 JavaThread "Worker-0"                          [_thread_blocked, id=47212, stack(0x000000e883900000,0x000000e883a00000) (1024K)]
  0x0000022a41173ef0 JavaThread "Worker-1: Publish Diagnostics"        [_thread_in_Java, id=47856, stack(0x000000e883a00000,0x000000e883b00000) (1024K)]
  0x0000022a411752a0 JavaThread "Worker-2"                          [_thread_blocked, id=45172, stack(0x000000e883b00000,0x000000e883c00000) (1024K)]
  0x0000022a411724b0 JavaThread "Worker-3"                          [_thread_blocked, id=31728, stack(0x000000e883d00000,0x000000e883e00000) (1024K)]
  0x0000022a41175fc0 JavaThread "Java indexing"              daemon [_thread_blocked, id=35772, stack(0x000000e883e00000,0x000000e883f00000) (1024K)]
  0x0000022a41172b40 JavaThread "Worker-4"                          [_thread_blocked, id=11852, stack(0x000000e883f00000,0x000000e884000000) (1024K)]
  0x0000022a41176650 JavaThread "Worker-5: Initialize workspace"        [_thread_blocked, id=26628, stack(0x000000e884200000,0x000000e884300000) (1024K)]
  0x0000022a411731d0 JavaThread "Worker-6"                          [_thread_blocked, id=19164, stack(0x000000e884300000,0x000000e884400000) (1024K)]
  0x0000022a41176ce0 JavaThread "Worker-7: Synchronize Gradle projects with workspace"        [_thread_blocked, id=39044, stack(0x000000e884400000,0x000000e884500000) (1024K)]
  0x0000022a41173860 JavaThread "Thread-1"                   daemon [_thread_in_native, id=38544, stack(0x000000e884500000,0x000000e884600000) (1024K)]
  0x0000022a41178720 JavaThread "Thread-2"                   daemon [_thread_in_native, id=48068, stack(0x000000e884600000,0x000000e884700000) (1024K)]
  0x0000022a41178db0 JavaThread "Thread-3"                   daemon [_thread_in_native, id=11740, stack(0x000000e884700000,0x000000e884800000) (1024K)]
  0x0000022a41177370 JavaThread "Thread-4"                   daemon [_thread_in_native, id=20724, stack(0x000000e884800000,0x000000e884900000) (1024K)]
  0x0000022a41177a00 JavaThread "Thread-5"                   daemon [_thread_in_native, id=23304, stack(0x000000e884900000,0x000000e884a00000) (1024K)]
  0x0000022a41178090 JavaThread "Thread-6"                   daemon [_thread_in_native, id=15500, stack(0x000000e884a00000,0x000000e884b00000) (1024K)]
  0x0000022a45915110 JavaThread "Thread-7"                   daemon [_thread_in_native, id=32300, stack(0x000000e884b00000,0x000000e884c00000) (1024K)]
  0x0000022a45913040 JavaThread "Thread-8"                   daemon [_thread_in_native, id=29172, stack(0x000000e884c00000,0x000000e884d00000) (1024K)]
  0x0000022a459164c0 JavaThread "Thread-9"                   daemon [_thread_in_native, id=46312, stack(0x000000e884d00000,0x000000e884e00000) (1024K)]
  0x0000022a459143f0 JavaThread "Thread-10"                  daemon [_thread_in_native, id=11048, stack(0x000000e884e00000,0x000000e884f00000) (1024K)]
  0x0000022a45915e30 JavaThread "Thread-11"                  daemon [_thread_in_native, id=44796, stack(0x000000e884f00000,0x000000e885000000) (1024K)]
  0x0000022a459157a0 JavaThread "Thread-12"                  daemon [_thread_in_native, id=9476, stack(0x000000e885000000,0x000000e885100000) (1024K)]
  0x0000022a45916b50 JavaThread "Thread-13"                  daemon [_thread_in_native, id=49136, stack(0x000000e885100000,0x000000e885200000) (1024K)]
  0x0000022a459136d0 JavaThread "pool-2-thread-1"                   [_thread_blocked, id=12456, stack(0x000000e885200000,0x000000e885300000) (1024K)]
  0x0000022a459171e0 JavaThread "Worker-8"                          [_thread_blocked, id=46780, stack(0x000000e885300000,0x000000e885400000) (1024K)]
  0x0000022a45913d60 JavaThread "Timer-0"                           [_thread_blocked, id=20412, stack(0x000000e885400000,0x000000e885500000) (1024K)]
  0x0000022a45917870 JavaThread "Timer-1"                           [_thread_blocked, id=18424, stack(0x000000e885500000,0x000000e885600000) (1024K)]
  0x0000022a45918590 JavaThread "WorkspaceEventsHandler"            [_thread_blocked, id=47788, stack(0x000000e885700000,0x000000e885800000) (1024K)]
  0x0000022a45919940 JavaThread "pool-1-thread-1"                   [_thread_blocked, id=10896, stack(0x000000e885800000,0x000000e885900000) (1024K)]
  0x0000022a45919fd0 JavaThread "LocalFile Deleter"          daemon [_thread_blocked, id=43900, stack(0x000000e885900000,0x000000e885a00000) (1024K)]
  0x0000022a4591a660 JavaThread "LocalFile Deleter"          daemon [_thread_blocked, id=41940, stack(0x000000e885a00000,0x000000e885b00000) (1024K)]
  0x0000022a4362c790 JavaThread "Compiler Source File Reader" daemon [_thread_blocked, id=9900, stack(0x000000e885b00000,0x000000e885c00000) (1024K)]
  0x0000022a4362a030 JavaThread "Compiler Source File Reader" daemon [_thread_blocked, id=39016, stack(0x000000e885c00000,0x000000e885d00000) (1024K)]
  0x0000022a4362d4b0 JavaThread "Compiler Processing Task"   daemon [_thread_blocked, id=47980, stack(0x000000e885d00000,0x000000e885e00000) (1024K)]
  0x0000022a4362ba70 JavaThread "Compiler Class File Writer" daemon [_thread_blocked, id=46164, stack(0x000000e885e00000,0x000000e885f00000) (1024K)]
  0x0000022a4362c100 JavaThread "Compiler Class File Writer" daemon [_thread_blocked, id=41156, stack(0x000000e885f00000,0x000000e886000000) (1024K)]
  0x0000022a4362ce20 JavaThread "ForkJoinPool.commonPool-worker-1" daemon [_thread_blocked, id=14760, stack(0x000000e886000000,0x000000e886100000) (1024K)]
  0x0000022a4362a6c0 JavaThread "ForkJoinPool.commonPool-worker-2" daemon [_thread_blocked, id=43904, stack(0x000000e886100000,0x000000e886200000) (1024K)]
  0x0000022a46364700 JavaThread "Timer-2"                           [_thread_blocked, id=40792, stack(0x000000e886200000,0x000000e886300000) (1024K)]
  0x0000022a463667d0 JavaThread "Timer-3"                           [_thread_blocked, id=44240, stack(0x000000e885600000,0x000000e885700000) (1024K)]
  0x0000022a46366e60 JavaThread "Timer-4"                           [_thread_blocked, id=47728, stack(0x000000e886300000,0x000000e886400000) (1024K)]
  0x0000022a46364d90 JavaThread "Timer-5"                           [_thread_blocked, id=19704, stack(0x000000e886400000,0x000000e886500000) (1024K)]
  0x0000022a463674f0 JavaThread "Timer-6"                           [_thread_blocked, id=48628, stack(0x000000e886500000,0x000000e886600000) (1024K)]
  0x0000022a46366140 JavaThread "Timer-7"                           [_thread_blocked, id=38276, stack(0x000000e886600000,0x000000e886700000) (1024K)]
  0x0000022a46365420 JavaThread "Exec process"                      [_thread_blocked, id=39152, stack(0x000000e886900000,0x000000e886a00000) (1024K)]
  0x0000022a4636b690 JavaThread "Exec process Thread 2"             [_thread_blocked, id=43012, stack(0x000000e886a00000,0x000000e886b00000) (1024K)]
  0x0000022a463695c0 JavaThread "Exec process Thread 3"             [_thread_blocked, id=36808, stack(0x000000e886b00000,0x000000e886c00000) (1024K)]
  0x0000022a463688a0 JavaThread "Timer-8"                           [_thread_blocked, id=11860, stack(0x000000e883c00000,0x000000e883d00000) (1024K)]
  0x0000022a46368210 JavaThread "Timer-9"                           [_thread_blocked, id=39188, stack(0x000000e886700000,0x000000e886800000) (1024K)]
  0x0000022a4636b000 JavaThread "Timer-10"                          [_thread_blocked, id=6536, stack(0x000000e886c00000,0x000000e886d00000) (1024K)]
  0x0000022a46368f30 JavaThread "Timer-11"                          [_thread_blocked, id=22688, stack(0x000000e886d00000,0x000000e886e00000) (1024K)]
  0x0000022a4636a2e0 JavaThread "Connection worker"                 [_thread_in_native, id=24884, stack(0x000000e886f00000,0x000000e887000000) (1024K)]
  0x0000022a4636bd20 JavaThread "pool-5-thread-1"                   [_thread_blocked, id=43880, stack(0x000000e887000000,0x000000e887100000) (1024K)]
  0x0000022a45914a80 JavaThread "ForkJoinPool.commonPool-worker-3" daemon [_thread_blocked, id=39172, stack(0x000000e886800000,0x000000e886900000) (1024K)]
  0x0000022a4115a470 JavaThread "ForkJoinPool.commonPool-worker-4" daemon [_thread_blocked, id=48696, stack(0x000000e887100000,0x000000e887200000) (1024K)]
  0x0000022a4115ab00 JavaThread "ForkJoinPool.commonPool-worker-5" daemon [_thread_in_Java, id=42852, stack(0x000000e887200000,0x000000e887300000) (1024K)]
  0x0000022a4115b190 JavaThread "ForkJoinPool.commonPool-worker-6" daemon [_thread_blocked, id=11540, stack(0x000000e887300000,0x000000e887400000) (1024K)]
=>0x0000022a42ced1a0 JavaThread "C2 CompilerThread1"         daemon [_thread_in_native, id=48660, stack(0x000000e887400000,0x000000e887500000) (1024K)]
  0x0000022a4115beb0 JavaThread "ForkJoinPool.commonPool-worker-7" daemon [_thread_blocked, id=39464, stack(0x000000e887500000,0x000000e887600000) (1024K)]
Total: 77

Other Threads:
  0x0000022a61d030d0 VMThread "VM Thread"                           [id=34684, stack(0x000000e881d00000,0x000000e881e00000) (1024K)]
  0x0000022a61bfca00 WatcherThread "VM Periodic Task Thread"        [id=46680, stack(0x000000e881c00000,0x000000e881d00000) (1024K)]
  0x0000022a61d91bc0 WorkerThread "GC Thread#0"                     [id=11916, stack(0x000000e881b00000,0x000000e881c00000) (1024K)]
  0x0000022a41028aa0 WorkerThread "GC Thread#1"                     [id=49008, stack(0x000000e882900000,0x000000e882a00000) (1024K)]
  0x0000022a41029920 WorkerThread "GC Thread#2"                     [id=7844, stack(0x000000e882a00000,0x000000e882b00000) (1024K)]
  0x0000022a41029cc0 WorkerThread "GC Thread#3"                     [id=2204, stack(0x000000e882b00000,0x000000e882c00000) (1024K)]
  0x0000022a41029580 WorkerThread "GC Thread#4"                     [id=33148, stack(0x000000e882c00000,0x000000e882d00000) (1024K)]
  0x0000022a41028360 WorkerThread "GC Thread#5"                     [id=36204, stack(0x000000e882d00000,0x000000e882e00000) (1024K)]
  0x0000022a410291e0 WorkerThread "GC Thread#6"                     [id=30740, stack(0x000000e882e00000,0x000000e882f00000) (1024K)]
  0x0000022a41028e40 WorkerThread "GC Thread#7"                     [id=23232, stack(0x000000e883100000,0x000000e883200000) (1024K)]
  0x0000022a4112d3e0 WorkerThread "GC Thread#8"                     [id=48936, stack(0x000000e883400000,0x000000e883500000) (1024K)]
  0x0000022a4112f0e0 WorkerThread "GC Thread#9"                     [id=48056, stack(0x000000e883500000,0x000000e883600000) (1024K)]
Total: 12

Threads with active compile tasks:
C2 CompilerThread0  47294 9807       4       java.lang.invoke.MethodHandle::asType (32 bytes)
C2 CompilerThread1  47294 9670       4       java.lang.invoke.MethodType::insertParameterTypes (121 bytes)
Total: 2

VM state: not at safepoint (normal execution)

VM Mutex/Monitor currently owned by a thread: None

Heap address: 0x0000000080000000, size: 2048 MB, Compressed Oops mode: 32-bit

CDS archive(s) mapped at: [0x0000022a00000000-0x0000022a00ba0000-0x0000022a00ba0000), size 12189696, SharedBaseAddress: 0x0000022a00000000, ArchiveRelocationMode: 1.
Compressed class space mapped at: 0x0000022a01000000-0x0000022a41000000, reserved size: 1073741824
Narrow klass base: 0x0000022a00000000, Narrow klass shift: 0, Narrow klass range: 0x100000000

GC Precious Log:
 CardTable entry size: 512
 CPUs: 12 total, 12 available
 Memory: 7885M
 Large Page Support: Disabled
 NUMA Support: Disabled
 Compressed Oops: Enabled (32-bit)
 Alignments: Space 512K, Generation 512K, Heap 2M
 Heap Min Capacity: 100M
 Heap Initial Capacity: 100M
 Heap Max Capacity: 2G
 Pre-touch: Disabled
 Parallel Workers: 10

Heap:
 PSYoungGen      total 10240K, used 2663K [0x00000000d5580000, 0x00000000d6100000, 0x0000000100000000)
  eden space 9216K, 20% used [0x00000000d5580000,0x00000000d574de38,0x00000000d5e80000)
  from space 1024K, 79% used [0x00000000d5f00000,0x00000000d5fcc050,0x00000000d6000000)
  to   space 1024K, 0% used [0x00000000d6000000,0x00000000d6000000,0x00000000d6100000)
 ParOldGen       total 68608K, used 66969K [0x0000000080000000, 0x0000000084300000, 0x00000000d5580000)
  object space 68608K, 97% used [0x0000000080000000,0x00000000841666a0,0x0000000084300000)
 Metaspace       used 80798K, committed 82432K, reserved 1179648K
  class space    used 9954K, committed 10688K, reserved 1048576K

Card table byte_map: [0x0000022a61710000,0x0000022a61b20000] _byte_map_base: 0x0000022a61310000

Marking Bits: (ParMarkBitMap*) 0x00007ffdce462460
 Begin Bits: [0x0000022a74220000, 0x0000022a76220000)
 End Bits:   [0x0000022a76220000, 0x0000022a78220000)

Polling page: 0x0000022a5f970000

Metaspace:

Usage:
  Non-class:     69.18 MB used.
      Class:      9.72 MB used.
       Both:     78.90 MB used.

Virtual space:
  Non-class space:      128.00 MB reserved,      70.06 MB ( 55%) committed,  2 nodes.
      Class space:        1.00 GB reserved,      10.44 MB (  1%) committed,  1 nodes.
             Both:        1.12 GB reserved,      80.50 MB (  7%) committed. 

Chunk freelists:
   Non-Class:  9.33 MB
       Class:  5.61 MB
        Both:  14.93 MB

MaxMetaspaceSize: unlimited
CompressedClassSpaceSize: 1.00 GB
Initial GC threshold: 21.00 MB
Current GC threshold: 97.31 MB
CDS: on
 - commit_granule_bytes: 65536.
 - commit_granule_words: 8192.
 - virtual_space_node_default_size: 8388608.
 - enlarge_chunks_in_place: 1.
 - use_allocation_guard: 0.


Internal statistics:

num_allocs_failed_limit: 9.
num_arena_births: 1350.
num_arena_deaths: 26.
num_vsnodes_births: 3.
num_vsnodes_deaths: 0.
num_space_committed: 1288.
num_space_uncommitted: 0.
num_chunks_returned_to_freelist: 37.
num_chunks_taken_from_freelist: 5101.
num_chunk_merges: 12.
num_chunk_splits: 3057.
num_chunks_enlarged: 1631.
num_inconsistent_stats: 0.

CodeHeap 'non-profiled nmethods': size=120000Kb used=5334Kb max_used=5334Kb free=114665Kb
 bounds [0x0000022a6ca40000, 0x0000022a6cf80000, 0x0000022a73f70000]
CodeHeap 'profiled nmethods': size=120000Kb used=18464Kb max_used=18464Kb free=101535Kb
 bounds [0x0000022a64f70000, 0x0000022a66180000, 0x0000022a6c4a0000]
CodeHeap 'non-nmethods': size=5760Kb used=1481Kb max_used=1531Kb free=4278Kb
 bounds [0x0000022a6c4a0000, 0x0000022a6c710000, 0x0000022a6ca40000]
CodeCache: size=245760Kb, used=25279Kb, max_used=25329Kb, free=220478Kb
 total_blobs=9905, nmethods=9103, adapters=708, full_count=0
Compilation: enabled, stopped_count=0, restarted_count=0

Compilation events (20 events):
Event: 45.265 Thread 0x0000022a7a656d80 9735       3       org.eclipse.jdt.internal.compiler.classfmt.ModuleInfo::createModule (21 bytes)
Event: 45.266 Thread 0x0000022a7a656d80 nmethod 9735 0x0000022a66143e10 code [0x0000022a66143fe0, 0x0000022a661442c8]
Event: 45.266 Thread 0x0000022a7a656d80 9731       3       org.eclipse.jdt.internal.compiler.util.JRTUtil::getClassfile (8 bytes)
Event: 45.266 Thread 0x0000022a7a656d80 nmethod 9731 0x0000022a66144410 code [0x0000022a661445e0, 0x0000022a66144908]
Event: 45.266 Thread 0x0000022a7a656d80 9732       3       org.eclipse.jdt.internal.compiler.util.JrtFileSystem::getClassfileFromModule (93 bytes)
Event: 45.267 Thread 0x0000022a7a656d80 nmethod 9732 0x0000022a66144a90 code [0x0000022a66144da0, 0x0000022a661460e0]
Event: 45.267 Thread 0x0000022a7a656d80 9733       3       org.eclipse.jdt.internal.compiler.util.JrtFileSystem::getClassfile (29 bytes)
Event: 45.267 Thread 0x0000022a7a656d80 nmethod 9733 0x0000022a66146790 code [0x0000022a66146960, 0x0000022a66146bc8]
Event: 45.267 Thread 0x0000022a7a656d80 9741       3       org.eclipse.jdt.internal.compiler.util.SoftClassCache::getClassBytes (26 bytes)
Event: 45.267 Thread 0x0000022a7a656d80 nmethod 9741 0x0000022a66146c90 code [0x0000022a66146ec0, 0x0000022a66147698]
Event: 45.267 Thread 0x0000022a7a656d80 9742       3       org.eclipse.jdt.internal.compiler.util.SoftClassCache$JdkClasses::get (22 bytes)
Event: 45.267 Thread 0x0000022a7a656d80 nmethod 9742 0x0000022a66147910 code [0x0000022a66147b00, 0x0000022a66147f60]
Event: 45.267 Thread 0x0000022a7a656d80 9743       3       org.eclipse.jdt.internal.compiler.util.SoftClassCache$ClassBytes::getBytes (65 bytes)
Event: 45.268 Thread 0x0000022a7a656d80 nmethod 9743 0x0000022a66148110 code [0x0000022a66148320, 0x0000022a66148a28]
Event: 45.268 Thread 0x0000022a7a656d80 9744       1       org.eclipse.jdt.internal.core.CompilationUnit::getElementName (5 bytes)
Event: 45.268 Thread 0x0000022a7a656d80 nmethod 9744 0x0000022a6cf6fc10 code [0x0000022a6cf6fda0, 0x0000022a6cf6fe68]
Event: 45.472 Thread 0x0000022a7a656d80 9745       3       java.util.UUID::<init> (109 bytes)
Event: 45.472 Thread 0x0000022a7a656d80 nmethod 9745 0x0000022a66148c10 code [0x0000022a66148de0, 0x0000022a66149130]
Event: 45.474 Thread 0x0000022a7a656d80 9747       3       org.eclipse.core.runtime.Path::setDevice (73 bytes)
Event: 47.215 Thread 0x0000022a7a656d80 nmethod 9747 0x0000022a66149310 code [0x0000022a66149560, 0x0000022a66149c78]

GC Heap History (20 events):
Event: 21.089 GC heap before
{Heap before GC invocations=68 (full 3):
 PSYoungGen      total 14336K, used 13872K [0x00000000d5580000, 0x00000000d6480000, 0x0000000100000000)
  eden space 13312K, 100% used [0x00000000d5580000,0x00000000d6280000,0x00000000d6280000)
  from space 1024K, 54% used [0x00000000d6380000,0x00000000d640c010,0x00000000d6480000)
  to   space 1024K, 0% used [0x00000000d6280000,0x00000000d6280000,0x00000000d6380000)
 ParOldGen       total 68608K, used 57991K [0x0000000080000000, 0x0000000084300000, 0x00000000d5580000)
  object space 68608K, 84% used [0x0000000080000000,0x00000000838a1ee8,0x0000000084300000)
 Metaspace       used 71215K, committed 72704K, reserved 1114112K
  class space    used 8897K, committed 9536K, reserved 1048576K
}
Event: 21.092 GC heap after
{Heap after GC invocations=68 (full 3):
 PSYoungGen      total 14336K, used 384K [0x00000000d5580000, 0x00000000d6400000, 0x0000000100000000)
  eden space 13312K, 0% used [0x00000000d5580000,0x00000000d5580000,0x00000000d6280000)
  from space 1024K, 37% used [0x00000000d6280000,0x00000000d62e0010,0x00000000d6380000)
  to   space 512K, 0% used [0x00000000d6380000,0x00000000d6380000,0x00000000d6400000)
 ParOldGen       total 68608K, used 58359K [0x0000000080000000, 0x0000000084300000, 0x00000000d5580000)
  object space 68608K, 85% used [0x0000000080000000,0x00000000838fdf08,0x0000000084300000)
 Metaspace       used 71215K, committed 72704K, reserved 1114112K
  class space    used 8897K, committed 9536K, reserved 1048576K
}
Event: 21.330 GC heap before
{Heap before GC invocations=69 (full 3):
 PSYoungGen      total 14336K, used 13696K [0x00000000d5580000, 0x00000000d6400000, 0x0000000100000000)
  eden space 13312K, 99% used [0x00000000d5580000,0x00000000d627fff8,0x00000000d6280000)
  from space 1024K, 37% used [0x00000000d6280000,0x00000000d62e0010,0x00000000d6380000)
  to   space 512K, 0% used [0x00000000d6380000,0x00000000d6380000,0x00000000d6400000)
 ParOldGen       total 68608K, used 58359K [0x0000000080000000, 0x0000000084300000, 0x00000000d5580000)
  object space 68608K, 85% used [0x0000000080000000,0x00000000838fdf08,0x0000000084300000)
 Metaspace       used 72383K, committed 73920K, reserved 1114112K
  class space    used 9018K, committed 9664K, reserved 1048576K
}
Event: 21.332 GC heap after
{Heap after GC invocations=69 (full 3):
 PSYoungGen      total 9728K, used 512K [0x00000000d5580000, 0x00000000d6c80000, 0x0000000100000000)
  eden space 9216K, 0% used [0x00000000d5580000,0x00000000d5580000,0x00000000d5e80000)
  from space 512K, 100% used [0x00000000d6380000,0x00000000d6400000,0x00000000d6400000)
  to   space 5120K, 0% used [0x00000000d5e80000,0x00000000d5e80000,0x00000000d6380000)
 ParOldGen       total 68608K, used 62031K [0x0000000080000000, 0x0000000084300000, 0x00000000d5580000)
  object space 68608K, 90% used [0x0000000080000000,0x0000000083c93f20,0x0000000084300000)
 Metaspace       used 72383K, committed 73920K, reserved 1114112K
  class space    used 9018K, committed 9664K, reserved 1048576K
}
Event: 21.451 GC heap before
{Heap before GC invocations=70 (full 3):
 PSYoungGen      total 9728K, used 9728K [0x00000000d5580000, 0x00000000d6c80000, 0x0000000100000000)
  eden space 9216K, 100% used [0x00000000d5580000,0x00000000d5e80000,0x00000000d5e80000)
  from space 512K, 100% used [0x00000000d6380000,0x00000000d6400000,0x00000000d6400000)
  to   space 5120K, 0% used [0x00000000d5e80000,0x00000000d5e80000,0x00000000d6380000)
 ParOldGen       total 68608K, used 62031K [0x0000000080000000, 0x0000000084300000, 0x00000000d5580000)
  object space 68608K, 90% used [0x0000000080000000,0x0000000083c93f20,0x0000000084300000)
 Metaspace       used 73678K, committed 75200K, reserved 1114112K
  class space    used 9160K, committed 9856K, reserved 1048576K
}
Event: 21.453 GC heap after
{Heap after GC invocations=70 (full 3):
 PSYoungGen      total 10752K, used 1280K [0x00000000d5580000, 0x00000000d6400000, 0x0000000100000000)
  eden space 9216K, 0% used [0x00000000d5580000,0x00000000d5580000,0x00000000d5e80000)
  from space 1536K, 83% used [0x00000000d5e80000,0x00000000d5fc0000,0x00000000d6000000)
  to   space 2560K, 0% used [0x00000000d6180000,0x00000000d6180000,0x00000000d6400000)
 ParOldGen       total 68608K, used 62535K [0x0000000080000000, 0x0000000084300000, 0x00000000d5580000)
  object space 68608K, 91% used [0x0000000080000000,0x0000000083d11f30,0x0000000084300000)
 Metaspace       used 73678K, committed 75200K, reserved 1114112K
  class space    used 9160K, committed 9856K, reserved 1048576K
}
Event: 21.615 GC heap before
{Heap before GC invocations=71 (full 3):
 PSYoungGen      total 10752K, used 10496K [0x00000000d5580000, 0x00000000d6400000, 0x0000000100000000)
  eden space 9216K, 100% used [0x00000000d5580000,0x00000000d5e80000,0x00000000d5e80000)
  from space 1536K, 83% used [0x00000000d5e80000,0x00000000d5fc0000,0x00000000d6000000)
  to   space 2560K, 0% used [0x00000000d6180000,0x00000000d6180000,0x00000000d6400000)
 ParOldGen       total 68608K, used 62535K [0x0000000080000000, 0x0000000084300000, 0x00000000d5580000)
  object space 68608K, 91% used [0x0000000080000000,0x0000000083d11f30,0x0000000084300000)
 Metaspace       used 74521K, committed 75968K, reserved 1179648K
  class space    used 9289K, committed 9920K, reserved 1048576K
}
Event: 21.616 GC heap after
{Heap after GC invocations=71 (full 3):
 PSYoungGen      total 10240K, used 553K [0x00000000d5580000, 0x00000000d6280000, 0x0000000100000000)
  eden space 9216K, 0% used [0x00000000d5580000,0x00000000d5580000,0x00000000d5e80000)
  from space 1024K, 54% used [0x00000000d6180000,0x00000000d620a460,0x00000000d6280000)
  to   space 1024K, 0% used [0x00000000d6080000,0x00000000d6080000,0x00000000d6180000)
 ParOldGen       total 68608K, used 63679K [0x0000000080000000, 0x0000000084300000, 0x00000000d5580000)
  object space 68608K, 92% used [0x0000000080000000,0x0000000083e2ff30,0x0000000084300000)
 Metaspace       used 74521K, committed 75968K, reserved 1179648K
  class space    used 9289K, committed 9920K, reserved 1048576K
}
Event: 21.875 GC heap before
{Heap before GC invocations=72 (full 3):
 PSYoungGen      total 10240K, used 9757K [0x00000000d5580000, 0x00000000d6280000, 0x0000000100000000)
  eden space 9216K, 99% used [0x00000000d5580000,0x00000000d5e7d338,0x00000000d5e80000)
  from space 1024K, 54% used [0x00000000d6180000,0x00000000d620a460,0x00000000d6280000)
  to   space 1024K, 0% used [0x00000000d6080000,0x00000000d6080000,0x00000000d6180000)
 ParOldGen       total 68608K, used 63679K [0x0000000080000000, 0x0000000084300000, 0x00000000d5580000)
  object space 68608K, 92% used [0x0000000080000000,0x0000000083e2ff30,0x0000000084300000)
 Metaspace       used 75509K, committed 76992K, reserved 1179648K
  class space    used 9401K, committed 10048K, reserved 1048576K
}
Event: 21.877 GC heap after
{Heap after GC invocations=72 (full 3):
 PSYoungGen      total 10240K, used 544K [0x00000000d5580000, 0x00000000d6200000, 0x0000000100000000)
  eden space 9216K, 0% used [0x00000000d5580000,0x00000000d5580000,0x00000000d5e80000)
  from space 1024K, 53% used [0x00000000d6080000,0x00000000d6108000,0x00000000d6180000)
  to   space 512K, 0% used [0x00000000d6180000,0x00000000d6180000,0x00000000d6200000)
 ParOldGen       total 68608K, used 64070K [0x0000000080000000, 0x0000000084300000, 0x00000000d5580000)
  object space 68608K, 93% used [0x0000000080000000,0x0000000083e91a98,0x0000000084300000)
 Metaspace       used 75509K, committed 76992K, reserved 1179648K
  class space    used 9401K, committed 10048K, reserved 1048576K
}
Event: 33.043 GC heap before
{Heap before GC invocations=73 (full 3):
 PSYoungGen      total 10240K, used 9760K [0x00000000d5580000, 0x00000000d6200000, 0x0000000100000000)
  eden space 9216K, 100% used [0x00000000d5580000,0x00000000d5e80000,0x00000000d5e80000)
  from space 1024K, 53% used [0x00000000d6080000,0x00000000d6108000,0x00000000d6180000)
  to   space 512K, 0% used [0x00000000d6180000,0x00000000d6180000,0x00000000d6200000)
 ParOldGen       total 68608K, used 64070K [0x0000000080000000, 0x0000000084300000, 0x00000000d5580000)
  object space 68608K, 93% used [0x0000000080000000,0x0000000083e91a98,0x0000000084300000)
 Metaspace       used 76505K, committed 78016K, reserved 1179648K
  class space    used 9531K, committed 10176K, reserved 1048576K
}
Event: 33.061 GC heap after
{Heap after GC invocations=73 (full 3):
 PSYoungGen      total 9728K, used 496K [0x00000000d5580000, 0x00000000d6280000, 0x0000000100000000)
  eden space 9216K, 0% used [0x00000000d5580000,0x00000000d5580000,0x00000000d5e80000)
  from space 512K, 96% used [0x00000000d6180000,0x00000000d61fc030,0x00000000d6200000)
  to   space 2048K, 0% used [0x00000000d5e80000,0x00000000d5e80000,0x00000000d6080000)
 ParOldGen       total 68608K, used 65114K [0x0000000080000000, 0x0000000084300000, 0x00000000d5580000)
  object space 68608K, 94% used [0x0000000080000000,0x0000000083f96ae8,0x0000000084300000)
 Metaspace       used 76505K, committed 78016K, reserved 1179648K
  class space    used 9531K, committed 10176K, reserved 1048576K
}
Event: 38.431 GC heap before
{Heap before GC invocations=74 (full 3):
 PSYoungGen      total 9728K, used 9712K [0x00000000d5580000, 0x00000000d6280000, 0x0000000100000000)
  eden space 9216K, 100% used [0x00000000d5580000,0x00000000d5e80000,0x00000000d5e80000)
  from space 512K, 96% used [0x00000000d6180000,0x00000000d61fc030,0x00000000d6200000)
  to   space 2048K, 0% used [0x00000000d5e80000,0x00000000d5e80000,0x00000000d6080000)
 ParOldGen       total 68608K, used 65114K [0x0000000080000000, 0x0000000084300000, 0x00000000d5580000)
  object space 68608K, 94% used [0x0000000080000000,0x0000000083f96ae8,0x0000000084300000)
 Metaspace       used 77252K, committed 78720K, reserved 1179648K
  class space    used 9596K, committed 10304K, reserved 1048576K
}
Event: 38.434 GC heap after
{Heap after GC invocations=74 (full 3):
 PSYoungGen      total 11264K, used 512K [0x00000000d5580000, 0x00000000d6200000, 0x0000000100000000)
  eden space 9216K, 0% used [0x00000000d5580000,0x00000000d5580000,0x00000000d5e80000)
  from space 2048K, 25% used [0x00000000d5e80000,0x00000000d5f00000,0x00000000d6080000)
  to   space 1024K, 0% used [0x00000000d6100000,0x00000000d6100000,0x00000000d6200000)
 ParOldGen       total 68608K, used 65538K [0x0000000080000000, 0x0000000084300000, 0x00000000d5580000)
  object space 68608K, 95% used [0x0000000080000000,0x0000000084000b38,0x0000000084300000)
 Metaspace       used 77252K, committed 78720K, reserved 1179648K
  class space    used 9596K, committed 10304K, reserved 1048576K
}
Event: 42.062 GC heap before
{Heap before GC invocations=75 (full 3):
 PSYoungGen      total 11264K, used 9728K [0x00000000d5580000, 0x00000000d6200000, 0x0000000100000000)
  eden space 9216K, 100% used [0x00000000d5580000,0x00000000d5e80000,0x00000000d5e80000)
  from space 2048K, 25% used [0x00000000d5e80000,0x00000000d5f00000,0x00000000d6080000)
  to   space 1024K, 0% used [0x00000000d6100000,0x00000000d6100000,0x00000000d6200000)
 ParOldGen       total 68608K, used 65538K [0x0000000080000000, 0x0000000084300000, 0x00000000d5580000)
  object space 68608K, 95% used [0x0000000080000000,0x0000000084000b38,0x0000000084300000)
 Metaspace       used 77882K, committed 79424K, reserved 1179648K
  class space    used 9672K, committed 10368K, reserved 1048576K
}
Event: 42.066 GC heap after
{Heap after GC invocations=75 (full 3):
 PSYoungGen      total 9728K, used 480K [0x00000000d5580000, 0x00000000d6180000, 0x0000000100000000)
  eden space 9216K, 0% used [0x00000000d5580000,0x00000000d5580000,0x00000000d5e80000)
  from space 512K, 93% used [0x00000000d6100000,0x00000000d6178020,0x00000000d6180000)
  to   space 1024K, 0% used [0x00000000d5f80000,0x00000000d5f80000,0x00000000d6080000)
 ParOldGen       total 68608K, used 65877K [0x0000000080000000, 0x0000000084300000, 0x00000000d5580000)
  object space 68608K, 96% used [0x0000000080000000,0x0000000084055408,0x0000000084300000)
 Metaspace       used 77882K, committed 79424K, reserved 1179648K
  class space    used 9672K, committed 10368K, reserved 1048576K
}
Event: 42.730 GC heap before
{Heap before GC invocations=76 (full 3):
 PSYoungGen      total 9728K, used 9696K [0x00000000d5580000, 0x00000000d6180000, 0x0000000100000000)
  eden space 9216K, 100% used [0x00000000d5580000,0x00000000d5e80000,0x00000000d5e80000)
  from space 512K, 93% used [0x00000000d6100000,0x00000000d6178020,0x00000000d6180000)
  to   space 1024K, 0% used [0x00000000d5f80000,0x00000000d5f80000,0x00000000d6080000)
 ParOldGen       total 68608K, used 65877K [0x0000000080000000, 0x0000000084300000, 0x00000000d5580000)
  object space 68608K, 96% used [0x0000000080000000,0x0000000084055408,0x0000000084300000)
 Metaspace       used 78755K, committed 80320K, reserved 1179648K
  class space    used 9780K, committed 10496K, reserved 1048576K
}
Event: 42.735 GC heap after
{Heap after GC invocations=76 (full 3):
 PSYoungGen      total 10240K, used 748K [0x00000000d5580000, 0x00000000d6180000, 0x0000000100000000)
  eden space 9216K, 0% used [0x00000000d5580000,0x00000000d5580000,0x00000000d5e80000)
  from space 1024K, 73% used [0x00000000d5f80000,0x00000000d603b170,0x00000000d6080000)
  to   space 1024K, 0% used [0x00000000d6080000,0x00000000d6080000,0x00000000d6180000)
 ParOldGen       total 68608K, used 66193K [0x0000000080000000, 0x0000000084300000, 0x00000000d5580000)
  object space 68608K, 96% used [0x0000000080000000,0x00000000840a4458,0x0000000084300000)
 Metaspace       used 78755K, committed 80320K, reserved 1179648K
  class space    used 9780K, committed 10496K, reserved 1048576K
}
Event: 44.883 GC heap before
{Heap before GC invocations=77 (full 3):
 PSYoungGen      total 10240K, used 9956K [0x00000000d5580000, 0x00000000d6180000, 0x0000000100000000)
  eden space 9216K, 99% used [0x00000000d5580000,0x00000000d5e7e000,0x00000000d5e80000)
  from space 1024K, 73% used [0x00000000d5f80000,0x00000000d603b170,0x00000000d6080000)
  to   space 1024K, 0% used [0x00000000d6080000,0x00000000d6080000,0x00000000d6180000)
 ParOldGen       total 68608K, used 66193K [0x0000000080000000, 0x0000000084300000, 0x00000000d5580000)
  object space 68608K, 96% used [0x0000000080000000,0x00000000840a4458,0x0000000084300000)
 Metaspace       used 79534K, committed 81088K, reserved 1179648K
  class space    used 9851K, committed 10560K, reserved 1048576K
}
Event: 44.888 GC heap after
{Heap after GC invocations=77 (full 3):
 PSYoungGen      total 9728K, used 450K [0x00000000d5580000, 0x00000000d6100000, 0x0000000100000000)
  eden space 9216K, 0% used [0x00000000d5580000,0x00000000d5580000,0x00000000d5e80000)
  from space 512K, 88% used [0x00000000d6080000,0x00000000d60f0a68,0x00000000d6100000)
  to   space 1024K, 0% used [0x00000000d5f00000,0x00000000d5f00000,0x00000000d6000000)
 ParOldGen       total 68608K, used 66750K [0x0000000080000000, 0x0000000084300000, 0x00000000d5580000)
  object space 68608K, 97% used [0x0000000080000000,0x000000008412fbe8,0x0000000084300000)
 Metaspace       used 79534K, committed 81088K, reserved 1179648K
  class space    used 9851K, committed 10560K, reserved 1048576K
}

Dll operation events (15 events):
Event: 0.028 Loaded shared library c:\Users\aagil\.vscode\extensions\redhat.java-1.50.0-win32-x64\jre\21.0.9-win32-x86_64\bin\java.dll
Event: 0.174 Loaded shared library c:\Users\aagil\.vscode\extensions\redhat.java-1.50.0-win32-x64\jre\21.0.9-win32-x86_64\bin\zip.dll
Event: 0.233 Loaded shared library C:\Users\aagil\.vscode\extensions\redhat.java-1.50.0-win32-x64\jre\21.0.9-win32-x86_64\bin\instrument.dll
Event: 0.245 Loaded shared library C:\Users\aagil\.vscode\extensions\redhat.java-1.50.0-win32-x64\jre\21.0.9-win32-x86_64\bin\net.dll
Event: 0.252 Loaded shared library C:\Users\aagil\.vscode\extensions\redhat.java-1.50.0-win32-x64\jre\21.0.9-win32-x86_64\bin\nio.dll
Event: 0.260 Loaded shared library C:\Users\aagil\.vscode\extensions\redhat.java-1.50.0-win32-x64\jre\21.0.9-win32-x86_64\bin\zip.dll
Event: 0.300 Loaded shared library C:\Users\aagil\.vscode\extensions\redhat.java-1.50.0-win32-x64\jre\21.0.9-win32-x86_64\bin\jimage.dll
Event: 0.487 Loaded shared library c:\Users\aagil\.vscode\extensions\redhat.java-1.50.0-win32-x64\jre\21.0.9-win32-x86_64\bin\verify.dll
Event: 3.383 Loaded shared library C:\Users\aagil\AppData\Roaming\Code\User\globalStorage\redhat.java\1.50.0\config_win\org.eclipse.equinox.launcher\org.eclipse.equinox.launcher.win32.win32.x86_64_1.2.1400.v20250801-0854\eclipse_11916.dll
Event: 8.988 Loaded shared library C:\Users\aagil\AppData\Local\Temp\jna-92573610\jna8110303788424830407.dll
Event: 14.102 Loaded shared library C:\Users\aagil\.gradle\native\1def1411415f61bf3af743bc5b6707747c0891f09f0c88961ee8f79bc544acac\windows-amd64\native-platform.dll
Event: 16.899 Loaded shared library C:\Users\aagil\.vscode\extensions\redhat.java-1.50.0-win32-x64\jre\21.0.9-win32-x86_64\bin\management.dll
Event: 16.926 Loaded shared library C:\Users\aagil\.vscode\extensions\redhat.java-1.50.0-win32-x64\jre\21.0.9-win32-x86_64\bin\management_ext.dll
Event: 19.936 Loaded shared library C:\Users\aagil\.vscode\extensions\redhat.java-1.50.0-win32-x64\jre\21.0.9-win32-x86_64\bin\extnet.dll
Event: 21.213 Loaded shared library C:\Users\aagil\.vscode\extensions\redhat.java-1.50.0-win32-x64\jre\21.0.9-win32-x86_64\bin\sunmscapi.dll

Deoptimization events (20 events):
Event: 44.857 Thread 0x0000022a4362ce20 DEOPT PACKING pc=0x0000022a6ce83e90 sp=0x000000e8860fa380
Event: 44.857 Thread 0x0000022a4362ce20 DEOPT UNPACKING pc=0x0000022a6c4f3aa2 sp=0x000000e8860fa308 mode 2
Event: 44.863 Thread 0x0000022a4362ce20 Uncommon trap: trap_request=0xffffffc6 fr.pc=0x0000022a6ce83e90 relative=0x0000000000003890
Event: 44.863 Thread 0x0000022a4362ce20 Uncommon trap: reason=bimorphic_or_optimized_type_check action=maybe_recompile pc=0x0000022a6ce83e90 method=jdk.internal.loader.BuiltinClassLoader.loadClassOrNull(Ljava/lang/String;)Ljava/lang/Class; @ 3 c2
Event: 44.863 Thread 0x0000022a4362ce20 DEOPT PACKING pc=0x0000022a6ce83e90 sp=0x000000e8860fa380
Event: 44.863 Thread 0x0000022a4362ce20 DEOPT UNPACKING pc=0x0000022a6c4f3aa2 sp=0x000000e8860fa308 mode 2
Event: 44.901 Thread 0x0000022a41176650 Uncommon trap: trap_request=0xffffffcc fr.pc=0x0000022a6cf4a5a8 relative=0x0000000000001988
Event: 44.901 Thread 0x0000022a41176650 Uncommon trap: reason=intrinsic_or_type_checked_inlining action=make_not_entrant pc=0x0000022a6cf4a5a8 method=java.util.ArrayList$SubList.toArray([Ljava/lang/Object;)[Ljava/lang/Object; @ 58 c2
Event: 44.901 Thread 0x0000022a41176650 DEOPT PACKING pc=0x0000022a6cf4a5a8 sp=0x000000e8842feb60
Event: 44.901 Thread 0x0000022a41176650 DEOPT UNPACKING pc=0x0000022a6c4f3aa2 sp=0x000000e8842fea88 mode 2
Event: 45.031 Thread 0x0000022a4115ab00 DEOPT PACKING pc=0x0000022a6596e1a6 sp=0x000000e8872fd350
Event: 45.031 Thread 0x0000022a4115ab00 DEOPT UNPACKING pc=0x0000022a6c4f4242 sp=0x000000e8872fc840 mode 0
Event: 45.255 Thread 0x0000022a4115b190 Uncommon trap: trap_request=0xffffff45 fr.pc=0x0000022a6cf5c988 relative=0x00000000000001e8
Event: 45.255 Thread 0x0000022a4115b190 Uncommon trap: reason=unstable_if action=reinterpret pc=0x0000022a6cf5c988 method=org.eclipse.core.runtime.Path.computeLength()I @ 92 c2
Event: 45.255 Thread 0x0000022a4115b190 DEOPT PACKING pc=0x0000022a6cf5c988 sp=0x000000e8873fe740
Event: 45.255 Thread 0x0000022a4115b190 DEOPT UNPACKING pc=0x0000022a6c4f3aa2 sp=0x000000e8873fe6b8 mode 2
Event: 45.255 Thread 0x0000022a4115b190 Uncommon trap: trap_request=0xffffff45 fr.pc=0x0000022a6ce3c130 relative=0x00000000000006f0
Event: 45.255 Thread 0x0000022a4115b190 Uncommon trap: reason=unstable_if action=reinterpret pc=0x0000022a6ce3c130 method=java.net.URI.decode(Ljava/lang/String;Z)Ljava/lang/String; @ 12 c2
Event: 45.255 Thread 0x0000022a4115b190 DEOPT PACKING pc=0x0000022a6ce3c130 sp=0x000000e8873fe710
Event: 45.255 Thread 0x0000022a4115b190 DEOPT UNPACKING pc=0x0000022a6c4f3aa2 sp=0x000000e8873fe6b8 mode 2

Classes loaded (20 events):
Event: 33.121 Loading class sun/nio/cs/Surrogate$Parser
Event: 33.122 Loading class sun/nio/cs/Surrogate$Parser done
Event: 33.122 Loading class sun/nio/cs/Surrogate
Event: 33.122 Loading class sun/nio/cs/Surrogate done
Event: 36.335 Loading class java/time/Ser
Event: 36.344 Loading class java/time/Ser done
Event: 38.316 Loading class java/util/Collections$SynchronizedRandomAccessList
Event: 38.319 Loading class java/util/Collections$SynchronizedList
Event: 38.321 Loading class java/util/Collections$SynchronizedList done
Event: 38.321 Loading class java/util/Collections$SynchronizedRandomAccessList done
Event: 38.512 Loading class java/util/concurrent/CompletableFuture$Signaller
Event: 38.518 Loading class java/util/concurrent/CompletableFuture$Signaller done
Event: 42.410 Loading class java/io/SequenceInputStream
Event: 42.413 Loading class java/io/SequenceInputStream done
Event: 42.642 Loading class java/util/concurrent/CompletableFuture$UniApply
Event: 42.644 Loading class java/util/concurrent/CompletableFuture$UniApply done
Event: 42.656 Loading class java/util/concurrent/CompletableFuture$UniExceptionally
Event: 42.656 Loading class java/util/concurrent/CompletableFuture$UniExceptionally done
Event: 44.891 Loading class java/util/Hashtable$KeySet
Event: 44.899 Loading class java/util/Hashtable$KeySet done

Classes unloaded (13 events):
Event: 10.415 Thread 0x0000022a61d030d0 Unloading class 0x0000022a011a4c00 'java/lang/invoke/LambdaForm$MH+0x0000022a011a4c00'
Event: 10.415 Thread 0x0000022a61d030d0 Unloading class 0x0000022a011a4800 'java/lang/invoke/LambdaForm$MH+0x0000022a011a4800'
Event: 10.415 Thread 0x0000022a61d030d0 Unloading class 0x0000022a011a4400 'java/lang/invoke/LambdaForm$MH+0x0000022a011a4400'
Event: 10.415 Thread 0x0000022a61d030d0 Unloading class 0x0000022a011a4000 'java/lang/invoke/LambdaForm$MH+0x0000022a011a4000'
Event: 10.415 Thread 0x0000022a61d030d0 Unloading class 0x0000022a011a3c00 'java/lang/invoke/LambdaForm$BMH+0x0000022a011a3c00'
Event: 10.415 Thread 0x0000022a61d030d0 Unloading class 0x0000022a011a3800 'java/lang/invoke/LambdaForm$DMH+0x0000022a011a3800'
Event: 10.415 Thread 0x0000022a61d030d0 Unloading class 0x0000022a011a2400 'java/lang/invoke/LambdaForm$DMH+0x0000022a011a2400'
Event: 12.507 Thread 0x0000022a61d030d0 Unloading class 0x0000022a012fcc00 'java/lang/invoke/LambdaForm$MH+0x0000022a012fcc00'
Event: 12.507 Thread 0x0000022a61d030d0 Unloading class 0x0000022a012fc400 'java/lang/invoke/LambdaForm$MH+0x0000022a012fc400'
Event: 12.507 Thread 0x0000022a61d030d0 Unloading class 0x0000022a012fb800 'java/lang/invoke/LambdaForm$MH+0x0000022a012fb800'
Event: 12.507 Thread 0x0000022a61d030d0 Unloading class 0x0000022a012fb000 'java/lang/invoke/LambdaForm$MH+0x0000022a012fb000'
Event: 12.507 Thread 0x0000022a61d030d0 Unloading class 0x0000022a012fac00 'java/lang/invoke/LambdaForm$DMH+0x0000022a012fac00'
Event: 12.507 Thread 0x0000022a61d030d0 Unloading class 0x0000022a012fa000 'java/lang/invoke/LambdaForm$MH+0x0000022a012fa000'

Classes redefined (0 events):
No events

Internal exceptions (20 events):
Event: 42.562 Thread 0x0000022a45919940 Exception <a 'java/lang/NullPointerException'{0x00000000d5b27c38}> (0x00000000d5b27c38) 
thrown [s\src\hotspot\share\interpreter\linkResolver.cpp, line 1372]
Event: 42.562 Thread 0x0000022a45919940 Exception <a 'java/lang/NullPointerException'{0x00000000d5b283b0}> (0x00000000d5b283b0) 
thrown [s\src\hotspot\share\interpreter\linkResolver.cpp, line 1372]
Event: 42.562 Thread 0x0000022a45919940 Exception <a 'java/lang/NullPointerException'{0x00000000d5b28be8}> (0x00000000d5b28be8) 
thrown [s\src\hotspot\share\interpreter\linkResolver.cpp, line 1372]
Event: 42.587 Thread 0x0000022a45919940 Implicit null exception at 0x0000022a6ccc997d to 0x0000022a6ccc9d80
Event: 42.590 Thread 0x0000022a45919940 Exception <a 'sun/nio/fs/WindowsException'{0x00000000d5b88258}> (0x00000000d5b88258) 
thrown [s\src\hotspot\share\prims\jni.cpp, line 520]
Event: 42.590 Thread 0x0000022a45919940 Exception <a 'sun/nio/fs/WindowsException'{0x00000000d5b88888}> (0x00000000d5b88888) 
thrown [s\src\hotspot\share\prims\jni.cpp, line 520]
Event: 42.596 Thread 0x0000022a45919940 Exception <a 'sun/nio/fs/WindowsException'{0x00000000d5b8bc20}> (0x00000000d5b8bc20) 
thrown [s\src\hotspot\share\prims\jni.cpp, line 520]
Event: 42.596 Thread 0x0000022a45919940 Exception <a 'sun/nio/fs/WindowsException'{0x00000000d5b8c250}> (0x00000000d5b8c250) 
thrown [s\src\hotspot\share\prims\jni.cpp, line 520]
Event: 42.622 Thread 0x0000022a45919940 Exception <a 'sun/nio/fs/WindowsException'{0x00000000d5b8d2c0}> (0x00000000d5b8d2c0) 
thrown [s\src\hotspot\share\prims\jni.cpp, line 520]
Event: 42.625 Thread 0x0000022a45919940 Exception <a 'sun/nio/fs/WindowsException'{0x00000000d5b8d8f0}> (0x00000000d5b8d8f0) 
thrown [s\src\hotspot\share\prims\jni.cpp, line 520]
Event: 42.625 Thread 0x0000022a45919940 Exception <a 'sun/nio/fs/WindowsException'{0x00000000d5b8e478}> (0x00000000d5b8e478) 
thrown [s\src\hotspot\share\prims\jni.cpp, line 520]
Event: 42.625 Thread 0x0000022a45919940 Exception <a 'sun/nio/fs/WindowsException'{0x00000000d5b8eaa8}> (0x00000000d5b8eaa8) 
thrown [s\src\hotspot\share\prims\jni.cpp, line 520]
Event: 42.652 Thread 0x0000022a45919940 Exception <a 'java/lang/IncompatibleClassChangeError'{0x00000000d5c0e690}: Found class java.lang.Object, but interface was expected> (0x00000000d5c0e690) 
thrown [s\src\hotspot\share\interpreter\linkResolver.cpp, line 840]
Event: 42.659 Thread 0x0000022a45919940 Exception <a 'java/lang/IncompatibleClassChangeError'{0x00000000d5c1dbf0}: Found class java.lang.Object, but interface was expected> (0x00000000d5c1dbf0) 
thrown [s\src\hotspot\share\interpreter\linkResolver.cpp, line 840]
Event: 42.679 Thread 0x0000022a45919940 Exception <a 'java/lang/IncompatibleClassChangeError'{0x00000000d5c616c8}: Found class java.lang.Object, but interface was expected> (0x00000000d5c616c8) 
thrown [s\src\hotspot\share\interpreter\linkResolver.cpp, line 840]
Event: 42.696 Thread 0x0000022a45919940 Exception <a 'java/lang/IncompatibleClassChangeError'{0x00000000d5ce8800}: Found class java.lang.Object, but interface was expected> (0x00000000d5ce8800) 
thrown [s\src\hotspot\share\interpreter\linkResolver.cpp, line 840]
Event: 42.705 Thread 0x0000022a45919940 Exception <a 'java/lang/IncompatibleClassChangeError'{0x00000000d5d65768}: Found class java.lang.Object, but interface was expected> (0x00000000d5d65768) 
thrown [s\src\hotspot\share\interpreter\linkResolver.cpp, line 840]
Event: 42.726 Thread 0x0000022a45919940 Exception <a 'java/lang/IncompatibleClassChangeError'{0x00000000d5e33e60}: Found class java.lang.Object, but interface was expected> (0x00000000d5e33e60) 
thrown [s\src\hotspot\share\interpreter\linkResolver.cpp, line 840]
Event: 43.815 Thread 0x0000022a41175930 Exception <a 'java/lang/NoSuchMethodError'{0x00000000d5bea8f0}: 'java.lang.Object java.lang.invoke.DirectMethodHandle$Holder.invokeSpecial(java.lang.Object, java.lang.Object, int, long)'> (0x00000000d5bea8f0) 
thrown [s\src\hotspot\share\interpreter\linkResolver.cpp, line 773]
Event: 44.846 Thread 0x0000022a4362a6c0 Exception <a 'java/lang/NoSuchMethodError'{0x00000000d5d38110}: 'java.lang.Object java.lang.invoke.DirectMethodHandle$Holder.invokeSpecial(java.lang.Object, java.lang.Object, java.lang.Object, java.lang.Object, int, java.lang.Object, java.lang.Object)'> (0x00000000d5d38110) 
thrown [s\src\hotspot\share\interpreter\linkResolver.cpp, line 773]

ZGC Phase Switch (0 events):
No events

VM Operations (20 events):
Event: 38.536 Executing VM operation: HandshakeAllThreads (Deoptimize) done
Event: 39.536 Executing VM operation: Cleanup
Event: 39.562 Executing VM operation: Cleanup done
Event: 40.562 Executing VM operation: Cleanup
Event: 40.573 Executing VM operation: Cleanup done
Event: 40.584 Executing VM operation: HandshakeAllThreads (Deoptimize)
Event: 40.585 Executing VM operation: HandshakeAllThreads (Deoptimize) done
Event: 41.584 Executing VM operation: Cleanup
Event: 42.021 Executing VM operation: Cleanup done
Event: 42.062 Executing VM operation: ParallelGCFailedAllocation (Allocation Failure)
Event: 42.066 Executing VM operation: ParallelGCFailedAllocation (Allocation Failure) done
Event: 42.080 Executing VM operation: HandshakeAllThreads (Deoptimize)
Event: 42.080 Executing VM operation: HandshakeAllThreads (Deoptimize) done
Event: 42.730 Executing VM operation: ParallelGCFailedAllocation (Allocation Failure)
Event: 42.735 Executing VM operation: ParallelGCFailedAllocation (Allocation Failure) done
Event: 43.736 Executing VM operation: Cleanup
Event: 43.802 Executing VM operation: Cleanup done
Event: 44.877 Executing VM operation: ParallelGCFailedAllocation (Allocation Failure)
Event: 44.888 Executing VM operation: ParallelGCFailedAllocation (Allocation Failure) done
Event: 46.888 Executing VM operation: Cleanup

Memory protections (0 events):
No events

Nmethod flushes (20 events):
Event: 16.363 Thread 0x0000022a61d030d0 flushing  nmethod 0x0000022a65827990
Event: 16.363 Thread 0x0000022a61d030d0 flushing  nmethod 0x0000022a6582d490
Event: 16.363 Thread 0x0000022a61d030d0 flushing  nmethod 0x0000022a6583af10
Event: 16.363 Thread 0x0000022a61d030d0 flushing  nmethod 0x0000022a6583bd90
Event: 16.363 Thread 0x0000022a61d030d0 flushing  nmethod 0x0000022a6583d310
Event: 16.363 Thread 0x0000022a61d030d0 flushing  nmethod 0x0000022a65864690
Event: 16.363 Thread 0x0000022a61d030d0 flushing  nmethod 0x0000022a65865410
Event: 16.363 Thread 0x0000022a61d030d0 flushing  nmethod 0x0000022a65881610
Event: 16.363 Thread 0x0000022a61d030d0 flushing  nmethod 0x0000022a65899310
Event: 16.363 Thread 0x0000022a61d030d0 flushing  nmethod 0x0000022a6589a510
Event: 16.363 Thread 0x0000022a61d030d0 flushing  nmethod 0x0000022a6589aa90
Event: 16.363 Thread 0x0000022a61d030d0 flushing  nmethod 0x0000022a6589af10
Event: 16.363 Thread 0x0000022a61d030d0 flushing  nmethod 0x0000022a6589b290
Event: 16.363 Thread 0x0000022a61d030d0 flushing  nmethod 0x0000022a6589c490
Event: 16.363 Thread 0x0000022a61d030d0 flushing  nmethod 0x0000022a6589cf90
Event: 16.363 Thread 0x0000022a61d030d0 flushing  nmethod 0x0000022a658a1a10
Event: 16.363 Thread 0x0000022a61d030d0 flushing  nmethod 0x0000022a658acc90
Event: 16.363 Thread 0x0000022a61d030d0 flushing  nmethod 0x0000022a658b1a10
Event: 16.363 Thread 0x0000022a61d030d0 flushing  nmethod 0x0000022a658b2010
Event: 16.363 Thread 0x0000022a61d030d0 flushing  nmethod 0x0000022a658c1f10

Events (20 events):
Event: 26.110 Thread 0x0000022a4636bd20 Thread exited: 0x0000022a4636bd20
Event: 26.110 Thread 0x0000022a45914a80 Thread exited: 0x0000022a45914a80
Event: 38.169 Thread 0x0000022a4636a2e0 Thread added: 0x0000022a4636bd20
Event: 38.228 Thread 0x0000022a4636bd20 Thread exited: 0x0000022a4636bd20
Event: 38.233 Thread 0x0000022a46368f30 Thread exited: 0x0000022a46368f30
Event: 38.253 Thread 0x0000022a4636a2e0 Thread exited: 0x0000022a4636a2e0
Event: 38.448 Thread 0x0000022a7a656d80 Thread added: 0x0000022a42ceb660
Event: 38.501 Thread 0x0000022a41176ce0 Thread added: 0x0000022a4636b000
Event: 38.503 Thread 0x0000022a41176ce0 Thread added: 0x0000022a4636bd20
Event: 38.566 Thread 0x0000022a4636bd20 Thread exited: 0x0000022a4636bd20
Event: 38.567 Thread 0x0000022a41176ce0 Thread added: 0x0000022a46368f30
Event: 38.568 Thread 0x0000022a41176ce0 Thread added: 0x0000022a4636a2e0
Event: 40.572 Thread 0x0000022a4636a2e0 Thread added: 0x0000022a4636bd20
Event: 40.877 Thread 0x0000022a42ceb660 Thread exited: 0x0000022a42ceb660
Event: 42.681 Thread 0x0000022a45919940 Thread added: 0x0000022a45914a80
Event: 42.695 Thread 0x0000022a45919940 Thread added: 0x0000022a4115a470
Event: 42.697 Thread 0x0000022a45919940 Thread added: 0x0000022a4115ab00
Event: 42.780 Thread 0x0000022a45914a80 Thread added: 0x0000022a4115b190
Event: 43.803 Thread 0x0000022a7a656d80 Thread added: 0x0000022a42ced1a0
Event: 45.097 Thread 0x0000022a4362a6c0 Thread added: 0x0000022a4115beb0


Dynamic libraries:
0x00007ff6a81d0000 - 0x00007ff6a81de000 	c:\Users\aagil\.vscode\extensions\redhat.java-1.50.0-win32-x64\jre\21.0.9-win32-x86_64\bin\java.exe
0x00007ffe687c0000 - 0x00007ffe68a28000 	C:\WINDOWS\SYSTEM32\ntdll.dll
0x00007ffe66bb0000 - 0x00007ffe66c79000 	C:\WINDOWS\System32\KERNEL32.DLL
0x00007ffe66160000 - 0x00007ffe66558000 	C:\WINDOWS\System32\KERNELBASE.dll
0x00007ffe65bd0000 - 0x00007ffe65d1b000 	C:\WINDOWS\System32\ucrtbase.dll
0x00007ffe43050000 - 0x00007ffe43068000 	c:\Users\aagil\.vscode\extensions\redhat.java-1.50.0-win32-x64\jre\21.0.9-win32-x86_64\bin\jli.dll
0x00007ffe42ec0000 - 0x00007ffe42ede000 	c:\Users\aagil\.vscode\extensions\redhat.java-1.50.0-win32-x64\jre\21.0.9-win32-x86_64\bin\VCRUNTIME140.dll
0x00007ffe66eb0000 - 0x00007ffe67077000 	C:\WINDOWS\System32\USER32.dll
0x00007ffe65de0000 - 0x00007ffe65e07000 	C:\WINDOWS\System32\win32u.dll
0x00007ffe45c80000 - 0x00007ffe45f14000 	C:\WINDOWS\WinSxS\amd64_microsoft.windows.common-controls_6595b64144ccf1df_6.0.26100.7019_none_3e06ffa0e335b8a8\COMCTL32.dll
0x00007ffe674f0000 - 0x00007ffe6751b000 	C:\WINDOWS\System32\GDI32.dll
0x00007ffe66d80000 - 0x00007ffe66e29000 	C:\WINDOWS\System32\msvcrt.dll
0x00007ffe65f80000 - 0x00007ffe660ac000 	C:\WINDOWS\System32\gdi32full.dll
0x00007ffe660b0000 - 0x00007ffe66153000 	C:\WINDOWS\System32\msvcp_win.dll
0x00007ffe66870000 - 0x00007ffe668a1000 	C:\WINDOWS\System32\IMM32.DLL
0x00007ffe4ec10000 - 0x00007ffe4ec1c000 	c:\Users\aagil\.vscode\extensions\redhat.java-1.50.0-win32-x64\jre\21.0.9-win32-x86_64\bin\vcruntime140_1.dll
0x00007ffe42150000 - 0x00007ffe421dd000 	c:\Users\aagil\.vscode\extensions\redhat.java-1.50.0-win32-x64\jre\21.0.9-win32-x86_64\bin\msvcp140.dll
0x00007ffdcd7a0000 - 0x00007ffdce540000 	c:\Users\aagil\.vscode\extensions\redhat.java-1.50.0-win32-x64\jre\21.0.9-win32-x86_64\bin\server\jvm.dll
0x00007ffe67700000 - 0x00007ffe677b4000 	C:\WINDOWS\System32\ADVAPI32.dll
0x00007ffe67650000 - 0x00007ffe676f6000 	C:\WINDOWS\System32\sechost.dll
0x00007ffe669b0000 - 0x00007ffe66ac8000 	C:\WINDOWS\System32\RPCRT4.dll
0x00007ffe67dc0000 - 0x00007ffe67e34000 	C:\WINDOWS\System32\WS2_32.dll
0x00007ffe65770000 - 0x00007ffe657ce000 	C:\WINDOWS\SYSTEM32\POWRPROF.dll
0x00007ffe5c730000 - 0x00007ffe5c765000 	C:\WINDOWS\SYSTEM32\WINMM.dll
0x00007ffe551a0000 - 0x00007ffe551ab000 	C:\WINDOWS\SYSTEM32\VERSION.dll
0x00007ffe65750000 - 0x00007ffe65764000 	C:\WINDOWS\SYSTEM32\UMPDC.dll
0x00007ffe646d0000 - 0x00007ffe646eb000 	C:\WINDOWS\SYSTEM32\kernel.appcore.dll
0x00007ffe4ec00000 - 0x00007ffe4ec0a000 	c:\Users\aagil\.vscode\extensions\redhat.java-1.50.0-win32-x64\jre\21.0.9-win32-x86_64\bin\jimage.dll
0x00007ffe62f40000 - 0x00007ffe63182000 	C:\WINDOWS\SYSTEM32\DBGHELP.DLL
0x00007ffe67080000 - 0x00007ffe6740b000 	C:\WINDOWS\System32\combase.dll
0x00007ffe67410000 - 0x00007ffe674e7000 	C:\WINDOWS\System32\OLEAUT32.dll
0x00007ffe33b10000 - 0x00007ffe33b4c000 	C:\WINDOWS\SYSTEM32\dbgcore.DLL
0x00007ffe65b20000 - 0x00007ffe65bc5000 	C:\WINDOWS\System32\bcryptPrimitives.dll
0x00007ffe603d0000 - 0x00007ffe603df000 	c:\Users\aagil\.vscode\extensions\redhat.java-1.50.0-win32-x64\jre\21.0.9-win32-x86_64\bin\instrument.dll
0x00007ffe42f30000 - 0x00007ffe42f50000 	c:\Users\aagil\.vscode\extensions\redhat.java-1.50.0-win32-x64\jre\21.0.9-win32-x86_64\bin\java.dll
0x00007ffe67e40000 - 0x00007ffe6858f000 	C:\WINDOWS\System32\SHELL32.dll
0x00007ffe65e10000 - 0x00007ffe65f7b000 	C:\WINDOWS\System32\wintypes.dll
0x00007ffe63500000 - 0x00007ffe63d5d000 	C:\WINDOWS\SYSTEM32\windows.storage.dll
0x00007ffe66c80000 - 0x00007ffe66d72000 	C:\WINDOWS\System32\SHCORE.dll
0x00007ffe66ad0000 - 0x00007ffe66b37000 	C:\WINDOWS\System32\shlwapi.dll
0x00007ffe65830000 - 0x00007ffe65859000 	C:\WINDOWS\SYSTEM32\profapi.dll
0x00007ffe425b0000 - 0x00007ffe425c8000 	c:\Users\aagil\.vscode\extensions\redhat.java-1.50.0-win32-x64\jre\21.0.9-win32-x86_64\bin\zip.dll
0x00007ffe43100000 - 0x00007ffe43110000 	C:\Users\aagil\.vscode\extensions\redhat.java-1.50.0-win32-x64\jre\21.0.9-win32-x86_64\bin\net.dll
0x00007ffe57170000 - 0x00007ffe57298000 	C:\WINDOWS\SYSTEM32\WINHTTP.dll
0x00007ffe64c40000 - 0x00007ffe64cab000 	C:\WINDOWS\system32\mswsock.dll
0x00007ffe424c0000 - 0x00007ffe424d6000 	C:\Users\aagil\.vscode\extensions\redhat.java-1.50.0-win32-x64\jre\21.0.9-win32-x86_64\bin\nio.dll
0x00007ffe42f20000 - 0x00007ffe42f30000 	c:\Users\aagil\.vscode\extensions\redhat.java-1.50.0-win32-x64\jre\21.0.9-win32-x86_64\bin\verify.dll
0x00007ffe42d60000 - 0x00007ffe42da4000 	C:\Users\aagil\AppData\Roaming\Code\User\globalStorage\redhat.java\1.50.0\config_win\org.eclipse.equinox.launcher\org.eclipse.equinox.launcher.win32.win32.x86_64_1.2.1400.v20250801-0854\eclipse_11916.dll
0x00007ffe66620000 - 0x00007ffe667b7000 	C:\WINDOWS\System32\ole32.dll
0x00007ffe64f10000 - 0x00007ffe64f2b000 	C:\WINDOWS\SYSTEM32\CRYPTSP.dll
0x00007ffe64630000 - 0x00007ffe6466a000 	C:\WINDOWS\system32\rsaenh.dll
0x00007ffe64cf0000 - 0x00007ffe64d1b000 	C:\WINDOWS\SYSTEM32\USERENV.dll
0x00007ffe65800000 - 0x00007ffe6582a000 	C:\WINDOWS\SYSTEM32\bcrypt.dll
0x00007ffe64f00000 - 0x00007ffe64f0c000 	C:\WINDOWS\SYSTEM32\CRYPTBASE.dll
0x00007ffe641f0000 - 0x00007ffe64224000 	C:\WINDOWS\SYSTEM32\IPHLPAPI.DLL
0x00007ffe667c0000 - 0x00007ffe667ca000 	C:\WINDOWS\System32\NSI.dll
0x00007ffe42700000 - 0x00007ffe42749000 	C:\Users\aagil\AppData\Local\Temp\jna-92573610\jna8110303788424830407.dll
0x00007ffe66860000 - 0x00007ffe66868000 	C:\WINDOWS\System32\PSAPI.DLL
0x00007ffe5e8a0000 - 0x00007ffe5e8be000 	C:\WINDOWS\SYSTEM32\dhcpcsvc6.DLL
0x00007ffe5e7f0000 - 0x00007ffe5e813000 	C:\WINDOWS\SYSTEM32\dhcpcsvc.DLL
0x00007ffe42870000 - 0x00007ffe42897000 	C:\Users\aagil\.gradle\native\1def1411415f61bf3af743bc5b6707747c0891f09f0c88961ee8f79bc544acac\windows-amd64\native-platform.dll
0x00007ffe42eb0000 - 0x00007ffe42eba000 	C:\Users\aagil\.vscode\extensions\redhat.java-1.50.0-win32-x64\jre\21.0.9-win32-x86_64\bin\management.dll
0x00007ffe42b00000 - 0x00007ffe42b0c000 	C:\Users\aagil\.vscode\extensions\redhat.java-1.50.0-win32-x64\jre\21.0.9-win32-x86_64\bin\management_ext.dll
0x00007ffe42680000 - 0x00007ffe42689000 	C:\Users\aagil\.vscode\extensions\redhat.java-1.50.0-win32-x64\jre\21.0.9-win32-x86_64\bin\extnet.dll
0x00007ffe42840000 - 0x00007ffe4284e000 	C:\Users\aagil\.vscode\extensions\redhat.java-1.50.0-win32-x64\jre\21.0.9-win32-x86_64\bin\sunmscapi.dll
0x00007ffe659a0000 - 0x00007ffe65b17000 	C:\WINDOWS\System32\CRYPT32.dll
0x00007ffe65120000 - 0x00007ffe65150000 	C:\WINDOWS\SYSTEM32\ncrypt.dll
0x00007ffe650d0000 - 0x00007ffe6510f000 	C:\WINDOWS\SYSTEM32\NTASN1.dll
0x00007ffe64230000 - 0x00007ffe6435c000 	C:\WINDOWS\SYSTEM32\DNSAPI.dll
0x00007ffe5bb30000 - 0x00007ffe5bb3b000 	C:\Windows\System32\rasadhlp.dll
0x00007ffe5f070000 - 0x00007ffe5f0f6000 	C:\WINDOWS\System32\fwpuclnt.dll
0x00007ffe38380000 - 0x00007ffe38388000 	C:\WINDOWS\system32\wshunix.dll

JVMTI agents:
c:\Users\aagil\.vscode\extensions\redhat.java-1.50.0-win32-x64\lombok\lombok-1.18.39-4050.jar path:c:\Users\aagil\.vscode\extensions\redhat.java-1.50.0-win32-x64\jre\21.0.9-win32-x86_64\bin\instrument.dll, loaded, initialized, instrumentlib options:none

dbghelp: loaded successfully - version: 4.0.5 - missing functions: none
symbol engine: initialized successfully - sym options: 0x614 - pdb path: .;c:\Users\aagil\.vscode\extensions\redhat.java-1.50.0-win32-x64\jre\21.0.9-win32-x86_64\bin;C:\WINDOWS\SYSTEM32;C:\WINDOWS\WinSxS\amd64_microsoft.windows.common-controls_6595b64144ccf1df_6.0.26100.7019_none_3e06ffa0e335b8a8;c:\Users\aagil\.vscode\extensions\redhat.java-1.50.0-win32-x64\jre\21.0.9-win32-x86_64\bin\server;C:\Users\aagil\AppData\Roaming\Code\User\globalStorage\redhat.java\1.50.0\config_win\org.eclipse.equinox.launcher\org.eclipse.equinox.launcher.win32.win32.x86_64_1.2.1400.v20250801-0854;C:\Users\aagil\AppData\Local\Temp\jna-92573610;C:\Users\aagil\.gradle\native\1def1411415f61bf3af743bc5b6707747c0891f09f0c88961ee8f79bc544acac\windows-amd64

VM Arguments:
jvm_args: --add-modules=ALL-SYSTEM --add-opens=java.base/java.util=ALL-UNNAMED --add-opens=java.base/java.lang=ALL-UNNAMED --add-opens=java.base/sun.nio.fs=ALL-UNNAMED -Declipse.application=org.eclipse.jdt.ls.core.id1 -Dosgi.bundles.defaultStartLevel=4 -Declipse.product=org.eclipse.jdt.ls.core.product -Djava.import.generatesMetadataFilesAtProjectRoot=false -DDetectVMInstallationsJob.disabled=true -Dfile.encoding=utf8 -XX:+UseParallelGC -XX:GCTimeRatio=4 -XX:AdaptiveSizePolicyWeight=90 -Dsun.zip.disableMemoryMapping=true -Xmx2G -Xms100m -Xlog:disable -javaagent:c:\Users\aagil\.vscode\extensions\redhat.java-1.50.0-win32-x64\lombok\lombok-1.18.39-4050.jar -XX:+HeapDumpOnOutOfMemoryError -XX:HeapDumpPath=c:\Users\aagil\AppData\Roaming\Code\User\workspaceStorage\2a71c2e3af28014fd6275a2123d2dc43\redhat.java -Daether.dependencyCollector.impl=bf 
java_command: c:\Users\aagil\.vscode\extensions\redhat.java-1.50.0-win32-x64\server\plugins\org.eclipse.equinox.launcher_1.7.100.v20251111-0406.jar -configuration c:\Users\aagil\AppData\Roaming\Code\User\globalStorage\redhat.java\1.50.0\config_win -data c:\Users\aagil\AppData\Roaming\Code\User\workspaceStorage\2a71c2e3af28014fd6275a2123d2dc43\redhat.java\jdt_ws --pipe=\\.\pipe\lsp-9b3f5e1f2d800eb13a443d942e981070-sock
java_class_path (initial): c:\Users\aagil\.vscode\extensions\redhat.java-1.50.0-win32-x64\server\plugins\org.eclipse.equinox.launcher_1.7.100.v20251111-0406.jar
Launcher Type: SUN_STANDARD

[Global flags]
    uintx AdaptiveSizePolicyWeight                 = 90                                        {product} {command line}
     intx CICompilerCount                          = 4                                         {product} {ergonomic}
    uintx GCTimeRatio                              = 4                                         {product} {command line}
     bool HeapDumpOnOutOfMemoryError               = true                                   {manageable} {command line}
    ccstr HeapDumpPath                             = c:\Users\aagil\AppData\Roaming\Code\User\workspaceStorage\2a71c2e3af28014fd6275a2123d2dc43\redhat.java         {manageable} {command line}
   size_t InitialHeapSize                          = 104857600                                 {product} {command line}
   size_t MaxHeapSize                              = 2147483648                                {product} {command line}
   size_t MaxNewSize                               = 715653120                                 {product} {ergonomic}
   size_t MinHeapDeltaBytes                        = 524288                                    {product} {ergonomic}
   size_t MinHeapSize                              = 104857600                                 {product} {command line}
   size_t NewSize                                  = 34603008                                  {product} {ergonomic}
    uintx NonNMethodCodeHeapSize                   = 5839372                                {pd product} {ergonomic}
    uintx NonProfiledCodeHeapSize                  = 122909434                              {pd product} {ergonomic}
   size_t OldSize                                  = 70254592                                  {product} {ergonomic}
    uintx ProfiledCodeHeapSize                     = 122909434                              {pd product} {ergonomic}
    uintx ReservedCodeCacheSize                    = 251658240                              {pd product} {ergonomic}
     bool SegmentedCodeCache                       = true                                      {product} {ergonomic}
   size_t SoftMaxHeapSize                          = 2147483648                             {manageable} {ergonomic}
     bool UseCompressedOops                        = true                           {product lp64_product} {ergonomic}
     bool UseLargePagesIndividualAllocation        = false                                  {pd product} {ergonomic}
     bool UseParallelGC                            = true                                      {product} {command line}

Logging:
Log output configuration:
 #0: stdout all=off uptime,level,tags foldmultilines=false
 #1: stderr all=off uptime,level,tags foldmultilines=false

Release file:
JAVA_VERSION="21.0.9" 
MODULES="java.base java.compiler java.datatransfer java.xml java.prefs java.desktop java.instrument java.logging java.management java.security.sasl java.naming java.rmi java.management.rmi java.net.http java.scripting java.security.jgss java.transaction.xa java.sql java.sql.rowset java.xml.crypto java.se java.smartcardio jdk.accessibility jdk.internal.jvmstat jdk.attach jdk.charsets jdk.internal.opt jdk.zipfs jdk.compiler jdk.crypto.ec jdk.crypto.cryptoki jdk.crypto.mscapi jdk.dynalink jdk.internal.ed jdk.editpad jdk.hotspot.agent jdk.httpserver jdk.internal.le jdk.internal.vm.ci jdk.internal.vm.compiler jdk.internal.vm.compiler.management jdk.jartool jdk.javadoc jdk.jcmd jdk.management jdk.management.agent jdk.jconsole jdk.jdeps jdk.jdwp.agent jdk.jdi jdk.jfr jdk.jshell jdk.jsobject jdk.jstatd jdk.localedata jdk.management.jfr jdk.naming.dns jdk.naming.rmi jdk.net jdk.nio.mapmode jdk.random jdk.sctp jdk.security.auth jdk.security.jgss jdk.unsupported jdk.unsupported.desktop jdk.xml.dom" 

Environment Variables:
JAVA_HOME=C:\Program Files\Java\jdk-25
PATH=C:\Program Files\Common Files\Oracle\Java\javapath;C:\Program Files\Java\jdk-21\bin;C:\Users\aagil\Downloads\gradle-8.5-bin\gradle-8.5\bin;C:\Program Files\nodejs;C:\Program Files\dotnet\;C:\Program Files\Git\cmd;C:\Program Files\Git\bin;C:\Program Files\Common Files\Oracle\Java\javapath;C:\Program Files\Java\jdk-21\bin;C:\Users\aagil\Downloads\gradle-8.5-bin\gradle-8.5\bin;C:\Program Files\nodejs;C:\Program Files\dotnet\;C:\Program Files\Git\cmd;C:\Program Files\Git\bin;;C:\Program Files\Java\jdk-21\bin;C:\Users\aagil\AppData\Local\Programs\Microsoft VS Code\bin
USERNAME=aagil
OS=Windows_NT
PROCESSOR_IDENTIFIER=Intel64 Family 6 Model 154 Stepping 4, GenuineIntel
TMP=C:\Users\aagil\AppData\Local\Temp
TEMP=C:\Users\aagil\AppData\Local\Temp




Periodic native trim disabled

---------------  S Y S T E M  ---------------

OS:
 Windows 11 , 64 bit Build 26100 (10.0.26100.7019)
OS uptime: 13 days 21:54 hours
Hyper-V role detected

CPU: total 12 (initial active 12) (6 cores per cpu, 2 threads per core) family 6 model 154 stepping 4 microcode 0x429, cx8, cmov, fxsr, ht, mmx, 3dnowpref, sse, sse2, sse3, ssse3, sse4.1, sse4.2, popcnt, lzcnt, tsc, tscinvbit, avx, avx2, aes, erms, clmul, bmi1, bmi2, adx, sha, fma, vzeroupper, clflush, clflushopt, clwb, hv, serialize, rdtscp, rdpid, fsrm, f16c, cet_ibt, cet_ss
Processor Information for processor 0
  Max Mhz: 1300, Current Mhz: 1300, Mhz Limit: 1300
Processor Information for processor 1
  Max Mhz: 1300, Current Mhz: 1300, Mhz Limit: 1300
Processor Information for processor 2
  Max Mhz: 1300, Current Mhz: 1300, Mhz Limit: 1300
Processor Information for processor 3
  Max Mhz: 1300, Current Mhz: 1300, Mhz Limit: 1300
Processor Information for processor 4
  Max Mhz: 1300, Current Mhz: 900, Mhz Limit: 897
Processor Information for processor 5
  Max Mhz: 1300, Current Mhz: 900, Mhz Limit: 897
Processor Information for processor 6
  Max Mhz: 1300, Current Mhz: 900, Mhz Limit: 897
Processor Information for processor 7
  Max Mhz: 1300, Current Mhz: 900, Mhz Limit: 897
Processor Information for processor 8
  Max Mhz: 1300, Current Mhz: 900, Mhz Limit: 897
Processor Information for processor 9
  Max Mhz: 1300, Current Mhz: 900, Mhz Limit: 897
Processor Information for processor 10
  Max Mhz: 1300, Current Mhz: 900, Mhz Limit: 897
Processor Information for processor 11
  Max Mhz: 1300, Current Mhz: 900, Mhz Limit: 897

Memory: 4k page, system-wide physical 7885M (675M free)
TotalPageFile size 32461M (AvailPageFile size 7M)
current process WorkingSet (physical memory assigned to process): 181M, peak: 301M
current process commit charge ("private bytes"): 389M, peak: 403M

vm_info: OpenJDK 64-Bit Server VM (21.0.9+10-LTS) for windows-amd64 JRE (21.0.9+10-LTS), built on 2025-10-21T00:00:00Z by "admin" with unknown MS VC++:1942

END.
